OpenROAD d423155d69de7f683a23f6916ead418a615ad4ad 
Features included (+) or not (-):  +Charts +GPU +GUI +Python
This program is licensed under the BSD-3 license. See the LICENSE file for details.
Components of this program may be licensed under more restrictive licenses which must be honored.
[INFO]: Reading ODB at '/openlane/designs/picorv32a/runs/RUN_2024.07.21_15.44.04/tmp/routing/30-diodes.odb'…
define_corners Typical
read_liberty -corner Typical /openlane/designs/picorv32a/src/sky130_fd_sc_hd__typical.lib
[WARNING STA-1173] /openlane/designs/picorv32a/src/sky130_fd_sc_hd__typical.lib line 23, default_fanout_load is 0.0.
Using 1e-12 for capacitance...
Using 1e+03 for resistance...
Using 1e-09 for time...
Using 1e+00 for voltage...
Using 1e-03 for current...
Using 1e-09 for power...
Using 1e-06 for distance...
Reading design constraints file at '/openlane/scripts/base.sdc'…
[INFO]: Setting output delay to: 4.946000000000001
[INFO]: Setting input delay to: 4.946000000000001
[INFO]: Setting load to: 0.033442
[INFO]: Setting clock uncertainty to: 0.25
[INFO]: Setting clock transition to: 0.15
[INFO]: Setting timing derate to: 5.0 %
[WARNING DPL-0037] Use remove_fillers before detailed placement.
[INFO DPL-0034] Detailed placement failed on the following 6167 instances:
[INFO DPL-0035]  ANTENNA__27333__B
[INFO DPL-0035]  ANTENNA__27333__B
[INFO DPL-0035]  ANTENNA__24874__A
[INFO DPL-0035]  ANTENNA__24874__A
[INFO DPL-0035]  ANTENNA__16272__B
[INFO DPL-0035]  ANTENNA__16272__B
[INFO DPL-0035]  ANTENNA__16230__B
[INFO DPL-0035]  ANTENNA__27397__A1_N
[INFO DPL-0035]  ANTENNA__27397__A1_N
[INFO DPL-0035]  ANTENNA__27397__A1_N
[INFO DPL-0035]  ANTENNA__27535__A1
[INFO DPL-0035]  ANTENNA__27486__A1
[INFO DPL-0035]  ANTENNA__27486__A1
[INFO DPL-0035]  ANTENNA__27533__A1
[INFO DPL-0035]  ANTENNA__27533__A1
[INFO DPL-0035]  ANTENNA__27533__B1
[INFO DPL-0035]  ANTENNA__27546__B1
[INFO DPL-0035]  ANTENNA__27385__C1
[INFO DPL-0035]  ANTENNA__27318__A
[INFO DPL-0035]  ANTENNA__25165__S
[INFO DPL-0035]  ANTENNA__16387__B1
[INFO DPL-0035]  ANTENNA__27520__B1
[INFO DPL-0035]  ANTENNA__27359__B1
[INFO DPL-0035]  ANTENNA__16387__A1
[INFO DPL-0035]  ANTENNA__27506__B1
[INFO DPL-0035]  ANTENNA__27546__A1
[INFO DPL-0035]  ANTENNA__24997__B1
[INFO DPL-0035]  ANTENNA_336
[INFO DPL-0035]  ANTENNA__27400__A2
[INFO DPL-0035]  ANTENNA__27402__A1
[INFO DPL-0035]  ANTENNA__27402__A1
[INFO DPL-0035]  ANTENNA__27389__A
[INFO DPL-0035]  ANTENNA__15307__A
[INFO DPL-0035]  ANTENNA__27534__A1
[INFO DPL-0035]  ANTENNA__27402__A2
[INFO DPL-0035]  ANTENNA__27545__C1
[INFO DPL-0035]  ANTENNA__24976__A2
[INFO DPL-0035]  ANTENNA__24976__A2
[INFO DPL-0035]  ANTENNA__16237__A1
[INFO DPL-0035]  ANTENNA__16237__A1
[INFO DPL-0035]  ANTENNA__16313__B
[INFO DPL-0035]  ANTENNA__27400__C1
[INFO DPL-0035]  ANTENNA__27369__B2
[INFO DPL-0035]  ANTENNA__16463__A2
[INFO DPL-0035]  ANTENNA__27369__A1
[INFO DPL-0035]  ANTENNA__27386__A1
[INFO DPL-0035]  ANTENNA__27329__A1
[INFO DPL-0035]  ANTENNA__27369__B1
[INFO DPL-0035]  ANTENNA__27362__A1
[INFO DPL-0035]  ANTENNA__17014__A0
[INFO DPL-0035]  ANTENNA__27079__A
[INFO DPL-0035]  ANTENNA__27545__A1
[INFO DPL-0035]  ANTENNA__27545__A1
[INFO DPL-0035]  ANTENNA__27521__A1
[INFO DPL-0035]  ANTENNA__17014__S
[INFO DPL-0035]  ANTENNA__17014__S
[INFO DPL-0035]  ANTENNA__27277__A
[INFO DPL-0035]  ANTENNA__16390__A
[INFO DPL-0035]  ANTENNA__27544__B1
[INFO DPL-0035]  ANTENNA__16424__B1
[INFO DPL-0035]  ANTENNA__27576__A
[INFO DPL-0035]  ANTENNA__27576__A
[INFO DPL-0035]  ANTENNA__16389__A
[INFO DPL-0035]  ANTENNA__24998__A
[INFO DPL-0035]  ANTENNA__16390__B
[INFO DPL-0035]  ANTENNA__27364__B2
[INFO DPL-0035]  ANTENNA__27072__A
[INFO DPL-0035]  ANTENNA__27578__A
[INFO DPL-0035]  ANTENNA__27494__A1
[INFO DPL-0035]  ANTENNA__16192__B
[INFO DPL-0035]  ANTENNA__16192__B
[INFO DPL-0035]  ANTENNA__27082__A
[INFO DPL-0035]  ANTENNA__27082__A
[INFO DPL-0035]  ANTENNA__16616__A1
[INFO DPL-0035]  ANTENNA__27375__A1
[INFO DPL-0035]  ANTENNA__27527__B
[INFO DPL-0035]  ANTENNA__24965__A2
[INFO DPL-0035]  ANTENNA__16317__A1
[INFO DPL-0035]  ANTENNA__16317__A1
[INFO DPL-0035]  ANTENNA__16317__S
[INFO DPL-0035]  ANTENNA__16229__B1
[INFO DPL-0035]  ANTENNA__27518__B1
[INFO DPL-0035]  ANTENNA__27518__B1
[INFO DPL-0035]  ANTENNA__16652__B1
[INFO DPL-0035]  ANTENNA__30279__CLK
[INFO DPL-0035]  ANTENNA__27364__A1_N
[INFO DPL-0035]  ANTENNA__27364__A1_N
[INFO DPL-0035]  ANTENNA__16351__B
[INFO DPL-0035]  ANTENNA__16351__B
[INFO DPL-0035]  ANTENNA__16351__B
[INFO DPL-0035]  ANTENNA__27388__B1
[INFO DPL-0035]  ANTENNA__16619__B1
[INFO DPL-0035]  ANTENNA__16619__B1
[INFO DPL-0035]  ANTENNA__25033__A1
[INFO DPL-0035]  ANTENNA__25033__A1
[INFO DPL-0035]  ANTENNA__28056__B2
[INFO DPL-0035]  ANTENNA_517
[INFO DPL-0035]  ANTENNA__27388__A1
[INFO DPL-0035]  ANTENNA__28085__B2
[INFO DPL-0035]  ANTENNA__28065__B2
[INFO DPL-0035]  ANTENNA__16578__B1
[INFO DPL-0035]  ANTENNA__16578__B1
[INFO DPL-0035]  ANTENNA__27368__B2
[INFO DPL-0035]  ANTENNA__27368__B2
[INFO DPL-0035]  ANTENNA__16108__A
[INFO DPL-0035]  ANTENNA_323
[INFO DPL-0035]  ANTENNA_323
[INFO DPL-0035]  ANTENNA__28085__B1
[INFO DPL-0035]  ANTENNA__28085__B1
[INFO DPL-0035]  ANTENNA__27023__A1
[INFO DPL-0035]  ANTENNA__27023__A1
[INFO DPL-0035]  ANTENNA__27023__A1
[INFO DPL-0035]  ANTENNA__27581__A2
[INFO DPL-0035]  ANTENNA__15413__A
[INFO DPL-0035]  ANTENNA_321
[INFO DPL-0035]  ANTENNA_321
[INFO DPL-0035]  ANTENNA__27564__A1
[INFO DPL-0035]  ANTENNA__27584__A1
[INFO DPL-0035]  ANTENNA__27584__A1
[INFO DPL-0035]  ANTENNA__16458__A
[INFO DPL-0035]  ANTENNA_clkbuf_leaf_175_clk_A
[INFO DPL-0035]  ANTENNA_clkbuf_leaf_175_clk_A
[INFO DPL-0035]  ANTENNA__27317__S
[INFO DPL-0035]  ANTENNA__16543__A
[INFO DPL-0035]  ANTENNA__27510__A1
[INFO DPL-0035]  ANTENNA__27523__A1
[INFO DPL-0035]  ANTENNA__16459__A
[INFO DPL-0035]  ANTENNA__16459__A
[INFO DPL-0035]  ANTENNA__27503__B
[INFO DPL-0035]  ANTENNA__27566__A1
[INFO DPL-0035]  ANTENNA__27566__A1
[INFO DPL-0035]  ANTENNA_150
[INFO DPL-0035]  ANTENNA__28065__A1_N
[INFO DPL-0035]  ANTENNA__25166__B2
[INFO DPL-0035]  ANTENNA__30585__D
[INFO DPL-0035]  ANTENNA__16458__B
[INFO DPL-0035]  ANTENNA__27019__A
[INFO DPL-0035]  ANTENNA__27019__A
[INFO DPL-0035]  ANTENNA__17003__A0
[INFO DPL-0035]  ANTENNA__27582__A
[INFO DPL-0035]  ANTENNA__28309__A
[INFO DPL-0035]  ANTENNA__27327__B1
[INFO DPL-0035]  ANTENNA__27327__B1
[INFO DPL-0035]  ANTENNA__27581__A1
[INFO DPL-0035]  ANTENNA__27581__A1
[INFO DPL-0035]  ANTENNA_146
[INFO DPL-0035]  ANTENNA__16543__B
[INFO DPL-0035]  ANTENNA__27327__A1
[INFO DPL-0035]  ANTENNA__24873__A
[INFO DPL-0035]  ANTENNA__28046__B2
[INFO DPL-0035]  ANTENNA_clkbuf_5_17__f_clk_A
[INFO DPL-0035]  ANTENNA__25005__A1
[INFO DPL-0035]  ANTENNA__17007__A0
[INFO DPL-0035]  ANTENNA__17007__A0
[INFO DPL-0035]  ANTENNA__27226__A
[INFO DPL-0035]  ANTENNA__17011__S
[INFO DPL-0035]  ANTENNA__17011__S
[INFO DPL-0035]  ANTENNA__16459__B
[INFO DPL-0035]  ANTENNA__29514__D
[INFO DPL-0035]  ANTENNA__29251__S
[INFO DPL-0035]  ANTENNA__27584__A2
[INFO DPL-0035]  ANTENNA__27282__A
[INFO DPL-0035]  ANTENNA__15801__S
[INFO DPL-0035]  ANTENNA__16612__A0
[INFO DPL-0035]  ANTENNA_516
[INFO DPL-0035]  ANTENNA__27216__A
[INFO DPL-0035]  ANTENNA_526
[INFO DPL-0035]  ANTENNA_320
[INFO DPL-0035]  ANTENNA_518
[INFO DPL-0035]  ANTENNA__27014__B2
[INFO DPL-0035]  ANTENNA__29225__A
[INFO DPL-0035]  ANTENNA_171
[INFO DPL-0035]  ANTENNA_272
[INFO DPL-0035]  ANTENNA__28018__B1
[INFO DPL-0035]  ANTENNA__28018__B1
[INFO DPL-0035]  ANTENNA__27583__S
[INFO DPL-0035]  ANTENNA__27583__S
[INFO DPL-0035]  ANTENNA__27583__S
[INFO DPL-0035]  ANTENNA_clkbuf_leaf_181_clk_A
[INFO DPL-0035]  ANTENNA_clkbuf_5_18__f_clk_A
[INFO DPL-0035]  ANTENNA__29226__A1
[INFO DPL-0035]  ANTENNA__24938__A2
[INFO DPL-0035]  ANTENNA__27350__C1
[INFO DPL-0035]  ANTENNA__28018__A1_N
[INFO DPL-0035]  ANTENNA__28018__A1_N
[INFO DPL-0035]  ANTENNA__27583__A0
[INFO DPL-0035]  ANTENNA_172
[INFO DPL-0035]  ANTENNA__29226__A0
[INFO DPL-0035]  ANTENNA_442
[INFO DPL-0035]  ANTENNA__26575__A1
[INFO DPL-0035]  ANTENNA__26575__A1
[INFO DPL-0035]  ANTENNA__16574__S
[INFO DPL-0035]  ANTENNA__16574__S
[INFO DPL-0035]  ANTENNA__16574__S
[INFO DPL-0035]  ANTENNA__15249__S
[INFO DPL-0035]  ANTENNA__27350__A2
[INFO DPL-0035]  ANTENNA__16994__A0
[INFO DPL-0035]  ANTENNA_clkbuf_leaf_212_clk_A
[INFO DPL-0035]  ANTENNA__27239__B1
[INFO DPL-0035]  ANTENNA__16999__A
[INFO DPL-0035]  ANTENNA__25727__A1
[INFO DPL-0035]  ANTENNA__25727__A1
[INFO DPL-0035]  ANTENNA__25798__A0
[INFO DPL-0035]  ANTENNA__16111__B
[INFO DPL-0035]  ANTENNA__27004__B2
[INFO DPL-0035]  ANTENNA__17000__A1
[INFO DPL-0035]  ANTENNA__27311__A1
[INFO DPL-0035]  ANTENNA__27311__A1
[INFO DPL-0035]  ANTENNA__16149__B1
[INFO DPL-0035]  ANTENNA__27293__A2
[INFO DPL-0035]  ANTENNA__27349__A1
[INFO DPL-0035]  ANTENNA_297
[INFO DPL-0035]  ANTENNA_8
[INFO DPL-0035]  ANTENNA_8
[INFO DPL-0035]  ANTENNA_467
[INFO DPL-0035]  ANTENNA__28310__B2
[INFO DPL-0035]  ANTENNA__16110__B
[INFO DPL-0035]  ANTENNA__25800__S
[INFO DPL-0035]  ANTENNA_141
[INFO DPL-0035]  ANTENNA_141
[INFO DPL-0035]  ANTENNA__28302__B2
[INFO DPL-0035]  ANTENNA__16574__A0
[INFO DPL-0035]  ANTENNA__27237__A
[INFO DPL-0035]  ANTENNA__27237__A
[INFO DPL-0035]  ANTENNA__29212__A
[INFO DPL-0035]  ANTENNA_27
[INFO DPL-0035]  ANTENNA__27589__A1
[INFO DPL-0035]  ANTENNA__25729__S
[INFO DPL-0035]  ANTENNA__28075__B1
[INFO DPL-0035]  ANTENNA__25727__S
[INFO DPL-0035]  ANTENNA__27234__B1
[INFO DPL-0035]  ANTENNA_14
[INFO DPL-0035]  ANTENNA__27354__B1
[INFO DPL-0035]  ANTENNA_463
[INFO DPL-0035]  ANTENNA__25798__S
[INFO DPL-0035]  ANTENNA__24893__A1
[INFO DPL-0035]  ANTENNA_508
[INFO DPL-0035]  ANTENNA_468
[INFO DPL-0035]  ANTENNA_468
[INFO DPL-0035]  ANTENNA__17004__A0
[INFO DPL-0035]  ANTENNA_314
[INFO DPL-0035]  ANTENNA__15932__S
[INFO DPL-0035]  ANTENNA__27353__B
[INFO DPL-0035]  ANTENNA__27293__A1
[INFO DPL-0035]  ANTENNA__28317__B2
[INFO DPL-0035]  ANTENNA__27237__C
[INFO DPL-0035]  ANTENNA__27237__C
[INFO DPL-0035]  ANTENNA_441
[INFO DPL-0035]  ANTENNA_441
[INFO DPL-0035]  ANTENNA__27586__B
[INFO DPL-0035]  ANTENNA__27586__B
[INFO DPL-0035]  ANTENNA__26646__A1
[INFO DPL-0035]  ANTENNA__26646__A1
[INFO DPL-0035]  ANTENNA__27309__A
[INFO DPL-0035]  ANTENNA__27268__B1
[INFO DPL-0035]  ANTENNA__16065__B1
[INFO DPL-0035]  ANTENNA__16065__B1
[INFO DPL-0035]  ANTENNA_294
[INFO DPL-0035]  ANTENNA__16065__A1
[INFO DPL-0035]  ANTENNA__29253__A1
[INFO DPL-0035]  ANTENNA__24986__A1
[INFO DPL-0035]  ANTENNA__29511__D
[INFO DPL-0035]  ANTENNA__29511__D
[INFO DPL-0035]  ANTENNA_25
[INFO DPL-0035]  ANTENNA__27235__A1
[INFO DPL-0035]  ANTENNA__27268__A1
[INFO DPL-0035]  ANTENNA__27257__A
[INFO DPL-0035]  ANTENNA__27973__A
[INFO DPL-0035]  ANTENNA__27354__B2
[INFO DPL-0035]  ANTENNA__25513__A1
[INFO DPL-0035]  ANTENNA__25513__A1
[INFO DPL-0035]  ANTENNA__27270__A
[INFO DPL-0035]  ANTENNA__17008__A0
[INFO DPL-0035]  ANTENNA__27972__A
[INFO DPL-0035]  ANTENNA_136
[INFO DPL-0035]  ANTENNA_clkbuf_leaf_177_clk_A
[INFO DPL-0035]  ANTENNA_clkbuf_leaf_177_clk_A
[INFO DPL-0035]  ANTENNA__24884__S
[INFO DPL-0035]  ANTENNA__24884__S
[INFO DPL-0035]  ANTENNA__24884__S
[INFO DPL-0035]  ANTENNA_clkbuf_leaf_93_clk_A
[INFO DPL-0035]  ANTENNA_clkbuf_leaf_93_clk_A
[INFO DPL-0035]  ANTENNA__16990__A0
[INFO DPL-0035]  ANTENNA__27118__A
[INFO DPL-0035]  ANTENNA__27238__A1
[INFO DPL-0035]  ANTENNA__27238__A1
[INFO DPL-0035]  ANTENNA__27238__A1
[INFO DPL-0035]  ANTENNA_135
[INFO DPL-0035]  ANTENNA__25359__A1
[INFO DPL-0035]  ANTENNA__25515__S
[INFO DPL-0035]  ANTENNA__27313__B1
[INFO DPL-0035]  ANTENNA__27313__B1
[INFO DPL-0035]  ANTENNA_505
[INFO DPL-0035]  ANTENNA__25286__A1
[INFO DPL-0035]  ANTENNA_284
[INFO DPL-0035]  ANTENNA_284
[INFO DPL-0035]  ANTENNA__16958__A
[INFO DPL-0035]  ANTENNA__18402__A2
[INFO DPL-0035]  ANTENNA__18402__A2
[INFO DPL-0035]  ANTENNA__27284__A
[INFO DPL-0035]  ANTENNA__27284__A
[INFO DPL-0035]  ANTENNA__28288__B2
[INFO DPL-0035]  ANTENNA__28288__B2
[INFO DPL-0035]  ANTENNA__28076__A
[INFO DPL-0035]  ANTENNA__28076__A
[INFO DPL-0035]  ANTENNA__15334__S
[INFO DPL-0035]  ANTENNA__15334__S
[INFO DPL-0035]  ANTENNA__27339__A
[INFO DPL-0035]  ANTENNA__27339__A
[INFO DPL-0035]  ANTENNA_507
[INFO DPL-0035]  ANTENNA__27207__A
[INFO DPL-0035]  ANTENNA__24487__A1
[INFO DPL-0035]  ANTENNA__25899__A
[INFO DPL-0035]  ANTENNA__27982__B
[INFO DPL-0035]  ANTENNA_461
[INFO DPL-0035]  ANTENNA_563
[INFO DPL-0035]  ANTENNA_285
[INFO DPL-0035]  ANTENNA__27117__B
[INFO DPL-0035]  ANTENNA__26986__A
[INFO DPL-0035]  ANTENNA__24881__B1
[INFO DPL-0035]  ANTENNA_509
[INFO DPL-0035]  ANTENNA_509
[INFO DPL-0035]  ANTENNA__26642__A0
[INFO DPL-0035]  ANTENNA__26642__A0
[INFO DPL-0035]  ANTENNA__29513__D
[INFO DPL-0035]  ANTENNA__29513__D
[INFO DPL-0035]  ANTENNA__29079__B
[INFO DPL-0035]  ANTENNA__24917__C1
[INFO DPL-0035]  ANTENNA__27976__B1
[INFO DPL-0035]  ANTENNA__27976__B1
[INFO DPL-0035]  ANTENNA__16987__A0
[INFO DPL-0035]  ANTENNA__24917__B1
[INFO DPL-0035]  ANTENNA__24957__A1
[INFO DPL-0035]  ANTENNA__25286__S
[INFO DPL-0035]  ANTENNA__25286__S
[INFO DPL-0035]  ANTENNA__26989__B2
[INFO DPL-0035]  ANTENNA__27173__A
[INFO DPL-0035]  ANTENNA__27173__A
[INFO DPL-0035]  ANTENNA__30580__D
[INFO DPL-0035]  ANTENNA__25361__A1
[INFO DPL-0035]  ANTENNA__25361__A1
[INFO DPL-0035]  ANTENNA__26997__B2
[INFO DPL-0035]  ANTENNA__18401__B
[INFO DPL-0035]  ANTENNA__16617__A
[INFO DPL-0035]  ANTENNA__16974__A0
[INFO DPL-0035]  ANTENNA_541
[INFO DPL-0035]  ANTENNA__27211__A
[INFO DPL-0035]  ANTENNA__25872__A1
[INFO DPL-0035]  ANTENNA__25872__A1
[INFO DPL-0035]  ANTENNA__24905__B
[INFO DPL-0035]  ANTENNA__27274__A1
[INFO DPL-0035]  ANTENNA__24413__A
[INFO DPL-0035]  ANTENNA_540
[INFO DPL-0035]  ANTENNA_540
[INFO DPL-0035]  ANTENNA__27996__B1
[INFO DPL-0035]  ANTENNA__27996__B1
[INFO DPL-0035]  ANTENNA__15941__B1
[INFO DPL-0035]  ANTENNA__28326__A1
[INFO DPL-0035]  ANTENNA_566
[INFO DPL-0035]  ANTENNA__27178__A
[INFO DPL-0035]  ANTENNA__28111__B1
[INFO DPL-0035]  ANTENNA__15252__S
[INFO DPL-0035]  ANTENNA__17068__S
[INFO DPL-0035]  ANTENNA__17068__S
[INFO DPL-0035]  ANTENNA__15270__S
[INFO DPL-0035]  ANTENNA_148
[INFO DPL-0035]  ANTENNA__16617__B
[INFO DPL-0035]  ANTENNA__28300__A
[INFO DPL-0035]  ANTENNA__27228__A
[INFO DPL-0035]  ANTENNA__15265__S
[INFO DPL-0035]  ANTENNA__15265__S
[INFO DPL-0035]  ANTENNA__29262__S
[INFO DPL-0035]  ANTENNA__29262__S
[INFO DPL-0035]  ANTENNA__26573__A0
[INFO DPL-0035]  ANTENNA__24964__A1
[INFO DPL-0035]  ANTENNA__24964__A1
[INFO DPL-0035]  ANTENNA_302
[INFO DPL-0035]  ANTENNA__28323__B2
[INFO DPL-0035]  ANTENNA__27275__A
[INFO DPL-0035]  ANTENNA__24895__S
[INFO DPL-0035]  ANTENNA__29517__D
[INFO DPL-0035]  ANTENNA__29517__D
[INFO DPL-0035]  ANTENNA__27245__B1
[INFO DPL-0035]  ANTENNA__27285__B
[INFO DPL-0035]  ANTENNA__27285__B
[INFO DPL-0035]  ANTENNA_clkbuf_leaf_92_clk_A
[INFO DPL-0035]  ANTENNA__27978__B2
[INFO DPL-0035]  ANTENNA__27978__B2
[INFO DPL-0035]  ANTENNA__28329__A1
[INFO DPL-0035]  ANTENNA__27294__A1
[INFO DPL-0035]  ANTENNA__27285__A
[INFO DPL-0035]  ANTENNA_303
[INFO DPL-0035]  ANTENNA__24899__B1
[INFO DPL-0035]  ANTENNA__24899__B1
[INFO DPL-0035]  ANTENNA__24907__C1
[INFO DPL-0035]  ANTENNA__27874__A
[INFO DPL-0035]  ANTENNA__27874__A
[INFO DPL-0035]  ANTENNA__27874__A
[INFO DPL-0035]  ANTENNA__24908__C
[INFO DPL-0035]  ANTENNA__18293__A
[INFO DPL-0035]  ANTENNA__24936__A1
[INFO DPL-0035]  ANTENNA__15248__S
[INFO DPL-0035]  ANTENNA_clkbuf_leaf_18_clk_A
[INFO DPL-0035]  ANTENNA__25441__S
[INFO DPL-0035]  ANTENNA__25288__A1
[INFO DPL-0035]  ANTENNA__27247__A
[INFO DPL-0035]  ANTENNA__24333__B
[INFO DPL-0035]  ANTENNA__27196__A1
[INFO DPL-0035]  ANTENNA__28332__A2
[INFO DPL-0035]  ANTENNA__26969__A
[INFO DPL-0035]  ANTENNA__26969__A
[INFO DPL-0035]  ANTENNA__26969__A
[INFO DPL-0035]  ANTENNA__24913__A1
[INFO DPL-0035]  ANTENNA__28630__D
[INFO DPL-0035]  ANTENNA__27957__A1_N
[INFO DPL-0035]  ANTENNA__27968__A2_N
[INFO DPL-0035]  ANTENNA__27968__A2_N
[INFO DPL-0035]  ANTENNA__27968__A2_N
[INFO DPL-0035]  ANTENNA__29510__D
[INFO DPL-0035]  ANTENNA__29510__D
[INFO DPL-0035]  ANTENNA__24336__A
[INFO DPL-0035]  ANTENNA__24336__A
[INFO DPL-0035]  ANTENNA__27993__B
[INFO DPL-0035]  ANTENNA__28329__B2
[INFO DPL-0035]  ANTENNA__18403__A
[INFO DPL-0035]  ANTENNA__27949__A2
[INFO DPL-0035]  ANTENNA__27202__B
[INFO DPL-0035]  ANTENNA__24900__B
[INFO DPL-0035]  ANTENNA__25875__A1
[INFO DPL-0035]  ANTENNA__25875__A1
[INFO DPL-0035]  ANTENNA_306
[INFO DPL-0035]  ANTENNA__27949__A1
[INFO DPL-0035]  ANTENNA__27134__B
[INFO DPL-0035]  ANTENNA__27134__B
[INFO DPL-0035]  ANTENNA__27259__A
[INFO DPL-0035]  ANTENNA__27276__B2
[INFO DPL-0035]  ANTENNA__15841__B
[INFO DPL-0035]  ANTENNA__15257__S
[INFO DPL-0035]  ANTENNA__18314__B
[INFO DPL-0035]  ANTENNA__27236__A
[INFO DPL-0035]  ANTENNA__28630__C
[INFO DPL-0035]  ANTENNA__29132__A0
[INFO DPL-0035]  ANTENNA__29132__A0
[INFO DPL-0035]  ANTENNA__29132__A0
[INFO DPL-0035]  ANTENNA__29132__A0
[INFO DPL-0035]  ANTENNA__27199__A
[INFO DPL-0035]  ANTENNA__27936__A2_N
[INFO DPL-0035]  ANTENNA__27936__A2_N
[INFO DPL-0035]  ANTENNA__27156__A
[INFO DPL-0035]  ANTENNA__27156__A
[INFO DPL-0035]  ANTENNA__16238__A2
[INFO DPL-0035]  ANTENNA__25186__A
[INFO DPL-0035]  ANTENNA__27914__A2_N
[INFO DPL-0035]  ANTENNA__27914__A2_N
[INFO DPL-0035]  ANTENNA__27256__B1
[INFO DPL-0035]  ANTENNA_clkbuf_5_16__f_clk_A
[INFO DPL-0035]  ANTENNA__24852__A2
[INFO DPL-0035]  ANTENNA__24852__A2
[INFO DPL-0035]  ANTENNA__26128__S
[INFO DPL-0035]  ANTENNA__26128__S
[INFO DPL-0035]  ANTENNA__27133__B1
[INFO DPL-0035]  ANTENNA__16948__A1
[INFO DPL-0035]  ANTENNA__29213__A0
[INFO DPL-0035]  ANTENNA__29213__A0
[INFO DPL-0035]  ANTENNA__27253__A
[INFO DPL-0035]  ANTENNA__25875__S
[INFO DPL-0035]  ANTENNA_clkbuf_5_6__f_clk_A
[INFO DPL-0035]  ANTENNA__24862__A1
[INFO DPL-0035]  ANTENNA__28434__A3
[INFO DPL-0035]  ANTENNA__28434__A3
[INFO DPL-0035]  ANTENNA__28275__A
[INFO DPL-0035]  ANTENNA__28275__A
[INFO DPL-0035]  ANTENNA__27185__B1
[INFO DPL-0035]  ANTENNA__16269__B2
[INFO DPL-0035]  ANTENNA__16269__B2
[INFO DPL-0035]  ANTENNA__27250__C1
[INFO DPL-0035]  ANTENNA__27250__C1
[INFO DPL-0035]  ANTENNA__27250__C1
[INFO DPL-0035]  ANTENNA__17340__A
[INFO DPL-0035]  ANTENNA__17340__A
[INFO DPL-0035]  ANTENNA__25986__A0
[INFO DPL-0035]  ANTENNA__24089__A
[INFO DPL-0035]  ANTENNA__24089__A
[INFO DPL-0035]  ANTENNA__15842__B
[INFO DPL-0035]  ANTENNA__27256__A1
[INFO DPL-0035]  ANTENNA__27256__A1
[INFO DPL-0035]  ANTENNA__29134__S
[INFO DPL-0035]  ANTENNA__28091__B
[INFO DPL-0035]  ANTENNA__26973__A1
[INFO DPL-0035]  ANTENNA__28250__A
[INFO DPL-0035]  ANTENNA__27223__A1
[INFO DPL-0035]  ANTENNA__15844__B
[INFO DPL-0035]  ANTENNA__15844__B
[INFO DPL-0035]  ANTENNA__18379__A
[INFO DPL-0035]  ANTENNA__18379__A
[INFO DPL-0035]  ANTENNA__27222__C1
[INFO DPL-0035]  ANTENNA__24862__A2
[INFO DPL-0035]  ANTENNA__16107__A1
[INFO DPL-0035]  ANTENNA__18154__A
[INFO DPL-0035]  ANTENNA__25365__A1
[INFO DPL-0035]  ANTENNA__27956__B1
[INFO DPL-0035]  ANTENNA__27956__B1
[INFO DPL-0035]  ANTENNA__16158__A1
[INFO DPL-0035]  ANTENNA__28091__A
[INFO DPL-0035]  ANTENNA__17413__A
[INFO DPL-0035]  ANTENNA__15323__S
[INFO DPL-0035]  ANTENNA__27225__A2
[INFO DPL-0035]  ANTENNA__16269__A3
[INFO DPL-0035]  ANTENNA__17467__B1
[INFO DPL-0035]  ANTENNA__17467__B1
[INFO DPL-0035]  ANTENNA__28017__B1
[INFO DPL-0035]  ANTENNA__28017__B1
[INFO DPL-0035]  ANTENNA__28017__B1
[INFO DPL-0035]  ANTENNA__14824__A
[INFO DPL-0035]  ANTENNA__18082__A
[INFO DPL-0035]  ANTENNA__18082__A
[INFO DPL-0035]  ANTENNA__27119__C_N
[INFO DPL-0035]  ANTENNA__16318__B1
[INFO DPL-0035]  ANTENNA__27186__A1
[INFO DPL-0035]  ANTENNA__27186__A1
[INFO DPL-0035]  ANTENNA__16189__B2
[INFO DPL-0035]  ANTENNA__16189__B2
[INFO DPL-0035]  ANTENNA__29142__A0
[INFO DPL-0035]  ANTENNA__14859__A
[INFO DPL-0035]  ANTENNA__28090__B
[INFO DPL-0035]  ANTENNA__15893__A
[INFO DPL-0035]  ANTENNA__15893__A
[INFO DPL-0035]  ANTENNA__15893__A
[INFO DPL-0035]  ANTENNA_444
[INFO DPL-0035]  ANTENNA__25871__A
[INFO DPL-0035]  ANTENNA__29142__S
[INFO DPL-0035]  ANTENNA__15714__A1
[INFO DPL-0035]  ANTENNA__15714__A1
[INFO DPL-0035]  ANTENNA__15714__A1
[INFO DPL-0035]  ANTENNA__17337__C
[INFO DPL-0035]  ANTENNA__17337__C
[INFO DPL-0035]  ANTENNA__17337__C
[INFO DPL-0035]  ANTENNA__17337__D
[INFO DPL-0035]  ANTENNA__17420__B
[INFO DPL-0035]  ANTENNA__17420__B
[INFO DPL-0035]  ANTENNA__15457__S
[INFO DPL-0035]  ANTENNA__24076__B
[INFO DPL-0035]  ANTENNA__27225__B1
[INFO DPL-0035]  ANTENNA__15894__A
[INFO DPL-0035]  ANTENNA__15894__A
[INFO DPL-0035]  ANTENNA__18082__B
[INFO DPL-0035]  ANTENNA_clkbuf_leaf_197_clk_A
[INFO DPL-0035]  ANTENNA_clkbuf_leaf_197_clk_A
[INFO DPL-0035]  ANTENNA__27959__A0
[INFO DPL-0035]  ANTENNA__15264__A1
[INFO DPL-0035]  ANTENNA__15264__A1
[INFO DPL-0035]  ANTENNA__17420__A
[INFO DPL-0035]  ANTENNA__20528__A
[INFO DPL-0035]  ANTENNA__25877__A
[INFO DPL-0035]  ANTENNA__27160__A
[INFO DPL-0035]  ANTENNA__27131__A2_N
[INFO DPL-0035]  ANTENNA__27131__A2_N
[INFO DPL-0035]  ANTENNA__27131__A2_N
[INFO DPL-0035]  ANTENNA__24897__A0
[INFO DPL-0035]  ANTENNA__24897__A0
[INFO DPL-0035]  ANTENNA__17337__B
[INFO DPL-0035]  ANTENNA__18192__A
[INFO DPL-0035]  ANTENNA__17576__B
[INFO DPL-0035]  ANTENNA__26564__A1
[INFO DPL-0035]  ANTENNA__25902__A
[INFO DPL-0035]  ANTENNA__15062__A
[INFO DPL-0035]  ANTENNA__15326__A1
[INFO DPL-0035]  ANTENNA__24877__A0
[INFO DPL-0035]  ANTENNA__24877__A0
[INFO DPL-0035]  ANTENNA__25290__S
[INFO DPL-0035]  ANTENNA__18075__A1
[INFO DPL-0035]  ANTENNA__18075__A1
[INFO DPL-0035]  ANTENNA__29123__A0
[INFO DPL-0035]  ANTENNA__27140__A2
[INFO DPL-0035]  ANTENNA__17666__B
[INFO DPL-0035]  ANTENNA__17666__B
[INFO DPL-0035]  ANTENNA__17666__B
[INFO DPL-0035]  ANTENNA__15327__A1
[INFO DPL-0035]  ANTENNA__15715__B
[INFO DPL-0035]  ANTENNA__24172__B1
[INFO DPL-0035]  ANTENNA__16018__A2
[INFO DPL-0035]  ANTENNA__16018__A2
[INFO DPL-0035]  ANTENNA__15322__A
[INFO DPL-0035]  ANTENNA__15322__A
[INFO DPL-0035]  ANTENNA__26644__A0
[INFO DPL-0035]  ANTENNA__16348__A1
[INFO DPL-0035]  ANTENNA__26134__S
[INFO DPL-0035]  ANTENNA__15327__C1
[INFO DPL-0035]  ANTENNA__15327__C1
[INFO DPL-0035]  ANTENNA__17341__D
[INFO DPL-0035]  ANTENNA__16995__A1
[INFO DPL-0035]  ANTENNA__16995__A1
[INFO DPL-0035]  ANTENNA__28080__B
[INFO DPL-0035]  ANTENNA__28080__B
[INFO DPL-0035]  ANTENNA__16963__A0
[INFO DPL-0035]  ANTENNA__17866__B
[INFO DPL-0035]  ANTENNA__17866__B
[INFO DPL-0035]  ANTENNA__29115__B1
[INFO DPL-0035]  ANTENNA__29115__B1
[INFO DPL-0035]  ANTENNA__28402__B
[INFO DPL-0035]  ANTENNA__29062__A2
[INFO DPL-0035]  ANTENNA__17338__A2_N
[INFO DPL-0035]  ANTENNA__17338__A2_N
[INFO DPL-0035]  ANTENNA__26640__A1
[INFO DPL-0035]  ANTENNA__18265__B2
[INFO DPL-0035]  ANTENNA__27148__A1
[INFO DPL-0035]  ANTENNA__24897__A1
[INFO DPL-0035]  ANTENNA__15723__A
[INFO DPL-0035]  ANTENNA__28432__A
[INFO DPL-0035]  ANTENNA__14765__A_N
[INFO DPL-0035]  ANTENNA__14775__A_N
[INFO DPL-0035]  ANTENNA_clkbuf_leaf_172_clk_A
[INFO DPL-0035]  ANTENNA__26448__A1
[INFO DPL-0035]  ANTENNA__27150__A1
[INFO DPL-0035]  ANTENNA__27150__A1
[INFO DPL-0035]  ANTENNA__27150__A1
[INFO DPL-0035]  ANTENNA__29140__A1
[INFO DPL-0035]  ANTENNA__24173__D
[INFO DPL-0035]  ANTENNA__28081__B
[INFO DPL-0035]  ANTENNA__15935__A1
[INFO DPL-0035]  ANTENNA__15396__S
[INFO DPL-0035]  ANTENNA__28390__A2
[INFO DPL-0035]  ANTENNA__28390__A2
[INFO DPL-0035]  ANTENNA__18181__A
[INFO DPL-0035]  ANTENNA__18075__A2
[INFO DPL-0035]  ANTENNA__18075__A2
[INFO DPL-0035]  ANTENNA__15852__A1
[INFO DPL-0035]  ANTENNA__15852__A1
[INFO DPL-0035]  ANTENNA__15840__B1
[INFO DPL-0035]  ANTENNA__24971__A
[INFO DPL-0035]  ANTENNA__24971__A
[INFO DPL-0035]  ANTENNA__14789__D
[INFO DPL-0035]  ANTENNA__14789__D
[INFO DPL-0035]  ANTENNA__29331__A1
[INFO DPL-0035]  ANTENNA_clkbuf_leaf_95_clk_A
[INFO DPL-0035]  ANTENNA__15717__B
[INFO DPL-0035]  ANTENNA__28014__B
[INFO DPL-0035]  ANTENNA__14789__C
[INFO DPL-0035]  ANTENNA__14794__C
[INFO DPL-0035]  ANTENNA__14794__C
[INFO DPL-0035]  ANTENNA__27168__B2
[INFO DPL-0035]  ANTENNA__26637__A
[INFO DPL-0035]  ANTENNA__18410__A
[INFO DPL-0035]  ANTENNA__28257__A
[INFO DPL-0035]  ANTENNA__17347__D
[INFO DPL-0035]  ANTENNA__28013__B
[INFO DPL-0035]  ANTENNA__16995__A0
[INFO DPL-0035]  ANTENNA__16018__B1
[INFO DPL-0035]  ANTENNA_132
[INFO DPL-0035]  ANTENNA_132
[INFO DPL-0035]  ANTENNA__27130__A1
[INFO DPL-0035]  ANTENNA__27130__A1
[INFO DPL-0035]  ANTENNA__28010__A
[INFO DPL-0035]  ANTENNA__17348__A2_N
[INFO DPL-0035]  ANTENNA__17348__A2_N
[INFO DPL-0035]  ANTENNA__28109__A
[INFO DPL-0035]  ANTENNA__30582__D
[INFO DPL-0035]  ANTENNA__14784__D
[INFO DPL-0035]  ANTENNA__14789__A
[INFO DPL-0035]  ANTENNA__29115__A1
[INFO DPL-0035]  ANTENNA__16019__B2
[INFO DPL-0035]  ANTENNA__26562__A1
[INFO DPL-0035]  ANTENNA__28109__B
[INFO DPL-0035]  ANTENNA__24888__A1
[INFO DPL-0035]  ANTENNA__28087__A0
[INFO DPL-0035]  ANTENNA__28087__A0
[INFO DPL-0035]  ANTENNA__14784__C
[INFO DPL-0035]  ANTENNA__16117__B1
[INFO DPL-0035]  ANTENNA__28432__D
[INFO DPL-0035]  ANTENNA__28432__D
[INFO DPL-0035]  ANTENNA__17871__A
[INFO DPL-0035]  ANTENNA__28038__B2
[INFO DPL-0035]  ANTENNA__28038__B2
[INFO DPL-0035]  ANTENNA__29115__C1
[INFO DPL-0035]  ANTENNA__28099__B
[INFO DPL-0035]  ANTENNA__28099__B
[INFO DPL-0035]  ANTENNA__23918__B
[INFO DPL-0035]  ANTENNA__23918__B
[INFO DPL-0035]  ANTENNA__16034__B1
[INFO DPL-0035]  ANTENNA__24883__A
[INFO DPL-0035]  ANTENNA__28432__C
[INFO DPL-0035]  ANTENNA__25645__B1_N
[INFO DPL-0035]  ANTENNA__25645__B1_N
[INFO DPL-0035]  ANTENNA__15840__A2
[INFO DPL-0035]  ANTENNA__25367__A1
[INFO DPL-0035]  ANTENNA__27161__A
[INFO DPL-0035]  ANTENNA__27161__A
[INFO DPL-0035]  ANTENNA__28036__B1
[INFO DPL-0035]  ANTENNA__18858__B
[INFO DPL-0035]  ANTENNA__29140__A0
[INFO DPL-0035]  ANTENNA__27122__A
[INFO DPL-0035]  ANTENNA__28077__A1
[INFO DPL-0035]  ANTENNA__14779__D
[INFO DPL-0035]  ANTENNA__14784__A
[INFO DPL-0035]  ANTENNA__28067__A
[INFO DPL-0035]  ANTENNA__28393__A
[INFO DPL-0035]  ANTENNA__24341__C
[INFO DPL-0035]  ANTENNA__24341__C
[INFO DPL-0035]  ANTENNA__25183__A
[INFO DPL-0035]  ANTENNA__28099__A
[INFO DPL-0035]  ANTENNA__28071__B
[INFO DPL-0035]  ANTENNA__28071__B
[INFO DPL-0035]  ANTENNA__28100__B
[INFO DPL-0035]  ANTENNA__28100__B
[INFO DPL-0035]  ANTENNA_204
[INFO DPL-0035]  ANTENNA__17348__A1_N
[INFO DPL-0035]  ANTENNA__19389__A
[INFO DPL-0035]  ANTENNA__15355__B
[INFO DPL-0035]  ANTENNA__18411__A1
[INFO DPL-0035]  ANTENNA__25187__S
[INFO DPL-0035]  ANTENNA__16019__A2
[INFO DPL-0035]  ANTENNA_131
[INFO DPL-0035]  ANTENNA__15357__A2
[INFO DPL-0035]  ANTENNA__23911__A
[INFO DPL-0035]  ANTENNA__16117__B2
[INFO DPL-0035]  ANTENNA__30577__D
[INFO DPL-0035]  ANTENNA__17865__A
[INFO DPL-0035]  ANTENNA__28399__A2
[INFO DPL-0035]  ANTENNA__28399__A2
[INFO DPL-0035]  ANTENNA__20747__A
[INFO DPL-0035]  ANTENNA__18269__B
[INFO DPL-0035]  ANTENNA__15279__B1
[INFO DPL-0035]  ANTENNA__27162__B
[INFO DPL-0035]  ANTENNA__28022__B
[INFO DPL-0035]  ANTENNA__28022__B
[INFO DPL-0035]  ANTENNA__29129__A0
[INFO DPL-0035]  ANTENNA_338
[INFO DPL-0035]  ANTENNA_338
[INFO DPL-0035]  ANTENNA__17895__B1
[INFO DPL-0035]  ANTENNA__24168__A
[INFO DPL-0035]  ANTENNA__24168__A
[INFO DPL-0035]  ANTENNA__28251__B2
[INFO DPL-0035]  ANTENNA__28251__B2
[INFO DPL-0035]  ANTENNA__27172__A2
[INFO DPL-0035]  ANTENNA__18858__A
[INFO DPL-0035]  ANTENNA__18858__A
[INFO DPL-0035]  ANTENNA__18858__A
[INFO DPL-0035]  ANTENNA__25445__A0
[INFO DPL-0035]  ANTENNA__25445__A0
[INFO DPL-0035]  ANTENNA__27884__A2_N
[INFO DPL-0035]  ANTENNA__27884__A2_N
[INFO DPL-0035]  ANTENNA__17711__A2
[INFO DPL-0035]  ANTENNA__18492__B2
[INFO DPL-0035]  ANTENNA__26200__A1
[INFO DPL-0035]  ANTENNA__26200__A1
[INFO DPL-0035]  ANTENNA__16200__B2
[INFO DPL-0035]  ANTENNA__15301__B
[INFO DPL-0035]  ANTENNA_clkbuf_2_0_0_clk_A
[INFO DPL-0035]  ANTENNA__27105__D
[INFO DPL-0035]  ANTENNA__27105__D
[INFO DPL-0035]  ANTENNA__17861__A
[INFO DPL-0035]  ANTENNA__14766__B
[INFO DPL-0035]  ANTENNA__14766__B
[INFO DPL-0035]  ANTENNA__14791__A_N
[INFO DPL-0035]  ANTENNA__14791__A_N
[INFO DPL-0035]  ANTENNA__18652__A2
[INFO DPL-0035]  ANTENNA__27128__A2
[INFO DPL-0035]  ANTENNA__27128__A2
[INFO DPL-0035]  ANTENNA__28249__A
[INFO DPL-0035]  ANTENNA__15461__A
[INFO DPL-0035]  ANTENNA__26375__A1
[INFO DPL-0035]  ANTENNA__17861__B
[INFO DPL-0035]  ANTENNA__17861__B
[INFO DPL-0035]  ANTENNA_269
[INFO DPL-0035]  ANTENNA__14758__A
[INFO DPL-0035]  ANTENNA__14758__A
[INFO DPL-0035]  ANTENNA__14768__D
[INFO DPL-0035]  ANTENNA__28389__A
[INFO DPL-0035]  ANTENNA__28861__A1_N
[INFO DPL-0035]  ANTENNA__28861__A1_N
[INFO DPL-0035]  ANTENNA__25433__B
[INFO DPL-0035]  ANTENNA__25433__B
[INFO DPL-0035]  ANTENNA__24982__A
[INFO DPL-0035]  ANTENNA__24982__A
[INFO DPL-0035]  ANTENNA__18269__C
[INFO DPL-0035]  ANTENNA__23898__A
[INFO DPL-0035]  ANTENNA__23898__A
[INFO DPL-0035]  ANTENNA__16395__B1
[INFO DPL-0035]  ANTENNA__14763__A
[INFO DPL-0035]  ANTENNA__14763__A
[INFO DPL-0035]  ANTENNA__14773__D
[INFO DPL-0035]  ANTENNA__14768__C
[INFO DPL-0035]  ANTENNA__18787__B
[INFO DPL-0035]  ANTENNA__15305__A1
[INFO DPL-0035]  ANTENNA__23996__A_N
[INFO DPL-0035]  ANTENNA__15240__B
[INFO DPL-0035]  ANTENNA__15240__B
[INFO DPL-0035]  ANTENNA__15240__B
[INFO DPL-0035]  ANTENNA__15310__B2
[INFO DPL-0035]  ANTENNA__25434__B
[INFO DPL-0035]  ANTENNA__17370__B
[INFO DPL-0035]  ANTENNA__14768__B
[INFO DPL-0035]  ANTENNA__14768__B
[INFO DPL-0035]  ANTENNA__24861__A0
[INFO DPL-0035]  ANTENNA__24861__A0
[INFO DPL-0035]  ANTENNA__15460__S
[INFO DPL-0035]  ANTENNA__28861__A2_N
[INFO DPL-0035]  ANTENNA__27128__A1
[INFO DPL-0035]  ANTENNA__28382__B
[INFO DPL-0035]  ANTENNA__17780__B1
[INFO DPL-0035]  ANTENNA__17780__B1
[INFO DPL-0035]  ANTENNA_clkbuf_5_19__f_clk_A
[INFO DPL-0035]  ANTENNA__25445__S
[INFO DPL-0035]  ANTENNA__25445__S
[INFO DPL-0035]  ANTENNA__25445__S
[INFO DPL-0035]  ANTENNA__14768__A
[INFO DPL-0035]  ANTENNA__29266__A1
[INFO DPL-0035]  ANTENNA__17306__A
[INFO DPL-0035]  ANTENNA__29057__B2
[INFO DPL-0035]  ANTENNA__14766__A_N
[INFO DPL-0035]  ANTENNA__15537__B1
[INFO DPL-0035]  ANTENNA__15537__B1
[INFO DPL-0035]  ANTENNA__20732__B1
[INFO DPL-0035]  ANTENNA__26555__S
[INFO DPL-0035]  ANTENNA__26555__S
[INFO DPL-0035]  ANTENNA__15647__B
[INFO DPL-0035]  ANTENNA__25802__A0
[INFO DPL-0035]  ANTENNA__27104__B
[INFO DPL-0035]  ANTENNA__28400__B
[INFO DPL-0035]  ANTENNA__18532__B
[INFO DPL-0035]  ANTENNA__25431__D
[INFO DPL-0035]  ANTENNA__25992__S
[INFO DPL-0035]  ANTENNA__18079__B
[INFO DPL-0035]  ANTENNA__17947__B
[INFO DPL-0035]  ANTENNA_159
[INFO DPL-0035]  ANTENNA__24865__A3
[INFO DPL-0035]  ANTENNA__24865__A3
[INFO DPL-0035]  ANTENNA__15305__A2
[INFO DPL-0035]  ANTENNA__15541__B
[INFO DPL-0035]  ANTENNA__29061__A1
[INFO DPL-0035]  ANTENNA__24243__B
[INFO DPL-0035]  ANTENNA__15573__S
[INFO DPL-0035]  ANTENNA__30089__CLK
[INFO DPL-0035]  ANTENNA__30089__CLK
[INFO DPL-0035]  ANTENNA__26557__A1
[INFO DPL-0035]  ANTENNA__27102__B1
[INFO DPL-0035]  ANTENNA__27873__A2_N
[INFO DPL-0035]  ANTENNA__17947__C
[INFO DPL-0035]  ANTENNA__17412__B1
[INFO DPL-0035]  ANTENNA__27919__A
[INFO DPL-0035]  ANTENNA__27919__A
[INFO DPL-0035]  ANTENNA__17816__B1
[INFO DPL-0035]  ANTENNA__23098__A
[INFO DPL-0035]  ANTENNA__20541__A
[INFO DPL-0035]  ANTENNA__28324__B1
[INFO DPL-0035]  ANTENNA_174
[INFO DPL-0035]  ANTENNA__20163__A
[INFO DPL-0035]  ANTENNA__23408__A2
[INFO DPL-0035]  ANTENNA__23408__A2
[INFO DPL-0035]  ANTENNA__15335__C1
[INFO DPL-0035]  ANTENNA__14770__A_N
[INFO DPL-0035]  ANTENNA__19128__B
[INFO DPL-0035]  ANTENNA__28606__B1
[INFO DPL-0035]  ANTENNA__29266__S
[INFO DPL-0035]  ANTENNA__29266__S
[INFO DPL-0035]  ANTENNA__17742__B
[INFO DPL-0035]  ANTENNA__17742__B
[INFO DPL-0035]  ANTENNA__17410__A2
[INFO DPL-0035]  ANTENNA_clkbuf_leaf_94_clk_A
[INFO DPL-0035]  ANTENNA__25731__S
[INFO DPL-0035]  ANTENNA__26720__A2
[INFO DPL-0035]  ANTENNA__17781__A1
[INFO DPL-0035]  ANTENNA__27950__A1
[INFO DPL-0035]  ANTENNA__27950__A1
[INFO DPL-0035]  ANTENNA__28385__B
[INFO DPL-0035]  ANTENNA__28385__B
[INFO DPL-0035]  ANTENNA__18485__A
[INFO DPL-0035]  ANTENNA__18525__A
[INFO DPL-0035]  ANTENNA__18525__A
[INFO DPL-0035]  ANTENNA_clkbuf_leaf_20_clk_A
[INFO DPL-0035]  ANTENNA_clkbuf_leaf_20_clk_A
[INFO DPL-0035]  ANTENNA__14759__A_N
[INFO DPL-0035]  ANTENNA__23407__B
[INFO DPL-0035]  ANTENNA__15331__B1
[INFO DPL-0035]  ANTENNA__23092__B
[INFO DPL-0035]  ANTENNA__23092__B
[INFO DPL-0035]  ANTENNA__27918__A
[INFO DPL-0035]  ANTENNA__15892__A1
[INFO DPL-0035]  ANTENNA__15892__A1
[INFO DPL-0035]  ANTENNA__28032__A
[INFO DPL-0035]  ANTENNA__28860__B1
[INFO DPL-0035]  ANTENNA__28405__A2
[INFO DPL-0035]  ANTENNA__24902__A
[INFO DPL-0035]  ANTENNA__24902__A
[INFO DPL-0035]  ANTENNA__23209__A
[INFO DPL-0035]  ANTENNA__23209__A
[INFO DPL-0035]  ANTENNA__15467__S
[INFO DPL-0035]  ANTENNA__15467__S
[INFO DPL-0035]  ANTENNA__28324__A1
[INFO DPL-0035]  ANTENNA__23899__B
[INFO DPL-0035]  ANTENNA__23899__B
[INFO DPL-0035]  ANTENNA__27864__C1
[INFO DPL-0035]  ANTENNA__27864__C1
[INFO DPL-0035]  ANTENNA__15538__A1
[INFO DPL-0035]  ANTENNA__14660__B1_N
[INFO DPL-0035]  ANTENNA__27793__A_N
[INFO DPL-0035]  ANTENNA__18368__C
[INFO DPL-0035]  ANTENNA__18368__C
[INFO DPL-0035]  ANTENNA__18368__C
[INFO DPL-0035]  ANTENNA_266
[INFO DPL-0035]  ANTENNA__19128__A
[INFO DPL-0035]  ANTENNA__28060__B
[INFO DPL-0035]  ANTENNA__29498__D
[INFO DPL-0035]  ANTENNA__15934__A2
[INFO DPL-0035]  ANTENNA__15316__B
[INFO DPL-0035]  ANTENNA__15276__A1
[INFO DPL-0035]  ANTENNA__23408__A1
[INFO DPL-0035]  ANTENNA__23408__A1
[INFO DPL-0035]  ANTENNA__23511__A
[INFO DPL-0035]  ANTENNA__23511__A
[INFO DPL-0035]  ANTENNA__27864__A1
[INFO DPL-0035]  ANTENNA__27864__A1
[INFO DPL-0035]  ANTENNA__18298__A
[INFO DPL-0035]  ANTENNA__14660__A2
[INFO DPL-0035]  ANTENNA__17816__A2
[INFO DPL-0035]  ANTENNA__28385__A
[INFO DPL-0035]  ANTENNA__23300__B
[INFO DPL-0035]  ANTENNA__27108__D
[INFO DPL-0035]  ANTENNA__30576__D
[INFO DPL-0035]  ANTENNA__28409__A2
[INFO DPL-0035]  ANTENNA__28041__B
[INFO DPL-0035]  ANTENNA__28041__B
[INFO DPL-0035]  ANTENNA__17742__C
[INFO DPL-0035]  ANTENNA__17742__C
[INFO DPL-0035]  ANTENNA__28606__A1
[INFO DPL-0035]  ANTENNA__29067__B2
[INFO DPL-0035]  ANTENNA__29059__A1
[INFO DPL-0035]  ANTENNA_clkbuf_leaf_26_clk_A
[INFO DPL-0035]  ANTENNA__23900__A1
[INFO DPL-0035]  ANTENNA__26273__A1
[INFO DPL-0035]  ANTENNA__26273__A1
[INFO DPL-0035]  ANTENNA__15489__A1
[INFO DPL-0035]  ANTENNA__27108__C
[INFO DPL-0035]  ANTENNA__15469__S
[INFO DPL-0035]  ANTENNA__15469__S
[INFO DPL-0035]  ANTENNA__18651__B
[INFO DPL-0035]  ANTENNA__28060__A
[INFO DPL-0035]  ANTENNA__27113__B
[INFO DPL-0035]  ANTENNA__15435__A
[INFO DPL-0035]  ANTENNA__27108__B
[INFO DPL-0035]  ANTENNA__23512__A1
[INFO DPL-0035]  ANTENNA__23512__A1
[INFO DPL-0035]  ANTENNA__29337__S
[INFO DPL-0035]  ANTENNA__29337__S
[INFO DPL-0035]  ANTENNA__14769__B
[INFO DPL-0035]  ANTENNA__18184__A
[INFO DPL-0035]  ANTENNA__15430__B
[INFO DPL-0035]  ANTENNA__15430__B
[INFO DPL-0035]  ANTENNA__23712__A
[INFO DPL-0035]  ANTENNA__27910__B
[INFO DPL-0035]  ANTENNA__28042__B
[INFO DPL-0035]  ANTENNA__28042__B
[INFO DPL-0035]  ANTENNA__20643__B
[INFO DPL-0035]  ANTENNA__27108__A
[INFO DPL-0035]  ANTENNA__18184__B
[INFO DPL-0035]  ANTENNA__28605__C1
[INFO DPL-0035]  ANTENNA__28605__C1
[INFO DPL-0035]  ANTENNA_232
[INFO DPL-0035]  ANTENNA__15530__B
[INFO DPL-0035]  ANTENNA__15530__B
[INFO DPL-0035]  ANTENNA__18638__A2
[INFO DPL-0035]  ANTENNA__18000__A1
[INFO DPL-0035]  ANTENNA__27107__D
[INFO DPL-0035]  ANTENNA__28404__A
[INFO DPL-0035]  ANTENNA__28404__A
[INFO DPL-0035]  ANTENNA__27114__A
[INFO DPL-0035]  ANTENNA_55
[INFO DPL-0035]  ANTENNA_55
[INFO DPL-0035]  ANTENNA__18548__A
[INFO DPL-0035]  ANTENNA__28668__S
[INFO DPL-0035]  ANTENNA__15360__C
[INFO DPL-0035]  ANTENNA__27107__C
[INFO DPL-0035]  ANTENNA__28404__B
[INFO DPL-0035]  ANTENNA__27101__A
[INFO DPL-0035]  ANTENNA__18942__A
[INFO DPL-0035]  ANTENNA__18942__A
[INFO DPL-0035]  ANTENNA__26734__A2
[INFO DPL-0035]  ANTENNA__26734__A2
[INFO DPL-0035]  ANTENNA__28668__A1
[INFO DPL-0035]  ANTENNA__28668__A1
[INFO DPL-0035]  ANTENNA__18364__A
[INFO DPL-0035]  ANTENNA__15529__B
[INFO DPL-0035]  ANTENNA__27107__A
[INFO DPL-0035]  ANTENNA__15206__A1
[INFO DPL-0035]  ANTENNA__15206__A1
[INFO DPL-0035]  ANTENNA__25198__A
[INFO DPL-0035]  ANTENNA__25198__A
[INFO DPL-0035]  ANTENNA__25198__A
[INFO DPL-0035]  ANTENNA__29342__S
[INFO DPL-0035]  ANTENNA__24005__D
[INFO DPL-0035]  ANTENNA__17747__A1
[INFO DPL-0035]  ANTENNA__20643__A
[INFO DPL-0035]  ANTENNA__27100__A
[INFO DPL-0035]  ANTENNA__26722__A2
[INFO DPL-0035]  ANTENNA_281
[INFO DPL-0035]  ANTENNA__27113__D
[INFO DPL-0035]  ANTENNA__15454__S
[INFO DPL-0035]  ANTENNA__29077__A1
[INFO DPL-0035]  ANTENNA__18488__C
[INFO DPL-0035]  ANTENNA__18488__C
[INFO DPL-0035] message limit reached, this message will no longer print
[ERROR DPL-0036] Detailed placement failed.
Error: dpl.tcl, 18 DPL-0036
