[INFO]: Run Directory: /openlane/designs/picorv32a/runs/RUN_2024.07.21_15.44.04
[WARNING]: SYNTH_MAX_FANOUT is now deprecated; use MAX_FANOUT_CONSTRAINT instead.
[INFO]: Saving runtime environment...
[INFO]: Preparing LEF files for the nom corner...
[INFO]: Preparing LEF files for the min corner...
[INFO]: Preparing LEF files for the max corner...
[WARNING]: PNR_SDC_FILE is not set. It is recommended to write a custom SDC file for the design. Defaulting to BASE_SDC_FILE
[WARNING]: SIGNOFF_SDC_FILE is not set. It is recommended to write a custom SDC file for the design. Defaulting to BASE_SDC_FILE
[INFO]: Merging /openlane/designs/picorv32a/src/rusty_inv.lef
[INFO]: Running Synthesis (log: designs/picorv32a/runs/RUN_2024.07.21_15.44.04/logs/synthesis/1-synthesis.log)...
[INFO]: Running Single-Corner Static Timing Analysis (log: designs/picorv32a/runs/RUN_2024.07.21_15.44.04/logs/synthesis/2-sta.log)...
[INFO]: Running Initial Floorplanning (log: designs/picorv32a/runs/RUN_2024.07.21_15.44.04/logs/floorplan/3-initial_fp.log)...
[INFO]: Floorplanned with width 680.34 and height 680.0.
[INFO]: Running IO Placement (log: designs/picorv32a/runs/RUN_2024.07.21_15.44.04/logs/floorplan/4-io.log)...
[INFO]: Running Tap/Decap Insertion (log: designs/picorv32a/runs/RUN_2024.07.21_15.44.04/logs/floorplan/5-tap.log)...
[INFO]: Running Global Placement (skip_io) (log: designs/picorv32a/runs/RUN_2024.07.21_15.44.04/logs/placement/5-global_skip_io.log)...
[INFO]: Running Single-Corner Static Timing Analysis (log: designs/picorv32a/runs/RUN_2024.07.21_15.44.04/logs/placement/7-gpl_sta.log)...
[INFO]: Running IO Placement (log: designs/picorv32a/runs/RUN_2024.07.21_15.44.04/logs/placement/8-io.log)...
[INFO]: Running Global Placement (log: designs/picorv32a/runs/RUN_2024.07.21_15.44.04/logs/placement/8-global.log)...
[INFO]: Running Single-Corner Static Timing Analysis (log: designs/picorv32a/runs/RUN_2024.07.21_15.44.04/logs/placement/10-gpl_sta.log)...
[INFO]: Running Placement Resizer Design Optimizations (log: designs/picorv32a/runs/RUN_2024.07.21_15.44.04/logs/placement/11-resizer.log)...
[INFO]: Running Detailed Placement (log: designs/picorv32a/runs/RUN_2024.07.21_15.44.04/logs/placement/12-detailed.log)...
[INFO]: Running Single-Corner Static Timing Analysis (log: designs/picorv32a/runs/RUN_2024.07.21_15.44.04/logs/placement/13-dpl_sta.log)...
[INFO]: Running Clock Tree Synthesis (log: designs/picorv32a/runs/RUN_2024.07.21_15.44.04/logs/cts/14-cts.log)...
[INFO]: Running Single-Corner Static Timing Analysis (log: designs/picorv32a/runs/RUN_2024.07.21_15.44.04/logs/cts/15-cts_sta.log)...
[INFO]: Generating PDN (log: designs/picorv32a/runs/RUN_2024.07.21_15.44.04/logs/floorplan/16-pdn.log)...
[ERROR]: during executing openroad script /openlane/scripts/openroad/pdn.tcl
[ERROR]: Log: designs/picorv32a/runs/RUN_2024.07.21_15.44.04/logs/floorplan/16-pdn.log
[ERROR]: Last 10 lines:
Using 1e-06 for distance...
Reading design constraints file at '/openlane/scripts/base.sdc'…
[INFO]: Setting output delay to: 4.946000000000001
[INFO]: Setting input delay to: 4.946000000000001
[INFO]: Setting load to: 0.033442
[INFO]: Setting clock uncertainty to: 0.25
[INFO]: Setting clock transition to: 0.15
[INFO]: Setting timing derate to: 5.0 %
Error: pdn_cfg.tcl, 41 can't read "::env(VDD_NETS)": no such variable
child process exited abnormally

[ERROR]: Creating issue reproducible...
[INFO]: Saving runtime environment...
[INFO]: Reproducible packaged: Please tarball and upload 'designs/picorv32a/runs/RUN_2024.07.21_15.44.04/issue_reproducible' if you're going to submit an issue.
[INFO]: Power planning with power {VPWR} and ground {VGND}...
[INFO]: Generating PDN (log: designs/picorv32a/runs/RUN_2024.07.21_15.44.04/logs/floorplan/17-pdn.log)...
[INFO]: Generating PDN (log: designs/picorv32a/runs/RUN_2024.07.21_15.44.04/logs/floorplan/18-pdn.log)...
[INFO]: Running Global Routing Resizer Design Optimizations (log: designs/picorv32a/runs/RUN_2024.07.21_15.44.04/logs/routing/19-resizer_design.log)...
[INFO]: Running Single-Corner Static Timing Analysis (log: designs/picorv32a/runs/RUN_2024.07.21_15.44.04/logs/routing/20-rsz_design_sta.log)...
[INFO]: Running Global Routing Resizer Timing Optimizations (log: designs/picorv32a/runs/RUN_2024.07.21_15.44.04/logs/routing/21-resizer_timing.log)...
[INFO]: Running Single-Corner Static Timing Analysis (log: designs/picorv32a/runs/RUN_2024.07.21_15.44.04/logs/routing/22-rsz_timing_sta.log)...
[INFO]: Running Global Routing (log: designs/picorv32a/runs/RUN_2024.07.21_15.44.04/logs/routing/23-global.log)...
[INFO]: Writing Verilog (log: designs/picorv32a/runs/RUN_2024.07.21_15.44.04/logs/routing/23-global_write_netlist.log)...
[INFO]: Running Single-Corner Static Timing Analysis (log: designs/picorv32a/runs/RUN_2024.07.21_15.44.04/logs/routing/25-grt_sta.log)...
[INFO]: Running Fill Insertion (log: designs/picorv32a/runs/RUN_2024.07.21_15.44.04/logs/routing/26-fill.log)...
[INFO]: Running Detailed Routing (log: designs/picorv32a/runs/RUN_2024.07.21_15.44.04/logs/routing/27-detailed.log)...
[ERROR]: during executing openroad script /openlane/scripts/openroad/droute.tcl
[ERROR]: Log: designs/picorv32a/runs/RUN_2024.07.21_15.44.04/logs/routing/27-detailed.log
[ERROR]: Last 10 lines:
_18041_
_17929_
_18042_
_17831_
_17930_
[ERROR DRT-0085] Valid access pattern combination not found for 
_24236_
_24322_
Error: droute.tcl, 40 DRT-0085
child process exited abnormally

[ERROR]: Creating issue reproducible...
[INFO]: Saving runtime environment...
[INFO]: Reproducible packaged: Please tarball and upload 'designs/picorv32a/runs/RUN_2024.07.21_15.44.04/issue_reproducible' if you're going to submit an issue.
[INFO]: Running Detailed Routing (log: designs/picorv32a/runs/RUN_2024.07.21_15.44.04/logs/routing/28-detailed.log)...
[ERROR]: during executing openroad script /openlane/scripts/openroad/droute.tcl
[ERROR]: Log: designs/picorv32a/runs/RUN_2024.07.21_15.44.04/logs/routing/28-detailed.log
[ERROR]: Last 10 lines:
_18041_
_17929_
_18042_
_17831_
_17930_
[ERROR DRT-0085] Valid access pattern combination not found for 
_24236_
_24322_
Error: droute.tcl, 40 DRT-0085
child process exited abnormally

[ERROR]: Creating issue reproducible...
[INFO]: Saving runtime environment...
[INFO]: Reproducible packaged: Please tarball and upload 'designs/picorv32a/runs/RUN_2024.07.21_15.44.04/issue_reproducible' if you're going to submit an issue.
[INFO]: Running Detailed Routing (log: designs/picorv32a/runs/RUN_2024.07.21_15.44.04/logs/routing/29-detailed.log)...
[ERROR]: during executing openroad script /openlane/scripts/openroad/droute.tcl
[ERROR]: Log: designs/picorv32a/runs/RUN_2024.07.21_15.44.04/logs/routing/29-detailed.log
[ERROR]: Last 10 lines:
_18041_
_17929_
_18042_
_17831_
_17930_
[ERROR DRT-0085] Valid access pattern combination not found for 
_24236_
_24322_
Error: droute.tcl, 40 DRT-0085
child process exited abnormally

[ERROR]: Creating issue reproducible...
[INFO]: Saving runtime environment...
[INFO]: Reproducible packaged: Please tarball and upload 'designs/picorv32a/runs/RUN_2024.07.21_15.44.04/issue_reproducible' if you're going to submit an issue.
[INFO]: Running Heuristic Diode Insertion (log: designs/picorv32a/runs/RUN_2024.07.21_15.44.04/logs/routing/30-diodes.log)...
[INFO]: Running Detailed Placement (log: designs/picorv32a/runs/RUN_2024.07.21_15.44.04/logs/routing/31-diode_legalization.log)...
[ERROR]: during executing openroad script /openlane/scripts/openroad/dpl.tcl
[ERROR]: Log: designs/picorv32a/runs/RUN_2024.07.21_15.44.04/logs/routing/31-diode_legalization.log
[ERROR]: Last 10 lines:
[INFO DPL-0035]  ANTENNA_281
[INFO DPL-0035]  ANTENNA__27113__D
[INFO DPL-0035]  ANTENNA__15454__S
[INFO DPL-0035]  ANTENNA__29077__A1
[INFO DPL-0035]  ANTENNA__18488__C
[INFO DPL-0035]  ANTENNA__18488__C
[INFO DPL-0035] message limit reached, this message will no longer print
[ERROR DPL-0036] Detailed placement failed.
Error: dpl.tcl, 18 DPL-0036
child process exited abnormally

[ERROR]: Creating issue reproducible...
[INFO]: Saving runtime environment...
[INFO]: Reproducible packaged: Please tarball and upload 'designs/picorv32a/runs/RUN_2024.07.21_15.44.04/issue_reproducible' if you're going to submit an issue.
[INFO]: Applying Routing Obstructions (log: designs/picorv32a/runs/RUN_2024.07.21_15.44.04/logs/routing/32-obs.log)...
[INFO]: Running Global Routing (log: designs/picorv32a/runs/RUN_2024.07.21_15.44.04/logs/routing/33-global.log)...
[ERROR]: during executing openroad script /openlane/scripts/openroad/repair_antennas.tcl
[ERROR]: Log: designs/picorv32a/runs/RUN_2024.07.21_15.44.04/logs/routing/33-global.log
[ERROR]: Last 10 lines:
---------------------------------------------------------------------------------------
Total           317103        122415           38.60%             0 /  0 /  0

[INFO GRT-0018] Total wirelength: 1159317 um
[INFO GRT-0014] Routed nets: 17164
[INFO GRT-0006] Repairing antennas, iteration 1.
[INFO GRT-0043] No OR_DEFAULT vias defined.
[ERROR ODB-0391] order_wires failed: net _01613_, shorts to another term at wire point (310500 112880)
Error: repair_antennas.tcl, 19 ODB-0391
child process exited abnormally

[ERROR]: Creating issue reproducible...
[INFO]: Saving runtime environment...
[INFO]: Reproducible packaged: Please tarball and upload 'designs/picorv32a/runs/RUN_2024.07.21_15.44.04/issue_reproducible' if you're going to submit an issue.
[INFO]: Running Global Routing (log: designs/picorv32a/runs/RUN_2024.07.21_15.44.04/logs/routing/34-global.log)...
[ERROR]: during executing openroad script /openlane/scripts/openroad/repair_antennas.tcl
[ERROR]: Log: designs/picorv32a/runs/RUN_2024.07.21_15.44.04/logs/routing/34-global.log
[ERROR]: Last 10 lines:
---------------------------------------------------------------------------------------
Total           317103        122415           38.60%             0 /  0 /  0

[INFO GRT-0018] Total wirelength: 1159317 um
[INFO GRT-0014] Routed nets: 17164
[INFO GRT-0006] Repairing antennas, iteration 1.
[INFO GRT-0043] No OR_DEFAULT vias defined.
[ERROR ODB-0391] order_wires failed: net _01613_, shorts to another term at wire point (310500 112880)
Error: repair_antennas.tcl, 19 ODB-0391
child process exited abnormally

[ERROR]: Creating issue reproducible...
[INFO]: Saving runtime environment...
[INFO]: Reproducible packaged: Please tarball and upload 'designs/picorv32a/runs/RUN_2024.07.21_15.44.04/issue_reproducible' if you're going to submit an issue.
[WARNING]: The command global_routing_cugr is now deprecated; use global_routing_fastroute instead.
[INFO]: Running Global Routing (log: designs/picorv32a/runs/RUN_2024.07.21_15.44.04/logs/routing/35-global.log)...
[ERROR]: during executing openroad script /openlane/scripts/openroad/repair_antennas.tcl
[ERROR]: Log: designs/picorv32a/runs/RUN_2024.07.21_15.44.04/logs/routing/35-global.log
[ERROR]: Last 10 lines:
---------------------------------------------------------------------------------------
Total           317103        122415           38.60%             0 /  0 /  0

[INFO GRT-0018] Total wirelength: 1159317 um
[INFO GRT-0014] Routed nets: 17164
[INFO GRT-0006] Repairing antennas, iteration 1.
[INFO GRT-0043] No OR_DEFAULT vias defined.
[ERROR ODB-0391] order_wires failed: net _01613_, shorts to another term at wire point (310500 112880)
Error: repair_antennas.tcl, 19 ODB-0391
child process exited abnormally

[ERROR]: Creating issue reproducible...
[INFO]: Saving runtime environment...
[INFO]: Reproducible packaged: Please tarball and upload 'designs/picorv32a/runs/RUN_2024.07.21_15.44.04/issue_reproducible' if you're going to submit an issue.
[WARNING]: The command detailed_routing_drcu is now deprecated; use detailed_routing_tritonroute instead.
[INFO]: Running Detailed Routing (log: designs/picorv32a/runs/RUN_2024.07.21_15.44.04/logs/routing/36-detailed.log)...
[ERROR]: during executing openroad script /openlane/scripts/openroad/droute.tcl
[ERROR]: Log: designs/picorv32a/runs/RUN_2024.07.21_15.44.04/logs/routing/36-detailed.log
[ERROR]: Last 10 lines:
_18041_
_17929_
_18042_
_17831_
_17930_
[ERROR DRT-0085] Valid access pattern combination not found for 
_24236_
_24322_
Error: droute.tcl, 40 DRT-0085
child process exited abnormally

[ERROR]: Creating issue reproducible...
[INFO]: Saving runtime environment...
[INFO]: Reproducible packaged: Please tarball and upload 'designs/picorv32a/runs/RUN_2024.07.21_15.44.04/issue_reproducible' if you're going to submit an issue.
[ERROR]: heal_antenna_violators is no longer supported
[INFO]: Running Global Placement (log: designs/picorv32a/runs/RUN_2024.07.21_15.44.04/logs/placement/36-global.log)...
[ERROR]: during executing openroad script /openlane/scripts/openroad/gpl.tcl
[ERROR]: Log: designs/picorv32a/runs/RUN_2024.07.21_15.44.04/logs/placement/36-global.log
[ERROR]: Last 10 lines:
[INFO GPL-0015] CoreAreaUxUy: 685860 690880
[INFO GPL-0016] CoreArea: 462631200000
[INFO GPL-0017] NonPlaceInstsArea: 10074662400
[INFO GPL-0018] PlaceInstsArea: 478076012800
[INFO GPL-0019] Util(%): 105.64
[INFO GPL-0020] StdInstsArea: 478076012800
[INFO GPL-0021] MacroInstsArea: 0
[ERROR GPL-0301] Utilization 105.64% exceeds 100%.
Error: gpl.tcl, 75 GPL-0301
child process exited abnormally

[ERROR]: Creating issue reproducible...
[INFO]: Saving runtime environment...
[INFO]: Reproducible packaged: Please tarball and upload 'designs/picorv32a/runs/RUN_2024.07.21_15.44.04/issue_reproducible' if you're going to submit an issue.
[INFO]: Running Detailed Placement (log: designs/picorv32a/runs/RUN_2024.07.21_15.44.04/logs/placement/38-detailed.log)...
[INFO]: Run Directory: /openlane/designs/picorv32a/runs/RUN_2024.07.21_15.44.04
[ERROR]: A run for picorv32a with tag 'RUN_2024.07.21_15.44.04' already exists. Pass the -overwrite option to overwrite it or use a different tag
[INFO]: Merging /openlane/designs/picorv32a/src/rusty_inv.lef
[INFO]: Run Directory: /openlane/designs/picorv32a/runs/RUN_2024.07.21_15.44.04
[ERROR]: A run for picorv32a with tag 'RUN_2024.07.21_15.44.04' already exists. Pass the -overwrite option to overwrite it or use a different tag
[INFO]: Merging /openlane/designs/picorv32a/src/rusty_inv.lef
[INFO]: Merging /openlane/designs/picorv32a/src/rusty_inv.lef
[INFO]: Run Directory: /openlane/designs/picorv32a/runs/RUN_2024.07.21_15.44.04
[ERROR]: A run for picorv32a with tag 'RUN_2024.07.21_15.44.04' already exists. Pass the -overwrite option to overwrite it or use a different tag
[INFO]: Merging /openlane/designs/picorv32a/src/rusty_inv.lef
[INFO]: Run Directory: /openlane/designs/picorv32a/runs/RUN_2024.07.21_15.44.04
[ERROR]: A run for picorv32a with tag 'RUN_2024.07.21_15.44.04' already exists. Pass the -overwrite option to overwrite it or use a different tag
[INFO]: Using configuration in 'designs/picorv32a/config.tcl'...
[INFO]: PDK Root: /home/srujan/.volare
[INFO]: Process Design Kit: sky130A
[INFO]: Standard Cell Library: sky130_fd_sc_hd
[INFO]: Optimization Standard Cell Library: sky130_fd_sc_hd
