Mon Jul 22 01:20:10 +0000 2024 - Executing "{openroad -exit -no_init -python /openlane/scripts/odbpy/lefutil.py get_metal_layers -o /openlane/designs/picorv32a/runs/RUN_2024.07.22_01.20.10/tmp/layers.list /home/srujan/.volare/sky130A/libs.ref/sky130_fd_sc_hd/techlef/sky130_fd_sc_hd__nom.tlef}"

Mon Jul 22 01:20:11 +0000 2024 - Executing "{/openlane/scripts/mergeLef.py -o /openlane/designs/picorv32a/runs/RUN_2024.07.22_01.20.10/tmp/merged.nom.lef -i /home/srujan/.volare/sky130A/libs.ref/sky130_fd_sc_hd/techlef/sky130_fd_sc_hd__nom.tlef {/home/srujan/.volare/sky130A/libs.ref/sky130_fd_sc_hd/lef/sky130_ef_sc_hd.lef /home/srujan/.volare/sky130A/libs.ref/sky130_fd_sc_hd/lef/sky130_fd_sc_hd.lef} |& tee /dev/null}"

Mon Jul 22 01:20:11 +0000 2024 - Executing "{/openlane/scripts/mergeLef.py -o /openlane/designs/picorv32a/runs/RUN_2024.07.22_01.20.10/tmp/merged.nom.lef -i /openlane/designs/picorv32a/runs/RUN_2024.07.22_01.20.10/tmp/merged.nom.lef /openlane/designs/picorv32a/src/rusty_inv.lef |& tee /dev/null}"

Mon Jul 22 01:20:11 +0000 2024 - Executing "{/openlane/scripts/mergeLef.py -o /openlane/designs/picorv32a/runs/RUN_2024.07.22_01.20.10/tmp/merged.min.lef -i /home/srujan/.volare/sky130A/libs.ref/sky130_fd_sc_hd/techlef/sky130_fd_sc_hd__min.tlef {/home/srujan/.volare/sky130A/libs.ref/sky130_fd_sc_hd/lef/sky130_ef_sc_hd.lef /home/srujan/.volare/sky130A/libs.ref/sky130_fd_sc_hd/lef/sky130_fd_sc_hd.lef} |& tee /dev/null}"

Mon Jul 22 01:20:11 +0000 2024 - Executing "{/openlane/scripts/mergeLef.py -o /openlane/designs/picorv32a/runs/RUN_2024.07.22_01.20.10/tmp/merged.min.lef -i /openlane/designs/picorv32a/runs/RUN_2024.07.22_01.20.10/tmp/merged.min.lef /openlane/designs/picorv32a/src/rusty_inv.lef |& tee /dev/null}"

Mon Jul 22 01:20:11 +0000 2024 - Executing "{/openlane/scripts/mergeLef.py -o /openlane/designs/picorv32a/runs/RUN_2024.07.22_01.20.10/tmp/merged.max.lef -i /home/srujan/.volare/sky130A/libs.ref/sky130_fd_sc_hd/techlef/sky130_fd_sc_hd__max.tlef {/home/srujan/.volare/sky130A/libs.ref/sky130_fd_sc_hd/lef/sky130_ef_sc_hd.lef /home/srujan/.volare/sky130A/libs.ref/sky130_fd_sc_hd/lef/sky130_fd_sc_hd.lef} |& tee /dev/null}"

Mon Jul 22 01:20:11 +0000 2024 - Executing "{/openlane/scripts/mergeLef.py -o /openlane/designs/picorv32a/runs/RUN_2024.07.22_01.20.10/tmp/merged.max.lef -i /openlane/designs/picorv32a/runs/RUN_2024.07.22_01.20.10/tmp/merged.max.lef /openlane/designs/picorv32a/src/rusty_inv.lef |& tee /dev/null}"

Mon Jul 22 01:20:11 +0000 2024 - Executing "{python3 /openlane/scripts/mergeLib.py --output /openlane/designs/picorv32a/runs/RUN_2024.07.22_01.20.10/tmp/synthesis/merged.lib --name sky130A_merged /openlane/designs/picorv32a/src/sky130_fd_sc_hd__typical.lib}"

Mon Jul 22 01:20:11 +0000 2024 - Executing "{python3 /openlane/scripts/libtrim.py --cell-file /openlane/designs/picorv32a/runs/RUN_2024.07.22_01.20.10/tmp/synthesis/trimmed.lib.exclude.list --output /openlane/designs/picorv32a/runs/RUN_2024.07.22_01.20.10/tmp/synthesis/trimmed.lib /openlane/designs/picorv32a/runs/RUN_2024.07.22_01.20.10/tmp/synthesis/merged.lib}"

Mon Jul 22 01:20:11 +0000 2024 - Executing "{python3 /openlane/scripts/libtrim.py --cell-file /openlane/designs/picorv32a/runs/RUN_2024.07.22_01.20.10/tmp/cts/cts.lib.exclude.list --output /openlane/designs/picorv32a/runs/RUN_2024.07.22_01.20.10/tmp/cts/cts.lib /openlane/designs/picorv32a/src/sky130_fd_sc_hd__typical.lib}"

Mon Jul 22 01:20:11 +0000 2024 - Executing "{python3 /openlane/scripts/libtrim.py --cell-file /openlane/designs/picorv32a/runs/RUN_2024.07.22_01.20.10/tmp/cts/cts-fastest.lib.exclude.list --output /openlane/designs/picorv32a/runs/RUN_2024.07.22_01.20.10/tmp/cts/cts-fastest.lib /openlane/designs/picorv32a/src/sky130_fd_sc_hd__fast.lib}"

Mon Jul 22 01:20:11 +0000 2024 - Executing "{python3 /openlane/scripts/libtrim.py --cell-file /openlane/designs/picorv32a/runs/RUN_2024.07.22_01.20.10/tmp/cts/cts-slowest.lib.exclude.list --output /openlane/designs/picorv32a/runs/RUN_2024.07.22_01.20.10/tmp/cts/cts-slowest.lib /openlane/designs/picorv32a/src/sky130_fd_sc_hd__slow.lib}"

Mon Jul 22 01:20:11 +0000 2024 - Executing "{python3 /openlane/scripts/new_tracks.py -i /home/srujan/.volare/sky130A/libs.tech/openlane/sky130_fd_sc_hd/tracks.info -o /openlane/designs/picorv32a/runs/RUN_2024.07.22_01.20.10/tmp/routing/config.tracks}"

Mon Jul 22 01:20:11 +0000 2024 - Executing "{echo {OpenLane a0e805e70f9dca8e80286ed807195008a2fc36c0} > /openlane/designs/picorv32a/runs/RUN_2024.07.22_01.20.10/OPENLANE_VERSION}"

Mon Jul 22 01:20:26 +0000 2024 - Executing "{sed -E {s/^([[:space:]]+)pg_pin(.*)/\1pin\2\n\1    direction : "inout";/g} /openlane/designs/picorv32a/src/sky130_fd_sc_hd__typical.lib > /openlane/designs/picorv32a/runs/RUN_2024.07.22_01.20.10/tmp/synthesis/1-sky130_fd_sc_hd__typical.no_pg.lib}"

Mon Jul 22 01:20:27 +0000 2024 - Executing "{sed -E {s/^([[:space:]]+)pg_pin(.*)/\1pin\2\n\1    direction : "inout";/g} /openlane/designs/picorv32a/runs/RUN_2024.07.22_01.20.10/tmp/synthesis/trimmed.lib > /openlane/designs/picorv32a/runs/RUN_2024.07.22_01.20.10/tmp/synthesis/1-trimmed.no_pg.lib}"

Mon Jul 22 01:20:27 +0000 2024 - Executing "yosys -c /openlane/scripts/yosys/synth.tcl |& tee /dev/null /openlane/designs/picorv32a/runs/RUN_2024.07.22_01.20.10/logs/synthesis/1-synthesis.log"

Mon Jul 22 01:20:27 +0000 2024 - Executing "{yosys -c /openlane/scripts/yosys/synth.tcl |& tee /dev/null /openlane/designs/picorv32a/runs/RUN_2024.07.22_01.20.10/logs/synthesis/1-synthesis.log}"

Mon Jul 22 01:20:45 +0000 2024 - Executing "{sed -i.bak -e {s/\(set ::env(CURRENT_NETLIST)\).*/\1 \/openlane\/designs\/picorv32a\/runs\/RUN_2024.07.22_01.20.10\/results\/synthesis\/picorv32a.v/} /openlane/designs/picorv32a/runs/RUN_2024.07.22_01.20.10/config.tcl}"

Mon Jul 22 01:20:45 +0000 2024 - Executing "{sed -i.bak /defparam/d /openlane/designs/picorv32a/runs/RUN_2024.07.22_01.20.10/results/synthesis/picorv32a.v}"

Mon Jul 22 01:20:45 +0000 2024 - Executing "sta -exit -no_init /openlane/scripts/openroad/sta/multi_corner.tcl |& tee /dev/null /openlane/designs/picorv32a/runs/RUN_2024.07.22_01.20.10/logs/synthesis/2-sta.log"

Mon Jul 22 01:20:45 +0000 2024 - Executing "{sta -exit -no_init /openlane/scripts/openroad/sta/multi_corner.tcl |& tee /dev/null /openlane/designs/picorv32a/runs/RUN_2024.07.22_01.20.10/logs/synthesis/2-sta.log}"

Mon Jul 22 01:20:51 +0000 2024 - Executing "openroad -exit /openlane/scripts/openroad/floorplan.tcl |& tee /dev/null /openlane/designs/picorv32a/runs/RUN_2024.07.22_01.20.10/logs/floorplan/3-initial_fp.log"

Mon Jul 22 01:20:51 +0000 2024 - Executing "{openroad -exit /openlane/scripts/openroad/floorplan.tcl |& tee /dev/null /openlane/designs/picorv32a/runs/RUN_2024.07.22_01.20.10/logs/floorplan/3-initial_fp.log}"

Mon Jul 22 01:20:51 +0000 2024 - Executing "{openroad -exit -no_init -python /openlane/scripts/odbpy/defutil.py extract_core_dims --output-data /openlane/designs/picorv32a/runs/RUN_2024.07.22_01.20.10/tmp/dimensions.txt --input-lef /openlane/designs/picorv32a/runs/RUN_2024.07.22_01.20.10/tmp/merged.nom.lef /openlane/designs/picorv32a/runs/RUN_2024.07.22_01.20.10/tmp/floorplan/3-initial_fp.def}"

Mon Jul 22 01:20:59 +0000 2024 - Executing "openroad -exit /openlane/scripts/openroad/ioplacer.tcl |& tee /dev/null /openlane/designs/picorv32a/runs/RUN_2024.07.22_01.20.10/logs/floorplan/4-io.log"

Mon Jul 22 01:20:59 +0000 2024 - Executing "{openroad -exit /openlane/scripts/openroad/ioplacer.tcl |& tee /dev/null /openlane/designs/picorv32a/runs/RUN_2024.07.22_01.20.10/logs/floorplan/4-io.log}"

Mon Jul 22 01:21:06 +0000 2024 - Executing "openroad -exit /openlane/scripts/openroad/tapcell.tcl |& tee /dev/null /openlane/designs/picorv32a/runs/RUN_2024.07.22_01.20.10/logs/floorplan/5-tap.log"

Mon Jul 22 01:21:06 +0000 2024 - Executing "{openroad -exit /openlane/scripts/openroad/tapcell.tcl |& tee /dev/null /openlane/designs/picorv32a/runs/RUN_2024.07.22_01.20.10/logs/floorplan/5-tap.log}"

Mon Jul 22 01:21:14 +0000 2024 - Executing "openroad -exit /openlane/scripts/openroad/gpl.tcl |& tee /dev/null /openlane/designs/picorv32a/runs/RUN_2024.07.22_01.20.10/logs/placement/5-global_skip_io.log"

Mon Jul 22 01:21:14 +0000 2024 - Executing "{openroad -exit /openlane/scripts/openroad/gpl.tcl |& tee /dev/null /openlane/designs/picorv32a/runs/RUN_2024.07.22_01.20.10/logs/placement/5-global_skip_io.log}"

Mon Jul 22 01:21:16 +0000 2024 - Executing "{sed -i.bak -e {s/\(set ::env(CURRENT_NETLIST)\).*/\1 \/openlane\/designs\/picorv32a\/runs\/RUN_2024.07.22_01.20.10\/tmp\/placement\/6-global_skip_io.nl.v/} /openlane/designs/picorv32a/runs/RUN_2024.07.22_01.20.10/config.tcl}"

Mon Jul 22 01:21:17 +0000 2024 - Executing "openroad -exit /openlane/scripts/openroad/sta/multi_corner.tcl |& tee /dev/null /openlane/designs/picorv32a/runs/RUN_2024.07.22_01.20.10/logs/placement/7-gpl_sta.log"

Mon Jul 22 01:21:17 +0000 2024 - Executing "{openroad -exit /openlane/scripts/openroad/sta/multi_corner.tcl |& tee /dev/null /openlane/designs/picorv32a/runs/RUN_2024.07.22_01.20.10/logs/placement/7-gpl_sta.log}"

Mon Jul 22 01:21:19 +0000 2024 - Executing "openroad -exit /openlane/scripts/openroad/ioplacer.tcl |& tee /dev/null /openlane/designs/picorv32a/runs/RUN_2024.07.22_01.20.10/logs/placement/8-io.log"

Mon Jul 22 01:21:19 +0000 2024 - Executing "{openroad -exit /openlane/scripts/openroad/ioplacer.tcl |& tee /dev/null /openlane/designs/picorv32a/runs/RUN_2024.07.22_01.20.10/logs/placement/8-io.log}"

Mon Jul 22 01:21:19 +0000 2024 - Executing "openroad -exit /openlane/scripts/openroad/gpl.tcl |& tee /dev/null /openlane/designs/picorv32a/runs/RUN_2024.07.22_01.20.10/logs/placement/8-global.log"

Mon Jul 22 01:21:20 +0000 2024 - Executing "{openroad -exit /openlane/scripts/openroad/gpl.tcl |& tee /dev/null /openlane/designs/picorv32a/runs/RUN_2024.07.22_01.20.10/logs/placement/8-global.log}"

Mon Jul 22 01:21:21 +0000 2024 - Executing "{sed -i.bak -e {s/\(set ::env(CURRENT_NETLIST)\).*/\1 \/openlane\/designs\/picorv32a\/runs\/RUN_2024.07.22_01.20.10\/tmp\/placement\/9-global.nl.v/} /openlane/designs/picorv32a/runs/RUN_2024.07.22_01.20.10/config.tcl}"

Mon Jul 22 01:21:22 +0000 2024 - Executing "openroad -exit /openlane/scripts/openroad/sta/multi_corner.tcl |& tee /dev/null /openlane/designs/picorv32a/runs/RUN_2024.07.22_01.20.10/logs/placement/10-gpl_sta.log"

Mon Jul 22 01:21:22 +0000 2024 - Executing "{openroad -exit /openlane/scripts/openroad/sta/multi_corner.tcl |& tee /dev/null /openlane/designs/picorv32a/runs/RUN_2024.07.22_01.20.10/logs/placement/10-gpl_sta.log}"

Mon Jul 22 01:21:24 +0000 2024 - Executing "openroad -exit /openlane/scripts/openroad/resizer.tcl |& tee /dev/null /openlane/designs/picorv32a/runs/RUN_2024.07.22_01.20.10/logs/placement/11-resizer.log"

Mon Jul 22 01:21:24 +0000 2024 - Executing "{openroad -exit /openlane/scripts/openroad/resizer.tcl |& tee /dev/null /openlane/designs/picorv32a/runs/RUN_2024.07.22_01.20.10/logs/placement/11-resizer.log}"

Mon Jul 22 01:21:30 +0000 2024 - Executing "{sed -i.bak -e {s/\(set ::env(CURRENT_NETLIST)\).*/\1 \/openlane\/designs\/picorv32a\/runs\/RUN_2024.07.22_01.20.10\/tmp\/placement\/11-resizer.nl.v/} /openlane/designs/picorv32a/runs/RUN_2024.07.22_01.20.10/config.tcl}"

Mon Jul 22 01:21:31 +0000 2024 - Executing "openroad -exit /openlane/scripts/openroad/dpl.tcl |& tee /dev/null /openlane/designs/picorv32a/runs/RUN_2024.07.22_01.20.10/logs/placement/12-detailed.log"

Mon Jul 22 01:21:31 +0000 2024 - Executing "{openroad -exit /openlane/scripts/openroad/dpl.tcl |& tee /dev/null /openlane/designs/picorv32a/runs/RUN_2024.07.22_01.20.10/logs/placement/12-detailed.log}"

Mon Jul 22 01:21:31 +0000 2024 - Executing "{sed -i.bak -e {s/\(set ::env(CURRENT_NETLIST)\).*/\1 \/openlane\/designs\/picorv32a\/runs\/RUN_2024.07.22_01.20.10\/results\/placement\/picorv32a.nl.v/} /openlane/designs/picorv32a/runs/RUN_2024.07.22_01.20.10/config.tcl}"

Mon Jul 22 01:21:31 +0000 2024 - Executing "openroad -exit /openlane/scripts/openroad/sta/multi_corner.tcl |& tee /dev/null /openlane/designs/picorv32a/runs/RUN_2024.07.22_01.20.10/logs/placement/13-dpl_sta.log"

Mon Jul 22 01:21:31 +0000 2024 - Executing "{openroad -exit /openlane/scripts/openroad/sta/multi_corner.tcl |& tee /dev/null /openlane/designs/picorv32a/runs/RUN_2024.07.22_01.20.10/logs/placement/13-dpl_sta.log}"

Mon Jul 22 01:22:57 +0000 2024 - Executing "openroad -exit /openlane/scripts/openroad/pdn.tcl |& tee /dev/null /openlane/designs/picorv32a/runs/RUN_2024.07.22_01.20.10/logs/floorplan/14-pdn.log"

Mon Jul 22 01:22:57 +0000 2024 - Executing "{openroad -exit /openlane/scripts/openroad/pdn.tcl |& tee /dev/null /openlane/designs/picorv32a/runs/RUN_2024.07.22_01.20.10/logs/floorplan/14-pdn.log}"

Mon Jul 22 01:23:27 +0000 2024 - Executing "openroad -exit /openlane/scripts/openroad/pdn.tcl |& tee /dev/null /openlane/designs/picorv32a/runs/RUN_2024.07.22_01.20.10/logs/floorplan/15-pdn.log"

Mon Jul 22 01:23:27 +0000 2024 - Executing "{openroad -exit /openlane/scripts/openroad/pdn.tcl |& tee /dev/null /openlane/designs/picorv32a/runs/RUN_2024.07.22_01.20.10/logs/floorplan/15-pdn.log}"

Mon Jul 22 01:23:33 +0000 2024 - Executing "openroad -exit /openlane/scripts/openroad/pdn.tcl |& tee /dev/null /openlane/designs/picorv32a/runs/RUN_2024.07.22_01.20.10/logs/floorplan/16-pdn.log"

Mon Jul 22 01:23:33 +0000 2024 - Executing "{openroad -exit /openlane/scripts/openroad/pdn.tcl |& tee /dev/null /openlane/designs/picorv32a/runs/RUN_2024.07.22_01.20.10/logs/floorplan/16-pdn.log}"

Mon Jul 22 01:23:45 +0000 2024 - Executing "openroad -exit /openlane/scripts/openroad/resizer_routing_design.tcl |& tee /dev/null /openlane/designs/picorv32a/runs/RUN_2024.07.22_01.20.10/logs/routing/17-resizer_design.log"

Mon Jul 22 01:23:45 +0000 2024 - Executing "{openroad -exit /openlane/scripts/openroad/resizer_routing_design.tcl |& tee /dev/null /openlane/designs/picorv32a/runs/RUN_2024.07.22_01.20.10/logs/routing/17-resizer_design.log}"

Mon Jul 22 01:23:55 +0000 2024 - Executing "{sed -i.bak -e {s/\(set ::env(CURRENT_NETLIST)\).*/\1 \/openlane\/designs\/picorv32a\/runs\/RUN_2024.07.22_01.20.10\/tmp\/17-picorv32a.nl.v/} /openlane/designs/picorv32a/runs/RUN_2024.07.22_01.20.10/config.tcl}"

Mon Jul 22 01:23:55 +0000 2024 - Executing "openroad -exit /openlane/scripts/openroad/sta/multi_corner.tcl |& tee /dev/null /openlane/designs/picorv32a/runs/RUN_2024.07.22_01.20.10/logs/routing/18-rsz_design_sta.log"

Mon Jul 22 01:23:55 +0000 2024 - Executing "{openroad -exit /openlane/scripts/openroad/sta/multi_corner.tcl |& tee /dev/null /openlane/designs/picorv32a/runs/RUN_2024.07.22_01.20.10/logs/routing/18-rsz_design_sta.log}"

Mon Jul 22 01:23:58 +0000 2024 - Executing "openroad -exit /openlane/scripts/openroad/resizer_routing_timing.tcl |& tee /dev/null /openlane/designs/picorv32a/runs/RUN_2024.07.22_01.20.10/logs/routing/19-resizer_timing.log"

Mon Jul 22 01:23:58 +0000 2024 - Executing "{openroad -exit /openlane/scripts/openroad/resizer_routing_timing.tcl |& tee /dev/null /openlane/designs/picorv32a/runs/RUN_2024.07.22_01.20.10/logs/routing/19-resizer_timing.log}"

Mon Jul 22 01:25:33 +0000 2024 - Executing "{sed -i.bak -e {s/\(set ::env(CURRENT_NETLIST)\).*/\1 \/openlane\/designs\/picorv32a\/runs\/RUN_2024.07.22_01.20.10\/tmp\/19-picorv32a.nl.v/} /openlane/designs/picorv32a/runs/RUN_2024.07.22_01.20.10/config.tcl}"

Mon Jul 22 01:25:33 +0000 2024 - Executing "openroad -exit /openlane/scripts/openroad/sta/multi_corner.tcl |& tee /dev/null /openlane/designs/picorv32a/runs/RUN_2024.07.22_01.20.10/logs/routing/20-rsz_timing_sta.log"

Mon Jul 22 01:25:33 +0000 2024 - Executing "{openroad -exit /openlane/scripts/openroad/sta/multi_corner.tcl |& tee /dev/null /openlane/designs/picorv32a/runs/RUN_2024.07.22_01.20.10/logs/routing/20-rsz_timing_sta.log}"

Mon Jul 22 01:25:37 +0000 2024 - Executing "openroad -exit /openlane/scripts/openroad/repair_antennas.tcl |& tee /dev/null /openlane/designs/picorv32a/runs/RUN_2024.07.22_01.20.10/logs/routing/21-global.log"

Mon Jul 22 01:25:37 +0000 2024 - Executing "{openroad -exit /openlane/scripts/openroad/repair_antennas.tcl |& tee /dev/null /openlane/designs/picorv32a/runs/RUN_2024.07.22_01.20.10/logs/routing/21-global.log}"

Mon Jul 22 01:27:12 +0000 2024 - Executing "openroad -exit /openlane/scripts/openroad/resizer_routing_design.tcl |& tee /dev/null /openlane/designs/picorv32a/runs/RUN_2024.07.22_01.20.10/logs/routing/22-resizer_design.log"

Mon Jul 22 01:27:12 +0000 2024 - Executing "{openroad -exit /openlane/scripts/openroad/resizer_routing_design.tcl |& tee /dev/null /openlane/designs/picorv32a/runs/RUN_2024.07.22_01.20.10/logs/routing/22-resizer_design.log}"

