Mon Jul 22 01:52:44 +0000 2024 - Executing "{openroad -exit -no_init -python /openlane/scripts/odbpy/lefutil.py get_metal_layers -o /openlane/designs/picorv32a/runs/RUN_2024.07.22_01.52.44/tmp/layers.list /home/srujan/.volare/sky130A/libs.ref/sky130_fd_sc_hd/techlef/sky130_fd_sc_hd__nom.tlef}"

Mon Jul 22 01:52:45 +0000 2024 - Executing "{/openlane/scripts/mergeLef.py -o /openlane/designs/picorv32a/runs/RUN_2024.07.22_01.52.44/tmp/merged.nom.lef -i /home/srujan/.volare/sky130A/libs.ref/sky130_fd_sc_hd/techlef/sky130_fd_sc_hd__nom.tlef {/home/srujan/.volare/sky130A/libs.ref/sky130_fd_sc_hd/lef/sky130_ef_sc_hd.lef /home/srujan/.volare/sky130A/libs.ref/sky130_fd_sc_hd/lef/sky130_fd_sc_hd.lef} |& tee /dev/null}"

Mon Jul 22 01:52:45 +0000 2024 - Executing "{/openlane/scripts/mergeLef.py -o /openlane/designs/picorv32a/runs/RUN_2024.07.22_01.52.44/tmp/merged.nom.lef -i /openlane/designs/picorv32a/runs/RUN_2024.07.22_01.52.44/tmp/merged.nom.lef /openlane/designs/picorv32a/src/rusty_inv.lef |& tee /dev/null}"

Mon Jul 22 01:52:45 +0000 2024 - Executing "{/openlane/scripts/mergeLef.py -o /openlane/designs/picorv32a/runs/RUN_2024.07.22_01.52.44/tmp/merged.min.lef -i /home/srujan/.volare/sky130A/libs.ref/sky130_fd_sc_hd/techlef/sky130_fd_sc_hd__min.tlef {/home/srujan/.volare/sky130A/libs.ref/sky130_fd_sc_hd/lef/sky130_ef_sc_hd.lef /home/srujan/.volare/sky130A/libs.ref/sky130_fd_sc_hd/lef/sky130_fd_sc_hd.lef} |& tee /dev/null}"

Mon Jul 22 01:52:45 +0000 2024 - Executing "{/openlane/scripts/mergeLef.py -o /openlane/designs/picorv32a/runs/RUN_2024.07.22_01.52.44/tmp/merged.min.lef -i /openlane/designs/picorv32a/runs/RUN_2024.07.22_01.52.44/tmp/merged.min.lef /openlane/designs/picorv32a/src/rusty_inv.lef |& tee /dev/null}"

Mon Jul 22 01:52:45 +0000 2024 - Executing "{/openlane/scripts/mergeLef.py -o /openlane/designs/picorv32a/runs/RUN_2024.07.22_01.52.44/tmp/merged.max.lef -i /home/srujan/.volare/sky130A/libs.ref/sky130_fd_sc_hd/techlef/sky130_fd_sc_hd__max.tlef {/home/srujan/.volare/sky130A/libs.ref/sky130_fd_sc_hd/lef/sky130_ef_sc_hd.lef /home/srujan/.volare/sky130A/libs.ref/sky130_fd_sc_hd/lef/sky130_fd_sc_hd.lef} |& tee /dev/null}"

Mon Jul 22 01:52:45 +0000 2024 - Executing "{/openlane/scripts/mergeLef.py -o /openlane/designs/picorv32a/runs/RUN_2024.07.22_01.52.44/tmp/merged.max.lef -i /openlane/designs/picorv32a/runs/RUN_2024.07.22_01.52.44/tmp/merged.max.lef /openlane/designs/picorv32a/src/rusty_inv.lef |& tee /dev/null}"

Mon Jul 22 01:52:45 +0000 2024 - Executing "{python3 /openlane/scripts/mergeLib.py --output /openlane/designs/picorv32a/runs/RUN_2024.07.22_01.52.44/tmp/synthesis/merged.lib --name sky130A_merged /openlane/designs/picorv32a/src/sky130_fd_sc_hd__typical.lib}"

Mon Jul 22 01:52:45 +0000 2024 - Executing "{python3 /openlane/scripts/libtrim.py --cell-file /openlane/designs/picorv32a/runs/RUN_2024.07.22_01.52.44/tmp/synthesis/trimmed.lib.exclude.list --output /openlane/designs/picorv32a/runs/RUN_2024.07.22_01.52.44/tmp/synthesis/trimmed.lib /openlane/designs/picorv32a/runs/RUN_2024.07.22_01.52.44/tmp/synthesis/merged.lib}"

Mon Jul 22 01:52:45 +0000 2024 - Executing "{python3 /openlane/scripts/libtrim.py --cell-file /openlane/designs/picorv32a/runs/RUN_2024.07.22_01.52.44/tmp/cts/cts.lib.exclude.list --output /openlane/designs/picorv32a/runs/RUN_2024.07.22_01.52.44/tmp/cts/cts.lib /openlane/designs/picorv32a/src/sky130_fd_sc_hd__typical.lib}"

Mon Jul 22 01:52:45 +0000 2024 - Executing "{python3 /openlane/scripts/libtrim.py --cell-file /openlane/designs/picorv32a/runs/RUN_2024.07.22_01.52.44/tmp/cts/cts-fastest.lib.exclude.list --output /openlane/designs/picorv32a/runs/RUN_2024.07.22_01.52.44/tmp/cts/cts-fastest.lib /openlane/designs/picorv32a/src/sky130_fd_sc_hd__fast.lib}"

Mon Jul 22 01:52:45 +0000 2024 - Executing "{python3 /openlane/scripts/libtrim.py --cell-file /openlane/designs/picorv32a/runs/RUN_2024.07.22_01.52.44/tmp/cts/cts-slowest.lib.exclude.list --output /openlane/designs/picorv32a/runs/RUN_2024.07.22_01.52.44/tmp/cts/cts-slowest.lib /openlane/designs/picorv32a/src/sky130_fd_sc_hd__slow.lib}"

Mon Jul 22 01:52:45 +0000 2024 - Executing "{python3 /openlane/scripts/new_tracks.py -i /home/srujan/.volare/sky130A/libs.tech/openlane/sky130_fd_sc_hd/tracks.info -o /openlane/designs/picorv32a/runs/RUN_2024.07.22_01.52.44/tmp/routing/config.tracks}"

Mon Jul 22 01:52:45 +0000 2024 - Executing "{echo {OpenLane a0e805e70f9dca8e80286ed807195008a2fc36c0} > /openlane/designs/picorv32a/runs/RUN_2024.07.22_01.52.44/OPENLANE_VERSION}"

Mon Jul 22 01:52:50 +0000 2024 - Executing "{sed -E {s/^([[:space:]]+)pg_pin(.*)/\1pin\2\n\1    direction : "inout";/g} /openlane/designs/picorv32a/src/sky130_fd_sc_hd__typical.lib > /openlane/designs/picorv32a/runs/RUN_2024.07.22_01.52.44/tmp/synthesis/1-sky130_fd_sc_hd__typical.no_pg.lib}"

Mon Jul 22 01:52:50 +0000 2024 - Executing "{sed -E {s/^([[:space:]]+)pg_pin(.*)/\1pin\2\n\1    direction : "inout";/g} /openlane/designs/picorv32a/runs/RUN_2024.07.22_01.52.44/tmp/synthesis/trimmed.lib > /openlane/designs/picorv32a/runs/RUN_2024.07.22_01.52.44/tmp/synthesis/1-trimmed.no_pg.lib}"

Mon Jul 22 01:52:50 +0000 2024 - Executing "yosys -c /openlane/scripts/yosys/synth.tcl |& tee /dev/null /openlane/designs/picorv32a/runs/RUN_2024.07.22_01.52.44/logs/synthesis/1-synthesis.log"

Mon Jul 22 01:52:50 +0000 2024 - Executing "{yosys -c /openlane/scripts/yosys/synth.tcl |& tee /dev/null /openlane/designs/picorv32a/runs/RUN_2024.07.22_01.52.44/logs/synthesis/1-synthesis.log}"

Mon Jul 22 01:53:07 +0000 2024 - Executing "{sed -i.bak -e {s/\(set ::env(CURRENT_NETLIST)\).*/\1 \/openlane\/designs\/picorv32a\/runs\/RUN_2024.07.22_01.52.44\/results\/synthesis\/picorv32a.v/} /openlane/designs/picorv32a/runs/RUN_2024.07.22_01.52.44/config.tcl}"

Mon Jul 22 01:53:07 +0000 2024 - Executing "{sed -i.bak /defparam/d /openlane/designs/picorv32a/runs/RUN_2024.07.22_01.52.44/results/synthesis/picorv32a.v}"

Mon Jul 22 01:53:08 +0000 2024 - Executing "sta -exit -no_init /openlane/scripts/openroad/sta/multi_corner.tcl |& tee /dev/null /openlane/designs/picorv32a/runs/RUN_2024.07.22_01.52.44/logs/synthesis/2-sta.log"

Mon Jul 22 01:53:08 +0000 2024 - Executing "{sta -exit -no_init /openlane/scripts/openroad/sta/multi_corner.tcl |& tee /dev/null /openlane/designs/picorv32a/runs/RUN_2024.07.22_01.52.44/logs/synthesis/2-sta.log}"

Mon Jul 22 01:53:13 +0000 2024 - Executing "openroad -exit /openlane/scripts/openroad/floorplan.tcl |& tee /dev/null /openlane/designs/picorv32a/runs/RUN_2024.07.22_01.52.44/logs/floorplan/3-initial_fp.log"

Mon Jul 22 01:53:13 +0000 2024 - Executing "{openroad -exit /openlane/scripts/openroad/floorplan.tcl |& tee /dev/null /openlane/designs/picorv32a/runs/RUN_2024.07.22_01.52.44/logs/floorplan/3-initial_fp.log}"

Mon Jul 22 01:53:14 +0000 2024 - Executing "{openroad -exit -no_init -python /openlane/scripts/odbpy/defutil.py extract_core_dims --output-data /openlane/designs/picorv32a/runs/RUN_2024.07.22_01.52.44/tmp/dimensions.txt --input-lef /openlane/designs/picorv32a/runs/RUN_2024.07.22_01.52.44/tmp/merged.nom.lef /openlane/designs/picorv32a/runs/RUN_2024.07.22_01.52.44/tmp/floorplan/3-initial_fp.def}"

Mon Jul 22 01:53:14 +0000 2024 - Executing "openroad -exit /openlane/scripts/openroad/ioplacer.tcl |& tee /dev/null /openlane/designs/picorv32a/runs/RUN_2024.07.22_01.52.44/logs/floorplan/4-io.log"

Mon Jul 22 01:53:14 +0000 2024 - Executing "{openroad -exit /openlane/scripts/openroad/ioplacer.tcl |& tee /dev/null /openlane/designs/picorv32a/runs/RUN_2024.07.22_01.52.44/logs/floorplan/4-io.log}"

Mon Jul 22 01:53:15 +0000 2024 - Executing "openroad -exit /openlane/scripts/openroad/gpl.tcl |& tee /dev/null /openlane/designs/picorv32a/runs/RUN_2024.07.22_01.52.44/logs/placement/4-global.log"

Mon Jul 22 01:53:15 +0000 2024 - Executing "{openroad -exit /openlane/scripts/openroad/gpl.tcl |& tee /dev/null /openlane/designs/picorv32a/runs/RUN_2024.07.22_01.52.44/logs/placement/4-global.log}"

Mon Jul 22 01:53:40 +0000 2024 - Executing "{sed -i.bak -e {s/\(set ::env(CURRENT_NETLIST)\).*/\1 \/openlane\/designs\/picorv32a\/runs\/RUN_2024.07.22_01.52.44\/tmp\/placement\/5-global.nl.v/} /openlane/designs/picorv32a/runs/RUN_2024.07.22_01.52.44/config.tcl}"

Mon Jul 22 01:53:40 +0000 2024 - Executing "openroad -exit /openlane/scripts/openroad/sta/multi_corner.tcl |& tee /dev/null /openlane/designs/picorv32a/runs/RUN_2024.07.22_01.52.44/logs/placement/6-gpl_sta.log"

Mon Jul 22 01:53:40 +0000 2024 - Executing "{openroad -exit /openlane/scripts/openroad/sta/multi_corner.tcl |& tee /dev/null /openlane/designs/picorv32a/runs/RUN_2024.07.22_01.52.44/logs/placement/6-gpl_sta.log}"

Mon Jul 22 01:53:43 +0000 2024 - Executing "openroad -exit /openlane/scripts/openroad/basic_mp.tcl |& tee /dev/null /openlane/designs/picorv32a/runs/RUN_2024.07.22_01.52.44/logs/placement/7-basic_mp.log"

Mon Jul 22 01:53:43 +0000 2024 - Executing "{openroad -exit /openlane/scripts/openroad/basic_mp.tcl |& tee /dev/null /openlane/designs/picorv32a/runs/RUN_2024.07.22_01.52.44/logs/placement/7-basic_mp.log}"

Mon Jul 22 01:53:43 +0000 2024 - Executing "openroad -exit /openlane/scripts/openroad/tapcell.tcl |& tee /dev/null /openlane/designs/picorv32a/runs/RUN_2024.07.22_01.52.44/logs/floorplan/8-tap.log"

Mon Jul 22 01:53:43 +0000 2024 - Executing "{openroad -exit /openlane/scripts/openroad/tapcell.tcl |& tee /dev/null /openlane/designs/picorv32a/runs/RUN_2024.07.22_01.52.44/logs/floorplan/8-tap.log}"

Mon Jul 22 01:53:44 +0000 2024 - Executing "openroad -exit /openlane/scripts/openroad/pdn.tcl |& tee /dev/null /openlane/designs/picorv32a/runs/RUN_2024.07.22_01.52.44/logs/floorplan/9-pdn.log"

Mon Jul 22 01:53:44 +0000 2024 - Executing "{openroad -exit /openlane/scripts/openroad/pdn.tcl |& tee /dev/null /openlane/designs/picorv32a/runs/RUN_2024.07.22_01.52.44/logs/floorplan/9-pdn.log}"

Mon Jul 22 01:53:57 +0000 2024 - Executing "openroad -exit /openlane/scripts/openroad/floorplan.tcl |& tee /dev/null /openlane/designs/picorv32a/runs/RUN_2024.07.22_01.52.44/logs/floorplan/10-initial_fp.log"

Mon Jul 22 01:53:57 +0000 2024 - Executing "{openroad -exit /openlane/scripts/openroad/floorplan.tcl |& tee /dev/null /openlane/designs/picorv32a/runs/RUN_2024.07.22_01.52.44/logs/floorplan/10-initial_fp.log}"

Mon Jul 22 01:53:57 +0000 2024 - Executing "{openroad -exit -no_init -python /openlane/scripts/odbpy/defutil.py extract_core_dims --output-data /openlane/designs/picorv32a/runs/RUN_2024.07.22_01.52.44/tmp/dimensions.txt --input-lef /openlane/designs/picorv32a/runs/RUN_2024.07.22_01.52.44/tmp/merged.nom.lef /openlane/designs/picorv32a/runs/RUN_2024.07.22_01.52.44/tmp/floorplan/10-initial_fp.def}"

Mon Jul 22 01:54:13 +0000 2024 - Executing "openroad -exit /openlane/scripts/openroad/ioplacer.tcl |& tee /dev/null /openlane/designs/picorv32a/runs/RUN_2024.07.22_01.52.44/logs/floorplan/11-io.log"

Mon Jul 22 01:54:13 +0000 2024 - Executing "{openroad -exit /openlane/scripts/openroad/ioplacer.tcl |& tee /dev/null /openlane/designs/picorv32a/runs/RUN_2024.07.22_01.52.44/logs/floorplan/11-io.log}"

Mon Jul 22 01:54:19 +0000 2024 - Executing "openroad -exit /openlane/scripts/openroad/tapcell.tcl |& tee /dev/null /openlane/designs/picorv32a/runs/RUN_2024.07.22_01.52.44/logs/floorplan/12-tap.log"

Mon Jul 22 01:54:19 +0000 2024 - Executing "{openroad -exit /openlane/scripts/openroad/tapcell.tcl |& tee /dev/null /openlane/designs/picorv32a/runs/RUN_2024.07.22_01.52.44/logs/floorplan/12-tap.log}"

Mon Jul 22 01:54:25 +0000 2024 - Executing "openroad -exit /openlane/scripts/openroad/gpl.tcl |& tee /dev/null /openlane/designs/picorv32a/runs/RUN_2024.07.22_01.52.44/logs/placement/12-global_skip_io.log"

Mon Jul 22 01:54:25 +0000 2024 - Executing "{openroad -exit /openlane/scripts/openroad/gpl.tcl |& tee /dev/null /openlane/designs/picorv32a/runs/RUN_2024.07.22_01.52.44/logs/placement/12-global_skip_io.log}"

Mon Jul 22 01:54:27 +0000 2024 - Executing "{sed -i.bak -e {s/\(set ::env(CURRENT_NETLIST)\).*/\1 \/openlane\/designs\/picorv32a\/runs\/RUN_2024.07.22_01.52.44\/tmp\/placement\/13-global_skip_io.nl.v/} /openlane/designs/picorv32a/runs/RUN_2024.07.22_01.52.44/config.tcl}"

Mon Jul 22 01:54:27 +0000 2024 - Executing "openroad -exit /openlane/scripts/openroad/sta/multi_corner.tcl |& tee /dev/null /openlane/designs/picorv32a/runs/RUN_2024.07.22_01.52.44/logs/placement/14-gpl_sta.log"

Mon Jul 22 01:54:27 +0000 2024 - Executing "{openroad -exit /openlane/scripts/openroad/sta/multi_corner.tcl |& tee /dev/null /openlane/designs/picorv32a/runs/RUN_2024.07.22_01.52.44/logs/placement/14-gpl_sta.log}"

Mon Jul 22 01:54:30 +0000 2024 - Executing "openroad -exit /openlane/scripts/openroad/ioplacer.tcl |& tee /dev/null /openlane/designs/picorv32a/runs/RUN_2024.07.22_01.52.44/logs/placement/15-io.log"

Mon Jul 22 01:54:30 +0000 2024 - Executing "{openroad -exit /openlane/scripts/openroad/ioplacer.tcl |& tee /dev/null /openlane/designs/picorv32a/runs/RUN_2024.07.22_01.52.44/logs/placement/15-io.log}"

Mon Jul 22 01:54:30 +0000 2024 - Executing "openroad -exit /openlane/scripts/openroad/gpl.tcl |& tee /dev/null /openlane/designs/picorv32a/runs/RUN_2024.07.22_01.52.44/logs/placement/15-global.log"

Mon Jul 22 01:54:30 +0000 2024 - Executing "{openroad -exit /openlane/scripts/openroad/gpl.tcl |& tee /dev/null /openlane/designs/picorv32a/runs/RUN_2024.07.22_01.52.44/logs/placement/15-global.log}"

Mon Jul 22 01:54:32 +0000 2024 - Executing "{sed -i.bak -e {s/\(set ::env(CURRENT_NETLIST)\).*/\1 \/openlane\/designs\/picorv32a\/runs\/RUN_2024.07.22_01.52.44\/tmp\/placement\/16-global.nl.v/} /openlane/designs/picorv32a/runs/RUN_2024.07.22_01.52.44/config.tcl}"

Mon Jul 22 01:54:33 +0000 2024 - Executing "openroad -exit /openlane/scripts/openroad/sta/multi_corner.tcl |& tee /dev/null /openlane/designs/picorv32a/runs/RUN_2024.07.22_01.52.44/logs/placement/17-gpl_sta.log"

Mon Jul 22 01:54:33 +0000 2024 - Executing "{openroad -exit /openlane/scripts/openroad/sta/multi_corner.tcl |& tee /dev/null /openlane/designs/picorv32a/runs/RUN_2024.07.22_01.52.44/logs/placement/17-gpl_sta.log}"

Mon Jul 22 01:54:35 +0000 2024 - Executing "openroad -exit /openlane/scripts/openroad/resizer.tcl |& tee /dev/null /openlane/designs/picorv32a/runs/RUN_2024.07.22_01.52.44/logs/placement/18-resizer.log"

Mon Jul 22 01:54:35 +0000 2024 - Executing "{openroad -exit /openlane/scripts/openroad/resizer.tcl |& tee /dev/null /openlane/designs/picorv32a/runs/RUN_2024.07.22_01.52.44/logs/placement/18-resizer.log}"

Mon Jul 22 01:54:42 +0000 2024 - Executing "{sed -i.bak -e {s/\(set ::env(CURRENT_NETLIST)\).*/\1 \/openlane\/designs\/picorv32a\/runs\/RUN_2024.07.22_01.52.44\/tmp\/placement\/18-resizer.nl.v/} /openlane/designs/picorv32a/runs/RUN_2024.07.22_01.52.44/config.tcl}"

Mon Jul 22 01:54:42 +0000 2024 - Executing "openroad -exit /openlane/scripts/openroad/dpl.tcl |& tee /dev/null /openlane/designs/picorv32a/runs/RUN_2024.07.22_01.52.44/logs/placement/19-detailed.log"

Mon Jul 22 01:54:42 +0000 2024 - Executing "{openroad -exit /openlane/scripts/openroad/dpl.tcl |& tee /dev/null /openlane/designs/picorv32a/runs/RUN_2024.07.22_01.52.44/logs/placement/19-detailed.log}"

Mon Jul 22 01:54:42 +0000 2024 - Executing "{sed -i.bak -e {s/\(set ::env(CURRENT_NETLIST)\).*/\1 \/openlane\/designs\/picorv32a\/runs\/RUN_2024.07.22_01.52.44\/results\/placement\/picorv32a.nl.v/} /openlane/designs/picorv32a/runs/RUN_2024.07.22_01.52.44/config.tcl}"

Mon Jul 22 01:54:42 +0000 2024 - Executing "openroad -exit /openlane/scripts/openroad/sta/multi_corner.tcl |& tee /dev/null /openlane/designs/picorv32a/runs/RUN_2024.07.22_01.52.44/logs/placement/20-dpl_sta.log"

Mon Jul 22 01:54:43 +0000 2024 - Executing "{openroad -exit /openlane/scripts/openroad/sta/multi_corner.tcl |& tee /dev/null /openlane/designs/picorv32a/runs/RUN_2024.07.22_01.52.44/logs/placement/20-dpl_sta.log}"

Mon Jul 22 01:54:50 +0000 2024 - Executing "openroad -exit /openlane/scripts/openroad/pdn.tcl |& tee /dev/null /openlane/designs/picorv32a/runs/RUN_2024.07.22_01.52.44/logs/floorplan/21-pdn.log"

Mon Jul 22 01:54:50 +0000 2024 - Executing "{openroad -exit /openlane/scripts/openroad/pdn.tcl |& tee /dev/null /openlane/designs/picorv32a/runs/RUN_2024.07.22_01.52.44/logs/floorplan/21-pdn.log}"

Mon Jul 22 01:55:21 +0000 2024 - Executing "openroad -exit /openlane/scripts/openroad/cts.tcl |& tee /dev/null /openlane/designs/picorv32a/runs/RUN_2024.07.22_01.52.44/logs/cts/22-cts.log"

Mon Jul 22 01:55:21 +0000 2024 - Executing "{openroad -exit /openlane/scripts/openroad/cts.tcl |& tee /dev/null /openlane/designs/picorv32a/runs/RUN_2024.07.22_01.52.44/logs/cts/22-cts.log}"

Mon Jul 22 01:55:29 +0000 2024 - Executing "openroad -exit /openlane/scripts/openroad/sta/multi_corner.tcl |& tee /dev/null /openlane/designs/picorv32a/runs/RUN_2024.07.22_01.52.44/logs/cts/23-cts_sta.log"

Mon Jul 22 01:55:29 +0000 2024 - Executing "{openroad -exit /openlane/scripts/openroad/sta/multi_corner.tcl |& tee /dev/null /openlane/designs/picorv32a/runs/RUN_2024.07.22_01.52.44/logs/cts/23-cts_sta.log}"

Mon Jul 22 01:58:23 +0000 2024 - Executing "openroad -exit /openlane/scripts/openroad/pdn.tcl |& tee /dev/null /openlane/designs/picorv32a/runs/RUN_2024.07.22_01.52.44/logs/floorplan/24-pdn.log"

Mon Jul 22 01:58:23 +0000 2024 - Executing "{openroad -exit /openlane/scripts/openroad/pdn.tcl |& tee /dev/null /openlane/designs/picorv32a/runs/RUN_2024.07.22_01.52.44/logs/floorplan/24-pdn.log}"

Mon Jul 22 01:58:33 +0000 2024 - Executing "openroad -exit /openlane/scripts/openroad/resizer_routing_design.tcl |& tee /dev/null /openlane/designs/picorv32a/runs/RUN_2024.07.22_01.52.44/logs/routing/25-resizer_design.log"

Mon Jul 22 01:58:33 +0000 2024 - Executing "{openroad -exit /openlane/scripts/openroad/resizer_routing_design.tcl |& tee /dev/null /openlane/designs/picorv32a/runs/RUN_2024.07.22_01.52.44/logs/routing/25-resizer_design.log}"

Mon Jul 22 01:58:42 +0000 2024 - Executing "{sed -i.bak -e {s/\(set ::env(CURRENT_NETLIST)\).*/\1 \/openlane\/designs\/picorv32a\/runs\/RUN_2024.07.22_01.52.44\/tmp\/25-picorv32a.nl.v/} /openlane/designs/picorv32a/runs/RUN_2024.07.22_01.52.44/config.tcl}"

Mon Jul 22 01:58:42 +0000 2024 - Executing "openroad -exit /openlane/scripts/openroad/sta/multi_corner.tcl |& tee /dev/null /openlane/designs/picorv32a/runs/RUN_2024.07.22_01.52.44/logs/routing/26-rsz_design_sta.log"

Mon Jul 22 01:58:42 +0000 2024 - Executing "{openroad -exit /openlane/scripts/openroad/sta/multi_corner.tcl |& tee /dev/null /openlane/designs/picorv32a/runs/RUN_2024.07.22_01.52.44/logs/routing/26-rsz_design_sta.log}"

Mon Jul 22 01:58:45 +0000 2024 - Executing "openroad -exit /openlane/scripts/openroad/resizer_routing_timing.tcl |& tee /dev/null /openlane/designs/picorv32a/runs/RUN_2024.07.22_01.52.44/logs/routing/27-resizer_timing.log"

Mon Jul 22 01:58:45 +0000 2024 - Executing "{openroad -exit /openlane/scripts/openroad/resizer_routing_timing.tcl |& tee /dev/null /openlane/designs/picorv32a/runs/RUN_2024.07.22_01.52.44/logs/routing/27-resizer_timing.log}"

Mon Jul 22 01:58:54 +0000 2024 - Executing "{sed -i.bak -e {s/\(set ::env(CURRENT_NETLIST)\).*/\1 \/openlane\/designs\/picorv32a\/runs\/RUN_2024.07.22_01.52.44\/tmp\/27-picorv32a.nl.v/} /openlane/designs/picorv32a/runs/RUN_2024.07.22_01.52.44/config.tcl}"

Mon Jul 22 01:58:54 +0000 2024 - Executing "openroad -exit /openlane/scripts/openroad/sta/multi_corner.tcl |& tee /dev/null /openlane/designs/picorv32a/runs/RUN_2024.07.22_01.52.44/logs/routing/28-rsz_timing_sta.log"

Mon Jul 22 01:58:54 +0000 2024 - Executing "{openroad -exit /openlane/scripts/openroad/sta/multi_corner.tcl |& tee /dev/null /openlane/designs/picorv32a/runs/RUN_2024.07.22_01.52.44/logs/routing/28-rsz_timing_sta.log}"

Mon Jul 22 01:58:57 +0000 2024 - Executing "openroad -exit /openlane/scripts/openroad/repair_antennas.tcl |& tee /dev/null /openlane/designs/picorv32a/runs/RUN_2024.07.22_01.52.44/logs/routing/29-global.log"

Mon Jul 22 01:58:57 +0000 2024 - Executing "{openroad -exit /openlane/scripts/openroad/repair_antennas.tcl |& tee /dev/null /openlane/designs/picorv32a/runs/RUN_2024.07.22_01.52.44/logs/routing/29-global.log}"

Mon Jul 22 01:59:05 +0000 2024 - Executing "openroad -exit /openlane/scripts/openroad/write_views.tcl |& tee /dev/null /openlane/designs/picorv32a/runs/RUN_2024.07.22_01.52.44/logs/routing/29-global_write_netlist.log"

Mon Jul 22 01:59:06 +0000 2024 - Executing "{openroad -exit /openlane/scripts/openroad/write_views.tcl |& tee /dev/null /openlane/designs/picorv32a/runs/RUN_2024.07.22_01.52.44/logs/routing/29-global_write_netlist.log}"

Mon Jul 22 01:59:06 +0000 2024 - Executing "{sed -i.bak -e {s/\(set ::env(CURRENT_NETLIST)\).*/\1 \/openlane\/designs\/picorv32a\/runs\/RUN_2024.07.22_01.52.44\/tmp\/routing\/global.nl.v/} /openlane/designs/picorv32a/runs/RUN_2024.07.22_01.52.44/config.tcl}"

Mon Jul 22 01:59:06 +0000 2024 - Executing "openroad -exit /openlane/scripts/openroad/sta/multi_corner.tcl |& tee /dev/null /openlane/designs/picorv32a/runs/RUN_2024.07.22_01.52.44/logs/routing/31-grt_sta.log"

Mon Jul 22 01:59:06 +0000 2024 - Executing "{openroad -exit /openlane/scripts/openroad/sta/multi_corner.tcl |& tee /dev/null /openlane/designs/picorv32a/runs/RUN_2024.07.22_01.52.44/logs/routing/31-grt_sta.log}"

Mon Jul 22 01:59:08 +0000 2024 - Executing "openroad -exit /openlane/scripts/openroad/fill.tcl |& tee /dev/null /openlane/designs/picorv32a/runs/RUN_2024.07.22_01.52.44/logs/routing/32-fill.log"

Mon Jul 22 01:59:08 +0000 2024 - Executing "{openroad -exit /openlane/scripts/openroad/fill.tcl |& tee /dev/null /openlane/designs/picorv32a/runs/RUN_2024.07.22_01.52.44/logs/routing/32-fill.log}"

Mon Jul 22 01:59:09 +0000 2024 - Executing "{sed -i.bak -e {s/\(set ::env(CURRENT_NETLIST)\).*/\1 \/openlane\/designs\/picorv32a\/runs\/RUN_2024.07.22_01.52.44\/tmp\/routing\/32-fill.nl.v/} /openlane/designs/picorv32a/runs/RUN_2024.07.22_01.52.44/config.tcl}"

Mon Jul 22 01:59:09 +0000 2024 - Executing "openroad -exit -metrics /openlane/designs/picorv32a/runs/RUN_2024.07.22_01.52.44/reports/routing/33-drt_metrics.json /openlane/scripts/openroad/droute.tcl |& tee /dev/null /openlane/designs/picorv32a/runs/RUN_2024.07.22_01.52.44/logs/routing/33-detailed.log"

Mon Jul 22 01:59:09 +0000 2024 - Executing "{openroad -exit -metrics /openlane/designs/picorv32a/runs/RUN_2024.07.22_01.52.44/reports/routing/33-drt_metrics.json /openlane/scripts/openroad/droute.tcl |& tee /dev/null /openlane/designs/picorv32a/runs/RUN_2024.07.22_01.52.44/logs/routing/33-detailed.log}"

Mon Jul 22 02:06:18 +0000 2024 - Executing "{sed -i.bak -e {s/\(set ::env(CURRENT_NETLIST)\).*/\1 \/openlane\/designs\/picorv32a\/runs\/RUN_2024.07.22_01.52.44\/results\/routing\/picorv32a.nl.v/} /openlane/designs/picorv32a/runs/RUN_2024.07.22_01.52.44/config.tcl}"

Mon Jul 22 02:06:18 +0000 2024 - Executing "{python3 /openlane/scripts/drc_rosetta.py tr to_klayout -o /openlane/designs/picorv32a/runs/RUN_2024.07.22_01.52.44/reports/routing/drt.klayout.xml --design-name picorv32a /openlane/designs/picorv32a/runs/RUN_2024.07.22_01.52.44/reports/routing/drt.drc}"

Mon Jul 22 02:06:18 +0000 2024 - Executing "{openroad -exit -no_init -python /openlane/scripts/odbpy/wire_lengths.py --report-out /openlane/designs/picorv32a/runs/RUN_2024.07.22_01.52.44/reports/routing/34-wire_lengths.csv --input-lef /openlane/designs/picorv32a/runs/RUN_2024.07.22_01.52.44/tmp/merged.nom.lef --output-def /dev/null --output /openlane/designs/picorv32a/runs/RUN_2024.07.22_01.52.44/results/routing/picorv32a.odb /openlane/designs/picorv32a/runs/RUN_2024.07.22_01.52.44/results/routing/picorv32a.odb |& tee /dev/null /openlane/designs/picorv32a/runs/RUN_2024.07.22_01.52.44/logs/routing/34-wire_lengths.log}"

