[INFO]: Run Directory: /openlane/designs/picorv32a/runs/RUN_2024.07.22_01.52.44
[WARNING]: SYNTH_MAX_FANOUT is now deprecated; use MAX_FANOUT_CONSTRAINT instead.
[INFO]: Saving runtime environment...
[INFO]: Preparing LEF files for the nom corner...
[INFO]: Preparing LEF files for the min corner...
[INFO]: Preparing LEF files for the max corner...
[WARNING]: PNR_SDC_FILE is not set. It is recommended to write a custom SDC file for the design. Defaulting to BASE_SDC_FILE
[WARNING]: SIGNOFF_SDC_FILE is not set. It is recommended to write a custom SDC file for the design. Defaulting to BASE_SDC_FILE
[INFO]: Running Synthesis (log: designs/picorv32a/runs/RUN_2024.07.22_01.52.44/logs/synthesis/1-synthesis.log)...
[INFO]: Running Single-Corner Static Timing Analysis (log: designs/picorv32a/runs/RUN_2024.07.22_01.52.44/logs/synthesis/2-sta.log)...
[INFO]: Running Initial Floorplanning (log: designs/picorv32a/runs/RUN_2024.07.22_01.52.44/logs/floorplan/3-initial_fp.log)...
[INFO]: Floorplanned with width 680.34 and height 680.0.
[INFO]: Running IO Placement (log: designs/picorv32a/runs/RUN_2024.07.22_01.52.44/logs/floorplan/4-io.log)...
[INFO]: Running Global Placement (log: designs/picorv32a/runs/RUN_2024.07.22_01.52.44/logs/placement/4-global.log)...
[INFO]: Running Single-Corner Static Timing Analysis (log: designs/picorv32a/runs/RUN_2024.07.22_01.52.44/logs/placement/6-gpl_sta.log)...
[INFO]: Running basic macro placement (log: designs/picorv32a/runs/RUN_2024.07.22_01.52.44/logs/placement/7-basic_mp.log)...
[INFO]: Running Tap/Decap Insertion (log: designs/picorv32a/runs/RUN_2024.07.22_01.52.44/logs/floorplan/8-tap.log)...
[INFO]: Power planning with power {VPWR} and ground {VGND}...
[INFO]: Generating PDN (log: designs/picorv32a/runs/RUN_2024.07.22_01.52.44/logs/floorplan/9-pdn.log)...
[ERROR]: during executing openroad script /openlane/scripts/openroad/pdn.tcl
[ERROR]: Log: designs/picorv32a/runs/RUN_2024.07.22_01.52.44/logs/floorplan/9-pdn.log
[ERROR]: Last 10 lines:
[WARNING PSM-0039] Unconnected instance _28395_/VPWR at location (76.272um, 581.930um).
[WARNING PSM-0039] Unconnected instance _28206_/VPWR at location (76.277um, 531.198um).
[WARNING PSM-0039] Unconnected instance _16422_/VPWR at location (76.303um, 436.258um).
[WARNING PSM-0039] Unconnected instance _28396_/VPWR at location (76.336um, 581.976um).
[WARNING PSM-0039] Unconnected instance _30191_/VPWR at location (76.343um, 272.190um).
[WARNING PSM-0039] Unconnected instance _26848_/VPWR at location (76.347um, 245.591um).
[WARNING PSM-0039] message limit reached, this message will no longer print
[ERROR PSM-0069] Check connectivity failed on VPWR.
Error: pdn.tcl, 43 PSM-0069
child process exited abnormally

[ERROR]: Creating issue reproducible...
[INFO]: Saving runtime environment...
[INFO]: Reproducible packaged: Please tarball and upload 'designs/picorv32a/runs/RUN_2024.07.22_01.52.44/issue_reproducible' if you're going to submit an issue.
[INFO]: Running Initial Floorplanning (log: designs/picorv32a/runs/RUN_2024.07.22_01.52.44/logs/floorplan/10-initial_fp.log)...
[INFO]: Floorplanned with width 680.34 and height 680.0.
[INFO]: Running IO Placement (log: designs/picorv32a/runs/RUN_2024.07.22_01.52.44/logs/floorplan/11-io.log)...
[INFO]: Running Tap/Decap Insertion (log: designs/picorv32a/runs/RUN_2024.07.22_01.52.44/logs/floorplan/12-tap.log)...
[INFO]: Running Global Placement (skip_io) (log: designs/picorv32a/runs/RUN_2024.07.22_01.52.44/logs/placement/12-global_skip_io.log)...
[INFO]: Running Single-Corner Static Timing Analysis (log: designs/picorv32a/runs/RUN_2024.07.22_01.52.44/logs/placement/14-gpl_sta.log)...
[INFO]: Running IO Placement (log: designs/picorv32a/runs/RUN_2024.07.22_01.52.44/logs/placement/15-io.log)...
[INFO]: Running Global Placement (log: designs/picorv32a/runs/RUN_2024.07.22_01.52.44/logs/placement/15-global.log)...
[INFO]: Running Single-Corner Static Timing Analysis (log: designs/picorv32a/runs/RUN_2024.07.22_01.52.44/logs/placement/17-gpl_sta.log)...
[INFO]: Running Placement Resizer Design Optimizations (log: designs/picorv32a/runs/RUN_2024.07.22_01.52.44/logs/placement/18-resizer.log)...
[INFO]: Running Detailed Placement (log: designs/picorv32a/runs/RUN_2024.07.22_01.52.44/logs/placement/19-detailed.log)...
[INFO]: Running Single-Corner Static Timing Analysis (log: designs/picorv32a/runs/RUN_2024.07.22_01.52.44/logs/placement/20-dpl_sta.log)...
[INFO]: Generating PDN (log: designs/picorv32a/runs/RUN_2024.07.22_01.52.44/logs/floorplan/21-pdn.log)...
[INFO]: Running Clock Tree Synthesis (log: designs/picorv32a/runs/RUN_2024.07.22_01.52.44/logs/cts/22-cts.log)...
[INFO]: Running Single-Corner Static Timing Analysis (log: designs/picorv32a/runs/RUN_2024.07.22_01.52.44/logs/cts/23-cts_sta.log)...
[INFO]: Generating PDN (log: designs/picorv32a/runs/RUN_2024.07.22_01.52.44/logs/floorplan/24-pdn.log)...
[INFO]: Running Global Routing Resizer Design Optimizations (log: designs/picorv32a/runs/RUN_2024.07.22_01.52.44/logs/routing/25-resizer_design.log)...
[INFO]: Running Single-Corner Static Timing Analysis (log: designs/picorv32a/runs/RUN_2024.07.22_01.52.44/logs/routing/26-rsz_design_sta.log)...
[INFO]: Running Global Routing Resizer Timing Optimizations (log: designs/picorv32a/runs/RUN_2024.07.22_01.52.44/logs/routing/27-resizer_timing.log)...
[INFO]: Running Single-Corner Static Timing Analysis (log: designs/picorv32a/runs/RUN_2024.07.22_01.52.44/logs/routing/28-rsz_timing_sta.log)...
[INFO]: Running Global Routing (log: designs/picorv32a/runs/RUN_2024.07.22_01.52.44/logs/routing/29-global.log)...
[INFO]: Writing Verilog (log: designs/picorv32a/runs/RUN_2024.07.22_01.52.44/logs/routing/29-global_write_netlist.log)...
[INFO]: Running Single-Corner Static Timing Analysis (log: designs/picorv32a/runs/RUN_2024.07.22_01.52.44/logs/routing/31-grt_sta.log)...
[INFO]: Running Fill Insertion (log: designs/picorv32a/runs/RUN_2024.07.22_01.52.44/logs/routing/32-fill.log)...
[INFO]: Running Detailed Routing (log: designs/picorv32a/runs/RUN_2024.07.22_01.52.44/logs/routing/33-detailed.log)...
[INFO]: No Magic DRC violations after detailed routing.
[INFO]: Checking Wire Lengths (log: designs/picorv32a/runs/RUN_2024.07.22_01.52.44/logs/routing/34-wire_lengths.log)...
