Sun Jul 21 14:36:43 +0000 2024 - Executing "{openroad -exit -no_init -python /openlane/scripts/odbpy/lefutil.py get_metal_layers -o /openlane/designs/picorv32a/runs/2024.07.21_14.25.58/tmp/layers.list /home/srujan/.volare/sky130A/libs.ref/sky130_fd_sc_hd/techlef/sky130_fd_sc_hd__nom.tlef}"

Sun Jul 21 14:36:43 +0000 2024 - Executing "{/openlane/scripts/mergeLef.py -o /openlane/designs/picorv32a/runs/2024.07.21_14.25.58/tmp/merged.nom.lef -i /home/srujan/.volare/sky130A/libs.ref/sky130_fd_sc_hd/techlef/sky130_fd_sc_hd__nom.tlef {/home/srujan/.volare/sky130A/libs.ref/sky130_fd_sc_hd/lef/sky130_ef_sc_hd.lef /home/srujan/.volare/sky130A/libs.ref/sky130_fd_sc_hd/lef/sky130_fd_sc_hd.lef} |& tee /dev/null}"

Sun Jul 21 14:36:43 +0000 2024 - Executing "{/openlane/scripts/mergeLef.py -o /openlane/designs/picorv32a/runs/2024.07.21_14.25.58/tmp/merged.nom.lef -i /openlane/designs/picorv32a/runs/2024.07.21_14.25.58/tmp/merged.nom.lef /openlane/designs/picorv32a/src/rusty_inv.lef |& tee /dev/null}"

Sun Jul 21 14:36:43 +0000 2024 - Executing "{/openlane/scripts/mergeLef.py -o /openlane/designs/picorv32a/runs/2024.07.21_14.25.58/tmp/merged.min.lef -i /home/srujan/.volare/sky130A/libs.ref/sky130_fd_sc_hd/techlef/sky130_fd_sc_hd__min.tlef {/home/srujan/.volare/sky130A/libs.ref/sky130_fd_sc_hd/lef/sky130_ef_sc_hd.lef /home/srujan/.volare/sky130A/libs.ref/sky130_fd_sc_hd/lef/sky130_fd_sc_hd.lef} |& tee /dev/null}"

Sun Jul 21 14:36:43 +0000 2024 - Executing "{/openlane/scripts/mergeLef.py -o /openlane/designs/picorv32a/runs/2024.07.21_14.25.58/tmp/merged.min.lef -i /openlane/designs/picorv32a/runs/2024.07.21_14.25.58/tmp/merged.min.lef /openlane/designs/picorv32a/src/rusty_inv.lef |& tee /dev/null}"

Sun Jul 21 14:36:43 +0000 2024 - Executing "{/openlane/scripts/mergeLef.py -o /openlane/designs/picorv32a/runs/2024.07.21_14.25.58/tmp/merged.max.lef -i /home/srujan/.volare/sky130A/libs.ref/sky130_fd_sc_hd/techlef/sky130_fd_sc_hd__max.tlef {/home/srujan/.volare/sky130A/libs.ref/sky130_fd_sc_hd/lef/sky130_ef_sc_hd.lef /home/srujan/.volare/sky130A/libs.ref/sky130_fd_sc_hd/lef/sky130_fd_sc_hd.lef} |& tee /dev/null}"

Sun Jul 21 14:36:43 +0000 2024 - Executing "{/openlane/scripts/mergeLef.py -o /openlane/designs/picorv32a/runs/2024.07.21_14.25.58/tmp/merged.max.lef -i /openlane/designs/picorv32a/runs/2024.07.21_14.25.58/tmp/merged.max.lef /openlane/designs/picorv32a/src/rusty_inv.lef |& tee /dev/null}"

Sun Jul 21 14:36:43 +0000 2024 - Executing "{python3 /openlane/scripts/mergeLib.py --output /openlane/designs/picorv32a/runs/2024.07.21_14.25.58/tmp/synthesis/merged.lib --name sky130A_merged /openlane/designs/picorv32a/src/sky130_fd_sc_hd__typical.lib}"

Sun Jul 21 14:36:43 +0000 2024 - Executing "{python3 /openlane/scripts/libtrim.py --cell-file /openlane/designs/picorv32a/runs/2024.07.21_14.25.58/tmp/synthesis/trimmed.lib.exclude.list --output /openlane/designs/picorv32a/runs/2024.07.21_14.25.58/tmp/synthesis/trimmed.lib /openlane/designs/picorv32a/runs/2024.07.21_14.25.58/tmp/synthesis/merged.lib}"

Sun Jul 21 14:36:43 +0000 2024 - Executing "{python3 /openlane/scripts/libtrim.py --cell-file /openlane/designs/picorv32a/runs/2024.07.21_14.25.58/tmp/cts/cts.lib.exclude.list --output /openlane/designs/picorv32a/runs/2024.07.21_14.25.58/tmp/cts/cts.lib /openlane/designs/picorv32a/src/sky130_fd_sc_hd__typical.lib}"

Sun Jul 21 14:36:43 +0000 2024 - Executing "{python3 /openlane/scripts/libtrim.py --cell-file /openlane/designs/picorv32a/runs/2024.07.21_14.25.58/tmp/cts/cts-fastest.lib.exclude.list --output /openlane/designs/picorv32a/runs/2024.07.21_14.25.58/tmp/cts/cts-fastest.lib /openlane/designs/picorv32a/src/sky130_fd_sc_hd__fast.lib}"

Sun Jul 21 14:36:44 +0000 2024 - Executing "{python3 /openlane/scripts/libtrim.py --cell-file /openlane/designs/picorv32a/runs/2024.07.21_14.25.58/tmp/cts/cts-slowest.lib.exclude.list --output /openlane/designs/picorv32a/runs/2024.07.21_14.25.58/tmp/cts/cts-slowest.lib /openlane/designs/picorv32a/src/sky130_fd_sc_hd__slow.lib}"

Sun Jul 21 14:36:44 +0000 2024 - Executing "{python3 /openlane/scripts/new_tracks.py -i /home/srujan/.volare/sky130A/libs.tech/openlane/sky130_fd_sc_hd/tracks.info -o /openlane/designs/picorv32a/runs/2024.07.21_14.25.58/tmp/routing/config.tracks}"

Sun Jul 21 14:36:44 +0000 2024 - Executing "{echo {OpenLane a0e805e70f9dca8e80286ed807195008a2fc36c0} > /openlane/designs/picorv32a/runs/2024.07.21_14.25.58/OPENLANE_VERSION}"

Sun Jul 21 14:36:55 +0000 2024 - Executing "openroad -exit /openlane/scripts/openroad/cts.tcl |& tee /dev/null /openlane/designs/picorv32a/runs/2024.07.21_14.25.58/logs/cts/1-cts.log"

Sun Jul 21 14:36:55 +0000 2024 - Executing "{openroad -exit /openlane/scripts/openroad/cts.tcl |& tee /dev/null /openlane/designs/picorv32a/runs/2024.07.21_14.25.58/logs/cts/1-cts.log}"

Sun Jul 21 14:37:20 +0000 2024 - Executing "{/openlane/scripts/mergeLef.py -i /openlane/designs/picorv32a/runs/2024.07.21_14.25.58/tmp/merged.nom.lef /openlane/designs/picorv32a/src/rusty_inv.lef -o /openlane/designs/picorv32a/runs/2024.07.21_14.25.58/tmp/merged.nom.lef.new}"

Sun Jul 21 14:37:20 +0000 2024 - Executing "{mv /openlane/designs/picorv32a/runs/2024.07.21_14.25.58/tmp/merged.nom.lef.new /openlane/designs/picorv32a/runs/2024.07.21_14.25.58/tmp/merged.nom.lef}"

Sun Jul 21 14:37:29 +0000 2024 - Executing "{sed -E {s/^([[:space:]]+)pg_pin(.*)/\1pin\2\n\1    direction : "inout";/g} /openlane/designs/picorv32a/src/sky130_fd_sc_hd__typical.lib > /openlane/designs/picorv32a/runs/2024.07.21_14.25.58/tmp/synthesis/2-sky130_fd_sc_hd__typical.no_pg.lib}"

Sun Jul 21 14:37:29 +0000 2024 - Executing "{sed -E {s/^([[:space:]]+)pg_pin(.*)/\1pin\2\n\1    direction : "inout";/g} /openlane/designs/picorv32a/runs/2024.07.21_14.25.58/tmp/synthesis/trimmed.lib > /openlane/designs/picorv32a/runs/2024.07.21_14.25.58/tmp/synthesis/2-trimmed.no_pg.lib}"

Sun Jul 21 14:37:29 +0000 2024 - Executing "yosys -c /openlane/scripts/yosys/synth.tcl |& tee /dev/null /openlane/designs/picorv32a/runs/2024.07.21_14.25.58/logs/synthesis/2-synthesis.log"

Sun Jul 21 14:37:29 +0000 2024 - Executing "{yosys -c /openlane/scripts/yosys/synth.tcl |& tee /dev/null /openlane/designs/picorv32a/runs/2024.07.21_14.25.58/logs/synthesis/2-synthesis.log}"

Sun Jul 21 14:37:47 +0000 2024 - Executing "{sed -i.bak -e {s/\(set ::env(CURRENT_NETLIST)\).*/\1 \/openlane\/designs\/picorv32a\/runs\/2024.07.21_14.25.58\/results\/synthesis\/picorv32a.v/} /openlane/designs/picorv32a/runs/2024.07.21_14.25.58/config.tcl}"

Sun Jul 21 14:37:47 +0000 2024 - Executing "{sed -i.bak /defparam/d /openlane/designs/picorv32a/runs/2024.07.21_14.25.58/results/synthesis/picorv32a.v}"

Sun Jul 21 14:37:47 +0000 2024 - Executing "sta -exit -no_init /openlane/scripts/openroad/sta/multi_corner.tcl |& tee /dev/null /openlane/designs/picorv32a/runs/2024.07.21_14.25.58/logs/synthesis/3-sta.log"

Sun Jul 21 14:37:47 +0000 2024 - Executing "{sta -exit -no_init /openlane/scripts/openroad/sta/multi_corner.tcl |& tee /dev/null /openlane/designs/picorv32a/runs/2024.07.21_14.25.58/logs/synthesis/3-sta.log}"

Sun Jul 21 14:37:49 +0000 2024 - Executing "openroad -exit /openlane/scripts/openroad/floorplan.tcl |& tee /dev/null /openlane/designs/picorv32a/runs/2024.07.21_14.25.58/logs/floorplan/4-initial_fp.log"

Sun Jul 21 14:37:49 +0000 2024 - Executing "{openroad -exit /openlane/scripts/openroad/floorplan.tcl |& tee /dev/null /openlane/designs/picorv32a/runs/2024.07.21_14.25.58/logs/floorplan/4-initial_fp.log}"

Sun Jul 21 14:37:50 +0000 2024 - Executing "{openroad -exit -no_init -python /openlane/scripts/odbpy/defutil.py extract_core_dims --output-data /openlane/designs/picorv32a/runs/2024.07.21_14.25.58/tmp/dimensions.txt --input-lef /openlane/designs/picorv32a/runs/2024.07.21_14.25.58/tmp/merged.nom.lef /openlane/designs/picorv32a/runs/2024.07.21_14.25.58/tmp/floorplan/4-initial_fp.def}"

Sun Jul 21 14:38:19 +0000 2024 - Executing "openroad -exit /openlane/scripts/openroad/ioplacer.tcl |& tee /dev/null /openlane/designs/picorv32a/runs/2024.07.21_14.25.58/logs/floorplan/5-io.log"

Sun Jul 21 14:38:19 +0000 2024 - Executing "{openroad -exit /openlane/scripts/openroad/ioplacer.tcl |& tee /dev/null /openlane/designs/picorv32a/runs/2024.07.21_14.25.58/logs/floorplan/5-io.log}"

Sun Jul 21 14:38:28 +0000 2024 - Executing "openroad -exit /openlane/scripts/openroad/tapcell.tcl |& tee /dev/null /openlane/designs/picorv32a/runs/2024.07.21_14.25.58/logs/floorplan/6-tap.log"

Sun Jul 21 14:38:28 +0000 2024 - Executing "{openroad -exit /openlane/scripts/openroad/tapcell.tcl |& tee /dev/null /openlane/designs/picorv32a/runs/2024.07.21_14.25.58/logs/floorplan/6-tap.log}"

Sun Jul 21 14:38:53 +0000 2024 - Executing "openroad -exit /openlane/scripts/openroad/gpl.tcl |& tee /dev/null /openlane/designs/picorv32a/runs/2024.07.21_14.25.58/logs/placement/6-global_skip_io.log"

Sun Jul 21 14:38:53 +0000 2024 - Executing "{openroad -exit /openlane/scripts/openroad/gpl.tcl |& tee /dev/null /openlane/designs/picorv32a/runs/2024.07.21_14.25.58/logs/placement/6-global_skip_io.log}"

Sun Jul 21 14:38:55 +0000 2024 - Executing "{sed -i.bak -e {s/\(set ::env(CURRENT_NETLIST)\).*/\1 \/openlane\/designs\/picorv32a\/runs\/2024.07.21_14.25.58\/tmp\/placement\/7-global_skip_io.nl.v/} /openlane/designs/picorv32a/runs/2024.07.21_14.25.58/config.tcl}"

Sun Jul 21 14:38:55 +0000 2024 - Executing "openroad -exit /openlane/scripts/openroad/sta/multi_corner.tcl |& tee /dev/null /openlane/designs/picorv32a/runs/2024.07.21_14.25.58/logs/placement/8-gpl_sta.log"

Sun Jul 21 14:38:55 +0000 2024 - Executing "{openroad -exit /openlane/scripts/openroad/sta/multi_corner.tcl |& tee /dev/null /openlane/designs/picorv32a/runs/2024.07.21_14.25.58/logs/placement/8-gpl_sta.log}"

Sun Jul 21 14:38:58 +0000 2024 - Executing "openroad -exit /openlane/scripts/openroad/ioplacer.tcl |& tee /dev/null /openlane/designs/picorv32a/runs/2024.07.21_14.25.58/logs/placement/9-io.log"

Sun Jul 21 14:38:58 +0000 2024 - Executing "{openroad -exit /openlane/scripts/openroad/ioplacer.tcl |& tee /dev/null /openlane/designs/picorv32a/runs/2024.07.21_14.25.58/logs/placement/9-io.log}"

Sun Jul 21 14:38:58 +0000 2024 - Executing "openroad -exit /openlane/scripts/openroad/gpl.tcl |& tee /dev/null /openlane/designs/picorv32a/runs/2024.07.21_14.25.58/logs/placement/9-global.log"

Sun Jul 21 14:38:58 +0000 2024 - Executing "{openroad -exit /openlane/scripts/openroad/gpl.tcl |& tee /dev/null /openlane/designs/picorv32a/runs/2024.07.21_14.25.58/logs/placement/9-global.log}"

Sun Jul 21 14:39:00 +0000 2024 - Executing "{sed -i.bak -e {s/\(set ::env(CURRENT_NETLIST)\).*/\1 \/openlane\/designs\/picorv32a\/runs\/2024.07.21_14.25.58\/tmp\/placement\/10-global.nl.v/} /openlane/designs/picorv32a/runs/2024.07.21_14.25.58/config.tcl}"

Sun Jul 21 14:39:00 +0000 2024 - Executing "openroad -exit /openlane/scripts/openroad/sta/multi_corner.tcl |& tee /dev/null /openlane/designs/picorv32a/runs/2024.07.21_14.25.58/logs/placement/11-gpl_sta.log"

Sun Jul 21 14:39:00 +0000 2024 - Executing "{openroad -exit /openlane/scripts/openroad/sta/multi_corner.tcl |& tee /dev/null /openlane/designs/picorv32a/runs/2024.07.21_14.25.58/logs/placement/11-gpl_sta.log}"

Sun Jul 21 14:39:03 +0000 2024 - Executing "openroad -exit /openlane/scripts/openroad/resizer.tcl |& tee /dev/null /openlane/designs/picorv32a/runs/2024.07.21_14.25.58/logs/placement/12-resizer.log"

Sun Jul 21 14:39:03 +0000 2024 - Executing "{openroad -exit /openlane/scripts/openroad/resizer.tcl |& tee /dev/null /openlane/designs/picorv32a/runs/2024.07.21_14.25.58/logs/placement/12-resizer.log}"

Sun Jul 21 14:39:09 +0000 2024 - Executing "{sed -i.bak -e {s/\(set ::env(CURRENT_NETLIST)\).*/\1 \/openlane\/designs\/picorv32a\/runs\/2024.07.21_14.25.58\/tmp\/placement\/12-resizer.nl.v/} /openlane/designs/picorv32a/runs/2024.07.21_14.25.58/config.tcl}"

Sun Jul 21 14:39:09 +0000 2024 - Executing "openroad -exit /openlane/scripts/openroad/dpl.tcl |& tee /dev/null /openlane/designs/picorv32a/runs/2024.07.21_14.25.58/logs/placement/13-detailed.log"

Sun Jul 21 14:39:09 +0000 2024 - Executing "{openroad -exit /openlane/scripts/openroad/dpl.tcl |& tee /dev/null /openlane/designs/picorv32a/runs/2024.07.21_14.25.58/logs/placement/13-detailed.log}"

Sun Jul 21 14:39:10 +0000 2024 - Executing "{sed -i.bak -e {s/\(set ::env(CURRENT_NETLIST)\).*/\1 \/openlane\/designs\/picorv32a\/runs\/2024.07.21_14.25.58\/results\/placement\/picorv32a.nl.v/} /openlane/designs/picorv32a/runs/2024.07.21_14.25.58/config.tcl}"

Sun Jul 21 14:39:10 +0000 2024 - Executing "openroad -exit /openlane/scripts/openroad/sta/multi_corner.tcl |& tee /dev/null /openlane/designs/picorv32a/runs/2024.07.21_14.25.58/logs/placement/14-dpl_sta.log"

Sun Jul 21 14:39:10 +0000 2024 - Executing "{openroad -exit /openlane/scripts/openroad/sta/multi_corner.tcl |& tee /dev/null /openlane/designs/picorv32a/runs/2024.07.21_14.25.58/logs/placement/14-dpl_sta.log}"

Sun Jul 21 14:39:18 +0000 2024 - Executing "openroad -exit /openlane/scripts/openroad/cts.tcl |& tee /dev/null /openlane/designs/picorv32a/runs/2024.07.21_14.25.58/logs/cts/15-cts.log"

Sun Jul 21 14:39:18 +0000 2024 - Executing "{openroad -exit /openlane/scripts/openroad/cts.tcl |& tee /dev/null /openlane/designs/picorv32a/runs/2024.07.21_14.25.58/logs/cts/15-cts.log}"

Sun Jul 21 14:39:26 +0000 2024 - Executing "openroad -exit /openlane/scripts/openroad/sta/multi_corner.tcl |& tee /dev/null /openlane/designs/picorv32a/runs/2024.07.21_14.25.58/logs/cts/16-cts_sta.log"

Sun Jul 21 14:39:26 +0000 2024 - Executing "{openroad -exit /openlane/scripts/openroad/sta/multi_corner.tcl |& tee /dev/null /openlane/designs/picorv32a/runs/2024.07.21_14.25.58/logs/cts/16-cts_sta.log}"

Sun Jul 21 14:44:49 +0000 2024 - Executing "openroad -exit /openlane/scripts/openroad/pdn.tcl |& tee /dev/null /openlane/designs/picorv32a/runs/2024.07.21_14.25.58/logs/floorplan/17-pdn.log"

Sun Jul 21 14:44:49 +0000 2024 - Executing "{openroad -exit /openlane/scripts/openroad/pdn.tcl |& tee /dev/null /openlane/designs/picorv32a/runs/2024.07.21_14.25.58/logs/floorplan/17-pdn.log}"

Sun Jul 21 14:45:07 +0000 2024 - Executing "openroad -exit /openlane/scripts/openroad/pdn.tcl |& tee /dev/null /openlane/designs/picorv32a/runs/2024.07.21_14.25.58/logs/floorplan/18-pdn.log"

Sun Jul 21 14:45:07 +0000 2024 - Executing "{openroad -exit /openlane/scripts/openroad/pdn.tcl |& tee /dev/null /openlane/designs/picorv32a/runs/2024.07.21_14.25.58/logs/floorplan/18-pdn.log}"

Sun Jul 21 14:46:48 +0000 2024 - Executing "openroad -exit /openlane/scripts/openroad/resizer_routing_design.tcl |& tee /dev/null /openlane/designs/picorv32a/runs/2024.07.21_14.25.58/logs/routing/19-resizer_design.log"

Sun Jul 21 14:46:48 +0000 2024 - Executing "{openroad -exit /openlane/scripts/openroad/resizer_routing_design.tcl |& tee /dev/null /openlane/designs/picorv32a/runs/2024.07.21_14.25.58/logs/routing/19-resizer_design.log}"

Sun Jul 21 14:46:57 +0000 2024 - Executing "{sed -i.bak -e {s/\(set ::env(CURRENT_NETLIST)\).*/\1 \/openlane\/designs\/picorv32a\/runs\/2024.07.21_14.25.58\/tmp\/19-picorv32a.nl.v/} /openlane/designs/picorv32a/runs/2024.07.21_14.25.58/config.tcl}"

Sun Jul 21 14:46:57 +0000 2024 - Executing "openroad -exit /openlane/scripts/openroad/sta/multi_corner.tcl |& tee /dev/null /openlane/designs/picorv32a/runs/2024.07.21_14.25.58/logs/routing/20-rsz_design_sta.log"

Sun Jul 21 14:46:57 +0000 2024 - Executing "{openroad -exit /openlane/scripts/openroad/sta/multi_corner.tcl |& tee /dev/null /openlane/designs/picorv32a/runs/2024.07.21_14.25.58/logs/routing/20-rsz_design_sta.log}"

Sun Jul 21 14:47:00 +0000 2024 - Executing "openroad -exit /openlane/scripts/openroad/resizer_routing_timing.tcl |& tee /dev/null /openlane/designs/picorv32a/runs/2024.07.21_14.25.58/logs/routing/21-resizer_timing.log"

Sun Jul 21 14:47:00 +0000 2024 - Executing "{openroad -exit /openlane/scripts/openroad/resizer_routing_timing.tcl |& tee /dev/null /openlane/designs/picorv32a/runs/2024.07.21_14.25.58/logs/routing/21-resizer_timing.log}"

Sun Jul 21 14:47:09 +0000 2024 - Executing "{sed -i.bak -e {s/\(set ::env(CURRENT_NETLIST)\).*/\1 \/openlane\/designs\/picorv32a\/runs\/2024.07.21_14.25.58\/tmp\/21-picorv32a.nl.v/} /openlane/designs/picorv32a/runs/2024.07.21_14.25.58/config.tcl}"

Sun Jul 21 14:47:09 +0000 2024 - Executing "openroad -exit /openlane/scripts/openroad/sta/multi_corner.tcl |& tee /dev/null /openlane/designs/picorv32a/runs/2024.07.21_14.25.58/logs/routing/22-rsz_timing_sta.log"

Sun Jul 21 14:47:09 +0000 2024 - Executing "{openroad -exit /openlane/scripts/openroad/sta/multi_corner.tcl |& tee /dev/null /openlane/designs/picorv32a/runs/2024.07.21_14.25.58/logs/routing/22-rsz_timing_sta.log}"

Sun Jul 21 14:47:13 +0000 2024 - Executing "openroad -exit /openlane/scripts/openroad/repair_antennas.tcl |& tee /dev/null /openlane/designs/picorv32a/runs/2024.07.21_14.25.58/logs/routing/23-global.log"

Sun Jul 21 14:47:13 +0000 2024 - Executing "{openroad -exit /openlane/scripts/openroad/repair_antennas.tcl |& tee /dev/null /openlane/designs/picorv32a/runs/2024.07.21_14.25.58/logs/routing/23-global.log}"

Sun Jul 21 14:47:21 +0000 2024 - Executing "openroad -exit /openlane/scripts/openroad/write_views.tcl |& tee /dev/null /openlane/designs/picorv32a/runs/2024.07.21_14.25.58/logs/routing/23-global_write_netlist.log"

Sun Jul 21 14:47:21 +0000 2024 - Executing "{openroad -exit /openlane/scripts/openroad/write_views.tcl |& tee /dev/null /openlane/designs/picorv32a/runs/2024.07.21_14.25.58/logs/routing/23-global_write_netlist.log}"

Sun Jul 21 14:47:22 +0000 2024 - Executing "{sed -i.bak -e {s/\(set ::env(CURRENT_NETLIST)\).*/\1 \/openlane\/designs\/picorv32a\/runs\/2024.07.21_14.25.58\/tmp\/routing\/global.nl.v/} /openlane/designs/picorv32a/runs/2024.07.21_14.25.58/config.tcl}"

Sun Jul 21 14:47:22 +0000 2024 - Executing "openroad -exit /openlane/scripts/openroad/sta/multi_corner.tcl |& tee /dev/null /openlane/designs/picorv32a/runs/2024.07.21_14.25.58/logs/routing/25-grt_sta.log"

Sun Jul 21 14:47:22 +0000 2024 - Executing "{openroad -exit /openlane/scripts/openroad/sta/multi_corner.tcl |& tee /dev/null /openlane/designs/picorv32a/runs/2024.07.21_14.25.58/logs/routing/25-grt_sta.log}"

Sun Jul 21 14:47:24 +0000 2024 - Executing "openroad -exit /openlane/scripts/openroad/fill.tcl |& tee /dev/null /openlane/designs/picorv32a/runs/2024.07.21_14.25.58/logs/routing/26-fill.log"

Sun Jul 21 14:47:24 +0000 2024 - Executing "{openroad -exit /openlane/scripts/openroad/fill.tcl |& tee /dev/null /openlane/designs/picorv32a/runs/2024.07.21_14.25.58/logs/routing/26-fill.log}"

Sun Jul 21 14:47:25 +0000 2024 - Executing "{sed -i.bak -e {s/\(set ::env(CURRENT_NETLIST)\).*/\1 \/openlane\/designs\/picorv32a\/runs\/2024.07.21_14.25.58\/tmp\/routing\/26-fill.nl.v/} /openlane/designs/picorv32a/runs/2024.07.21_14.25.58/config.tcl}"

Sun Jul 21 14:47:25 +0000 2024 - Executing "openroad -exit -metrics /openlane/designs/picorv32a/runs/2024.07.21_14.25.58/reports/routing/27-drt_metrics.json /openlane/scripts/openroad/droute.tcl |& tee /dev/null /openlane/designs/picorv32a/runs/2024.07.21_14.25.58/logs/routing/27-detailed.log"

Sun Jul 21 14:47:25 +0000 2024 - Executing "{openroad -exit -metrics /openlane/designs/picorv32a/runs/2024.07.21_14.25.58/reports/routing/27-drt_metrics.json /openlane/scripts/openroad/droute.tcl |& tee /dev/null /openlane/designs/picorv32a/runs/2024.07.21_14.25.58/logs/routing/27-detailed.log}"

Sun Jul 21 14:50:05 +0000 2024 - Executing "openroad -exit -metrics /openlane/designs/picorv32a/runs/2024.07.21_14.25.58/reports/routing/28-drt_metrics.json /openlane/scripts/openroad/droute.tcl |& tee /dev/null /openlane/designs/picorv32a/runs/2024.07.21_14.25.58/logs/routing/28-detailed.log"

Sun Jul 21 14:50:05 +0000 2024 - Executing "{openroad -exit -metrics /openlane/designs/picorv32a/runs/2024.07.21_14.25.58/reports/routing/28-drt_metrics.json /openlane/scripts/openroad/droute.tcl |& tee /dev/null /openlane/designs/picorv32a/runs/2024.07.21_14.25.58/logs/routing/28-detailed.log}"

Sun Jul 21 14:51:28 +0000 2024 - Executing "{openroad -exit -no_init -python /openlane/scripts/odbpy/power_utils.py power_route --core-vdd-pin VPWR --core-gnd-pin VGND --input-lef /openlane/designs/picorv32a/runs/2024.07.21_14.25.58/tmp/merged.nom.lef --output-def /openlane/designs/picorv32a/runs/2024.07.21_14.25.58/tmp/routing/29-picorv32a.power_routed.def --output /openlane/designs/picorv32a/runs/2024.07.21_14.25.58/tmp/routing/29-picorv32a.power_routed.odb /openlane/designs/picorv32a/runs/2024.07.21_14.25.58/tmp/routing/26-fill.odb |& tee /dev/null /openlane/designs/picorv32a/runs/2024.07.21_14.25.58/logs/routing/29-power_routing.log}"

Sun Jul 21 14:51:38 +0000 2024 - Executing "openroad -exit /openlane/scripts/openroad/pdn.tcl |& tee /dev/null /openlane/designs/picorv32a/runs/2024.07.21_14.25.58/logs/floorplan/30-pdn.log"

Sun Jul 21 14:51:38 +0000 2024 - Executing "{openroad -exit /openlane/scripts/openroad/pdn.tcl |& tee /dev/null /openlane/designs/picorv32a/runs/2024.07.21_14.25.58/logs/floorplan/30-pdn.log}"

Sun Jul 21 14:51:48 +0000 2024 - Executing "openroad -exit /openlane/scripts/openroad/resizer_routing_design.tcl |& tee /dev/null /openlane/designs/picorv32a/runs/2024.07.21_14.25.58/logs/routing/31-resizer_design.log"

Sun Jul 21 14:51:48 +0000 2024 - Executing "{openroad -exit /openlane/scripts/openroad/resizer_routing_design.tcl |& tee /dev/null /openlane/designs/picorv32a/runs/2024.07.21_14.25.58/logs/routing/31-resizer_design.log}"

Sun Jul 21 14:52:52 +0000 2024 - Executing "openroad -exit /openlane/scripts/openroad/resizer_timing.tcl |& tee /dev/null /openlane/designs/picorv32a/runs/2024.07.21_14.25.58/logs/cts/32-resizer.log"

Sun Jul 21 14:52:52 +0000 2024 - Executing "{openroad -exit /openlane/scripts/openroad/resizer_timing.tcl |& tee /dev/null /openlane/designs/picorv32a/runs/2024.07.21_14.25.58/logs/cts/32-resizer.log}"

