[ERROR]: during executing openroad script /openlane/scripts/openroad/cts.tcl
[ERROR]: Log: designs/picorv32a/runs/2024.07.21_14.25.58/logs/cts/1-cts.log
[ERROR]: Last 10 lines:
OpenROAD d423155d69de7f683a23f6916ead418a615ad4ad 
Features included (+) or not (-):  +Charts +GPU +GUI +Python
This program is licensed under the BSD-3 license. See the LICENSE file for details.
Components of this program may be licensed under more restrictive licenses which must be honored.
[INFO]: Reading ODB at '0'…
[ERROR ORD-0007] 0 does not exist.
ORD-0007
child process exited abnormally

[ERROR]: Creating issue reproducible...
[ERROR]: Failed to package reproducible.
[ERROR]: during executing sta script /openlane/scripts/openroad/sta/multi_corner.tcl
[ERROR]: Log: designs/picorv32a/runs/2024.07.21_14.25.58/logs/synthesis/3-sta.log
[ERROR]: Last 10 lines:
worst slack 12.98

===========================================================================
report_worst_slack -min (Hold)
============================================================================
worst slack 0.17
summary_report_end
Writing OpenROAD database to '/openlane/designs/picorv32a/runs/2024.07.21_14.25.58/results/cts/picorv32a.odb'…
Error: multi_corner.tcl, 197 invalid command name "write_db"
child process exited abnormally

[ERROR]: Creating issue reproducible...
[ERROR]: during executing openroad script /openlane/scripts/openroad/pdn.tcl
[ERROR]: Log: designs/picorv32a/runs/2024.07.21_14.25.58/logs/floorplan/17-pdn.log
[ERROR]: Last 10 lines:
Using 1e-06 for distance...
Reading design constraints file at '/openlane/scripts/base.sdc'…
[INFO]: Setting output delay to: 4.946000000000001
[INFO]: Setting input delay to: 4.946000000000001
[INFO]: Setting load to: 0.033442
[INFO]: Setting clock uncertainty to: 0.25
[INFO]: Setting clock transition to: 0.15
[INFO]: Setting timing derate to: 5.0 %
Error: pdn_cfg.tcl, 41 can't read "::env(VDD_NETS)": no such variable
child process exited abnormally

[ERROR]: Creating issue reproducible...
[ERROR]: during executing openroad script /openlane/scripts/openroad/droute.tcl
[ERROR]: Log: designs/picorv32a/runs/2024.07.21_14.25.58/logs/routing/27-detailed.log
[ERROR]: Last 10 lines:
_18041_
_17929_
_18042_
_17831_
_17930_
[ERROR DRT-0085] Valid access pattern combination not found for 
_24236_
_24322_
Error: droute.tcl, 40 DRT-0085
child process exited abnormally

[ERROR]: Creating issue reproducible...
[ERROR]: during executing openroad script /openlane/scripts/openroad/droute.tcl
[ERROR]: Log: designs/picorv32a/runs/2024.07.21_14.25.58/logs/routing/28-detailed.log
[ERROR]: Last 10 lines:
_23755_
_23756_
_23855_
[ERROR DRT-0085] Valid access pattern combination not found for 
_19673_
[ERROR DRT-0085] Valid access pattern combination not found for 
_24236_
_24322_
Error: droute.tcl, 40 DRT-0085
child process exited abnormally

[ERROR]: Creating issue reproducible...
[ERROR]: during executing: "openroad -exit -no_init -python /openlane/scripts/odbpy/power_utils.py power_route --core-vdd-pin VPWR --core-gnd-pin VGND --input-lef /openlane/designs/picorv32a/runs/2024.07.21_14.25.58/tmp/merged.nom.lef --output-def /openlane/designs/picorv32a/runs/2024.07.21_14.25.58/tmp/routing/29-picorv32a.power_routed.def --output /openlane/designs/picorv32a/runs/2024.07.21_14.25.58/tmp/routing/29-picorv32a.power_routed.odb /openlane/designs/picorv32a/runs/2024.07.21_14.25.58/tmp/routing/26-fill.odb |& tee /dev/null /openlane/designs/picorv32a/runs/2024.07.21_14.25.58/logs/routing/29-power_routing.log"
[ERROR]: Exit code: 1
[ERROR]: Last 10 lines:
  File "/nix/store/6sszs80r74y1k2i9ydk7g590ng4h72nh-python3-3.11.6-env/lib/python3.11/site-packages/click/core.py", line 783, in invoke
    return __callback(*args, **kwargs)
           ^^^^^^^^^^^^^^^^^^^^^^^^^^^
  File "/openlane/scripts/odbpy/reader.py", line 90, in wrapper
    function(**kwargs)
  File "/openlane/scripts/odbpy/power_utils.py", line 847, in power_route
    assert len({box["type"]: None for box in ALL_BOXES}) == 3
           ^^^^^^^^^^^^^^^^^^^^^^^^^^^^^^^^^^^^^^^^^^^^^^^^^^
AssertionError
child process exited abnormally

[ERROR]: during executing openroad script /openlane/scripts/openroad/resizer_routing_design.tcl
[ERROR]: Log: designs/picorv32a/runs/2024.07.21_14.25.58/logs/routing/31-resizer_design.log
[ERROR]: Last 10 lines:
[INFO DPL-0035]  ANTENNA_372
[INFO DPL-0035]  ANTENNA_372
[INFO DPL-0035]  ANTENNA_416
[INFO DPL-0035]  ANTENNA_392
[INFO DPL-0035]  ANTENNA_392
[INFO DPL-0035]  ANTENNA_351
[INFO DPL-0035]  FILLER_0_248_13
[ERROR DPL-0036] Detailed placement failed.
Error: resizer_routing_design.tcl, 67 DPL-0036
child process exited abnormally

[ERROR]: Creating issue reproducible...
