OpenROAD d423155d69de7f683a23f6916ead418a615ad4ad 
Features included (+) or not (-):  +Charts +GPU +GUI +Python
This program is licensed under the BSD-3 license. See the LICENSE file for details.
Components of this program may be licensed under more restrictive licenses which must be honored.
[INFO]: Reading ODB at '/openlane/designs/picorv32a/runs/2024.07.21_14.25.58/tmp/routing/26-fill.odb'…
define_corners Typical
read_liberty -corner Typical /openlane/designs/picorv32a/src/sky130_fd_sc_hd__typical.lib
[WARNING STA-1173] /openlane/designs/picorv32a/src/sky130_fd_sc_hd__typical.lib line 23, default_fanout_load is 0.0.
Using 1e-12 for capacitance...
Using 1e+03 for resistance...
Using 1e-09 for time...
Using 1e+00 for voltage...
Using 1e-03 for current...
Using 1e-09 for power...
Using 1e-06 for distance...
Reading design constraints file at '/openlane/scripts/base.sdc'…
[INFO]: Setting output delay to: 4.946000000000001
[INFO]: Setting input delay to: 4.946000000000001
[INFO]: Setting load to: 0.033442
[INFO]: Setting clock uncertainty to: 0.25
[INFO]: Setting clock transition to: 0.15
[INFO]: Setting timing derate to: 5.0 %
[INFO ORD-0030] Using 2 thread(s).
[INFO DRT-0149] Reading tech and libs.
[WARNING DRT-0349] LEF58_ENCLOSURE with no CUTCLASS is not supported. Skipping for layer mcon
[WARNING DRT-0349] LEF58_ENCLOSURE with no CUTCLASS is not supported. Skipping for layer mcon
[WARNING DRT-0349] LEF58_ENCLOSURE with no CUTCLASS is not supported. Skipping for layer via
[WARNING DRT-0349] LEF58_ENCLOSURE with no CUTCLASS is not supported. Skipping for layer via
[WARNING DRT-0349] LEF58_ENCLOSURE with no CUTCLASS is not supported. Skipping for layer via2
[WARNING DRT-0349] LEF58_ENCLOSURE with no CUTCLASS is not supported. Skipping for layer via2
[WARNING DRT-0349] LEF58_ENCLOSURE with no CUTCLASS is not supported. Skipping for layer via3
[WARNING DRT-0349] LEF58_ENCLOSURE with no CUTCLASS is not supported. Skipping for layer via3
[WARNING DRT-0349] LEF58_ENCLOSURE with no CUTCLASS is not supported. Skipping for layer via4
[WARNING DRT-0349] LEF58_ENCLOSURE with no CUTCLASS is not supported. Skipping for layer via4

Units:                1000
Number of layers:     13
Number of macros:     442
Number of vias:       29
Number of viarulegen: 25

[INFO DRT-0150] Reading design.

Design:                   picorv32a
Die area:                 ( 0 0 ) ( 691600 702320 )
Number of track patterns: 12
Number of DEF vias:       0
Number of components:     59879
Number of terminals:      411
Number of snets:          2
Number of nets:           17199

[INFO DRT-0167] List of default vias:
  Layer via
    default via: M1M2_PR
  Layer via2
    default via: M2M3_PR
  Layer via3
    default via: M3M4_PR
  Layer via4
    default via: M4M5_PR
[INFO DRT-0162] Library cell analysis.
[INFO DRT-0163] Instance analysis.
[INFO DRT-0164] Number of unique instances = 530.
[INFO DRT-0168] Init region query.
[INFO DRT-0024]   Complete FR_MASTERSLICE.
[INFO DRT-0024]   Complete Fr_VIA.
[INFO DRT-0024]   Complete li1.
[INFO DRT-0024]   Complete mcon.
[INFO DRT-0024]   Complete met1.
[INFO DRT-0024]   Complete via.
[INFO DRT-0024]   Complete met2.
[INFO DRT-0024]   Complete via2.
[INFO DRT-0024]   Complete met3.
[INFO DRT-0024]   Complete via3.
[INFO DRT-0024]   Complete met4.
[INFO DRT-0024]   Complete via4.
[INFO DRT-0024]   Complete met5.
[INFO DRT-0033] FR_MASTERSLICE shape region query size = 0.
[INFO DRT-0033] FR_VIA shape region query size = 0.
[INFO DRT-0033] li1 shape region query size = 722045.
[INFO DRT-0033] mcon shape region query size = 308712.
[INFO DRT-0033] met1 shape region query size = 137272.
[INFO DRT-0033] via shape region query size = 6275.
[INFO DRT-0033] met2 shape region query size = 3961.
[INFO DRT-0033] via2 shape region query size = 5020.
[INFO DRT-0033] met3 shape region query size = 3978.
[INFO DRT-0033] via3 shape region query size = 5020.
[INFO DRT-0033] met4 shape region query size = 1325.
[INFO DRT-0033] via4 shape region query size = 50.
[INFO DRT-0033] met5 shape region query size = 70.
[INFO DRT-0165] Start pin access.
[INFO DRT-0076]   Complete 1000 pins.
[INFO DRT-0076]   Complete 2000 pins.
[INFO DRT-0078]   Complete 2106 pins.
[INFO DRT-0079]   Complete 100 unique inst patterns.
[INFO DRT-0079]   Complete 200 unique inst patterns.
[INFO DRT-0079]   Complete 300 unique inst patterns.
[INFO DRT-0079]   Complete 400 unique inst patterns.
[INFO DRT-0079]   Complete 500 unique inst patterns.
[WARNING DRT-0087] No valid pattern for unique instance _14686_, master is rusty_inv.
[WARNING DRT-0087] No valid pattern for unique instance _14662_, master is rusty_inv.
[WARNING DRT-0087] No valid pattern for unique instance _14958_, master is rusty_inv.
[WARNING DRT-0087] No valid pattern for unique instance _14753_, master is rusty_inv.
[INFO DRT-0081]   Complete 512 unique inst patterns.
[ERROR DRT-0085] Valid access pattern combination not found for 
_28307_
_28313_
_28309_
[ERROR DRT-0085] Valid access pattern combination not found for 
_28065_
_28312_
[ERROR DRT-0085] Valid access pattern combination not found for 
_28305_
[ERROR DRT-0085] Valid access pattern combination not found for 
_24664_
[ERROR DRT-0085] Valid access pattern combination not found for 
_28301_
[ERROR DRT-0085] Valid access pattern combination not found for 
_27447_
[ERROR DRT-0085] Valid access pattern combination not found for 
_27436_
_27427_
_27428_
_27438_
_27429_
_27424_
_27539_
[ERROR DRT-0085] Valid access pattern combination not found for 
_17091_
_17070_
[ERROR DRT-0085] Valid access pattern combination not found for 
_28293_
_28008_
[ERROR DRT-0085] Valid access pattern combination not found for 
_28315_
[ERROR DRT-0085] Valid access pattern combination not found for 
_27448_
_27445_
_27444_
_27432_
[ERROR DRT-0085] Valid access pattern combination not found for 
_28297_
[ERROR DRT-0085] Valid access pattern combination not found for 
_16234_
[ERROR DRT-0085] Valid access pattern combination not found for 
_20718_
_20918_
_20917_
[ERROR DRT-0085] Valid access pattern combination not found for 
_28290_
[ERROR DRT-0085] Valid access pattern combination not found for 
_28287_
[ERROR DRT-0085] Valid access pattern combination not found for 
_21102_
_20923_
[ERROR DRT-0085] Valid access pattern combination not found for 
_28283_
_28320_
[ERROR DRT-0085] Valid access pattern combination not found for 
_17169_
[ERROR DRT-0085] Valid access pattern combination not found for 
_28319_
[ERROR DRT-0085] Valid access pattern combination not found for 
_17165_
[ERROR DRT-0085] Valid access pattern combination not found for 
_28095_
_28328_
_28325_
[ERROR DRT-0085] Valid access pattern combination not found for 
_27414_
[ERROR DRT-0085] Valid access pattern combination not found for 
_17160_
_17157_
[ERROR DRT-0085] Valid access pattern combination not found for 
_17154_
[ERROR DRT-0085] Valid access pattern combination not found for 
_22639_
[ERROR DRT-0085] Valid access pattern combination not found for 
_27568_
[ERROR DRT-0085] Valid access pattern combination not found for 
_28271_
[ERROR DRT-0085] Valid access pattern combination not found for 
_28279_
[ERROR DRT-0085] Valid access pattern combination not found for 
_24669_
[ERROR DRT-0085] Valid access pattern combination not found for 
_24606_
_28227_
_24593_
[ERROR DRT-0085] Valid access pattern combination not found for 
_28275_
[ERROR DRT-0085] Valid access pattern combination not found for 
_20377_
[ERROR DRT-0085] Valid access pattern combination not found for 
_28268_
_27936_
_27934_
[ERROR DRT-0085] Valid access pattern combination not found for 
_27379_
_27381_
_27380_
[ERROR DRT-0085] Valid access pattern combination not found for 
_20321_
[ERROR DRT-0085] Valid access pattern combination not found for 
_20380_
_20379_
[ERROR DRT-0085] Valid access pattern combination not found for 
_28263_
_28265_
[ERROR DRT-0085] Valid access pattern combination not found for 
_24652_
[ERROR DRT-0085] Valid access pattern combination not found for 
_24639_
[ERROR DRT-0085] Valid access pattern combination not found for 
_28261_
[ERROR DRT-0085] Valid access pattern combination not found for 
_24612_
[ERROR DRT-0085] Valid access pattern combination not found for 
_20317_
[ERROR DRT-0085] Valid access pattern combination not found for 
_27890_
[ERROR DRT-0085] Valid access pattern combination not found for 
_22774_
_22773_
[ERROR DRT-0085] Valid access pattern combination not found for 
_20316_
_20513_
[ERROR DRT-0085] Valid access pattern combination not found for 
_21156_
_21157_
[ERROR DRT-0085] Valid access pattern combination not found for 
_21122_
[ERROR DRT-0085] Valid access pattern combination not found for 
_17126_
[ERROR DRT-0085] Valid access pattern combination not found for 
clkbuf_leaf_25_clk
_28258_
_28257_
[ERROR DRT-0085] Valid access pattern combination not found for 
_15853_
[ERROR DRT-0085] Valid access pattern combination not found for 
_22896_
_23026_
_23023_
_23021_
[ERROR DRT-0085] Valid access pattern combination not found for 
_28253_
[ERROR DRT-0085] Valid access pattern combination not found for 
_27301_
[ERROR DRT-0085] Valid access pattern combination not found for 
_24624_
_24623_
[ERROR DRT-0085] Valid access pattern combination not found for 
_21328_
[ERROR DRT-0085] Valid access pattern combination not found for 
_20517_
[ERROR DRT-0085] Valid access pattern combination not found for 
_20049_
[ERROR DRT-0085] Valid access pattern combination not found for 
_17121_
_14984_
_17120_
[ERROR DRT-0085] Valid access pattern combination not found for 
_28249_
_27794_
[ERROR DRT-0085] Valid access pattern combination not found for 
_24567_
[ERROR DRT-0085] Valid access pattern combination not found for 
_20048_
[ERROR DRT-0085] Valid access pattern combination not found for 
_28246_
_27873_
[ERROR DRT-0085] Valid access pattern combination not found for 
_15720_
[ERROR DRT-0085] Valid access pattern combination not found for 
_28243_
[ERROR DRT-0085] Valid access pattern combination not found for 
_27203_
[ERROR DRT-0085] Valid access pattern combination not found for 
_14975_
[ERROR DRT-0085] Valid access pattern combination not found for 
_19992_
[ERROR DRT-0085] Valid access pattern combination not found for 
_27209_
[ERROR DRT-0085] Valid access pattern combination not found for 
_28237_
_27825_
[ERROR DRT-0085] Valid access pattern combination not found for 
_17107_
_17108_
_17106_
[ERROR DRT-0085] Valid access pattern combination not found for 
_24532_
_17093_
[ERROR DRT-0085] Valid access pattern combination not found for 
_20772_
[ERROR DRT-0085] Valid access pattern combination not found for 
_27847_
[ERROR DRT-0085] Valid access pattern combination not found for 
_15544_
_15527_
[ERROR DRT-0085] Valid access pattern combination not found for 
_27218_
[ERROR DRT-0085] Valid access pattern combination not found for 
_14824_
_14859_
_27158_
_14825_
_26979_
[ERROR DRT-0085] Valid access pattern combination not found for 
_28842_
[ERROR DRT-0085] Valid access pattern combination not found for 
_28117_
[ERROR DRT-0085] Valid access pattern combination not found for 
_14753_
[ERROR DRT-0085] Valid access pattern combination not found for 
_15310_
_15304_
[ERROR DRT-0085] Valid access pattern combination not found for 
_15083_
[ERROR DRT-0085] Valid access pattern combination not found for 
_16871_
_16867_
_16869_
[ERROR DRT-0085] Valid access pattern combination not found for 
_15064_
[ERROR DRT-0085] Valid access pattern combination not found for 
_30821_
_14992_
_30734_
[ERROR DRT-0085] Valid access pattern combination not found for 
_15208_
[ERROR DRT-0085] Valid access pattern combination not found for 
_16497_
_16014_
[ERROR DRT-0085] Valid access pattern combination not found for 
_15708_
_15707_
[ERROR DRT-0085] Valid access pattern combination not found for 
_28788_
_28889_
[ERROR DRT-0085] Valid access pattern combination not found for 
_28786_
_28796_
[ERROR DRT-0085] Valid access pattern combination not found for 
_26356_
_14834_
[ERROR DRT-0085] Valid access pattern combination not found for 
_14816_
_14832_
[ERROR DRT-0085] Valid access pattern combination not found for 
_14746_
[ERROR DRT-0085] Valid access pattern combination not found for 
_15045_
[ERROR DRT-0085] Valid access pattern combination not found for 
_15027_
_14662_
[ERROR DRT-0085] Valid access pattern combination not found for 
_19173_
[ERROR DRT-0085] Valid access pattern combination not found for 
_28439_
_14747_
[ERROR DRT-0085] Valid access pattern combination not found for 
_14687_
_14686_
[ERROR DRT-0085] Valid access pattern combination not found for 
_28765_
[ERROR DRT-0085] Valid access pattern combination not found for 
_14723_
[ERROR DRT-0085] Valid access pattern combination not found for 
_16934_
[ERROR DRT-0085] Valid access pattern combination not found for 
_14707_
[ERROR DRT-0085] Valid access pattern combination not found for 
_28626_
_28624_
_28625_
_28619_
[ERROR DRT-0085] Valid access pattern combination not found for 
_15048_
_14803_
_14842_
_28353_
[ERROR DRT-0085] Valid access pattern combination not found for 
_23185_
[ERROR DRT-0085] Valid access pattern combination not found for 
_25175_
[ERROR DRT-0085] Valid access pattern combination not found for 
_25174_
[ERROR DRT-0085] Valid access pattern combination not found for 
_19683_
[ERROR DRT-0085] Valid access pattern combination not found for 
_19680_
_19679_
[ERROR DRT-0085] Valid access pattern combination not found for 
_23055_
[ERROR DRT-0085] Valid access pattern combination not found for 
_26778_
_26773_
[ERROR DRT-0085] Valid access pattern combination not found for 
_26761_
[ERROR DRT-0085] Valid access pattern combination not found for 
_26759_
[ERROR DRT-0085] Valid access pattern combination not found for 
_26872_
_26869_
[ERROR DRT-0085] Valid access pattern combination not found for 
_26760_
clkbuf_leaf_73_clk
_28322_
[ERROR DRT-0085] Valid access pattern combination not found for 
_30162_
_28331_
_30448_
_28207_
[INFO DRT-0082]   Complete 10000 groups.
[ERROR DRT-0085] Valid access pattern combination not found for 
_14963_
[ERROR DRT-0085] Valid access pattern combination not found for 
_17245_
[ERROR DRT-0085] Valid access pattern combination not found for 
_24503_
_24477_
_24476_
[ERROR DRT-0085] Valid access pattern combination not found for 
hold3
_17251_
[ERROR DRT-0085] Valid access pattern combination not found for 
_27514_
[ERROR DRT-0085] Valid access pattern combination not found for 
_23801_
_23796_
[ERROR DRT-0085] Valid access pattern combination not found for 
_18722_
[ERROR DRT-0085] Valid access pattern combination not found for 
_19220_
_19221_
_19187_
_19139_
_19142_
_19141_
[ERROR DRT-0085] Valid access pattern combination not found for 
_14958_
[ERROR DRT-0085] Valid access pattern combination not found for 
_19386_
_19238_
[ERROR DRT-0085] Valid access pattern combination not found for 
_17705_
[ERROR DRT-0085] Valid access pattern combination not found for 
_17633_
_17604_
[ERROR DRT-0085] Valid access pattern combination not found for 
_24331_
[ERROR DRT-0085] Valid access pattern combination not found for 
_18474_
[ERROR DRT-0085] Valid access pattern combination not found for 
_17310_
_17311_
_17312_
[ERROR DRT-0085] Valid access pattern combination not found for 
_17525_
[ERROR DRT-0085] Valid access pattern combination not found for 
_18589_
_18472_
[ERROR DRT-0085] Valid access pattern combination not found for 
_19980_
_20150_
_20312_
[ERROR DRT-0085] Valid access pattern combination not found for 
_18256_
[ERROR DRT-0085] Valid access pattern combination not found for 
_17589_
[ERROR DRT-0085] Valid access pattern combination not found for 
_17928_
_18041_
_17929_
_18042_
_17831_
_17930_
[ERROR DRT-0085] Valid access pattern combination not found for 
_18128_
_18069_
[ERROR DRT-0085] Valid access pattern combination not found for 
_17734_
[ERROR DRT-0085] Valid access pattern combination not found for 
_17655_
[ERROR DRT-0085] Valid access pattern combination not found for 
_23755_
_23756_
_23855_
[ERROR DRT-0085] Valid access pattern combination not found for 
_19673_
[ERROR DRT-0085] Valid access pattern combination not found for 
_24236_
_24322_
Error: droute.tcl, 40 DRT-0085
