OpenROAD d423155d69de7f683a23f6916ead418a615ad4ad 
Features included (+) or not (-):  +Charts +GPU +GUI +Python
This program is licensed under the BSD-3 license. See the LICENSE file for details.
Components of this program may be licensed under more restrictive licenses which must be honored.
Found 25 VIA GENERATE rules
Added L1M1_PR
Skipping L1M1_PR_R
Skipping L1M1_PR_M
Skipping L1M1_PR_MR
Skipping L1M1_PR_C
[85, 55]
Added M1M2_PR
Skipping M1M2_PR_R
Skipping M1M2_PR_M
Skipping M1M2_PR_MR
Skipping M1M2_PR_C
Added M2M3_PR
Skipping M2M3_PR_R
Skipping M2M3_PR_M
Skipping M2M3_PR_MR
Skipping M2M3_PR_C
Added M3M4_PR
Skipping M3M4_PR_R
Skipping M3M4_PR_M
Skipping M3M4_PR_MR
Skipping M3M4_PR_C
Added M4M5_PR
Skipping M4M5_PR_R
Skipping M4M5_PR_M
Skipping M4M5_PR_MR
Skipping M4M5_PR_C
Top-level design name: picorv32a
Warning: 2 mpins for iterm _14662_ A
Warning: 2 mpins for iterm _14662_ Y
Warning: 2 mpins for iterm _14662_ VPWR
Warning: 2 mpins for iterm _14662_ VGND
Warning: 2 mpins for iterm _14686_ A
Warning: 2 mpins for iterm _14686_ Y
Warning: 2 mpins for iterm _14686_ VPWR
Warning: 2 mpins for iterm _14686_ VGND
Warning: 2 mpins for iterm _14707_ A
Warning: 2 mpins for iterm _14707_ Y
Warning: 2 mpins for iterm _14707_ VPWR
Warning: 2 mpins for iterm _14707_ VGND
Warning: 2 mpins for iterm _14723_ A
Warning: 2 mpins for iterm _14723_ Y
Warning: 2 mpins for iterm _14723_ VPWR
Warning: 2 mpins for iterm _14723_ VGND
Warning: 2 mpins for iterm _14746_ A
Warning: 2 mpins for iterm _14746_ Y
Warning: 2 mpins for iterm _14746_ VPWR
Warning: 2 mpins for iterm _14746_ VGND
Warning: 2 mpins for iterm _14747_ A
Warning: 2 mpins for iterm _14747_ Y
Warning: 2 mpins for iterm _14747_ VPWR
Warning: 2 mpins for iterm _14747_ VGND
Warning: 2 mpins for iterm _14753_ A
Warning: 2 mpins for iterm _14753_ Y
Warning: 2 mpins for iterm _14753_ VPWR
Warning: 2 mpins for iterm _14753_ VGND
Warning: 2 mpins for iterm _14816_ A
Warning: 2 mpins for iterm _14816_ Y
Warning: 2 mpins for iterm _14816_ VPWR
Warning: 2 mpins for iterm _14816_ VGND
Warning: 2 mpins for iterm _14824_ A
Warning: 2 mpins for iterm _14824_ Y
Warning: 2 mpins for iterm _14824_ VPWR
Warning: 2 mpins for iterm _14824_ VGND
Warning: 2 mpins for iterm _14834_ A
Warning: 2 mpins for iterm _14834_ Y
Warning: 2 mpins for iterm _14834_ VPWR
Warning: 2 mpins for iterm _14834_ VGND
Warning: 2 mpins for iterm _14842_ A
Warning: 2 mpins for iterm _14842_ Y
Warning: 2 mpins for iterm _14842_ VPWR
Warning: 2 mpins for iterm _14842_ VGND
Warning: 2 mpins for iterm _14958_ A
Warning: 2 mpins for iterm _14958_ Y
Warning: 2 mpins for iterm _14958_ VPWR
Warning: 2 mpins for iterm _14958_ VGND
Warning: 2 mpins for iterm _14963_ A
Warning: 2 mpins for iterm _14963_ Y
Warning: 2 mpins for iterm _14963_ VPWR
Warning: 2 mpins for iterm _14963_ VGND
Warning: 2 mpins for iterm _14975_ A
Warning: 2 mpins for iterm _14975_ Y
Warning: 2 mpins for iterm _14975_ VPWR
Warning: 2 mpins for iterm _14975_ VGND
Warning: 2 mpins for iterm _14992_ A
Warning: 2 mpins for iterm _14992_ Y
Warning: 2 mpins for iterm _14992_ VPWR
Warning: 2 mpins for iterm _14992_ VGND
Warning: 2 mpins for iterm _15045_ A
Warning: 2 mpins for iterm _15045_ Y
Warning: 2 mpins for iterm _15045_ VPWR
Warning: 2 mpins for iterm _15045_ VGND
Warning: 2 mpins for iterm _15064_ A
Warning: 2 mpins for iterm _15064_ Y
Warning: 2 mpins for iterm _15064_ VPWR
Warning: 2 mpins for iterm _15064_ VGND
Warning: 2 mpins for iterm _15083_ A
Warning: 2 mpins for iterm _15083_ Y
Warning: 2 mpins for iterm _15083_ VPWR
Warning: 2 mpins for iterm _15083_ VGND
Warning: 2 mpins for iterm _15208_ A
Warning: 2 mpins for iterm _15208_ Y
Warning: 2 mpins for iterm _15208_ VPWR
Warning: 2 mpins for iterm _15208_ VGND
Warning: 2 mpins for iterm _15304_ A
Warning: 2 mpins for iterm _15304_ Y
Warning: 2 mpins for iterm _15304_ VPWR
Warning: 2 mpins for iterm _15304_ VGND
Warning: 2 mpins for iterm _15527_ A
Warning: 2 mpins for iterm _15527_ Y
Warning: 2 mpins for iterm _15527_ VPWR
Warning: 2 mpins for iterm _15527_ VGND
Warning: 2 mpins for iterm _15707_ A
Warning: 2 mpins for iterm _15707_ Y
Warning: 2 mpins for iterm _15707_ VPWR
Warning: 2 mpins for iterm _15707_ VGND
Warning: 2 mpins for iterm _15720_ A
Warning: 2 mpins for iterm _15720_ Y
Warning: 2 mpins for iterm _15720_ VPWR
Warning: 2 mpins for iterm _15720_ VGND
Warning: 2 mpins for iterm _15853_ A
Warning: 2 mpins for iterm _15853_ Y
Warning: 2 mpins for iterm _15853_ VPWR
Warning: 2 mpins for iterm _15853_ VGND
Warning: 2 mpins for iterm _16014_ A
Warning: 2 mpins for iterm _16014_ Y
Warning: 2 mpins for iterm _16014_ VPWR
Warning: 2 mpins for iterm _16014_ VGND
Warning: 2 mpins for iterm _16234_ A
Warning: 2 mpins for iterm _16234_ Y
Warning: 2 mpins for iterm _16234_ VPWR
Warning: 2 mpins for iterm _16234_ VGND
Warning: 2 mpins for iterm _16869_ A
Warning: 2 mpins for iterm _16869_ Y
Warning: 2 mpins for iterm _16869_ VPWR
Warning: 2 mpins for iterm _16869_ VGND
Warning: 2 mpins for iterm _16934_ A
Warning: 2 mpins for iterm _16934_ Y
Warning: 2 mpins for iterm _16934_ VPWR
Warning: 2 mpins for iterm _16934_ VGND
Warning: 2 mpins for iterm _17070_ A
Warning: 2 mpins for iterm _17070_ Y
Warning: 2 mpins for iterm _17070_ VPWR
Warning: 2 mpins for iterm _17070_ VGND
Warning: 2 mpins for iterm _17093_ A
Warning: 2 mpins for iterm _17093_ Y
Warning: 2 mpins for iterm _17093_ VPWR
Warning: 2 mpins for iterm _17093_ VGND
Warning: 2 mpins for iterm _17106_ A
Warning: 2 mpins for iterm _17106_ Y
Warning: 2 mpins for iterm _17106_ VPWR
Warning: 2 mpins for iterm _17106_ VGND
Warning: 2 mpins for iterm _17120_ A
Warning: 2 mpins for iterm _17120_ Y
Warning: 2 mpins for iterm _17120_ VPWR
Warning: 2 mpins for iterm _17120_ VGND
Warning: 2 mpins for iterm _17126_ A
Warning: 2 mpins for iterm _17126_ Y
Warning: 2 mpins for iterm _17126_ VPWR
Warning: 2 mpins for iterm _17126_ VGND
Warning: 2 mpins for iterm _17154_ A
Warning: 2 mpins for iterm _17154_ Y
Warning: 2 mpins for iterm _17154_ VPWR
Warning: 2 mpins for iterm _17154_ VGND
Warning: 2 mpins for iterm _17157_ A
Warning: 2 mpins for iterm _17157_ Y
Warning: 2 mpins for iterm _17157_ VPWR
Warning: 2 mpins for iterm _17157_ VGND
Warning: 2 mpins for iterm _17165_ A
Warning: 2 mpins for iterm _17165_ Y
Warning: 2 mpins for iterm _17165_ VPWR
Warning: 2 mpins for iterm _17165_ VGND
Warning: 2 mpins for iterm _17169_ A
Warning: 2 mpins for iterm _17169_ Y
Warning: 2 mpins for iterm _17169_ VPWR
Warning: 2 mpins for iterm _17169_ VGND
Warning: 2 mpins for iterm _17245_ A
Warning: 2 mpins for iterm _17245_ Y
Warning: 2 mpins for iterm _17245_ VPWR
Warning: 2 mpins for iterm _17245_ VGND
Warning: 2 mpins for iterm _17251_ A
Warning: 2 mpins for iterm _17251_ Y
Warning: 2 mpins for iterm _17251_ VPWR
Warning: 2 mpins for iterm _17251_ VGND
Warning: 2 mpins for iterm _17310_ A
Warning: 2 mpins for iterm _17310_ Y
Warning: 2 mpins for iterm _17310_ VPWR
Warning: 2 mpins for iterm _17310_ VGND
Warning: 2 mpins for iterm _17525_ A
Warning: 2 mpins for iterm _17525_ Y
Warning: 2 mpins for iterm _17525_ VPWR
Warning: 2 mpins for iterm _17525_ VGND
Warning: 2 mpins for iterm _17589_ A
Warning: 2 mpins for iterm _17589_ Y
Warning: 2 mpins for iterm _17589_ VPWR
Warning: 2 mpins for iterm _17589_ VGND
Warning: 2 mpins for iterm _17604_ A
Warning: 2 mpins for iterm _17604_ Y
Warning: 2 mpins for iterm _17604_ VPWR
Warning: 2 mpins for iterm _17604_ VGND
Warning: 2 mpins for iterm _17655_ A
Warning: 2 mpins for iterm _17655_ Y
Warning: 2 mpins for iterm _17655_ VPWR
Warning: 2 mpins for iterm _17655_ VGND
Warning: 2 mpins for iterm _17705_ A
Warning: 2 mpins for iterm _17705_ Y
Warning: 2 mpins for iterm _17705_ VPWR
Warning: 2 mpins for iterm _17705_ VGND
Warning: 2 mpins for iterm _17734_ A
Warning: 2 mpins for iterm _17734_ Y
Warning: 2 mpins for iterm _17734_ VPWR
Warning: 2 mpins for iterm _17734_ VGND
Warning: 2 mpins for iterm _17929_ A
Warning: 2 mpins for iterm _17929_ Y
Warning: 2 mpins for iterm _17929_ VPWR
Warning: 2 mpins for iterm _17929_ VGND
Warning: 2 mpins for iterm _18069_ A
Warning: 2 mpins for iterm _18069_ Y
Warning: 2 mpins for iterm _18069_ VPWR
Warning: 2 mpins for iterm _18069_ VGND
Warning: 2 mpins for iterm _18256_ A
Warning: 2 mpins for iterm _18256_ Y
Warning: 2 mpins for iterm _18256_ VPWR
Warning: 2 mpins for iterm _18256_ VGND
Warning: 2 mpins for iterm _18472_ A
Warning: 2 mpins for iterm _18472_ Y
Warning: 2 mpins for iterm _18472_ VPWR
Warning: 2 mpins for iterm _18472_ VGND
Warning: 2 mpins for iterm _18474_ A
Warning: 2 mpins for iterm _18474_ Y
Warning: 2 mpins for iterm _18474_ VPWR
Warning: 2 mpins for iterm _18474_ VGND
Warning: 2 mpins for iterm _18722_ A
Warning: 2 mpins for iterm _18722_ Y
Warning: 2 mpins for iterm _18722_ VPWR
Warning: 2 mpins for iterm _18722_ VGND
Warning: 2 mpins for iterm _19173_ A
Warning: 2 mpins for iterm _19173_ Y
Warning: 2 mpins for iterm _19173_ VPWR
Warning: 2 mpins for iterm _19173_ VGND
Warning: 2 mpins for iterm _19187_ A
Warning: 2 mpins for iterm _19187_ Y
Warning: 2 mpins for iterm _19187_ VPWR
Warning: 2 mpins for iterm _19187_ VGND
Warning: 2 mpins for iterm _19386_ A
Warning: 2 mpins for iterm _19386_ Y
Warning: 2 mpins for iterm _19386_ VPWR
Warning: 2 mpins for iterm _19386_ VGND
Warning: 2 mpins for iterm _19673_ A
Warning: 2 mpins for iterm _19673_ Y
Warning: 2 mpins for iterm _19673_ VPWR
Warning: 2 mpins for iterm _19673_ VGND
Warning: 2 mpins for iterm _19679_ A
Warning: 2 mpins for iterm _19679_ Y
Warning: 2 mpins for iterm _19679_ VPWR
Warning: 2 mpins for iterm _19679_ VGND
Warning: 2 mpins for iterm _19683_ A
Warning: 2 mpins for iterm _19683_ Y
Warning: 2 mpins for iterm _19683_ VPWR
Warning: 2 mpins for iterm _19683_ VGND
Warning: 2 mpins for iterm _19992_ A
Warning: 2 mpins for iterm _19992_ Y
Warning: 2 mpins for iterm _19992_ VPWR
Warning: 2 mpins for iterm _19992_ VGND
Warning: 2 mpins for iterm _20048_ A
Warning: 2 mpins for iterm _20048_ Y
Warning: 2 mpins for iterm _20048_ VPWR
Warning: 2 mpins for iterm _20048_ VGND
Warning: 2 mpins for iterm _20049_ A
Warning: 2 mpins for iterm _20049_ Y
Warning: 2 mpins for iterm _20049_ VPWR
Warning: 2 mpins for iterm _20049_ VGND
Warning: 2 mpins for iterm _20312_ A
Warning: 2 mpins for iterm _20312_ Y
Warning: 2 mpins for iterm _20312_ VPWR
Warning: 2 mpins for iterm _20312_ VGND
Warning: 2 mpins for iterm _20316_ A
Warning: 2 mpins for iterm _20316_ Y
Warning: 2 mpins for iterm _20316_ VPWR
Warning: 2 mpins for iterm _20316_ VGND
Warning: 2 mpins for iterm _20317_ A
Warning: 2 mpins for iterm _20317_ Y
Warning: 2 mpins for iterm _20317_ VPWR
Warning: 2 mpins for iterm _20317_ VGND
Warning: 2 mpins for iterm _20321_ A
Warning: 2 mpins for iterm _20321_ Y
Warning: 2 mpins for iterm _20321_ VPWR
Warning: 2 mpins for iterm _20321_ VGND
Warning: 2 mpins for iterm _20377_ A
Warning: 2 mpins for iterm _20377_ Y
Warning: 2 mpins for iterm _20377_ VPWR
Warning: 2 mpins for iterm _20377_ VGND
Warning: 2 mpins for iterm _20379_ A
Warning: 2 mpins for iterm _20379_ Y
Warning: 2 mpins for iterm _20379_ VPWR
Warning: 2 mpins for iterm _20379_ VGND
Warning: 2 mpins for iterm _20380_ A
Warning: 2 mpins for iterm _20380_ Y
Warning: 2 mpins for iterm _20380_ VPWR
Warning: 2 mpins for iterm _20380_ VGND
Warning: 2 mpins for iterm _20517_ A
Warning: 2 mpins for iterm _20517_ Y
Warning: 2 mpins for iterm _20517_ VPWR
Warning: 2 mpins for iterm _20517_ VGND
Warning: 2 mpins for iterm _20772_ A
Warning: 2 mpins for iterm _20772_ Y
Warning: 2 mpins for iterm _20772_ VPWR
Warning: 2 mpins for iterm _20772_ VGND
Warning: 2 mpins for iterm _20917_ A
Warning: 2 mpins for iterm _20917_ Y
Warning: 2 mpins for iterm _20917_ VPWR
Warning: 2 mpins for iterm _20917_ VGND
Warning: 2 mpins for iterm _20923_ A
Warning: 2 mpins for iterm _20923_ Y
Warning: 2 mpins for iterm _20923_ VPWR
Warning: 2 mpins for iterm _20923_ VGND
Warning: 2 mpins for iterm _21122_ A
Warning: 2 mpins for iterm _21122_ Y
Warning: 2 mpins for iterm _21122_ VPWR
Warning: 2 mpins for iterm _21122_ VGND
Warning: 2 mpins for iterm _21156_ A
Warning: 2 mpins for iterm _21156_ Y
Warning: 2 mpins for iterm _21156_ VPWR
Warning: 2 mpins for iterm _21156_ VGND
Warning: 2 mpins for iterm _21328_ A
Warning: 2 mpins for iterm _21328_ Y
Warning: 2 mpins for iterm _21328_ VPWR
Warning: 2 mpins for iterm _21328_ VGND
Warning: 2 mpins for iterm _22639_ A
Warning: 2 mpins for iterm _22639_ Y
Warning: 2 mpins for iterm _22639_ VPWR
Warning: 2 mpins for iterm _22639_ VGND
Warning: 2 mpins for iterm _22773_ A
Warning: 2 mpins for iterm _22773_ Y
Warning: 2 mpins for iterm _22773_ VPWR
Warning: 2 mpins for iterm _22773_ VGND
Warning: 2 mpins for iterm _23021_ A
Warning: 2 mpins for iterm _23021_ Y
Warning: 2 mpins for iterm _23021_ VPWR
Warning: 2 mpins for iterm _23021_ VGND
Warning: 2 mpins for iterm _23055_ A
Warning: 2 mpins for iterm _23055_ Y
Warning: 2 mpins for iterm _23055_ VPWR
Warning: 2 mpins for iterm _23055_ VGND
Warning: 2 mpins for iterm _23185_ A
Warning: 2 mpins for iterm _23185_ Y
Warning: 2 mpins for iterm _23185_ VPWR
Warning: 2 mpins for iterm _23185_ VGND
Warning: 2 mpins for iterm _23755_ A
Warning: 2 mpins for iterm _23755_ Y
Warning: 2 mpins for iterm _23755_ VPWR
Warning: 2 mpins for iterm _23755_ VGND
Warning: 2 mpins for iterm _23796_ A
Warning: 2 mpins for iterm _23796_ Y
Warning: 2 mpins for iterm _23796_ VPWR
Warning: 2 mpins for iterm _23796_ VGND
Warning: 2 mpins for iterm _24236_ A
Warning: 2 mpins for iterm _24236_ Y
Warning: 2 mpins for iterm _24236_ VPWR
Warning: 2 mpins for iterm _24236_ VGND
Warning: 2 mpins for iterm _24331_ A
Warning: 2 mpins for iterm _24331_ Y
Warning: 2 mpins for iterm _24331_ VPWR
Warning: 2 mpins for iterm _24331_ VGND
Warning: 2 mpins for iterm _24476_ A
Warning: 2 mpins for iterm _24476_ Y
Warning: 2 mpins for iterm _24476_ VPWR
Warning: 2 mpins for iterm _24476_ VGND
Warning: 2 mpins for iterm _24567_ A
Warning: 2 mpins for iterm _24567_ Y
Warning: 2 mpins for iterm _24567_ VPWR
Warning: 2 mpins for iterm _24567_ VGND
Warning: 2 mpins for iterm _24593_ A
Warning: 2 mpins for iterm _24593_ Y
Warning: 2 mpins for iterm _24593_ VPWR
Warning: 2 mpins for iterm _24593_ VGND
Warning: 2 mpins for iterm _24612_ A
Warning: 2 mpins for iterm _24612_ Y
Warning: 2 mpins for iterm _24612_ VPWR
Warning: 2 mpins for iterm _24612_ VGND
Warning: 2 mpins for iterm _24623_ A
Warning: 2 mpins for iterm _24623_ Y
Warning: 2 mpins for iterm _24623_ VPWR
Warning: 2 mpins for iterm _24623_ VGND
Warning: 2 mpins for iterm _24639_ A
Warning: 2 mpins for iterm _24639_ Y
Warning: 2 mpins for iterm _24639_ VPWR
Warning: 2 mpins for iterm _24639_ VGND
Warning: 2 mpins for iterm _24652_ A
Warning: 2 mpins for iterm _24652_ Y
Warning: 2 mpins for iterm _24652_ VPWR
Warning: 2 mpins for iterm _24652_ VGND
Warning: 2 mpins for iterm _24664_ A
Warning: 2 mpins for iterm _24664_ Y
Warning: 2 mpins for iterm _24664_ VPWR
Warning: 2 mpins for iterm _24664_ VGND
Warning: 2 mpins for iterm _24669_ A
Warning: 2 mpins for iterm _24669_ Y
Warning: 2 mpins for iterm _24669_ VPWR
Warning: 2 mpins for iterm _24669_ VGND
Warning: 2 mpins for iterm _25174_ A
Warning: 2 mpins for iterm _25174_ Y
Warning: 2 mpins for iterm _25174_ VPWR
Warning: 2 mpins for iterm _25174_ VGND
Warning: 2 mpins for iterm _25175_ A
Warning: 2 mpins for iterm _25175_ Y
Warning: 2 mpins for iterm _25175_ VPWR
Warning: 2 mpins for iterm _25175_ VGND
Warning: 2 mpins for iterm _26759_ A
Warning: 2 mpins for iterm _26759_ Y
Warning: 2 mpins for iterm _26759_ VPWR
Warning: 2 mpins for iterm _26759_ VGND
Warning: 2 mpins for iterm _26761_ A
Warning: 2 mpins for iterm _26761_ Y
Warning: 2 mpins for iterm _26761_ VPWR
Warning: 2 mpins for iterm _26761_ VGND
Warning: 2 mpins for iterm _26773_ A
Warning: 2 mpins for iterm _26773_ Y
Warning: 2 mpins for iterm _26773_ VPWR
Warning: 2 mpins for iterm _26773_ VGND
Warning: 2 mpins for iterm _26869_ A
Warning: 2 mpins for iterm _26869_ Y
Warning: 2 mpins for iterm _26869_ VPWR
Warning: 2 mpins for iterm _26869_ VGND
Warning: 2 mpins for iterm _27203_ A
Warning: 2 mpins for iterm _27203_ Y
Warning: 2 mpins for iterm _27203_ VPWR
Warning: 2 mpins for iterm _27203_ VGND
Warning: 2 mpins for iterm _27209_ A
Warning: 2 mpins for iterm _27209_ Y
Warning: 2 mpins for iterm _27209_ VPWR
Warning: 2 mpins for iterm _27209_ VGND
Warning: 2 mpins for iterm _27218_ A
Warning: 2 mpins for iterm _27218_ Y
Warning: 2 mpins for iterm _27218_ VPWR
Warning: 2 mpins for iterm _27218_ VGND
Warning: 2 mpins for iterm _27301_ A
Warning: 2 mpins for iterm _27301_ Y
Warning: 2 mpins for iterm _27301_ VPWR
Warning: 2 mpins for iterm _27301_ VGND
Warning: 2 mpins for iterm _27379_ A
Warning: 2 mpins for iterm _27379_ Y
Warning: 2 mpins for iterm _27379_ VPWR
Warning: 2 mpins for iterm _27379_ VGND
Warning: 2 mpins for iterm _27414_ A
Warning: 2 mpins for iterm _27414_ Y
Warning: 2 mpins for iterm _27414_ VPWR
Warning: 2 mpins for iterm _27414_ VGND
Warning: 2 mpins for iterm _27427_ A
Warning: 2 mpins for iterm _27427_ Y
Warning: 2 mpins for iterm _27427_ VPWR
Warning: 2 mpins for iterm _27427_ VGND
Warning: 2 mpins for iterm _27444_ A
Warning: 2 mpins for iterm _27444_ Y
Warning: 2 mpins for iterm _27444_ VPWR
Warning: 2 mpins for iterm _27444_ VGND
Warning: 2 mpins for iterm _27447_ A
Warning: 2 mpins for iterm _27447_ Y
Warning: 2 mpins for iterm _27447_ VPWR
Warning: 2 mpins for iterm _27447_ VGND
Warning: 2 mpins for iterm _27514_ A
Warning: 2 mpins for iterm _27514_ Y
Warning: 2 mpins for iterm _27514_ VPWR
Warning: 2 mpins for iterm _27514_ VGND
Warning: 2 mpins for iterm _27568_ A
Warning: 2 mpins for iterm _27568_ Y
Warning: 2 mpins for iterm _27568_ VPWR
Warning: 2 mpins for iterm _27568_ VGND
Warning: 2 mpins for iterm _27847_ A
Warning: 2 mpins for iterm _27847_ Y
Warning: 2 mpins for iterm _27847_ VPWR
Warning: 2 mpins for iterm _27847_ VGND
Warning: 2 mpins for iterm _27890_ A
Warning: 2 mpins for iterm _27890_ Y
Warning: 2 mpins for iterm _27890_ VPWR
Warning: 2 mpins for iterm _27890_ VGND
Warning: 2 mpins for iterm _28117_ A
Warning: 2 mpins for iterm _28117_ Y
Warning: 2 mpins for iterm _28117_ VPWR
Warning: 2 mpins for iterm _28117_ VGND
Warning: 2 mpins for iterm _28237_ A
Warning: 2 mpins for iterm _28237_ Y
Warning: 2 mpins for iterm _28237_ VPWR
Warning: 2 mpins for iterm _28237_ VGND
Warning: 2 mpins for iterm _28243_ A
Warning: 2 mpins for iterm _28243_ Y
Warning: 2 mpins for iterm _28243_ VPWR
Warning: 2 mpins for iterm _28243_ VGND
Warning: 2 mpins for iterm _28246_ A
Warning: 2 mpins for iterm _28246_ Y
Warning: 2 mpins for iterm _28246_ VPWR
Warning: 2 mpins for iterm _28246_ VGND
Warning: 2 mpins for iterm _28249_ A
Warning: 2 mpins for iterm _28249_ Y
Warning: 2 mpins for iterm _28249_ VPWR
Warning: 2 mpins for iterm _28249_ VGND
Warning: 2 mpins for iterm _28253_ A
Warning: 2 mpins for iterm _28253_ Y
Warning: 2 mpins for iterm _28253_ VPWR
Warning: 2 mpins for iterm _28253_ VGND
Warning: 2 mpins for iterm _28257_ A
Warning: 2 mpins for iterm _28257_ Y
Warning: 2 mpins for iterm _28257_ VPWR
Warning: 2 mpins for iterm _28257_ VGND
Warning: 2 mpins for iterm _28261_ A
Warning: 2 mpins for iterm _28261_ Y
Warning: 2 mpins for iterm _28261_ VPWR
Warning: 2 mpins for iterm _28261_ VGND
Warning: 2 mpins for iterm _28265_ A
Warning: 2 mpins for iterm _28265_ Y
Warning: 2 mpins for iterm _28265_ VPWR
Warning: 2 mpins for iterm _28265_ VGND
Warning: 2 mpins for iterm _28268_ A
Warning: 2 mpins for iterm _28268_ Y
Warning: 2 mpins for iterm _28268_ VPWR
Warning: 2 mpins for iterm _28268_ VGND
Warning: 2 mpins for iterm _28271_ A
Warning: 2 mpins for iterm _28271_ Y
Warning: 2 mpins for iterm _28271_ VPWR
Warning: 2 mpins for iterm _28271_ VGND
Warning: 2 mpins for iterm _28275_ A
Warning: 2 mpins for iterm _28275_ Y
Warning: 2 mpins for iterm _28275_ VPWR
Warning: 2 mpins for iterm _28275_ VGND
Warning: 2 mpins for iterm _28279_ A
Warning: 2 mpins for iterm _28279_ Y
Warning: 2 mpins for iterm _28279_ VPWR
Warning: 2 mpins for iterm _28279_ VGND
Warning: 2 mpins for iterm _28283_ A
Warning: 2 mpins for iterm _28283_ Y
Warning: 2 mpins for iterm _28283_ VPWR
Warning: 2 mpins for iterm _28283_ VGND
Warning: 2 mpins for iterm _28287_ A
Warning: 2 mpins for iterm _28287_ Y
Warning: 2 mpins for iterm _28287_ VPWR
Warning: 2 mpins for iterm _28287_ VGND
Warning: 2 mpins for iterm _28290_ A
Warning: 2 mpins for iterm _28290_ Y
Warning: 2 mpins for iterm _28290_ VPWR
Warning: 2 mpins for iterm _28290_ VGND
Warning: 2 mpins for iterm _28293_ A
Warning: 2 mpins for iterm _28293_ Y
Warning: 2 mpins for iterm _28293_ VPWR
Warning: 2 mpins for iterm _28293_ VGND
Warning: 2 mpins for iterm _28297_ A
Warning: 2 mpins for iterm _28297_ Y
Warning: 2 mpins for iterm _28297_ VPWR
Warning: 2 mpins for iterm _28297_ VGND
Warning: 2 mpins for iterm _28301_ A
Warning: 2 mpins for iterm _28301_ Y
Warning: 2 mpins for iterm _28301_ VPWR
Warning: 2 mpins for iterm _28301_ VGND
Warning: 2 mpins for iterm _28305_ A
Warning: 2 mpins for iterm _28305_ Y
Warning: 2 mpins for iterm _28305_ VPWR
Warning: 2 mpins for iterm _28305_ VGND
Warning: 2 mpins for iterm _28309_ A
Warning: 2 mpins for iterm _28309_ Y
Warning: 2 mpins for iterm _28309_ VPWR
Warning: 2 mpins for iterm _28309_ VGND
Warning: 2 mpins for iterm _28312_ A
Warning: 2 mpins for iterm _28312_ Y
Warning: 2 mpins for iterm _28312_ VPWR
Warning: 2 mpins for iterm _28312_ VGND
Warning: 2 mpins for iterm _28315_ A
Warning: 2 mpins for iterm _28315_ Y
Warning: 2 mpins for iterm _28315_ VPWR
Warning: 2 mpins for iterm _28315_ VGND
Warning: 2 mpins for iterm _28319_ A
Warning: 2 mpins for iterm _28319_ Y
Warning: 2 mpins for iterm _28319_ VPWR
Warning: 2 mpins for iterm _28319_ VGND
Warning: 2 mpins for iterm _28322_ A
Warning: 2 mpins for iterm _28322_ Y
Warning: 2 mpins for iterm _28322_ VPWR
Warning: 2 mpins for iterm _28322_ VGND
Warning: 2 mpins for iterm _28325_ A
Warning: 2 mpins for iterm _28325_ Y
Warning: 2 mpins for iterm _28325_ VPWR
Warning: 2 mpins for iterm _28325_ VGND
Warning: 2 mpins for iterm _28328_ A
Warning: 2 mpins for iterm _28328_ Y
Warning: 2 mpins for iterm _28328_ VPWR
Warning: 2 mpins for iterm _28328_ VGND
Warning: 2 mpins for iterm _28331_ A
Warning: 2 mpins for iterm _28331_ Y
Warning: 2 mpins for iterm _28331_ VPWR
Warning: 2 mpins for iterm _28331_ VGND
Warning: 2 mpins for iterm _28624_ A
Warning: 2 mpins for iterm _28624_ Y
Warning: 2 mpins for iterm _28624_ VPWR
Warning: 2 mpins for iterm _28624_ VGND
Warning: 2 mpins for iterm _28765_ A
Warning: 2 mpins for iterm _28765_ Y
Warning: 2 mpins for iterm _28765_ VPWR
Warning: 2 mpins for iterm _28765_ VGND
Warning: 2 mpins for iterm _28796_ A
Warning: 2 mpins for iterm _28796_ Y
Warning: 2 mpins for iterm _28796_ VPWR
Warning: 2 mpins for iterm _28796_ VGND
Warning: 2 mpins for iterm _28842_ A
Warning: 2 mpins for iterm _28842_ Y
Warning: 2 mpins for iterm _28842_ VPWR
Warning: 2 mpins for iterm _28842_ VGND
Warning: 2 mpins for iterm _28889_ A
Warning: 2 mpins for iterm _28889_ Y
Warning: 2 mpins for iterm _28889_ VPWR
Warning: 2 mpins for iterm _28889_ VGND
Traceback (most recent call last):
  File "/openlane/scripts/odbpy/power_utils.py", line 1148, in <module>
    cli()
  File "/nix/store/6sszs80r74y1k2i9ydk7g590ng4h72nh-python3-3.11.6-env/lib/python3.11/site-packages/click/core.py", line 1157, in __call__
    return self.main(*args, **kwargs)
           ^^^^^^^^^^^^^^^^^^^^^^^^^^
  File "/nix/store/6sszs80r74y1k2i9ydk7g590ng4h72nh-python3-3.11.6-env/lib/python3.11/site-packages/click/core.py", line 1078, in main
    rv = self.invoke(ctx)
         ^^^^^^^^^^^^^^^^
  File "/nix/store/6sszs80r74y1k2i9ydk7g590ng4h72nh-python3-3.11.6-env/lib/python3.11/site-packages/click/core.py", line 1688, in invoke
    return _process_result(sub_ctx.command.invoke(sub_ctx))
                           ^^^^^^^^^^^^^^^^^^^^^^^^^^^^^^^
  File "/nix/store/6sszs80r74y1k2i9ydk7g590ng4h72nh-python3-3.11.6-env/lib/python3.11/site-packages/click/core.py", line 1434, in invoke
    return ctx.invoke(self.callback, **ctx.params)
           ^^^^^^^^^^^^^^^^^^^^^^^^^^^^^^^^^^^^^^^
  File "/nix/store/6sszs80r74y1k2i9ydk7g590ng4h72nh-python3-3.11.6-env/lib/python3.11/site-packages/click/core.py", line 783, in invoke
    return __callback(*args, **kwargs)
           ^^^^^^^^^^^^^^^^^^^^^^^^^^^
  File "/openlane/scripts/odbpy/reader.py", line 90, in wrapper
    function(**kwargs)
  File "/openlane/scripts/odbpy/power_utils.py", line 847, in power_route
    assert len({box["type"]: None for box in ALL_BOXES}) == 3
           ^^^^^^^^^^^^^^^^^^^^^^^^^^^^^^^^^^^^^^^^^^^^^^^^^^
AssertionError
