Sun Jul 21 13:29:35 +0000 2024 - Executing "{openroad -exit -no_init -python /openlane/scripts/odbpy/lefutil.py get_metal_layers -o /openlane/designs/picorv32a/runs/RUN_2024.07.20_08.14.22/tmp/layers.list /home/srujan/.volare/sky130A/libs.ref/sky130_fd_sc_hd/techlef/sky130_fd_sc_hd__nom.tlef}"

Sun Jul 21 13:29:35 +0000 2024 - Executing "{/openlane/scripts/mergeLef.py -o /openlane/designs/picorv32a/runs/RUN_2024.07.20_08.14.22/tmp/merged.nom.lef -i /home/srujan/.volare/sky130A/libs.ref/sky130_fd_sc_hd/techlef/sky130_fd_sc_hd__nom.tlef {/home/srujan/.volare/sky130A/libs.ref/sky130_fd_sc_hd/lef/sky130_ef_sc_hd.lef /home/srujan/.volare/sky130A/libs.ref/sky130_fd_sc_hd/lef/sky130_fd_sc_hd.lef} |& tee /dev/null}"

Sun Jul 21 13:29:35 +0000 2024 - Executing "{/openlane/scripts/mergeLef.py -o /openlane/designs/picorv32a/runs/RUN_2024.07.20_08.14.22/tmp/merged.nom.lef -i /openlane/designs/picorv32a/runs/RUN_2024.07.20_08.14.22/tmp/merged.nom.lef /openlane/designs/picorv32a/src/rusty_inv.lef |& tee /dev/null}"

Sun Jul 21 13:29:35 +0000 2024 - Executing "{/openlane/scripts/mergeLef.py -o /openlane/designs/picorv32a/runs/RUN_2024.07.20_08.14.22/tmp/merged.min.lef -i /home/srujan/.volare/sky130A/libs.ref/sky130_fd_sc_hd/techlef/sky130_fd_sc_hd__min.tlef {/home/srujan/.volare/sky130A/libs.ref/sky130_fd_sc_hd/lef/sky130_ef_sc_hd.lef /home/srujan/.volare/sky130A/libs.ref/sky130_fd_sc_hd/lef/sky130_fd_sc_hd.lef} |& tee /dev/null}"

Sun Jul 21 13:29:35 +0000 2024 - Executing "{/openlane/scripts/mergeLef.py -o /openlane/designs/picorv32a/runs/RUN_2024.07.20_08.14.22/tmp/merged.min.lef -i /openlane/designs/picorv32a/runs/RUN_2024.07.20_08.14.22/tmp/merged.min.lef /openlane/designs/picorv32a/src/rusty_inv.lef |& tee /dev/null}"

Sun Jul 21 13:29:35 +0000 2024 - Executing "{/openlane/scripts/mergeLef.py -o /openlane/designs/picorv32a/runs/RUN_2024.07.20_08.14.22/tmp/merged.max.lef -i /home/srujan/.volare/sky130A/libs.ref/sky130_fd_sc_hd/techlef/sky130_fd_sc_hd__max.tlef {/home/srujan/.volare/sky130A/libs.ref/sky130_fd_sc_hd/lef/sky130_ef_sc_hd.lef /home/srujan/.volare/sky130A/libs.ref/sky130_fd_sc_hd/lef/sky130_fd_sc_hd.lef} |& tee /dev/null}"

Sun Jul 21 13:29:35 +0000 2024 - Executing "{/openlane/scripts/mergeLef.py -o /openlane/designs/picorv32a/runs/RUN_2024.07.20_08.14.22/tmp/merged.max.lef -i /openlane/designs/picorv32a/runs/RUN_2024.07.20_08.14.22/tmp/merged.max.lef /openlane/designs/picorv32a/src/rusty_inv.lef |& tee /dev/null}"

Sun Jul 21 13:29:35 +0000 2024 - Executing "{python3 /openlane/scripts/mergeLib.py --output /openlane/designs/picorv32a/runs/RUN_2024.07.20_08.14.22/tmp/synthesis/merged.lib --name sky130A_merged /openlane/designs/picorv32a/src/sky130_fd_sc_hd__typical.lib}"

Sun Jul 21 13:29:36 +0000 2024 - Executing "{python3 /openlane/scripts/libtrim.py --cell-file /openlane/designs/picorv32a/runs/RUN_2024.07.20_08.14.22/tmp/synthesis/trimmed.lib.exclude.list --output /openlane/designs/picorv32a/runs/RUN_2024.07.20_08.14.22/tmp/synthesis/trimmed.lib /openlane/designs/picorv32a/runs/RUN_2024.07.20_08.14.22/tmp/synthesis/merged.lib}"

Sun Jul 21 13:29:36 +0000 2024 - Executing "{python3 /openlane/scripts/libtrim.py --cell-file /openlane/designs/picorv32a/runs/RUN_2024.07.20_08.14.22/tmp/cts/cts.lib.exclude.list --output /openlane/designs/picorv32a/runs/RUN_2024.07.20_08.14.22/tmp/cts/cts.lib /openlane/designs/picorv32a/src/sky130_fd_sc_hd__typical.lib}"

Sun Jul 21 13:29:36 +0000 2024 - Executing "{python3 /openlane/scripts/libtrim.py --cell-file /openlane/designs/picorv32a/runs/RUN_2024.07.20_08.14.22/tmp/cts/cts-fastest.lib.exclude.list --output /openlane/designs/picorv32a/runs/RUN_2024.07.20_08.14.22/tmp/cts/cts-fastest.lib /openlane/designs/picorv32a/src/sky130_fd_sc_hd__fast.lib}"

Sun Jul 21 13:29:36 +0000 2024 - Executing "{python3 /openlane/scripts/libtrim.py --cell-file /openlane/designs/picorv32a/runs/RUN_2024.07.20_08.14.22/tmp/cts/cts-slowest.lib.exclude.list --output /openlane/designs/picorv32a/runs/RUN_2024.07.20_08.14.22/tmp/cts/cts-slowest.lib /openlane/designs/picorv32a/src/sky130_fd_sc_hd__slow.lib}"

Sun Jul 21 13:29:36 +0000 2024 - Executing "{python3 /openlane/scripts/new_tracks.py -i /home/srujan/.volare/sky130A/libs.tech/openlane/sky130_fd_sc_hd/tracks.info -o /openlane/designs/picorv32a/runs/RUN_2024.07.20_08.14.22/tmp/routing/config.tracks}"

Sun Jul 21 13:29:36 +0000 2024 - Executing "{echo {OpenLane a0e805e70f9dca8e80286ed807195008a2fc36c0} > /openlane/designs/picorv32a/runs/RUN_2024.07.20_08.14.22/OPENLANE_VERSION}"

Sun Jul 21 13:30:13 +0000 2024 - Executing "{/openlane/scripts/mergeLef.py -i /openlane/designs/picorv32a/runs/RUN_2024.07.20_08.14.22/tmp/merged.nom.lef /openlane/designs/picorv32a/src/rusty_inv.lef -o /openlane/designs/picorv32a/runs/RUN_2024.07.20_08.14.22/tmp/merged.nom.lef.new}"

Sun Jul 21 13:30:13 +0000 2024 - Executing "{mv /openlane/designs/picorv32a/runs/RUN_2024.07.20_08.14.22/tmp/merged.nom.lef.new /openlane/designs/picorv32a/runs/RUN_2024.07.20_08.14.22/tmp/merged.nom.lef}"

Sun Jul 21 13:30:49 +0000 2024 - Executing "{sed -E {s/^([[:space:]]+)pg_pin(.*)/\1pin\2\n\1    direction : "inout";/g} /openlane/designs/picorv32a/src/sky130_fd_sc_hd__typical.lib > /openlane/designs/picorv32a/runs/RUN_2024.07.20_08.14.22/tmp/synthesis/1-sky130_fd_sc_hd__typical.no_pg.lib}"

Sun Jul 21 13:30:50 +0000 2024 - Executing "{sed -E {s/^([[:space:]]+)pg_pin(.*)/\1pin\2\n\1    direction : "inout";/g} /openlane/designs/picorv32a/runs/RUN_2024.07.20_08.14.22/tmp/synthesis/trimmed.lib > /openlane/designs/picorv32a/runs/RUN_2024.07.20_08.14.22/tmp/synthesis/1-trimmed.no_pg.lib}"

Sun Jul 21 13:30:50 +0000 2024 - Executing "yosys -c /openlane/scripts/yosys/synth.tcl |& tee /dev/null /openlane/designs/picorv32a/runs/RUN_2024.07.20_08.14.22/logs/synthesis/1-synthesis.log"

Sun Jul 21 13:30:50 +0000 2024 - Executing "{yosys -c /openlane/scripts/yosys/synth.tcl |& tee /dev/null /openlane/designs/picorv32a/runs/RUN_2024.07.20_08.14.22/logs/synthesis/1-synthesis.log}"

Sun Jul 21 13:31:13 +0000 2024 - Executing "{sed -i.bak -e {s/\(set ::env(CURRENT_NETLIST)\).*/\1 \/openlane\/designs\/picorv32a\/runs\/RUN_2024.07.20_08.14.22\/results\/synthesis\/picorv32a.v/} /openlane/designs/picorv32a/runs/RUN_2024.07.20_08.14.22/config.tcl}"

Sun Jul 21 13:31:13 +0000 2024 - Executing "{sed -i.bak /defparam/d /openlane/designs/picorv32a/runs/RUN_2024.07.20_08.14.22/results/synthesis/picorv32a.v}"

Sun Jul 21 13:31:13 +0000 2024 - Executing "sta -exit -no_init /openlane/scripts/openroad/sta/multi_corner.tcl |& tee /dev/null /openlane/designs/picorv32a/runs/RUN_2024.07.20_08.14.22/logs/synthesis/2-sta.log"

Sun Jul 21 13:31:13 +0000 2024 - Executing "{sta -exit -no_init /openlane/scripts/openroad/sta/multi_corner.tcl |& tee /dev/null /openlane/designs/picorv32a/runs/RUN_2024.07.20_08.14.22/logs/synthesis/2-sta.log}"

Sun Jul 21 13:32:03 +0000 2024 - Executing "openroad -exit /openlane/scripts/openroad/floorplan.tcl |& tee /dev/null /openlane/designs/picorv32a/runs/RUN_2024.07.20_08.14.22/logs/floorplan/3-initial_fp.log"

Sun Jul 21 13:32:03 +0000 2024 - Executing "{openroad -exit /openlane/scripts/openroad/floorplan.tcl |& tee /dev/null /openlane/designs/picorv32a/runs/RUN_2024.07.20_08.14.22/logs/floorplan/3-initial_fp.log}"

Sun Jul 21 13:32:03 +0000 2024 - Executing "{openroad -exit -no_init -python /openlane/scripts/odbpy/defutil.py extract_core_dims --output-data /openlane/designs/picorv32a/runs/RUN_2024.07.20_08.14.22/tmp/dimensions.txt --input-lef /openlane/designs/picorv32a/runs/RUN_2024.07.20_08.14.22/tmp/merged.nom.lef /openlane/designs/picorv32a/runs/RUN_2024.07.20_08.14.22/tmp/floorplan/3-initial_fp.def}"

Sun Jul 21 13:32:08 +0000 2024 - Executing "openroad -exit /openlane/scripts/openroad/ioplacer.tcl |& tee /dev/null /openlane/designs/picorv32a/runs/RUN_2024.07.20_08.14.22/logs/floorplan/4-io.log"

Sun Jul 21 13:32:08 +0000 2024 - Executing "{openroad -exit /openlane/scripts/openroad/ioplacer.tcl |& tee /dev/null /openlane/designs/picorv32a/runs/RUN_2024.07.20_08.14.22/logs/floorplan/4-io.log}"

Sun Jul 21 13:32:15 +0000 2024 - Executing "openroad -exit /openlane/scripts/openroad/tapcell.tcl |& tee /dev/null /openlane/designs/picorv32a/runs/RUN_2024.07.20_08.14.22/logs/floorplan/5-tap.log"

Sun Jul 21 13:32:15 +0000 2024 - Executing "{openroad -exit /openlane/scripts/openroad/tapcell.tcl |& tee /dev/null /openlane/designs/picorv32a/runs/RUN_2024.07.20_08.14.22/logs/floorplan/5-tap.log}"

Sun Jul 21 13:32:39 +0000 2024 - Executing "openroad -exit /openlane/scripts/openroad/gpl.tcl |& tee /dev/null /openlane/designs/picorv32a/runs/RUN_2024.07.20_08.14.22/logs/placement/5-global_skip_io.log"

Sun Jul 21 13:32:39 +0000 2024 - Executing "{openroad -exit /openlane/scripts/openroad/gpl.tcl |& tee /dev/null /openlane/designs/picorv32a/runs/RUN_2024.07.20_08.14.22/logs/placement/5-global_skip_io.log}"

Sun Jul 21 13:32:42 +0000 2024 - Executing "{sed -i.bak -e {s/\(set ::env(CURRENT_NETLIST)\).*/\1 \/openlane\/designs\/picorv32a\/runs\/RUN_2024.07.20_08.14.22\/tmp\/placement\/6-global_skip_io.nl.v/} /openlane/designs/picorv32a/runs/RUN_2024.07.20_08.14.22/config.tcl}"

Sun Jul 21 13:32:42 +0000 2024 - Executing "openroad -exit /openlane/scripts/openroad/sta/multi_corner.tcl |& tee /dev/null /openlane/designs/picorv32a/runs/RUN_2024.07.20_08.14.22/logs/placement/7-gpl_sta.log"

Sun Jul 21 13:32:42 +0000 2024 - Executing "{openroad -exit /openlane/scripts/openroad/sta/multi_corner.tcl |& tee /dev/null /openlane/designs/picorv32a/runs/RUN_2024.07.20_08.14.22/logs/placement/7-gpl_sta.log}"

Sun Jul 21 13:32:45 +0000 2024 - Executing "openroad -exit /openlane/scripts/openroad/ioplacer.tcl |& tee /dev/null /openlane/designs/picorv32a/runs/RUN_2024.07.20_08.14.22/logs/placement/8-io.log"

Sun Jul 21 13:32:45 +0000 2024 - Executing "{openroad -exit /openlane/scripts/openroad/ioplacer.tcl |& tee /dev/null /openlane/designs/picorv32a/runs/RUN_2024.07.20_08.14.22/logs/placement/8-io.log}"

Sun Jul 21 13:32:46 +0000 2024 - Executing "openroad -exit /openlane/scripts/openroad/gpl.tcl |& tee /dev/null /openlane/designs/picorv32a/runs/RUN_2024.07.20_08.14.22/logs/placement/8-global.log"

Sun Jul 21 13:32:46 +0000 2024 - Executing "{openroad -exit /openlane/scripts/openroad/gpl.tcl |& tee /dev/null /openlane/designs/picorv32a/runs/RUN_2024.07.20_08.14.22/logs/placement/8-global.log}"

Sun Jul 21 13:32:48 +0000 2024 - Executing "{sed -i.bak -e {s/\(set ::env(CURRENT_NETLIST)\).*/\1 \/openlane\/designs\/picorv32a\/runs\/RUN_2024.07.20_08.14.22\/tmp\/placement\/9-global.nl.v/} /openlane/designs/picorv32a/runs/RUN_2024.07.20_08.14.22/config.tcl}"

Sun Jul 21 13:32:49 +0000 2024 - Executing "openroad -exit /openlane/scripts/openroad/sta/multi_corner.tcl |& tee /dev/null /openlane/designs/picorv32a/runs/RUN_2024.07.20_08.14.22/logs/placement/10-gpl_sta.log"

Sun Jul 21 13:32:49 +0000 2024 - Executing "{openroad -exit /openlane/scripts/openroad/sta/multi_corner.tcl |& tee /dev/null /openlane/designs/picorv32a/runs/RUN_2024.07.20_08.14.22/logs/placement/10-gpl_sta.log}"

Sun Jul 21 13:32:52 +0000 2024 - Executing "openroad -exit /openlane/scripts/openroad/resizer.tcl |& tee /dev/null /openlane/designs/picorv32a/runs/RUN_2024.07.20_08.14.22/logs/placement/11-resizer.log"

Sun Jul 21 13:32:52 +0000 2024 - Executing "{openroad -exit /openlane/scripts/openroad/resizer.tcl |& tee /dev/null /openlane/designs/picorv32a/runs/RUN_2024.07.20_08.14.22/logs/placement/11-resizer.log}"

Sun Jul 21 13:33:01 +0000 2024 - Executing "{sed -i.bak -e {s/\(set ::env(CURRENT_NETLIST)\).*/\1 \/openlane\/designs\/picorv32a\/runs\/RUN_2024.07.20_08.14.22\/tmp\/placement\/11-resizer.nl.v/} /openlane/designs/picorv32a/runs/RUN_2024.07.20_08.14.22/config.tcl}"

Sun Jul 21 13:33:01 +0000 2024 - Executing "openroad -exit /openlane/scripts/openroad/dpl.tcl |& tee /dev/null /openlane/designs/picorv32a/runs/RUN_2024.07.20_08.14.22/logs/placement/12-detailed.log"

Sun Jul 21 13:33:01 +0000 2024 - Executing "{openroad -exit /openlane/scripts/openroad/dpl.tcl |& tee /dev/null /openlane/designs/picorv32a/runs/RUN_2024.07.20_08.14.22/logs/placement/12-detailed.log}"

Sun Jul 21 13:33:02 +0000 2024 - Executing "{sed -i.bak -e {s/\(set ::env(CURRENT_NETLIST)\).*/\1 \/openlane\/designs\/picorv32a\/runs\/RUN_2024.07.20_08.14.22\/results\/placement\/picorv32a.nl.v/} /openlane/designs/picorv32a/runs/RUN_2024.07.20_08.14.22/config.tcl}"

Sun Jul 21 13:33:02 +0000 2024 - Executing "openroad -exit /openlane/scripts/openroad/sta/multi_corner.tcl |& tee /dev/null /openlane/designs/picorv32a/runs/RUN_2024.07.20_08.14.22/logs/placement/13-dpl_sta.log"

Sun Jul 21 13:33:02 +0000 2024 - Executing "{openroad -exit /openlane/scripts/openroad/sta/multi_corner.tcl |& tee /dev/null /openlane/designs/picorv32a/runs/RUN_2024.07.20_08.14.22/logs/placement/13-dpl_sta.log}"

Sun Jul 21 13:33:25 +0000 2024 - Executing "openroad -exit /openlane/scripts/openroad/cts.tcl |& tee /dev/null /openlane/designs/picorv32a/runs/RUN_2024.07.20_08.14.22/logs/cts/14-cts.log"

Sun Jul 21 13:33:25 +0000 2024 - Executing "{openroad -exit /openlane/scripts/openroad/cts.tcl |& tee /dev/null /openlane/designs/picorv32a/runs/RUN_2024.07.20_08.14.22/logs/cts/14-cts.log}"

Sun Jul 21 13:33:35 +0000 2024 - Executing "openroad -exit /openlane/scripts/openroad/sta/multi_corner.tcl |& tee /dev/null /openlane/designs/picorv32a/runs/RUN_2024.07.20_08.14.22/logs/cts/15-cts_sta.log"

Sun Jul 21 13:33:36 +0000 2024 - Executing "{openroad -exit /openlane/scripts/openroad/sta/multi_corner.tcl |& tee /dev/null /openlane/designs/picorv32a/runs/RUN_2024.07.20_08.14.22/logs/cts/15-cts_sta.log}"

Sun Jul 21 13:40:39 +0000 2024 - Executing "openroad -exit /openlane/scripts/openroad/pdn.tcl |& tee /dev/null /openlane/designs/picorv32a/runs/RUN_2024.07.20_08.14.22/logs/floorplan/16-pdn.log"

Sun Jul 21 13:40:39 +0000 2024 - Executing "{openroad -exit /openlane/scripts/openroad/pdn.tcl |& tee /dev/null /openlane/designs/picorv32a/runs/RUN_2024.07.20_08.14.22/logs/floorplan/16-pdn.log}"

Sun Jul 21 13:49:32 +0000 2024 - Executing "openroad -exit /openlane/scripts/openroad/resizer_routing_design.tcl |& tee /dev/null /openlane/designs/picorv32a/runs/RUN_2024.07.20_08.14.22/logs/routing/17-resizer_design.log"

Sun Jul 21 13:49:32 +0000 2024 - Executing "{openroad -exit /openlane/scripts/openroad/resizer_routing_design.tcl |& tee /dev/null /openlane/designs/picorv32a/runs/RUN_2024.07.20_08.14.22/logs/routing/17-resizer_design.log}"

Sun Jul 21 13:54:51 +0000 2024 - Executing "openroad -exit /openlane/scripts/openroad/resizer_timing.tcl |& tee /dev/null /openlane/designs/picorv32a/runs/RUN_2024.07.20_08.14.22/logs/cts/18-resizer.log"

Sun Jul 21 13:54:51 +0000 2024 - Executing "{openroad -exit /openlane/scripts/openroad/resizer_timing.tcl |& tee /dev/null /openlane/designs/picorv32a/runs/RUN_2024.07.20_08.14.22/logs/cts/18-resizer.log}"

Sun Jul 21 13:55:00 +0000 2024 - Executing "{sed -i.bak -e {s/\(set ::env(CURRENT_NETLIST)\).*/\1 \/openlane\/designs\/picorv32a\/runs\/RUN_2024.07.20_08.14.22\/tmp\/cts\/18-picorv32a.resized.nl.v/} /openlane/designs/picorv32a/runs/RUN_2024.07.20_08.14.22/config.tcl}"

Sun Jul 21 13:56:45 +0000 2024 - Executing "openroad -exit /openlane/scripts/openroad/pdn.tcl |& tee /dev/null /openlane/designs/picorv32a/runs/RUN_2024.07.20_08.14.22/logs/floorplan/19-pdn.log"

Sun Jul 21 13:56:45 +0000 2024 - Executing "{openroad -exit /openlane/scripts/openroad/pdn.tcl |& tee /dev/null /openlane/designs/picorv32a/runs/RUN_2024.07.20_08.14.22/logs/floorplan/19-pdn.log}"

Sun Jul 21 14:04:38 +0000 2024 - Executing "openroad -exit /openlane/scripts/openroad/resizer_routing_design.tcl |& tee /dev/null /openlane/designs/picorv32a/runs/RUN_2024.07.20_08.14.22/logs/routing/20-resizer_design.log"

Sun Jul 21 14:04:38 +0000 2024 - Executing "{openroad -exit /openlane/scripts/openroad/resizer_routing_design.tcl |& tee /dev/null /openlane/designs/picorv32a/runs/RUN_2024.07.20_08.14.22/logs/routing/20-resizer_design.log}"

Sun Jul 21 14:10:09 +0000 2024 - Executing "openroad -exit -metrics /openlane/designs/picorv32a/runs/RUN_2024.07.20_08.14.22/reports/routing/21-drt_metrics.json /openlane/scripts/openroad/droute.tcl |& tee /dev/null /openlane/designs/picorv32a/runs/RUN_2024.07.20_08.14.22/logs/routing/21-detailed.log"

Sun Jul 21 14:10:09 +0000 2024 - Executing "{openroad -exit -metrics /openlane/designs/picorv32a/runs/RUN_2024.07.20_08.14.22/reports/routing/21-drt_metrics.json /openlane/scripts/openroad/droute.tcl |& tee /dev/null /openlane/designs/picorv32a/runs/RUN_2024.07.20_08.14.22/logs/routing/21-detailed.log}"

Sun Jul 21 14:16:43 +0000 2024 - Executing "{openroad -exit -no_init -python /openlane/scripts/odbpy/power_utils.py power_route --core-vdd-pin VPWR --core-gnd-pin VGND --input-lef /openlane/designs/picorv32a/runs/RUN_2024.07.20_08.14.22/tmp/merged.nom.lef --output-def /openlane/designs/picorv32a/runs/RUN_2024.07.20_08.14.22/tmp/routing/22-picorv32a.power_routed.def --output /openlane/designs/picorv32a/runs/RUN_2024.07.20_08.14.22/tmp/routing/22-picorv32a.power_routed.odb /openlane/designs/picorv32a/runs/RUN_2024.07.20_08.14.22/results/floorplan/picorv32a.odb |& tee /dev/null /openlane/designs/picorv32a/runs/RUN_2024.07.20_08.14.22/logs/routing/22-power_routing.log}"

Sun Jul 21 14:17:26 +0000 2024 - Executing "openroad -exit /openlane/scripts/openroad/pdn.tcl |& tee /dev/null /openlane/designs/picorv32a/runs/RUN_2024.07.20_08.14.22/logs/floorplan/23-pdn.log"

Sun Jul 21 14:17:26 +0000 2024 - Executing "{openroad -exit /openlane/scripts/openroad/pdn.tcl |& tee /dev/null /openlane/designs/picorv32a/runs/RUN_2024.07.20_08.14.22/logs/floorplan/23-pdn.log}"

Sun Jul 21 14:17:37 +0000 2024 - Executing "openroad -exit /openlane/scripts/openroad/resizer_routing_design.tcl |& tee /dev/null /openlane/designs/picorv32a/runs/RUN_2024.07.20_08.14.22/logs/routing/24-resizer_design.log"

Sun Jul 21 14:17:37 +0000 2024 - Executing "{openroad -exit /openlane/scripts/openroad/resizer_routing_design.tcl |& tee /dev/null /openlane/designs/picorv32a/runs/RUN_2024.07.20_08.14.22/logs/routing/24-resizer_design.log}"

