[ERROR]: during executing openroad script /openlane/scripts/openroad/pdn.tcl
[ERROR]: Log: designs/picorv32a/runs/RUN_2024.07.20_08.14.22/logs/floorplan/16-pdn.log
[ERROR]: Last 10 lines:
Using 1e-06 for distance...
Reading design constraints file at '/openlane/scripts/base.sdc'…
[INFO]: Setting output delay to: 4.946000000000001
[INFO]: Setting input delay to: 4.946000000000001
[INFO]: Setting load to: 0.033442
[INFO]: Setting clock uncertainty to: 0.25
[INFO]: Setting clock transition to: 0.15
[INFO]: Setting timing derate to: 5.0 %
Error: pdn_cfg.tcl, 41 can't read "::env(VDD_NETS)": no such variable
child process exited abnormally

[ERROR]: Creating issue reproducible...
[ERROR]: during executing openroad script /openlane/scripts/openroad/resizer_routing_design.tcl
[ERROR]: Log: designs/picorv32a/runs/RUN_2024.07.20_08.14.22/logs/routing/17-resizer_design.log
[ERROR]: Last 10 lines:
[INFO GRT-0101] Running extra iterations to remove overflow.
[INFO GRT-0103] Extra Run for hard benchmark.
[INFO GRT-0197] Via related to pin nodes: 153449
[INFO GRT-0198] Via related Steiner nodes: 4207
[INFO GRT-0199] Via filling finished.
[INFO GRT-0111] Final number of vias: 235296
[INFO GRT-0112] Final usage 3D: 993747
[ERROR GRT-0119] Routing congestion too high. Check the congestion heatmap in the GUI and load /openlane/designs/picorv32a/runs/RUN_2024.07.20_08.14.22/tmp/routing/resizer-routing-design-congestion.rpt in the DRC viewer.
Error: resizer_routing_design.tcl, 46 GRT-0119
child process exited abnormally

[ERROR]: Creating issue reproducible...
[ERROR]: during executing openroad script /openlane/scripts/openroad/resizer_routing_design.tcl
[ERROR]: Log: designs/picorv32a/runs/RUN_2024.07.20_08.14.22/logs/routing/20-resizer_design.log
[ERROR]: Last 10 lines:
[INFO GRT-0101] Running extra iterations to remove overflow.
[INFO GRT-0103] Extra Run for hard benchmark.
[INFO GRT-0197] Via related to pin nodes: 156324
[INFO GRT-0198] Via related Steiner nodes: 4171
[INFO GRT-0199] Via filling finished.
[INFO GRT-0111] Final number of vias: 239210
[INFO GRT-0112] Final usage 3D: 1008863
[ERROR GRT-0119] Routing congestion too high. Check the congestion heatmap in the GUI and load /openlane/designs/picorv32a/runs/RUN_2024.07.20_08.14.22/tmp/routing/resizer-routing-design-congestion.rpt in the DRC viewer.
Error: resizer_routing_design.tcl, 46 GRT-0119
child process exited abnormally

[ERROR]: Creating issue reproducible...
[ERROR]: during executing openroad script /openlane/scripts/openroad/droute.tcl
[ERROR]: Log: designs/picorv32a/runs/RUN_2024.07.20_08.14.22/logs/routing/21-detailed.log
[ERROR]: Last 10 lines:
_31785_
[ERROR DRT-0085] Valid access pattern combination not found for 
_30315_
_29837_
_29839_
[ERROR DRT-0085] Valid access pattern combination not found for 
_29838_
_30400_
Error: droute.tcl, 40 DRT-0085
child process exited abnormally

[ERROR]: Creating issue reproducible...
[ERROR]: during executing: "openroad -exit -no_init -python /openlane/scripts/odbpy/power_utils.py power_route --core-vdd-pin VPWR --core-gnd-pin VGND --input-lef /openlane/designs/picorv32a/runs/RUN_2024.07.20_08.14.22/tmp/merged.nom.lef --output-def /openlane/designs/picorv32a/runs/RUN_2024.07.20_08.14.22/tmp/routing/22-picorv32a.power_routed.def --output /openlane/designs/picorv32a/runs/RUN_2024.07.20_08.14.22/tmp/routing/22-picorv32a.power_routed.odb /openlane/designs/picorv32a/runs/RUN_2024.07.20_08.14.22/results/floorplan/picorv32a.odb |& tee /dev/null /openlane/designs/picorv32a/runs/RUN_2024.07.20_08.14.22/logs/routing/22-power_routing.log"
[ERROR]: Exit code: 1
[ERROR]: Last 10 lines:
  File "/nix/store/6sszs80r74y1k2i9ydk7g590ng4h72nh-python3-3.11.6-env/lib/python3.11/site-packages/click/core.py", line 783, in invoke
    return __callback(*args, **kwargs)
           ^^^^^^^^^^^^^^^^^^^^^^^^^^^
  File "/openlane/scripts/odbpy/reader.py", line 90, in wrapper
    function(**kwargs)
  File "/openlane/scripts/odbpy/power_utils.py", line 847, in power_route
    assert len({box["type"]: None for box in ALL_BOXES}) == 3
           ^^^^^^^^^^^^^^^^^^^^^^^^^^^^^^^^^^^^^^^^^^^^^^^^^^
AssertionError
child process exited abnormally

[ERROR]: during executing openroad script /openlane/scripts/openroad/resizer_routing_design.tcl
[ERROR]: Log: designs/picorv32a/runs/RUN_2024.07.20_08.14.22/logs/routing/24-resizer_design.log
[ERROR]: Last 10 lines:
[INFO GRT-0101] Running extra iterations to remove overflow.
[INFO GRT-0103] Extra Run for hard benchmark.
[INFO GRT-0197] Via related to pin nodes: 156324
[INFO GRT-0198] Via related Steiner nodes: 4171
[INFO GRT-0199] Via filling finished.
[INFO GRT-0111] Final number of vias: 239210
[INFO GRT-0112] Final usage 3D: 1008863
[ERROR GRT-0119] Routing congestion too high. Check the congestion heatmap in the GUI and load /openlane/designs/picorv32a/runs/RUN_2024.07.20_08.14.22/tmp/routing/resizer-routing-design-congestion.rpt in the DRC viewer.
Error: resizer_routing_design.tcl, 46 GRT-0119
child process exited abnormally

[ERROR]: Creating issue reproducible...
[ERROR]: A run for picorv32a with tag 'RUN_2024.07.20_08.14.22' already exists. Pass the -overwrite option to overwrite it or use a different tag
