OpenROAD d423155d69de7f683a23f6916ead418a615ad4ad 
Features included (+) or not (-):  +Charts +GPU +GUI +Python
This program is licensed under the BSD-3 license. See the LICENSE file for details.
Components of this program may be licensed under more restrictive licenses which must be honored.
[INFO]: Reading ODB at '/openlane/designs/picorv32a/runs/RUN_2024.07.22_03.41.17/tmp/placement/9-global.odb'…
define_corners Slowest Typical Fastest
read_liberty -corner Slowest /openlane/designs/picorv32a/src/sky130_fd_sc_hd__slow.lib
[WARNING STA-1173] /openlane/designs/picorv32a/src/sky130_fd_sc_hd__slow.lib line 24, default_fanout_load is 0.0.
read_liberty -corner Typical /openlane/designs/picorv32a/src/sky130_fd_sc_hd__typical.lib
[WARNING STA-1173] /openlane/designs/picorv32a/src/sky130_fd_sc_hd__typical.lib line 23, default_fanout_load is 0.0.
read_liberty -corner Fastest /openlane/designs/picorv32a/src/sky130_fd_sc_hd__fast.lib
[WARNING STA-1173] /openlane/designs/picorv32a/src/sky130_fd_sc_hd__fast.lib line 23, default_fanout_load is 0.0.
Using 1e-12 for capacitance...
Using 1e+03 for resistance...
Using 1e-09 for time...
Using 1e+00 for voltage...
Using 1e-03 for current...
Using 1e-09 for power...
Using 1e-06 for distance...
Reading design constraints file at '/openlane/scripts/base.sdc'…
[INFO]: Setting output delay to: 4.946000000000001
[INFO]: Setting input delay to: 4.946000000000001
[INFO]: Setting load to: 0.033442
[INFO]: Setting clock uncertainty to: 0.25
[INFO]: Setting clock transition to: 0.15
[INFO]: Setting timing derate to: 5.0 %
[INFO]: Setting RC values...
[INFO RSZ-0027] Inserted 66 input buffers.
[INFO RSZ-0028] Inserted 266 output buffers.
[INFO RSZ-0058] Using max wire length 4508um.
[WARNING ODB-0045] Failed(termSize) to swap: rusty_inv -> sky130_fd_sc_hd__inv_2 _21632_
[WARNING ODB-0045] Failed(termSize) to swap: rusty_inv -> sky130_fd_sc_hd__inv_2 _21538_
[WARNING ODB-0045] Failed(termSize) to swap: rusty_inv -> sky130_fd_sc_hd__inv_2 _21467_
[WARNING ODB-0045] Failed(termSize) to swap: rusty_inv -> sky130_fd_sc_hd__inv_2 _21219_
[WARNING ODB-0045] Failed(termSize) to swap: rusty_inv -> sky130_fd_sc_hd__inv_2 _22257_
[WARNING ODB-0045] Failed(termSize) to swap: rusty_inv -> sky130_fd_sc_hd__inv_2 _22181_
[WARNING ODB-0045] Failed(termSize) to swap: rusty_inv -> sky130_fd_sc_hd__clkinv_4 _21920_
[WARNING ODB-0045] Failed(termSize) to swap: rusty_inv -> sky130_fd_sc_hd__clkinv_4 _21840_
[WARNING ODB-0045] Failed(termSize) to swap: rusty_inv -> sky130_fd_sc_hd__clkinv_4 _21685_
[WARNING ODB-0045] Failed(termSize) to swap: rusty_inv -> sky130_fd_sc_hd__inv_2 _21273_
[WARNING ODB-0045] Failed(termSize) to swap: rusty_inv -> sky130_fd_sc_hd__clkinv_4 _22106_
[WARNING ODB-0045] Failed(termSize) to swap: rusty_inv -> sky130_fd_sc_hd__clkinv_4 _22063_
[WARNING ODB-0045] Failed(termSize) to swap: rusty_inv -> sky130_fd_sc_hd__inv_2 _21950_
[WARNING ODB-0045] Failed(termSize) to swap: rusty_inv -> sky130_fd_sc_hd__inv_2 _21870_
[WARNING ODB-0045] Failed(termSize) to swap: rusty_inv -> sky130_fd_sc_hd__clkinv_4 _21590_
[WARNING ODB-0045] Failed(termSize) to swap: rusty_inv -> sky130_fd_sc_hd__inv_2 _21158_
[WARNING ODB-0045] Failed(termSize) to swap: rusty_inv -> sky130_fd_sc_hd__clkinv_2 _28000_
[WARNING ODB-0045] Failed(termSize) to swap: rusty_inv -> sky130_fd_sc_hd__inv_2 _25875_
[WARNING ODB-0045] Failed(termSize) to swap: rusty_inv -> sky130_fd_sc_hd__inv_2 _28038_
[WARNING ODB-0045] Failed(termSize) to swap: rusty_inv -> sky130_fd_sc_hd__inv_2 _28366_
[WARNING ODB-0045] Failed(termSize) to swap: rusty_inv -> sky130_fd_sc_hd__clkinv_4 _27838_
[WARNING ODB-0045] Failed(termSize) to swap: rusty_inv -> sky130_fd_sc_hd__inv_2 _27718_
[WARNING ODB-0045] Failed(termSize) to swap: rusty_inv -> sky130_fd_sc_hd__inv_2 _27201_
[WARNING ODB-0045] Failed(termSize) to swap: rusty_inv -> sky130_fd_sc_hd__inv_2 _26558_
[WARNING ODB-0045] Failed(termSize) to swap: rusty_inv -> sky130_fd_sc_hd__clkinv_4 _26188_
[WARNING ODB-0045] Failed(termSize) to swap: rusty_inv -> sky130_fd_sc_hd__inv_2 _24805_
[WARNING ODB-0045] Failed(termSize) to swap: rusty_inv -> sky130_fd_sc_hd__inv_2 _24257_
[WARNING ODB-0045] Failed(termSize) to swap: rusty_inv -> sky130_fd_sc_hd__inv_2 _24100_
[WARNING ODB-0045] Failed(termSize) to swap: rusty_inv -> sky130_fd_sc_hd__inv_2 _23759_
[WARNING ODB-0045] Failed(termSize) to swap: rusty_inv -> sky130_fd_sc_hd__inv_2 _23345_
[WARNING ODB-0045] Failed(termSize) to swap: rusty_inv -> sky130_fd_sc_hd__clkinv_4 _23235_
[WARNING ODB-0045] Failed(termSize) to swap: rusty_inv -> sky130_fd_sc_hd__inv_2 _23067_
[WARNING ODB-0045] Failed(termSize) to swap: rusty_inv -> sky130_fd_sc_hd__inv_2 _22795_
[WARNING ODB-0045] Failed(termSize) to swap: rusty_inv -> sky130_fd_sc_hd__inv_2 _38242_
[WARNING ODB-0045] Failed(termSize) to swap: rusty_inv -> sky130_fd_sc_hd__inv_2 _32987_
[WARNING ODB-0045] Failed(termSize) to swap: rusty_inv -> sky130_fd_sc_hd__inv_2 _28768_
[WARNING ODB-0045] Failed(termSize) to swap: rusty_inv -> sky130_fd_sc_hd__clkinv_4 _25870_
[WARNING ODB-0045] Failed(termSize) to swap: rusty_inv -> sky130_fd_sc_hd__inv_2 _25748_
[WARNING ODB-0045] Failed(termSize) to swap: rusty_inv -> sky130_fd_sc_hd__inv_2 _25113_
[WARNING ODB-0045] Failed(termSize) to swap: rusty_inv -> sky130_fd_sc_hd__inv_2 _24827_
[WARNING ODB-0045] Failed(termSize) to swap: rusty_inv -> sky130_fd_sc_hd__inv_2 _24542_
[WARNING ODB-0045] Failed(termSize) to swap: rusty_inv -> sky130_fd_sc_hd__inv_4 _23412_
[WARNING ODB-0045] Failed(termSize) to swap: rusty_inv -> sky130_fd_sc_hd__inv_2 _22818_
[WARNING ODB-0045] Failed(termSize) to swap: rusty_inv -> sky130_fd_sc_hd__clkinv_2 _20632_
[WARNING ODB-0045] Failed(termSize) to swap: rusty_inv -> sky130_fd_sc_hd__inv_2 _20396_
[INFO RSZ-0034] Found 54 slew violations.
[INFO RSZ-0038] Inserted 60 buffers in 54 nets.
[INFO RSZ-0039] Resized 18479 instances.
[INFO RSZ-0042] Inserted 41 tie sky130_fd_sc_hd__conb_1 instances.
Placement Analysis
---------------------------------
total displacement      44049.6 u
average displacement        1.4 u
max displacement           11.5 u
original HPWL         1336163.2 u
legalized HPWL        1367526.0 u
delta HPWL                    2 %

[INFO DPL-0020] Mirrored 9016 instances
[INFO DPL-0021] HPWL before          1367526.0 u
[INFO DPL-0022] HPWL after           1348172.4 u
[INFO DPL-0023] HPWL delta               -1.4 %
Writing OpenROAD database to '/openlane/designs/picorv32a/runs/RUN_2024.07.22_03.41.17/tmp/placement/11-resizer.odb'…
Writing netlist to '/openlane/designs/picorv32a/runs/RUN_2024.07.22_03.41.17/tmp/placement/11-resizer.nl.v'…
Writing powered netlist to '/openlane/designs/picorv32a/runs/RUN_2024.07.22_03.41.17/tmp/placement/11-resizer.pnl.v'…
Writing layout to '/openlane/designs/picorv32a/runs/RUN_2024.07.22_03.41.17/tmp/placement/11-resizer.def'…
Writing timing constraints to '/openlane/designs/picorv32a/runs/RUN_2024.07.22_03.41.17/tmp/placement/11-resizer.sdc'…
area_report

===========================================================================
report_design_area
============================================================================
Design area 234751 u^2 39% utilization.
area_report_end
