OpenROAD d423155d69de7f683a23f6916ead418a615ad4ad 
Features included (+) or not (-):  +Charts +GPU +GUI +Python
This program is licensed under the BSD-3 license. See the LICENSE file for details.
Components of this program may be licensed under more restrictive licenses which must be honored.
[INFO]: Reading ODB at '/openlane/designs/picorv32a/runs/RUN_2024.07.21_15.03.35/tmp/22-picorv32a.odb'…
define_corners Typical
read_liberty -corner Typical /openlane/designs/picorv32a/src/sky130_fd_sc_hd__typical.lib
[WARNING STA-1173] /openlane/designs/picorv32a/src/sky130_fd_sc_hd__typical.lib line 23, default_fanout_load is 0.0.
Using 1e-12 for capacitance...
Using 1e+03 for resistance...
Using 1e-09 for time...
Using 1e+00 for voltage...
Using 1e-03 for current...
Using 1e-09 for power...
Using 1e-06 for distance...
Reading design constraints file at '/openlane/scripts/base.sdc'…
[INFO]: Setting output delay to: 4.946000000000001
[INFO]: Setting input delay to: 4.946000000000001
[INFO]: Setting load to: 0.033442
[INFO]: Setting clock uncertainty to: 0.25
[INFO]: Setting clock transition to: 0.15
[INFO]: Setting timing derate to: 5.0 %
[INFO]: Setting signal min routing layer to: met1 and clock min routing layer to met3. 
[INFO]: Setting signal max routing layer to: met5 and clock max routing layer to met5. 
-congestion_iterations 50 -verbose -congestion_report_file /openlane/designs/picorv32a/runs/RUN_2024.07.21_15.03.35/tmp/routing/groute-congestion.rpt
[INFO GRT-0020] Min routing layer: met1
[INFO GRT-0021] Max routing layer: met5
[INFO GRT-0022] Global adjustment: 30%
[INFO GRT-0023] Grid origin: (0, 0)
[INFO GRT-0043] No OR_DEFAULT vias defined.
[INFO GRT-0088] Layer li1     Track-Pitch = 0.4600  line-2-Via Pitch: 0.3400
[INFO GRT-0088] Layer met1    Track-Pitch = 0.3400  line-2-Via Pitch: 0.3400
[INFO GRT-0088] Layer met2    Track-Pitch = 0.4600  line-2-Via Pitch: 0.3500
[INFO GRT-0088] Layer met3    Track-Pitch = 0.6800  line-2-Via Pitch: 0.6150
[INFO GRT-0088] Layer met4    Track-Pitch = 0.9200  line-2-Via Pitch: 1.0400
[INFO GRT-0088] Layer met5    Track-Pitch = 3.4000  line-2-Via Pitch: 3.1100
[INFO GRT-0019] Found 255 clock nets.
[INFO GRT-0001] Minimum degree: 2
[INFO GRT-0002] Maximum degree: 21
[INFO GRT-0003] Macros: 0
[INFO GRT-0043] No OR_DEFAULT vias defined.
[INFO GRT-0004] Blockages: 26225

[INFO GRT-0053] Routing resources analysis:
          Routing      Original      Derated      Resource
Layer     Direction    Resources     Resources    Reduction (%)
---------------------------------------------------------------
li1        Vertical            0             0          0.00%
met1       Horizontal     203580         98950          51.40%
met2       Vertical       151818         99915          34.19%
met3       Horizontal     101790         70123          31.11%
met4       Vertical        60909         38418          36.93%
met5       Horizontal      20298          9702          52.20%
---------------------------------------------------------------

[INFO GRT-0101] Running extra iterations to remove overflow.
[INFO GRT-0197] Via related to pin nodes: 108333
[INFO GRT-0198] Via related Steiner nodes: 1923
[INFO GRT-0199] Via filling finished.
[INFO GRT-0111] Final number of vias: 137230
[INFO GRT-0112] Final usage 3D: 535837

[INFO GRT-0096] Final congestion report:
Layer         Resource        Demand        Usage (%)    Max H / Max V / Total Overflow
---------------------------------------------------------------------------------------
li1                  0             0            0.00%             0 /  0 /  0
met1             98950         53225           53.79%             0 /  0 /  0
met2             99915         48082           48.12%             0 /  0 /  0
met3             70123         13237           18.88%             0 /  0 /  0
met4             38418          9154           23.83%             0 /  0 /  0
met5              9702           449            4.63%             0 /  0 /  0
---------------------------------------------------------------------------------------
Total           317108        124147           39.15%             0 /  0 /  0

[INFO GRT-0018] Total wirelength: 1188697 um
[INFO GRT-0014] Routed nets: 17162
[INFO GRT-0006] Repairing antennas, iteration 1.
[INFO GRT-0043] No OR_DEFAULT vias defined.
[INFO GRT-0012] Found 38 antenna violations.
[INFO GRT-0015] Inserted 123 diodes.
[INFO GRT-0054] Using detailed placer to place 7 diodes.
[INFO GRT-0009] rerouting 12704 nets.
[INFO GRT-0001] Minimum degree: 2
[INFO GRT-0002] Maximum degree: 27
[INFO GRT-0006] Repairing antennas, iteration 2.
[INFO GRT-0043] No OR_DEFAULT vias defined.
[INFO GRT-0012] Found 7 antenna violations.
[INFO GRT-0015] Inserted 30 diodes.
[INFO GRT-0009] rerouting 113 nets.
[INFO GRT-0001] Minimum degree: 2
[INFO GRT-0002] Maximum degree: 21
[INFO GRT-0006] Repairing antennas, iteration 3.
[INFO GRT-0043] No OR_DEFAULT vias defined.
[INFO GRT-0012] Found 0 antenna violations.
Placement Analysis
---------------------------------
total displacement          0.0 u
average displacement        0.0 u
max displacement            0.0 u
original HPWL          788362.5 u
legalized HPWL         788360.4 u
delta HPWL                    0 %

[INFO DPL-0020] Mirrored 9770 instances
[INFO DPL-0021] HPWL before          788360.4 u
[INFO DPL-0022] HPWL after           776320.8 u
[INFO DPL-0023] HPWL delta               -1.5 %
[INFO]: Setting signal min routing layer to: met1 and clock min routing layer to met3. 
[INFO]: Setting signal max routing layer to: met5 and clock max routing layer to met5. 
-congestion_iterations 50 -verbose -congestion_report_file /openlane/designs/picorv32a/runs/RUN_2024.07.21_15.03.35/tmp/routing/groute-congestion.rpt
[INFO GRT-0020] Min routing layer: met1
[INFO GRT-0021] Max routing layer: met5
[INFO GRT-0022] Global adjustment: 30%
[INFO GRT-0023] Grid origin: (0, 0)
[INFO GRT-0043] No OR_DEFAULT vias defined.
[INFO GRT-0088] Layer li1     Track-Pitch = 0.4600  line-2-Via Pitch: 0.3400
[INFO GRT-0088] Layer met1    Track-Pitch = 0.3400  line-2-Via Pitch: 0.3400
[INFO GRT-0088] Layer met2    Track-Pitch = 0.4600  line-2-Via Pitch: 0.3500
[INFO GRT-0088] Layer met3    Track-Pitch = 0.6800  line-2-Via Pitch: 0.6150
[INFO GRT-0088] Layer met4    Track-Pitch = 0.9200  line-2-Via Pitch: 1.0400
[INFO GRT-0088] Layer met5    Track-Pitch = 3.4000  line-2-Via Pitch: 3.1100
[INFO GRT-0019] Found 255 clock nets.
[INFO GRT-0001] Minimum degree: 2
[INFO GRT-0002] Maximum degree: 27
[INFO GRT-0003] Macros: 0
[INFO GRT-0043] No OR_DEFAULT vias defined.
[INFO GRT-0004] Blockages: 26225

[INFO GRT-0053] Routing resources analysis:
          Routing      Original      Derated      Resource
Layer     Direction    Resources     Resources    Reduction (%)
---------------------------------------------------------------
li1        Vertical            0             0          0.00%
met1       Horizontal     203580         98949          51.40%
met2       Vertical       151818         99915          34.19%
met3       Horizontal     101790         70123          31.11%
met4       Vertical        60909         38418          36.93%
met5       Horizontal      20298          9702          52.20%
---------------------------------------------------------------

[INFO GRT-0101] Running extra iterations to remove overflow.
[INFO GRT-0197] Via related to pin nodes: 108525
[INFO GRT-0198] Via related Steiner nodes: 1930
[INFO GRT-0199] Via filling finished.
[INFO GRT-0111] Final number of vias: 137449
[INFO GRT-0112] Final usage 3D: 536596

[INFO GRT-0096] Final congestion report:
Layer         Resource        Demand        Usage (%)    Max H / Max V / Total Overflow
---------------------------------------------------------------------------------------
li1                  0             0            0.00%             0 /  0 /  0
met1             98949         53077           53.64%             0 /  0 /  0
met2             99915         48124           48.16%             0 /  0 /  0
met3             70123         13529           19.29%             0 /  0 /  0
met4             38418          9159           23.84%             0 /  0 /  0
met5              9702           360            3.71%             0 /  0 /  0
---------------------------------------------------------------------------------------
Total           317107        124249           39.18%             0 /  0 /  0

[INFO GRT-0018] Total wirelength: 1189794 um
[INFO GRT-0014] Routed nets: 17162
Setting global connections for newly added cells…
Writing OpenROAD database to '/openlane/designs/picorv32a/runs/RUN_2024.07.21_15.03.35/tmp/routing/24-global.odb'…
Writing layout to '/openlane/designs/picorv32a/runs/RUN_2024.07.21_15.03.35/tmp/routing/24-global.def'…
Writing routing guides to '/openlane/designs/picorv32a/runs/RUN_2024.07.21_15.03.35/tmp/routing/24-global.guide'…
