OpenROAD d423155d69de7f683a23f6916ead418a615ad4ad 
Features included (+) or not (-):  +Charts +GPU +GUI +Python
This program is licensed under the BSD-3 license. See the LICENSE file for details.
Components of this program may be licensed under more restrictive licenses which must be honored.
[INFO]: Reading ODB at '/openlane/designs/picorv32a/runs/RUN_2024.07.21_15.03.35/results/floorplan/picorv32a.odb'…
define_corners Slowest Typical Fastest
read_liberty -corner Slowest /openlane/designs/picorv32a/src/sky130_fd_sc_hd__slow.lib
[WARNING STA-1173] /openlane/designs/picorv32a/src/sky130_fd_sc_hd__slow.lib line 24, default_fanout_load is 0.0.
read_liberty -corner Typical /openlane/designs/picorv32a/src/sky130_fd_sc_hd__typical.lib
[WARNING STA-1173] /openlane/designs/picorv32a/src/sky130_fd_sc_hd__typical.lib line 23, default_fanout_load is 0.0.
read_liberty -corner Fastest /openlane/designs/picorv32a/src/sky130_fd_sc_hd__fast.lib
[WARNING STA-1173] /openlane/designs/picorv32a/src/sky130_fd_sc_hd__fast.lib line 23, default_fanout_load is 0.0.
Using 1e-12 for capacitance...
Using 1e+03 for resistance...
Using 1e-09 for time...
Using 1e+00 for voltage...
Using 1e-03 for current...
Using 1e-09 for power...
Using 1e-06 for distance...
Reading design constraints file at '/openlane/scripts/base.sdc'…
[INFO]: Setting output delay to: 4.946000000000001
[INFO]: Setting input delay to: 4.946000000000001
[INFO]: Setting load to: 0.033442
[INFO]: Setting clock uncertainty to: 0.25
[INFO]: Setting clock transition to: 0.15
[INFO]: Setting timing derate to: 5.0 %
[INFO]: Setting signal min routing layer to: met1 and clock min routing layer to met3. 
[INFO]: Setting signal max routing layer to: met5 and clock max routing layer to met5. 
-congestion_iterations 50 -verbose -congestion_report_file /openlane/designs/picorv32a/runs/RUN_2024.07.21_15.03.35/tmp/routing/resizer-routing-design-congestion.rpt
[INFO GRT-0020] Min routing layer: met1
[INFO GRT-0021] Max routing layer: met5
[INFO GRT-0022] Global adjustment: 30%
[INFO GRT-0023] Grid origin: (0, 0)
[INFO GRT-0043] No OR_DEFAULT vias defined.
[INFO GRT-0088] Layer li1     Track-Pitch = 0.4600  line-2-Via Pitch: 0.3400
[INFO GRT-0088] Layer met1    Track-Pitch = 0.3400  line-2-Via Pitch: 0.3400
[INFO GRT-0088] Layer met2    Track-Pitch = 0.4600  line-2-Via Pitch: 0.3500
[INFO GRT-0088] Layer met3    Track-Pitch = 0.6800  line-2-Via Pitch: 0.6150
[INFO GRT-0088] Layer met4    Track-Pitch = 0.9200  line-2-Via Pitch: 1.0400
[INFO GRT-0088] Layer met5    Track-Pitch = 3.4000  line-2-Via Pitch: 3.1100
[INFO GRT-0019] Found 255 clock nets.
[INFO GRT-0001] Minimum degree: 2
[INFO GRT-0002] Maximum degree: 27
[INFO GRT-0003] Macros: 0
[INFO GRT-0043] No OR_DEFAULT vias defined.
[INFO GRT-0004] Blockages: 26225

[INFO GRT-0053] Routing resources analysis:
          Routing      Original      Derated      Resource
Layer     Direction    Resources     Resources    Reduction (%)
---------------------------------------------------------------
li1        Vertical            0             0          0.00%
met1       Horizontal     203580         98949          51.40%
met2       Vertical       151818         99915          34.19%
met3       Horizontal     101790         70123          31.11%
met4       Vertical        60909         38418          36.93%
met5       Horizontal      20298          9702          52.20%
---------------------------------------------------------------

[INFO GRT-0101] Running extra iterations to remove overflow.
[INFO GRT-0197] Via related to pin nodes: 108529
[INFO GRT-0198] Via related Steiner nodes: 1939
[INFO GRT-0199] Via filling finished.
[INFO GRT-0111] Final number of vias: 137448
[INFO GRT-0112] Final usage 3D: 536580

[INFO GRT-0096] Final congestion report:
Layer         Resource        Demand        Usage (%)    Max H / Max V / Total Overflow
---------------------------------------------------------------------------------------
li1                  0             0            0.00%             0 /  0 /  0
met1             98949         53091           53.65%             0 /  0 /  0
met2             99915         48154           48.19%             0 /  0 /  0
met3             70123         13513           19.27%             0 /  0 /  0
met4             38418          9138           23.79%             0 /  0 /  0
met5              9702           340            3.50%             0 /  0 /  0
---------------------------------------------------------------------------------------
Total           317107        124236           39.18%             0 /  0 /  0

[INFO GRT-0018] Total wirelength: 1189718 um
[INFO GRT-0014] Routed nets: 17162
[INFO]: Setting RC values...
[INFO RSZ-0058] Using max wire length 4508um.
[INFO RSZ-0034] Found 4 slew violations.
[WARNING DPL-0037] Use remove_fillers before detailed placement.
[INFO DPL-0034] Detailed placement failed on the following 2534 instances:
[INFO DPL-0035]  ANTENNA__23341__A
[INFO DPL-0035]  ANTENNA__23341__A
[INFO DPL-0035]  ANTENNA__23241__A1
[INFO DPL-0035]  ANTENNA__20784__A
[INFO DPL-0035]  ANTENNA__21336__B
[INFO DPL-0035]  ANTENNA__21336__B
[INFO DPL-0035]  ANTENNA__20783__A
[INFO DPL-0035]  ANTENNA__23637__B
[INFO DPL-0035]  ANTENNA__20626__A
[INFO DPL-0035]  ANTENNA__23333__B
[INFO DPL-0035]  ANTENNA__23249__D
[INFO DPL-0035]  ANTENNA__21299__C
[INFO DPL-0035]  ANTENNA__22971__D
[INFO DPL-0035]  ANTENNA__22720__A1
[INFO DPL-0035]  ANTENNA__23453__B1_N
[INFO DPL-0035]  ANTENNA__23453__B1_N
[INFO DPL-0035]  ANTENNA__22007__B
[INFO DPL-0035]  ANTENNA__21481__A1
[INFO DPL-0035]  ANTENNA__21212__A
[INFO DPL-0035]  ANTENNA__19944__B2
[INFO DPL-0035]  ANTENNA__22406__D
[INFO DPL-0035]  ANTENNA__22971__C
[INFO DPL-0035]  ANTENNA__21299__B
[INFO DPL-0035]  ANTENNA__21898__A1
[INFO DPL-0035]  ANTENNA__22159__A
[INFO DPL-0035]  ANTENNA__21582__A
[INFO DPL-0035]  ANTENNA__24137__A
[INFO DPL-0035]  ANTENNA__20628__A2
[INFO DPL-0035]  ANTENNA__20628__A2
[INFO DPL-0035]  ANTENNA__20628__A2
[INFO DPL-0035]  ANTENNA__22318__B
[INFO DPL-0035]  ANTENNA__24719__S
[INFO DPL-0035]  ANTENNA__22267__B2
[INFO DPL-0035]  ANTENNA__21404__A1_N
[INFO DPL-0035]  ANTENNA__21578__A2_N
[INFO DPL-0035]  ANTENNA__22437__B1
[INFO DPL-0035]  ANTENNA__21738__B2
[INFO DPL-0035]  ANTENNA__23340__B
[INFO DPL-0035]  ANTENNA__19075__A2
[INFO DPL-0035]  ANTENNA__23075__A2
[INFO DPL-0035]  ANTENNA__20386__D
[INFO DPL-0035]  ANTENNA__24663__S0
[INFO DPL-0035]  ANTENNA__24663__S0
[INFO DPL-0035]  ANTENNA__21519__B
[INFO DPL-0035]  ANTENNA__22471__A_N
[INFO DPL-0035]  ANTENNA__22471__A_N
[INFO DPL-0035]  ANTENNA__23075__B2
[INFO DPL-0035]  ANTENNA__24719__A0
[INFO DPL-0035]  ANTENNA__24719__A0
[INFO DPL-0035]  ANTENNA__17697__C
[INFO DPL-0035]  ANTENNA__24559__S
[INFO DPL-0035]  ANTENNA__21403__A_N
[INFO DPL-0035]  ANTENNA__18911__A
[INFO DPL-0035]  ANTENNA__18911__A
[INFO DPL-0035]  ANTENNA__18911__A
[INFO DPL-0035]  ANTENNA__22437__A1
[INFO DPL-0035]  ANTENNA__18621__A
[INFO DPL-0035]  ANTENNA__18913__B2
[INFO DPL-0035]  ANTENNA__18758__A2
[INFO DPL-0035]  ANTENNA__24576__S1
[INFO DPL-0035]  ANTENNA__20386__C
[INFO DPL-0035]  ANTENNA__20588__B
[INFO DPL-0035]  ANTENNA__21519__A
[INFO DPL-0035]  ANTENNA__23080__A1
[INFO DPL-0035]  ANTENNA__23080__B2
[INFO DPL-0035]  ANTENNA__22009__A
[INFO DPL-0035]  ANTENNA__19188__A
[INFO DPL-0035]  ANTENNA__19188__A
[INFO DPL-0035]  ANTENNA__17199__S
[INFO DPL-0035]  ANTENNA__20488__B2
[INFO DPL-0035]  ANTENNA__24559__A0
[INFO DPL-0035]  ANTENNA__21478__B
[INFO DPL-0035]  ANTENNA__24716__S
[INFO DPL-0035]  ANTENNA__26607__A1
[INFO DPL-0035]  ANTENNA__26607__A1
[INFO DPL-0035]  ANTENNA__22437__A2
[INFO DPL-0035]  ANTENNA__18482__A
[INFO DPL-0035]  ANTENNA__18482__A
[INFO DPL-0035]  ANTENNA__18621__B
[INFO DPL-0035]  ANTENNA__18621__B
[INFO DPL-0035]  ANTENNA__18757__D
[INFO DPL-0035]  ANTENNA__20489__B
[INFO DPL-0035]  ANTENNA__21889__A2
[INFO DPL-0035]  ANTENNA__24814__A
[INFO DPL-0035]  ANTENNA__23080__A2
[INFO DPL-0035]  ANTENNA__21403__C
[INFO DPL-0035]  ANTENNA__20628__B1
[INFO DPL-0035]  ANTENNA__17561__B2
[INFO DPL-0035]  ANTENNA__24760__A1
[INFO DPL-0035]  ANTENNA__21237__B1
[INFO DPL-0035]  ANTENNA__16799__B1
[INFO DPL-0035]  ANTENNA__16799__B1
[INFO DPL-0035]  ANTENNA__22537__B
[INFO DPL-0035]  ANTENNA__22318__A
[INFO DPL-0035]  ANTENNA__24719__A1
[INFO DPL-0035]  ANTENNA__24723__A0
[INFO DPL-0035]  ANTENNA__18672__B
[INFO DPL-0035]  ANTENNA__24774__A1
[INFO DPL-0035]  ANTENNA__20893__A
[INFO DPL-0035]  ANTENNA__20681__D
[INFO DPL-0035]  ANTENNA__22969__A
[INFO DPL-0035]  ANTENNA__22440__B
[INFO DPL-0035]  ANTENNA__18806__A2
[INFO DPL-0035]  ANTENNA__21889__B1
[INFO DPL-0035]  ANTENNA__21889__B1
[INFO DPL-0035]  ANTENNA__24746__S0
[INFO DPL-0035]  ANTENNA__21404__B1
[INFO DPL-0035]  ANTENNA__20448__A2
[INFO DPL-0035]  ANTENNA__24759__B
[INFO DPL-0035]  ANTENNA__24759__B
[INFO DPL-0035]  ANTENNA__21586__A1
[INFO DPL-0035]  ANTENNA__23251__B
[INFO DPL-0035]  ANTENNA__17040__A
[INFO DPL-0035]  ANTENNA__24693__A1
[INFO DPL-0035]  ANTENNA__24723__A1
[INFO DPL-0035]  ANTENNA__24723__A1
[INFO DPL-0035]  ANTENNA__14881__A
[INFO DPL-0035]  ANTENNA__14881__A
[INFO DPL-0035]  ANTENNA__23080__B1
[INFO DPL-0035]  ANTENNA__17207__B_N
[INFO DPL-0035]  ANTENNA__28880__C
[INFO DPL-0035]  ANTENNA__28965__A1
[INFO DPL-0035]  ANTENNA__16664__A
[INFO DPL-0035]  ANTENNA__16664__A
[INFO DPL-0035]  ANTENNA__16664__A
[INFO DPL-0035]  ANTENNA__21404__A2_N
[INFO DPL-0035]  ANTENNA__24759__A
[INFO DPL-0035]  ANTENNA__24759__A
[INFO DPL-0035]  ANTENNA__21586__A2
[INFO DPL-0035]  ANTENNA__23244__B
[INFO DPL-0035]  ANTENNA__24599__A1
[INFO DPL-0035]  ANTENNA__23244__A
[INFO DPL-0035]  ANTENNA__18926__A
[INFO DPL-0035]  ANTENNA__21416__B
[INFO DPL-0035]  ANTENNA_clkbuf_leaf_33_clk_A
[INFO DPL-0035]  ANTENNA_clkbuf_leaf_33_clk_A
[INFO DPL-0035]  ANTENNA__19050__A
[INFO DPL-0035]  ANTENNA__21393__A
[INFO DPL-0035]  ANTENNA__18182__A
[INFO DPL-0035]  ANTENNA__18182__A
[INFO DPL-0035]  ANTENNA__21059__A1
[INFO DPL-0035]  ANTENNA__21950__A1
[INFO DPL-0035]  ANTENNA__24802__A
[INFO DPL-0035]  ANTENNA__28900__B
[INFO DPL-0035]  ANTENNA__28900__B
[INFO DPL-0035]  ANTENNA__16909__A0
[INFO DPL-0035]  ANTENNA__22936__B
[INFO DPL-0035]  ANTENNA__20489__A
[INFO DPL-0035]  ANTENNA__20480__B
[INFO DPL-0035]  ANTENNA__19780__A1
[INFO DPL-0035]  ANTENNA__18943__B
[INFO DPL-0035]  ANTENNA__18943__B
[INFO DPL-0035]  ANTENNA__16661__B
[INFO DPL-0035]  ANTENNA_clkbuf_5_12__f_clk_A
[INFO DPL-0035]  ANTENNA_clkbuf_5_12__f_clk_A
[INFO DPL-0035]  ANTENNA__20781__C
[INFO DPL-0035]  ANTENNA__24773__A1
[INFO DPL-0035]  ANTENNA__24773__A1
[INFO DPL-0035]  ANTENNA__18864__B
[INFO DPL-0035]  ANTENNA__18864__B
[INFO DPL-0035]  ANTENNA__18864__B
[INFO DPL-0035]  ANTENNA__20621__B
[INFO DPL-0035]  ANTENNA__29971__D
[INFO DPL-0035]  ANTENNA__22190__A_N
[INFO DPL-0035]  ANTENNA__22190__A_N
[INFO DPL-0035]  ANTENNA__22950__C
[INFO DPL-0035]  ANTENNA__16909__A1
[INFO DPL-0035]  ANTENNA__22973__B
[INFO DPL-0035]  ANTENNA__19922__A
[INFO DPL-0035]  ANTENNA__18436__A
[INFO DPL-0035]  ANTENNA__18436__A
[INFO DPL-0035]  ANTENNA__20833__B
[INFO DPL-0035]  ANTENNA__21950__A2
[INFO DPL-0035]  ANTENNA__29973__D
[INFO DPL-0035]  ANTENNA__29973__D
[INFO DPL-0035]  ANTENNA__20614__A
[INFO DPL-0035]  ANTENNA__22970__A2
[INFO DPL-0035]  ANTENNA__24690__A0
[INFO DPL-0035]  ANTENNA__15172__A2
[INFO DPL-0035]  ANTENNA__15172__A2
[INFO DPL-0035]  ANTENNA__19011__A2
[INFO DPL-0035]  ANTENNA__24608__A1
[INFO DPL-0035]  ANTENNA__22264__A2
[INFO DPL-0035]  ANTENNA__24617__A1
[INFO DPL-0035]  ANTENNA__21237__B2
[INFO DPL-0035]  ANTENNA__19080__A1
[INFO DPL-0035]  ANTENNA__14701__A
[INFO DPL-0035]  ANTENNA__18862__A2
[INFO DPL-0035]  ANTENNA__23188__A1
[INFO DPL-0035]  ANTENNA__23078__B
[INFO DPL-0035]  ANTENNA__20585__A2
[INFO DPL-0035]  ANTENNA__14881__B
[INFO DPL-0035]  ANTENNA__23229__B
[INFO DPL-0035]  ANTENNA_135
[INFO DPL-0035]  ANTENNA__16979__A
[INFO DPL-0035]  ANTENNA__21006__B_N
[INFO DPL-0035]  ANTENNA__16913__S
[INFO DPL-0035]  ANTENNA__28818__B
[INFO DPL-0035]  ANTENNA__17502__B1
[INFO DPL-0035]  ANTENNA__20480__D
[INFO DPL-0035]  ANTENNA__21668__A2
[INFO DPL-0035]  ANTENNA__18946__B
[INFO DPL-0035]  ANTENNA__16719__B1
[INFO DPL-0035]  ANTENNA__20696__A2
[INFO DPL-0035]  ANTENNA__28813__B
[INFO DPL-0035]  ANTENNA__18912__C
[INFO DPL-0035]  ANTENNA__22950__B
[INFO DPL-0035]  ANTENNA__24144__A
[INFO DPL-0035]  ANTENNA__24144__A
[INFO DPL-0035]  ANTENNA__24601__A0
[INFO DPL-0035]  ANTENNA__28227__A
[INFO DPL-0035]  ANTENNA__28227__A
[INFO DPL-0035]  ANTENNA__21741__A
[INFO DPL-0035]  ANTENNA__29978__D
[INFO DPL-0035]  ANTENNA__21335__A2
[INFO DPL-0035]  ANTENNA__17966__A
[INFO DPL-0035]  ANTENNA__19080__B1
[INFO DPL-0035]  ANTENNA__19080__B1
[INFO DPL-0035]  ANTENNA__18861__A
[INFO DPL-0035]  ANTENNA__23078__A
[INFO DPL-0035]  ANTENNA__23229__A
[INFO DPL-0035]  ANTENNA__16913__A1
[INFO DPL-0035]  ANTENNA__16715__A2
[INFO DPL-0035]  ANTENNA__16715__A2
[INFO DPL-0035]  ANTENNA__20490__A2
[INFO DPL-0035]  ANTENNA__24533__A
[INFO DPL-0035]  ANTENNA__24533__A
[INFO DPL-0035]  ANTENNA__23226__B1
[INFO DPL-0035]  ANTENNA__20894__A1
[INFO DPL-0035]  ANTENNA__25980__B1
[INFO DPL-0035]  ANTENNA__25980__B1
[INFO DPL-0035]  ANTENNA__19168__A
[INFO DPL-0035]  ANTENNA__24143__A
[INFO DPL-0035]  ANTENNA__24143__A
[INFO DPL-0035]  ANTENNA__24143__A
[INFO DPL-0035]  ANTENNA__24143__A
[INFO DPL-0035]  ANTENNA__22046__A2
[INFO DPL-0035]  ANTENNA__21741__B
[INFO DPL-0035]  ANTENNA__24718__A1
[INFO DPL-0035]  ANTENNA__24604__A
[INFO DPL-0035]  ANTENNA__14880__A
[INFO DPL-0035]  ANTENNA_output156_A
[INFO DPL-0035]  ANTENNA__24698__S
[INFO DPL-0035]  ANTENNA__15793__B
[INFO DPL-0035]  ANTENNA__15793__B
[INFO DPL-0035]  ANTENNA__26523__A1
[INFO DPL-0035]  ANTENNA__28796__A
[INFO DPL-0035]  ANTENNA__28911__A
[INFO DPL-0035]  ANTENNA__17287__A
[INFO DPL-0035]  ANTENNA__17287__A
[INFO DPL-0035]  ANTENNA__16718__B1
[INFO DPL-0035]  ANTENNA__21246__A1
[INFO DPL-0035]  ANTENNA__21551__A
[INFO DPL-0035]  ANTENNA__24697__A0
[INFO DPL-0035]  ANTENNA__24697__A0
[INFO DPL-0035]  ANTENNA__28645__A
[INFO DPL-0035]  ANTENNA__28645__A
[INFO DPL-0035]  ANTENNA__19470__B1
[INFO DPL-0035]  ANTENNA__21173__B1
[INFO DPL-0035]  ANTENNA__20625__C
[INFO DPL-0035]  ANTENNA__15035__A
[INFO DPL-0035]  ANTENNA__29191__A1
[INFO DPL-0035]  ANTENNA__29191__A1
[INFO DPL-0035]  ANTENNA_clkbuf_leaf_34_clk_A
[INFO DPL-0035]  ANTENNA__24720__S1
[INFO DPL-0035]  ANTENNA__19493__D
[INFO DPL-0035]  ANTENNA__17104__S
[INFO DPL-0035]  ANTENNA__17104__S
[INFO DPL-0035]  ANTENNA__22046__A1
[INFO DPL-0035]  ANTENNA__16267__A2
[INFO DPL-0035]  ANTENNA__18505__A
[INFO DPL-0035]  ANTENNA__24766__A1
[INFO DPL-0035]  ANTENNA__24694__A
[INFO DPL-0035]  ANTENNA__28813__C
[INFO DPL-0035]  ANTENNA__28813__C
[INFO DPL-0035]  ANTENNA__17401__A
[INFO DPL-0035]  ANTENNA__20778__A1
[INFO DPL-0035]  ANTENNA__18912__D
[INFO DPL-0035]  ANTENNA__21522__C
[INFO DPL-0035]  ANTENNA__24692__A1
[INFO DPL-0035]  ANTENNA__19195__A1
[INFO DPL-0035]  ANTENNA__29977__D
[INFO DPL-0035]  ANTENNA__29977__D
[INFO DPL-0035]  ANTENNA__16950__A0
[INFO DPL-0035]  ANTENNA__15060__B
[INFO DPL-0035]  ANTENNA__19090__B
[INFO DPL-0035]  ANTENNA__28709__A1
[INFO DPL-0035]  ANTENNA__28709__A1
[INFO DPL-0035]  ANTENNA__17280__A
[INFO DPL-0035]  ANTENNA__19079__A
[INFO DPL-0035]  ANTENNA__31055__A
[INFO DPL-0035]  ANTENNA__16724__A
[INFO DPL-0035]  ANTENNA__16724__A
[INFO DPL-0035]  ANTENNA__16724__A
[INFO DPL-0035]  ANTENNA__19168__B
[INFO DPL-0035]  ANTENNA__19168__B
[INFO DPL-0035]  ANTENNA__28961__S
[INFO DPL-0035]  ANTENNA__16911__S
[INFO DPL-0035]  ANTENNA__22422__B
[INFO DPL-0035]  ANTENNA__21805__A2
[INFO DPL-0035]  ANTENNA__18505__C
[INFO DPL-0035]  ANTENNA__14983__B
[INFO DPL-0035]  ANTENNA_output100_A
[INFO DPL-0035]  ANTENNA__19146__A1
[INFO DPL-0035]  ANTENNA__16385__A2
[INFO DPL-0035]  ANTENNA__20681__A
[INFO DPL-0035]  ANTENNA__23083__B
[INFO DPL-0035]  ANTENNA__20778__B2
[INFO DPL-0035]  ANTENNA__22422__A
[INFO DPL-0035]  ANTENNA__21522__D
[INFO DPL-0035]  ANTENNA__24722__S
[INFO DPL-0035]  ANTENNA__24717__A0
[INFO DPL-0035]  ANTENNA__24600__A
[INFO DPL-0035]  ANTENNA__24600__A
[INFO DPL-0035]  ANTENNA__16533__A2
[INFO DPL-0035]  ANTENNA__16187__B1
[INFO DPL-0035]  ANTENNA__28892__A2
[INFO DPL-0035]  ANTENNA__30076__CLK
[INFO DPL-0035]  ANTENNA__28961__A1
[INFO DPL-0035]  ANTENNA__19190__A1
[INFO DPL-0035]  ANTENNA__19190__A1
[INFO DPL-0035]  ANTENNA__28820__A
[INFO DPL-0035]  ANTENNA__21648__B2
[INFO DPL-0035]  ANTENNA__16146__A2
[INFO DPL-0035]  ANTENNA__16669__B1
[INFO DPL-0035]  ANTENNA__16669__B1
[INFO DPL-0035]  ANTENNA__19954__A1
[INFO DPL-0035]  ANTENNA__20447__A
[INFO DPL-0035]  ANTENNA__28898__A1
[INFO DPL-0035]  ANTENNA__16571__A2
[INFO DPL-0035]  ANTENNA__16571__A2
[INFO DPL-0035]  ANTENNA__17617__B1
[INFO DPL-0035]  ANTENNA__17617__B1
[INFO DPL-0035]  ANTENNA__24720__S0
[INFO DPL-0035]  ANTENNA__21173__A2
[INFO DPL-0035]  ANTENNA__19146__A2
[INFO DPL-0035]  ANTENNA__20393__B1
[INFO DPL-0035]  ANTENNA__16657__C
[INFO DPL-0035]  ANTENNA__24695__S1
[INFO DPL-0035]  ANTENNA__20696__B2
[INFO DPL-0035]  ANTENNA__21218__B
[INFO DPL-0035]  ANTENNA__21218__B
[INFO DPL-0035]  ANTENNA__28204__A
[INFO DPL-0035]  ANTENNA__28204__A
[INFO DPL-0035]  ANTENNA__28204__A
[INFO DPL-0035]  ANTENNA__24717__S
[INFO DPL-0035]  ANTENNA__24809__B
[INFO DPL-0035]  ANTENNA__20870__C
[INFO DPL-0035]  ANTENNA__20870__C
[INFO DPL-0035]  ANTENNA__20245__B2
[INFO DPL-0035]  ANTENNA__19190__B1
[INFO DPL-0035]  ANTENNA__15487__C1
[INFO DPL-0035]  ANTENNA__14985__A
[INFO DPL-0035]  ANTENNA__14985__A
[INFO DPL-0035]  ANTENNA__22173__A
[INFO DPL-0035]  ANTENNA__20989__C
[INFO DPL-0035]  ANTENNA__22315__A
[INFO DPL-0035]  ANTENNA__24536__A
[INFO DPL-0035]  ANTENNA__29193__S
[INFO DPL-0035]  ANTENNA__29193__S
[INFO DPL-0035]  ANTENNA__20225__C
[INFO DPL-0035]  ANTENNA__20699__A
[INFO DPL-0035]  ANTENNA__23767__A
[INFO DPL-0035]  ANTENNA__18882__A2
[INFO DPL-0035]  ANTENNA__22828__B
[INFO DPL-0035]  ANTENNA__28959__A1
[INFO DPL-0035]  ANTENNA__16703__A2
[INFO DPL-0035]  ANTENNA__20696__B1
[INFO DPL-0035]  ANTENNA_clkbuf_5_9__f_clk_A
[INFO DPL-0035]  FILLER_0_63_1125
[INFO DPL-0035]  ANTENNA__14999__A
[INFO DPL-0035]  ANTENNA__14999__A
[INFO DPL-0035]  ANTENNA__23083__A
[INFO DPL-0035]  ANTENNA__19777__A
[INFO DPL-0035]  ANTENNA__16804__A
[INFO DPL-0035]  ANTENNA__15788__A
[INFO DPL-0035]  ANTENNA__15788__A
[INFO DPL-0035]  ANTENNA__15788__A
[INFO DPL-0035]  ANTENNA__28891__B1
[INFO DPL-0035]  ANTENNA__28132__A
[INFO DPL-0035]  ANTENNA__28132__A
[INFO DPL-0035]  ANTENNA__19190__B2
[INFO DPL-0035]  ANTENNA_output108_A
[INFO DPL-0035]  ANTENNA__19097__B1
[INFO DPL-0035]  ANTENNA__19097__B1
[INFO DPL-0035]  ANTENNA__22536__A
[INFO DPL-0035]  ANTENNA__29348__S
[INFO DPL-0035]  ANTENNA__29348__S
[INFO DPL-0035]  ANTENNA__16911__A0
[INFO DPL-0035]  ANTENNA__20225__A
[INFO DPL-0035]  ANTENNA__28959__A0
[INFO DPL-0035]  ANTENNA_clkbuf_leaf_75_clk_A
[INFO DPL-0035]  ANTENNA_clkbuf_leaf_75_clk_A
[INFO DPL-0035]  ANTENNA__24059__B
[INFO DPL-0035]  ANTENNA__24059__B
[INFO DPL-0035]  ANTENNA_output152_A
[INFO DPL-0035]  ANTENNA_output92_A
[INFO DPL-0035]  ANTENNA__20886__A_N
[INFO DPL-0035]  ANTENNA__31053__A
[INFO DPL-0035]  ANTENNA__31053__A
[INFO DPL-0035]  ANTENNA__22585__A
[INFO DPL-0035]  ANTENNA__16332__S
[INFO DPL-0035]  ANTENNA__17756__A
[INFO DPL-0035]  ANTENNA__18873__A
[INFO DPL-0035]  ANTENNA__18873__A
[INFO DPL-0035]  ANTENNA_output94_A
[INFO DPL-0035]  ANTENNA_output94_A
[INFO DPL-0035]  ANTENNA_80
[INFO DPL-0035]  ANTENNA__16297__S
[INFO DPL-0035]  ANTENNA__16297__S
[INFO DPL-0035]  ANTENNA__20998__B1
[INFO DPL-0035]  ANTENNA__16883__A
[INFO DPL-0035]  ANTENNA__21233__B
[INFO DPL-0035]  ANTENNA__21233__B
[INFO DPL-0035]  ANTENNA_38
[INFO DPL-0035]  ANTENNA__19195__B2
[INFO DPL-0035]  ANTENNA__26345__A0
[INFO DPL-0035]  ANTENNA__26345__A0
[INFO DPL-0035]  ANTENNA__15790__C1
[INFO DPL-0035]  ANTENNA__15790__C1
[INFO DPL-0035]  ANTENNA__19190__A2
[INFO DPL-0035]  ANTENNA_output139_A
[INFO DPL-0035]  ANTENNA__26521__A1
[INFO DPL-0035]  ANTENNA__28692__A1
[INFO DPL-0035]  ANTENNA__28692__A1
[INFO DPL-0035]  ANTENNA__15727__A
[INFO DPL-0035]  ANTENNA__15727__A
[INFO DPL-0035]  ANTENNA__19048__B2
[INFO DPL-0035]  ANTENNA__22954__B2
[INFO DPL-0035]  ANTENNA__24542__A3
[INFO DPL-0035]  ANTENNA__24542__A3
[INFO DPL-0035]  ANTENNA__20872__B1
[INFO DPL-0035]  ANTENNA__20872__B1
[INFO DPL-0035]  ANTENNA__24738__S1
[INFO DPL-0035]  ANTENNA__16084__S
[INFO DPL-0035]  ANTENNA__24815__A0
[INFO DPL-0035]  ANTENNA__24815__A0
[INFO DPL-0035]  ANTENNA__22957__A
[INFO DPL-0035]  ANTENNA__26437__A1
[INFO DPL-0035]  ANTENNA__26437__A1
[INFO DPL-0035]  ANTENNA__21069__B
[INFO DPL-0035]  ANTENNA_clkbuf_leaf_8_clk_A
[INFO DPL-0035]  ANTENNA__15740__S
[INFO DPL-0035]  ANTENNA__15740__S
[INFO DPL-0035]  ANTENNA__21070__A2
[INFO DPL-0035]  ANTENNA__14997__A
[INFO DPL-0035]  ANTENNA__18873__B
[INFO DPL-0035]  ANTENNA__16418__B
[INFO DPL-0035]  ANTENNA__28206__A
[INFO DPL-0035]  ANTENNA__21408__A
[INFO DPL-0035]  ANTENNA__24695__S0
[INFO DPL-0035]  ANTENNA__20803__B
[INFO DPL-0035]  ANTENNA__20410__A1
[INFO DPL-0035]  ANTENNA__20998__A2
[INFO DPL-0035]  ANTENNA__28832__A
[INFO DPL-0035]  ANTENNA__28832__A
[INFO DPL-0035]  ANTENNA__15110__A
[INFO DPL-0035]  ANTENNA__15110__A
[INFO DPL-0035]  ANTENNA__19344__A1
[INFO DPL-0035]  ANTENNA__19344__A1
[INFO DPL-0035]  ANTENNA__19344__A1
[INFO DPL-0035]  ANTENNA__16550__A2
[INFO DPL-0035]  ANTENNA__16550__A2
[INFO DPL-0035]  ANTENNA__16550__A2
[INFO DPL-0035]  ANTENNA__20420__A2
[INFO DPL-0035]  ANTENNA__28715__S
[INFO DPL-0035]  FILLER_0_42_1012
[INFO DPL-0035]  ANTENNA__25467__A0
[INFO DPL-0035]  ANTENNA__16930__A2
[INFO DPL-0035]  ANTENNA__16930__A2
[INFO DPL-0035]  ANTENNA__16930__A2
[INFO DPL-0035]  ANTENNA__17451__A
[INFO DPL-0035]  ANTENNA__15616__A1
[INFO DPL-0035]  ANTENNA__21893__A_N
[INFO DPL-0035]  ANTENNA__23076__A
[INFO DPL-0035]  ANTENNA__24710__S
[INFO DPL-0035]  ANTENNA__24710__S
[INFO DPL-0035]  ANTENNA__18810__A1
[INFO DPL-0035]  ANTENNA__22827__B2
[INFO DPL-0035]  ANTENNA__28841__A1
[INFO DPL-0035]  ANTENNA__25331__A1
[INFO DPL-0035]  ANTENNA__18261__A
[INFO DPL-0035]  ANTENNA__22045__A
[INFO DPL-0035]  ANTENNA__28788__A
[INFO DPL-0035]  ANTENNA_output121_A
[INFO DPL-0035]  ANTENNA__15790__A1
[INFO DPL-0035]  ANTENNA__16609__A2
[INFO DPL-0035]  ANTENNA__16609__A2
[INFO DPL-0035]  ANTENNA__20870__A_N
[INFO DPL-0035]  ANTENNA__15789__C1
[INFO DPL-0035]  ANTENNA__20226__A2
[INFO DPL-0035]  ANTENNA__16670__B2
[INFO DPL-0035]  ANTENNA__16670__B2
[INFO DPL-0035]  ANTENNA__15948__S
[INFO DPL-0035]  ANTENNA__21648__A2
[INFO DPL-0035]  ANTENNA__25956__A
[INFO DPL-0035]  ANTENNA__25956__A
[INFO DPL-0035]  ANTENNA__20615__D
[INFO DPL-0035]  ANTENNA__20225__D
[INFO DPL-0035]  ANTENNA__20267__B1
[INFO DPL-0035]  FILLER_0_57_1103
[INFO DPL-0035]  ANTENNA__29005__A1
[INFO DPL-0035]  ANTENNA__24059__A
[INFO DPL-0035]  ANTENNA__18982__B_N
[INFO DPL-0035]  ANTENNA__28888__A
[INFO DPL-0035]  ANTENNA__28888__A
[INFO DPL-0035]  FILLER_0_102_1370
[INFO DPL-0035]  ANTENNA__17329__A
[INFO DPL-0035]  ANTENNA__15109__A
[INFO DPL-0035]  ANTENNA__24817__A1
[INFO DPL-0035]  ANTENNA__24696__A0
[INFO DPL-0035]  ANTENNA__14995__A
[INFO DPL-0035]  ANTENNA__30815__CLK
[INFO DPL-0035]  FILLER_0_64_1146
[INFO DPL-0035]  ANTENNA__25467__S
[INFO DPL-0035]  ANTENNA__16930__B2
[INFO DPL-0035]  ANTENNA__25225__S
[INFO DPL-0035]  ANTENNA__23076__C
[INFO DPL-0035]  ANTENNA__21181__B_N
[INFO DPL-0035]  ANTENNA__28841__B2
[INFO DPL-0035]  FILLER_0_48_1052
[INFO DPL-0035]  ANTENNA__25069__A
[INFO DPL-0035]  ANTENNA__25069__A
[INFO DPL-0035]  ANTENNA__22835__A
[INFO DPL-0035]  ANTENNA__22835__A
[INFO DPL-0035]  ANTENNA__19193__A
[INFO DPL-0035]  ANTENNA__19193__A
[INFO DPL-0035]  ANTENNA__22265__A1
[INFO DPL-0035]  ANTENNA__28814__A
[INFO DPL-0035]  ANTENNA__21669__C
[INFO DPL-0035]  ANTENNA__16607__C1
[INFO DPL-0035]  FILLER_0_46_1041
[INFO DPL-0035]  FILLER_0_46_1041
[INFO DPL-0035]  ANTENNA__20226__B1
[INFO DPL-0035]  ANTENNA__26636__A
[INFO DPL-0035]  ANTENNA__14656__A
[INFO DPL-0035]  ANTENNA__16931__A1
[INFO DPL-0035]  ANTENNA__24710__A1
[INFO DPL-0035]  ANTENNA__16713__A2
[INFO DPL-0035]  ANTENNA__23967__A
[INFO DPL-0035]  ANTENNA__23967__A
[INFO DPL-0035]  ANTENNA__16648__C1
[INFO DPL-0035]  ANTENNA__18982__A
[INFO DPL-0035]  ANTENNA__16588__A2
[INFO DPL-0035]  ANTENNA__26138__A
[INFO DPL-0035]  ANTENNA__16569__A1
[INFO DPL-0035]  ANTENNA__21345__A
[INFO DPL-0035]  ANTENNA__20632__B
[INFO DPL-0035]  ANTENNA__19608__A1
[INFO DPL-0035]  FILLER_0_50_1067
[INFO DPL-0035]  ANTENNA__16587__B
[INFO DPL-0035]  ANTENNA__16587__B
[INFO DPL-0035]  ANTENNA__16474__B1
[INFO DPL-0035]  ANTENNA__16930__A1
[INFO DPL-0035]  ANTENNA__28825__A_N
[INFO DPL-0035]  ANTENNA__15263__A
[INFO DPL-0035]  ANTENNA__20691__A
[INFO DPL-0035]  ANTENNA__25243__A
[INFO DPL-0035]  ANTENNA__28839__A_N
[INFO DPL-0035]  ANTENNA__20775__A_N
[INFO DPL-0035]  ANTENNA__15741__S
[INFO DPL-0035]  ANTENNA__21070__A1
[INFO DPL-0035]  ANTENNA__21070__A1
[INFO DPL-0035]  ANTENNA__26349__A0
[INFO DPL-0035]  ANTENNA__26349__A0
[INFO DPL-0035]  ANTENNA__25209__S
[INFO DPL-0035]  ANTENNA__25209__S
[INFO DPL-0035]  ANTENNA__16384__A2
[INFO DPL-0035]  ANTENNA__16384__A2
[INFO DPL-0035]  ANTENNA__17302__A
[INFO DPL-0035]  ANTENNA__17302__A
[INFO DPL-0035]  ANTENNA__29395__S
[INFO DPL-0035]  ANTENNA__18808__A
[INFO DPL-0035]  ANTENNA__21523__B1
[INFO DPL-0035]  ANTENNA__16569__C1
[INFO DPL-0035]  ANTENNA__16713__B1
[INFO DPL-0035]  ANTENNA__16713__B1
[INFO DPL-0035]  ANTENNA__17025__A
[INFO DPL-0035]  ANTENNA__17025__A
[INFO DPL-0035]  ANTENNA__20090__A2
[INFO DPL-0035]  ANTENNA__24581__A3
[INFO DPL-0035]  ANTENNA__24581__A3
[INFO DPL-0035]  ANTENNA__23565__A
[INFO DPL-0035]  ANTENNA__23565__A
[INFO DPL-0035]  ANTENNA__17752__A
[INFO DPL-0035]  ANTENNA__17752__A
[INFO DPL-0035]  ANTENNA__15916__B1
[INFO DPL-0035]  ANTENNA__15916__B1
[INFO DPL-0035]  ANTENNA__16691__B2
[INFO DPL-0035]  ANTENNA__25400__A1
[INFO DPL-0035]  ANTENNA__21672__B
[INFO DPL-0035]  ANTENNA__27804__A
[INFO DPL-0035]  ANTENNA__24721__A1
[INFO DPL-0035]  ANTENNA__20615__B
[INFO DPL-0035]  ANTENNA__16929__A1
[INFO DPL-0035]  ANTENNA__16589__A1
[INFO DPL-0035]  ANTENNA__16475__A1
[INFO DPL-0035]  ANTENNA__17968__A
[INFO DPL-0035]  ANTENNA__24700__S1
[INFO DPL-0035]  ANTENNA__23242__B
[INFO DPL-0035]  ANTENNA__25040__S
[INFO DPL-0035]  ANTENNA__25040__S
[INFO DPL-0035]  ANTENNA__28718__A1
[INFO DPL-0035]  ANTENNA__14656__C
[INFO DPL-0035]  ANTENNA__21669__D
[INFO DPL-0035]  ANTENNA__16300__C1
[INFO DPL-0035]  ANTENNA__16300__C1
[INFO DPL-0035]  ANTENNA__16703__B1
[INFO DPL-0035]  ANTENNA__21231__A
[INFO DPL-0035]  FILLER_0_60_1132
[INFO DPL-0035]  ANTENNA__15951__S
[INFO DPL-0035]  ANTENNA__15951__S
[INFO DPL-0035]  ANTENNA__24763__S1
[INFO DPL-0035]  ANTENNA__28207__C1
[INFO DPL-0035]  ANTENNA__28207__C1
[INFO DPL-0035]  ANTENNA__26067__A
[INFO DPL-0035]  ANTENNA__21016__B
[INFO DPL-0035]  ANTENNA__21016__B
[INFO DPL-0035]  ANTENNA__24812__A0
[INFO DPL-0035]  ANTENNA__24711__S
[INFO DPL-0035]  ANTENNA_output141_A
[INFO DPL-0035]  ANTENNA__19208__A1
[INFO DPL-0035]  ANTENNA__19208__A1
[INFO DPL-0035]  ANTENNA__20116__B
[INFO DPL-0035]  ANTENNA__24553__A1
[INFO DPL-0035]  ANTENNA__16708__A2
[INFO DPL-0035]  ANTENNA__16708__A2
[INFO DPL-0035]  ANTENNA__16708__A2
[INFO DPL-0035]  ANTENNA__28558__A
[INFO DPL-0035]  ANTENNA__28558__A
[INFO DPL-0035]  ANTENNA__22286__A
[INFO DPL-0035]  ANTENNA__22286__A
[INFO DPL-0035]  ANTENNA__16510__S
[INFO DPL-0035]  ANTENNA__25199__A
[INFO DPL-0035]  ANTENNA__25199__A
[INFO DPL-0035]  ANTENNA_output93_A
[INFO DPL-0035]  ANTENNA__21984__B_N
[INFO DPL-0035]  ANTENNA__22830__A
[INFO DPL-0035]  ANTENNA_output118_A
[INFO DPL-0035]  ANTENNA_output118_A
[INFO DPL-0035]  ANTENNA__28888__D_N
[INFO DPL-0035]  ANTENNA__15635__B1
[INFO DPL-0035]  ANTENNA__16924__B2
[INFO DPL-0035]  ANTENNA__17363__A
[INFO DPL-0035]  ANTENNA_output144_A
[INFO DPL-0035]  ANTENNA__16397__B
[INFO DPL-0035]  ANTENNA__16397__B
[INFO DPL-0035]  ANTENNA__16709__A2
[INFO DPL-0035]  ANTENNA__16709__A2
[INFO DPL-0035]  ANTENNA__15920__B2
[INFO DPL-0035]  ANTENNA__18740__C
[INFO DPL-0035]  ANTENNA__20885__B
[INFO DPL-0035]  ANTENNA__24768__S1
[INFO DPL-0035]  ANTENNA__24768__S1
[INFO DPL-0035]  ANTENNA__16142__C1
[INFO DPL-0035]  ANTENNA__16142__C1
[INFO DPL-0035]  ANTENNA__28998__B
[INFO DPL-0035]  ANTENNA__24721__S
[INFO DPL-0035]  ANTENNA__18006__A
[INFO DPL-0035]  ANTENNA__20806__B1
[INFO DPL-0035]  ANTENNA__20806__B1
[INFO DPL-0035]  ANTENNA__24747__S0
[INFO DPL-0035]  ANTENNA__26485__A1
[INFO DPL-0035]  ANTENNA__26485__A1
[INFO DPL-0035]  FILLER_0_34_984
[INFO DPL-0035]  FILLER_0_34_984
[INFO DPL-0035]  ANTENNA__29197__S
[INFO DPL-0035]  ANTENNA__16926__A2
[INFO DPL-0035]  ANTENNA__21063__A_N
[INFO DPL-0035]  ANTENNA__21347__A1
[INFO DPL-0035]  ANTENNA_output143_A
[INFO DPL-0035]  ANTENNA__19756__B1
[INFO DPL-0035]  ANTENNA__24061__A
[INFO DPL-0035]  ANTENNA__24523__S
[INFO DPL-0035]  ANTENNA__24523__S
[INFO DPL-0035]  ANTENNA__24747__S1
[INFO DPL-0035]  ANTENNA__25941__A1
[INFO DPL-0035]  ANTENNA__28841__A2
[INFO DPL-0035]  ANTENNA__28841__A2
[INFO DPL-0035]  ANTENNA_output113_A
[INFO DPL-0035]  ANTENNA__19316__B2
[INFO DPL-0035]  ANTENNA__28653__A0
[INFO DPL-0035]  ANTENNA__28653__A0
[INFO DPL-0035]  ANTENNA__22402__C
[INFO DPL-0035]  ANTENNA__23565__B
[INFO DPL-0035]  ANTENNA__23565__B
[INFO DPL-0035]  ANTENNA__23565__B
[INFO DPL-0035]  ANTENNA__16398__A2
[INFO DPL-0035]  ANTENNA__26763__C
[INFO DPL-0035]  ANTENNA__24797__S1
[INFO DPL-0035]  ANTENNA__24797__S1
[INFO DPL-0035]  ANTENNA__19629__C
[INFO DPL-0035]  ANTENNA__24747__A3
[INFO DPL-0035]  ANTENNA__15915__S
[INFO DPL-0035]  ANTENNA__14657__A
[INFO DPL-0035]  ANTENNA__14657__A
[INFO DPL-0035]  ANTENNA__26252__A1
[INFO DPL-0035]  ANTENNA__26252__A1
[INFO DPL-0035]  ANTENNA__18810__B2
[INFO DPL-0035]  ANTENNA__24712__A1
[INFO DPL-0035]  ANTENNA__16671__B1
[INFO DPL-0035]  ANTENNA__16671__B1
[INFO DPL-0035]  ANTENNA__21191__B
[INFO DPL-0035]  ANTENNA__19207__B
[INFO DPL-0035]  ANTENNA__22834__B
[INFO DPL-0035]  ANTENNA__18489__A
[INFO DPL-0035]  ANTENNA__21021__B1
[INFO DPL-0035]  ANTENNA__16299__A
[INFO DPL-0035]  ANTENNA__16299__A
[INFO DPL-0035]  ANTENNA__22827__A1
[INFO DPL-0035]  ANTENNA__19756__B2
[INFO DPL-0035]  ANTENNA__23314__B1_N
[INFO DPL-0035]  ANTENNA__23314__B1_N
[INFO DPL-0035]  ANTENNA__16104__B1
[INFO DPL-0035]  ANTENNA__28980__A1
[INFO DPL-0035]  ANTENNA__28980__A1
[INFO DPL-0035]  ANTENNA__15953__A
[INFO DPL-0035]  ANTENNA__26429__A1
[INFO DPL-0035]  ANTENNA__26429__A1
[INFO DPL-0035]  ANTENNA__19314__C
[INFO DPL-0035]  ANTENNA__14712__A2
[INFO DPL-0035]  ANTENNA__16364__A1
[INFO DPL-0035]  ANTENNA__20686__D
[INFO DPL-0035]  ANTENNA__24581__S0
[INFO DPL-0035]  ANTENNA__24835__A1
[INFO DPL-0035]  ANTENNA__24835__A1
[INFO DPL-0035]  ANTENNA__26741__A
[INFO DPL-0035]  ANTENNA__23239__A
[INFO DPL-0035]  ANTENNA__29365__A1
[INFO DPL-0035]  ANTENNA__19205__A
[INFO DPL-0035]  ANTENNA_output271_A
[INFO DPL-0035]  ANTENNA_output271_A
[INFO DPL-0035]  ANTENNA__20806__A2
[INFO DPL-0035]  ANTENNA__26476__S
[INFO DPL-0035]  ANTENNA__28671__A0
[INFO DPL-0035]  ANTENNA__28671__A0
[INFO DPL-0035]  ANTENNA__22956__B
[INFO DPL-0035]  ANTENNA__22956__B
[INFO DPL-0035]  ANTENNA__28731__B
[INFO DPL-0035]  ANTENNA__28731__B
[INFO DPL-0035]  ANTENNA__19208__A2
[INFO DPL-0035]  ANTENNA__19404__A
[INFO DPL-0035]  ANTENNA__21182__A
[INFO DPL-0035]  ANTENNA__21182__A
[INFO DPL-0035]  ANTENNA__24542__S1
[INFO DPL-0035]  ANTENNA_output96_A
[INFO DPL-0035]  ANTENNA__23187__A2_N
[INFO DPL-0035]  ANTENNA__23187__A2_N
[INFO DPL-0035]  ANTENNA__19756__A1
[INFO DPL-0035]  ANTENNA__15953__B
[INFO DPL-0035]  ANTENNA__15953__B
[INFO DPL-0035]  ANTENNA__28980__A0
[INFO DPL-0035]  ANTENNA__15954__C1
[INFO DPL-0035]  ANTENNA__15954__C1
[INFO DPL-0035]  ANTENNA__16929__A2
[INFO DPL-0035]  ANTENNA__14712__A1
[INFO DPL-0035]  ANTENNA__26339__A0
[INFO DPL-0035]  ANTENNA__26339__A0
[INFO DPL-0035]  ANTENNA__21892__A
[INFO DPL-0035]  ANTENNA__20118__A
[INFO DPL-0035]  ANTENNA__16142__A1
[INFO DPL-0035]  ANTENNA__19316__A2
[INFO DPL-0035]  ANTENNA__20686__B_N
[INFO DPL-0035]  ANTENNA__15736__S
[INFO DPL-0035]  ANTENNA__21356__A
[INFO DPL-0035]  ANTENNA__21356__A
[INFO DPL-0035]  ANTENNA__22834__A
[INFO DPL-0035]  ANTENNA__22834__A
[INFO DPL-0035]  ANTENNA__20618__B
[INFO DPL-0035]  ANTENNA__20618__B
[INFO DPL-0035]  ANTENNA__28840__B
[INFO DPL-0035]  ANTENNA__28840__B
[INFO DPL-0035]  ANTENNA__20806__A1
[INFO DPL-0035]  ANTENNA__25021__A1
[INFO DPL-0035]  ANTENNA__18884__A
[INFO DPL-0035]  ANTENNA__18810__B1
[INFO DPL-0035]  ANTENNA__26764__A
[INFO DPL-0035]  ANTENNA__15667__S
[INFO DPL-0035]  ANTENNA__18739__B
[INFO DPL-0035]  ANTENNA__28677__A
[INFO DPL-0035]  ANTENNA__28677__A
[INFO DPL-0035]  ANTENNA__26630__A
[INFO DPL-0035]  ANTENNA__26630__A
[INFO DPL-0035]  ANTENNA__16222__A1
[INFO DPL-0035]  ANTENNA__23466__A1
[INFO DPL-0035]  ANTENNA__16696__B1
[INFO DPL-0035]  ANTENNA__16696__B1
[INFO DPL-0035]  ANTENNA__17366__A
[INFO DPL-0035]  ANTENNA__16207__S
[INFO DPL-0035]  ANTENNA__16207__S
[INFO DPL-0035]  ANTENNA__17498__A
[INFO DPL-0035]  ANTENNA_output292_A
[INFO DPL-0035]  ANTENNA__22275__B_N
[INFO DPL-0035]  ANTENNA__22275__B_N
[INFO DPL-0035]  ANTENNA__22275__B_N
[INFO DPL-0035]  ANTENNA__17099__A1
[INFO DPL-0035]  ANTENNA__17099__A1
[INFO DPL-0035]  ANTENNA__28703__A1
[INFO DPL-0035]  ANTENNA__17357__A
[INFO DPL-0035]  ANTENNA_clkbuf_5_0__f_clk_A
[INFO DPL-0035]  ANTENNA_clkbuf_5_0__f_clk_A
[INFO DPL-0035]  ANTENNA__28838__A2
[INFO DPL-0035]  ANTENNA__23190__B
[INFO DPL-0035]  ANTENNA__16363__B1
[INFO DPL-0035]  ANTENNA__19316__B1
[INFO DPL-0035]  ANTENNA__20687__A2_N
[INFO DPL-0035]  ANTENNA__19390__B
[INFO DPL-0035]  ANTENNA__15399__A
[INFO DPL-0035]  ANTENNA__15399__A
[INFO DPL-0035]  ANTENNA__17593__A
[INFO DPL-0035]  ANTENNA_output287_A
[INFO DPL-0035]  ANTENNA__20263__A
[INFO DPL-0035]  ANTENNA__20263__A
[INFO DPL-0035]  ANTENNA__25227__A
[INFO DPL-0035]  ANTENNA__25227__A
[INFO DPL-0035]  ANTENNA_clkbuf_leaf_67_clk_A
[INFO DPL-0035]  ANTENNA_87
[INFO DPL-0035]  ANTENNA_87
[INFO DPL-0035]  ANTENNA__18887__A1
[INFO DPL-0035]  ANTENNA__24581__S1
[INFO DPL-0035]  ANTENNA__24624__S
[INFO DPL-0035]  ANTENNA__18085__A
[INFO DPL-0035]  ANTENNA__18085__A
[INFO DPL-0035]  ANTENNA__20265__B
[INFO DPL-0035]  ANTENNA__15124__A
[INFO DPL-0035]  ANTENNA__15124__A
[INFO DPL-0035]  ANTENNA__16686__A2
[INFO DPL-0035]  ANTENNA__22799__C
[INFO DPL-0035]  ANTENNA_clkbuf_leaf_72_clk_A
[INFO DPL-0035]  ANTENNA__28637__A0
[INFO DPL-0035]  ANTENNA__16417__B1
[INFO DPL-0035]  ANTENNA__16417__B1
[INFO DPL-0035]  ANTENNA__21847__A
[INFO DPL-0035]  ANTENNA__14657__B
[INFO DPL-0035]  ANTENNA__22133__A
[INFO DPL-0035]  ANTENNA__22133__A
[INFO DPL-0035]  ANTENNA__16702__B
[INFO DPL-0035]  ANTENNA__16398__B1
[INFO DPL-0035]  ANTENNA__21750__B
[INFO DPL-0035]  ANTENNA__20206__A
[INFO DPL-0035]  ANTENNA__20111__A1
[INFO DPL-0035]  ANTENNA__15634__A
[INFO DPL-0035]  ANTENNA__28652__A
[INFO DPL-0035]  ANTENNA__20119__A1
[INFO DPL-0035]  ANTENNA__28816__B
[INFO DPL-0035]  ANTENNA__28816__B
[INFO DPL-0035]  ANTENNA__22276__A
[INFO DPL-0035]  ANTENNA__16512__B1
[INFO DPL-0035]  ANTENNA__17858__A
[INFO DPL-0035]  ANTENNA__20988__A
[INFO DPL-0035]  ANTENNA__19504__B2
[INFO DPL-0035]  ANTENNA__16327__S
[INFO DPL-0035]  ANTENNA__16327__S
[INFO DPL-0035]  ANTENNA__20440__B
[INFO DPL-0035]  ANTENNA__25425__A
[INFO DPL-0035]  FILLER_0_71_1223
[INFO DPL-0035]  ANTENNA__24524__A
[INFO DPL-0035]  ANTENNA__24524__A
[INFO DPL-0035]  ANTENNA__19551__D
[INFO DPL-0035]  ANTENNA__19551__D
[INFO DPL-0035]  ANTENNA__26760__C1
[INFO DPL-0035]  ANTENNA__20361__B
[INFO DPL-0035]  ANTENNA__28792__A
[INFO DPL-0035]  FILLER_0_34_498
[INFO DPL-0035]  ANTENNA__24574__A2
[INFO DPL-0035]  ANTENNA__24574__A2
[INFO DPL-0035]  ANTENNA__16221__C1
[INFO DPL-0035]  ANTENNA__24725__S1
[INFO DPL-0035]  ANTENNA__15290__A
[INFO DPL-0035]  ANTENNA__22799__A
[INFO DPL-0035]  FILLER_0_42_450
[INFO DPL-0035]  ANTENNA__20790__A2
[INFO DPL-0035]  ANTENNA__18887__A2
[INFO DPL-0035]  ANTENNA__23190__A
[INFO DPL-0035]  ANTENNA__23190__A
[INFO DPL-0035]  ANTENNA_clkbuf_leaf_121_clk_A
[INFO DPL-0035]  ANTENNA__18478__A
[INFO DPL-0035]  ANTENNA__18478__A
[INFO DPL-0035]  ANTENNA__24831__A2
[INFO DPL-0035]  ANTENNA__16686__A1
[INFO DPL-0035]  ANTENNA__20115__A
[INFO DPL-0035]  ANTENNA__28755__A
[INFO DPL-0035]  ANTENNA__20089__B
[INFO DPL-0035]  ANTENNA__18808__D
[INFO DPL-0035]  ANTENNA__20110__B
[INFO DPL-0035]  ANTENNA__21994__A
[INFO DPL-0035]  ANTENNA__25766__S
[INFO DPL-0035]  ANTENNA__21540__A
[INFO DPL-0035]  ANTENNA__24535__A
[INFO DPL-0035]  ANTENNA__24535__A
[INFO DPL-0035]  ANTENNA__25832__A0
[INFO DPL-0035]  ANTENNA__16927__A2
[INFO DPL-0035]  ANTENNA__16927__A2
[INFO DPL-0035]  ANTENNA__20990__A1
[INFO DPL-0035]  ANTENNA__20990__A1
[INFO DPL-0035]  ANTENNA__20361__C
[INFO DPL-0035]  ANTENNA__21165__A
[INFO DPL-0035]  ANTENNA_output109_A
[INFO DPL-0035]  ANTENNA_output109_A
[INFO DPL-0035]  ANTENNA__24713__S
[INFO DPL-0035]  ANTENNA__26258__A1
[INFO DPL-0035]  FILLER_0_33_500
[INFO DPL-0035]  ANTENNA__16083__A
[INFO DPL-0035]  ANTENNA__16083__A
[INFO DPL-0035]  ANTENNA__20263__B
[INFO DPL-0035]  ANTENNA__28768__C
[INFO DPL-0035]  ANTENNA__19077__A
[INFO DPL-0035]  ANTENNA__14655__C
[INFO DPL-0035]  ANTENNA__21985__A
[INFO DPL-0035]  ANTENNA__21985__A
[INFO DPL-0035]  ANTENNA__21985__A
[INFO DPL-0035]  ANTENNA__26435__A1
[INFO DPL-0035]  ANTENNA__19379__C
[INFO DPL-0035]  ANTENNA__15676__C1
[INFO DPL-0035]  ANTENNA__15676__C1
[INFO DPL-0035]  ANTENNA__17769__A
[INFO DPL-0035]  ANTENNA__16695__A
[INFO DPL-0035]  ANTENNA__16695__A
[INFO DPL-0035]  ANTENNA__20791__C1
[INFO DPL-0035]  ANTENNA__22144__A
[INFO DPL-0035]  ANTENNA__22144__A
[INFO DPL-0035]  ANTENNA__29297__A1
[INFO DPL-0035]  ANTENNA__29297__A1
[INFO DPL-0035]  FILLER_0_72_266
[INFO DPL-0035]  ANTENNA_clkbuf_leaf_64_clk_A
[INFO DPL-0035]  ANTENNA__24535__B
[INFO DPL-0035]  ANTENNA__16276__A
[INFO DPL-0035]  ANTENNA__24688__A0
[INFO DPL-0035]  ANTENNA__24713__A0
[INFO DPL-0035]  ANTENNA__16511__B
[INFO DPL-0035]  ANTENNA__14654__B
[INFO DPL-0035]  ANTENNA__14654__B
[INFO DPL-0035]  ANTENNA__20274__A1
[INFO DPL-0035]  ANTENNA__19849__C
[INFO DPL-0035]  ANTENNA__21367__A
[INFO DPL-0035]  ANTENNA__21367__A
[INFO DPL-0035]  ANTENNA__21367__A
[INFO DPL-0035]  ANTENNA__24743__A2
[INFO DPL-0035]  ANTENNA__24743__A2
[INFO DPL-0035]  FILLER_0_105_1434
[INFO DPL-0035]  FILLER_0_105_1434
[INFO DPL-0035]  FILLER_0_105_1434
[INFO DPL-0035]  ANTENNA__28655__A
[INFO DPL-0035]  ANTENNA__20468__D
[INFO DPL-0035]  ANTENNA__16097__C1
[INFO DPL-0035]  ANTENNA__16097__C1
[INFO DPL-0035]  ANTENNA__14978__B
[INFO DPL-0035]  ANTENNA__19012__B
[INFO DPL-0035]  ANTENNA__19929__B1
[INFO DPL-0035]  ANTENNA__14990__B
[INFO DPL-0035]  ANTENNA__26651__A
[INFO DPL-0035]  ANTENNA__26651__A
[INFO DPL-0035]  ANTENNA_output117_A
[INFO DPL-0035]  ANTENNA__19471__B
[INFO DPL-0035]  ANTENNA__16675__A
[INFO DPL-0035]  ANTENNA__23363__B1
[INFO DPL-0035]  ANTENNA__23363__B1
[INFO DPL-0035]  FILLER_0_60_333
[INFO DPL-0035]  ANTENNA__22535__B
[INFO DPL-0035]  ANTENNA__16217__S
[INFO DPL-0035]  ANTENNA__21837__A
[INFO DPL-0035]  ANTENNA__21837__A
[INFO DPL-0035]  ANTENNA__28639__A0
[INFO DPL-0035]  ANTENNA__28639__A0
[INFO DPL-0035]  ANTENNA_output77_A
[INFO DPL-0035]  ANTENNA_output77_A
[INFO DPL-0035]  ANTENNA__24543__A0
[INFO DPL-0035]  FILLER_0_58_344
[INFO DPL-0035]  FILLER_0_73_255
[INFO DPL-0035]  ANTENNA__14654__A
[INFO DPL-0035]  ANTENNA__23690__A
[INFO DPL-0035]  ANTENNA__23690__A
[INFO DPL-0035]  ANTENNA__20362__A1
[INFO DPL-0035]  ANTENNA__15162__A
[INFO DPL-0035]  ANTENNA__17903__A
[INFO DPL-0035]  ANTENNA__19643__A
[INFO DPL-0035]  ANTENNA__25753__S
[INFO DPL-0035]  ANTENNA__20097__B1
[INFO DPL-0035]  ANTENNA__20097__B1
[INFO DPL-0035]  ANTENNA__17088__S
[INFO DPL-0035]  ANTENNA__28637__S
[INFO DPL-0035]  ANTENNA__20208__B1
[INFO DPL-0035]  ANTENNA__18076__A
[INFO DPL-0035]  ANTENNA__18076__A
[INFO DPL-0035]  ANTENNA__26102__A0
[INFO DPL-0035]  ANTENNA__29301__A1
[INFO DPL-0035]  ANTENNA__26780__B1
[INFO DPL-0035]  FILLER_0_64_306
[INFO DPL-0035]  ANTENNA__20353__A2
[INFO DPL-0035]  ANTENNA__18883__C
[INFO DPL-0035]  ANTENNA__28816__C
[INFO DPL-0035]  FILLER_0_97_110
[INFO DPL-0035]  ANTENNA__24687__A1
[INFO DPL-0035]  ANTENNA__17094__A
[INFO DPL-0035]  ANTENNA__15674__A
[INFO DPL-0035]  FILLER_0_57_346
[INFO DPL-0035]  ANTENNA__20223__A1
[INFO DPL-0035]  ANTENNA__15116__A
[INFO DPL-0035]  ANTENNA__15116__A
[INFO DPL-0035]  ANTENNA__15215__A
[INFO DPL-0035] message limit reached, this message will no longer print
[ERROR DPL-0036] Detailed placement failed.
Error: resizer_routing_design.tcl, 67 DPL-0036
