
63. Printing statistics.

=== picorv32a ===

   Number of wires:              21699
   Number of wire bits:          22081
   Number of public wires:        1462
   Number of public wire bits:    1844
   Number of memories:               0
   Number of memory bits:            0
   Number of processes:              0
   Number of cells:              21979
     rusty_inv                     247
     sky130_fd_sc_hd__a2111o_2      39
     sky130_fd_sc_hd__a2111oi_2      4
     sky130_fd_sc_hd__a211o_2      216
     sky130_fd_sc_hd__a211oi_2      71
     sky130_fd_sc_hd__a21bo_2      105
     sky130_fd_sc_hd__a21boi_2     139
     sky130_fd_sc_hd__a21o_2       793
     sky130_fd_sc_hd__a21oi_2      927
     sky130_fd_sc_hd__a221o_2      251
     sky130_fd_sc_hd__a221oi_2      18
     sky130_fd_sc_hd__a22o_2       825
     sky130_fd_sc_hd__a22oi_2      452
     sky130_fd_sc_hd__a2bb2o_2      66
     sky130_fd_sc_hd__a2bb2oi_2     31
     sky130_fd_sc_hd__a311o_2       23
     sky130_fd_sc_hd__a311oi_2       7
     sky130_fd_sc_hd__a31o_2       387
     sky130_fd_sc_hd__a31oi_2      102
     sky130_fd_sc_hd__a32o_2       147
     sky130_fd_sc_hd__a32oi_2       53
     sky130_fd_sc_hd__a41o_2        38
     sky130_fd_sc_hd__a41oi_2        4
     sky130_fd_sc_hd__and2_2       168
     sky130_fd_sc_hd__and2b_2       25
     sky130_fd_sc_hd__and3_2       561
     sky130_fd_sc_hd__and3b_2       99
     sky130_fd_sc_hd__and4_2       326
     sky130_fd_sc_hd__and4b_2       60
     sky130_fd_sc_hd__and4bb_2      23
     sky130_fd_sc_hd__buf_1       4346
     sky130_fd_sc_hd__buf_2          8
     sky130_fd_sc_hd__conb_1        41
     sky130_fd_sc_hd__dfxtp_2     1600
     sky130_fd_sc_hd__inv_2         10
     sky130_fd_sc_hd__mux2_2      1074
     sky130_fd_sc_hd__mux4_2        48
     sky130_fd_sc_hd__nand2_2     1007
     sky130_fd_sc_hd__nand2b_2       2
     sky130_fd_sc_hd__nand3_2     1069
     sky130_fd_sc_hd__nand3b_2     163
     sky130_fd_sc_hd__nand4_2      816
     sky130_fd_sc_hd__nand4b_2      28
     sky130_fd_sc_hd__nor2_2       385
     sky130_fd_sc_hd__nor2b_2        2
     sky130_fd_sc_hd__nor3_2        54
     sky130_fd_sc_hd__nor3b_2       25
     sky130_fd_sc_hd__nor4_2        19
     sky130_fd_sc_hd__nor4b_2        5
     sky130_fd_sc_hd__o2111a_2     100
     sky130_fd_sc_hd__o2111ai_2    198
     sky130_fd_sc_hd__o211a_2      437
     sky130_fd_sc_hd__o211ai_2     643
     sky130_fd_sc_hd__o21a_2       306
     sky130_fd_sc_hd__o21ai_2      948
     sky130_fd_sc_hd__o21ba_2       21
     sky130_fd_sc_hd__o21bai_2     143
     sky130_fd_sc_hd__o221a_2      209
     sky130_fd_sc_hd__o221ai_2      92
     sky130_fd_sc_hd__o22a_2       176
     sky130_fd_sc_hd__o22ai_2      237
     sky130_fd_sc_hd__o2bb2a_2     110
     sky130_fd_sc_hd__o2bb2ai_2    403
     sky130_fd_sc_hd__o311a_2      100
     sky130_fd_sc_hd__o311ai_2       5
     sky130_fd_sc_hd__o31a_2       170
     sky130_fd_sc_hd__o31ai_2       33
     sky130_fd_sc_hd__o32a_2        50
     sky130_fd_sc_hd__o32ai_2        5
     sky130_fd_sc_hd__o41a_2        16
     sky130_fd_sc_hd__o41ai_2        6
     sky130_fd_sc_hd__or2_2        147
     sky130_fd_sc_hd__or2b_2        82
     sky130_fd_sc_hd__or3_2         69
     sky130_fd_sc_hd__or3b_2        43
     sky130_fd_sc_hd__or4_2         85
     sky130_fd_sc_hd__or4b_2        29
     sky130_fd_sc_hd__or4bb_2        9
     sky130_fd_sc_hd__xnor2_2       98
     sky130_fd_sc_hd__xor2_2       100

   Chip area for module '\picorv32a': 212565.116800

