[ERROR]: during executing: "openroad -exit -no_init -python /openlane/scripts/odbpy/power_utils.py power_route --core-vdd-pin VPWR --core-gnd-pin VGND --input-lef /openlane/designs/picorv32a/runs/RUN_2024.07.22_01.33.00/tmp/merged.nom.lef --output-def /openlane/designs/picorv32a/runs/RUN_2024.07.22_01.33.00/tmp/routing/15-picorv32a.power_routed.def --output /openlane/designs/picorv32a/runs/RUN_2024.07.22_01.33.00/tmp/routing/15-picorv32a.power_routed.odb /openlane/designs/picorv32a/runs/RUN_2024.07.22_01.33.00/results/floorplan/picorv32a.odb |& tee /dev/null /openlane/designs/picorv32a/runs/RUN_2024.07.22_01.33.00/logs/routing/15-power_routing.log"
[ERROR]: Exit code: 1
[ERROR]: Last 10 lines:
  File "/nix/store/6sszs80r74y1k2i9ydk7g590ng4h72nh-python3-3.11.6-env/lib/python3.11/site-packages/click/core.py", line 783, in invoke
    return __callback(*args, **kwargs)
           ^^^^^^^^^^^^^^^^^^^^^^^^^^^
  File "/openlane/scripts/odbpy/reader.py", line 90, in wrapper
    function(**kwargs)
  File "/openlane/scripts/odbpy/power_utils.py", line 847, in power_route
    assert len({box["type"]: None for box in ALL_BOXES}) == 3
           ^^^^^^^^^^^^^^^^^^^^^^^^^^^^^^^^^^^^^^^^^^^^^^^^^^
AssertionError
child process exited abnormally

[ERROR]: during executing openroad script /openlane/scripts/openroad/repair_antennas.tcl
[ERROR]: Log: designs/picorv32a/runs/RUN_2024.07.22_01.33.00/logs/routing/21-global.log
[ERROR]: Last 10 lines:
[INFO GRT-0101] Running extra iterations to remove overflow.
[INFO GRT-0103] Extra Run for hard benchmark.
[INFO GRT-0197] Via related to pin nodes: 127388
[INFO GRT-0198] Via related Steiner nodes: 2302
[INFO GRT-0199] Via filling finished.
[INFO GRT-0111] Final number of vias: 171694
[INFO GRT-0112] Final usage 3D: 667116
[ERROR GRT-0119] Routing congestion too high. Check the congestion heatmap in the GUI and load /openlane/designs/picorv32a/runs/RUN_2024.07.22_01.33.00/tmp/routing/groute-congestion.rpt in the DRC viewer.
Error: grt.tcl, 29 GRT-0119
child process exited abnormally

[ERROR]: Creating issue reproducible...
[ERROR]: write_powered_verilog missing required -output_def
