OpenROAD d423155d69de7f683a23f6916ead418a615ad4ad 
Features included (+) or not (-):  +Charts +GPU +GUI +Python
This program is licensed under the BSD-3 license. See the LICENSE file for details.
Components of this program may be licensed under more restrictive licenses which must be honored.
define_corners Typical
read_liberty -corner Typical /openlane/designs/picorv32a/src/sky130_fd_sc_hd__typical.lib
[WARNING STA-1173] /openlane/designs/picorv32a/src/sky130_fd_sc_hd__typical.lib line 23, default_fanout_load is 0.0.
Using 1e-12 for capacitance...
Using 1e+03 for resistance...
Using 1e-09 for time...
Using 1e+00 for voltage...
Using 1e-03 for current...
Using 1e-09 for power...
Using 1e-06 for distance...
[INFO ODB-0227] LEF file: /openlane/designs/picorv32a/runs/RUN_2024.07.21_14.25.58/tmp/merged.nom.lef, created 13 layers, 25 vias, 443 library cells
Reading netlist '/openlane/designs/picorv32a/runs/RUN_2024.07.21_14.25.58/results/synthesis/picorv32a.v'…
Reading design constraints file at '/openlane/scripts/base.sdc'…
[INFO]: Setting output delay to: 4.946000000000001
[INFO]: Setting input delay to: 4.946000000000001
[INFO]: Setting load to: 0.033442
[INFO]: Setting clock uncertainty to: 0.25
[INFO]: Setting clock transition to: 0.15
[INFO]: Setting timing derate to: 5.0 %
[INFO IFP-0001] Added 250 rows of 1479 site unithd.
[INFO IFP-0030] Inserted 0 tiecells using sky130_fd_sc_hd__conb_1/LO.
[INFO IFP-0030] Inserted 0 tiecells using sky130_fd_sc_hd__conb_1/HI.
[INFO] Extracting DIE_AREA and CORE_AREA from the floorplan
[INFO] Floorplanned on a die area of 0.0 0.0 691.6 702.32 (microns). Saving to /openlane/designs/picorv32a/runs/RUN_2024.07.21_14.25.58/reports/floorplan/3-initial_fp_die_area.rpt.
[INFO] Floorplanned on a core area of 5.52 10.88 685.86 690.88 (microns). Saving to /openlane/designs/picorv32a/runs/RUN_2024.07.21_14.25.58/reports/floorplan/3-initial_fp_core_area.rpt.
Writing OpenROAD database to '/openlane/designs/picorv32a/runs/RUN_2024.07.21_14.25.58/tmp/floorplan/3-initial_fp.odb'…
Writing layout to '/openlane/designs/picorv32a/runs/RUN_2024.07.21_14.25.58/tmp/floorplan/3-initial_fp.def'…
Writing timing constraints to '/openlane/designs/picorv32a/runs/RUN_2024.07.21_14.25.58/tmp/floorplan/3-initial_fp.sdc'…
