Sun Jul 21 14:25:59 +0000 2024 - Executing "{openroad -exit -no_init -python /openlane/scripts/odbpy/lefutil.py get_metal_layers -o /openlane/designs/picorv32a/runs/RUN_2024.07.21_14.25.58/tmp/layers.list /home/srujan/.volare/sky130A/libs.ref/sky130_fd_sc_hd/techlef/sky130_fd_sc_hd__nom.tlef}"

Sun Jul 21 14:25:59 +0000 2024 - Executing "{/openlane/scripts/mergeLef.py -o /openlane/designs/picorv32a/runs/RUN_2024.07.21_14.25.58/tmp/merged.nom.lef -i /home/srujan/.volare/sky130A/libs.ref/sky130_fd_sc_hd/techlef/sky130_fd_sc_hd__nom.tlef {/home/srujan/.volare/sky130A/libs.ref/sky130_fd_sc_hd/lef/sky130_ef_sc_hd.lef /home/srujan/.volare/sky130A/libs.ref/sky130_fd_sc_hd/lef/sky130_fd_sc_hd.lef} |& tee /dev/null}"

Sun Jul 21 14:25:59 +0000 2024 - Executing "{/openlane/scripts/mergeLef.py -o /openlane/designs/picorv32a/runs/RUN_2024.07.21_14.25.58/tmp/merged.nom.lef -i /openlane/designs/picorv32a/runs/RUN_2024.07.21_14.25.58/tmp/merged.nom.lef /openlane/designs/picorv32a/src/rusty_inv.lef |& tee /dev/null}"

Sun Jul 21 14:25:59 +0000 2024 - Executing "{/openlane/scripts/mergeLef.py -o /openlane/designs/picorv32a/runs/RUN_2024.07.21_14.25.58/tmp/merged.min.lef -i /home/srujan/.volare/sky130A/libs.ref/sky130_fd_sc_hd/techlef/sky130_fd_sc_hd__min.tlef {/home/srujan/.volare/sky130A/libs.ref/sky130_fd_sc_hd/lef/sky130_ef_sc_hd.lef /home/srujan/.volare/sky130A/libs.ref/sky130_fd_sc_hd/lef/sky130_fd_sc_hd.lef} |& tee /dev/null}"

Sun Jul 21 14:25:59 +0000 2024 - Executing "{/openlane/scripts/mergeLef.py -o /openlane/designs/picorv32a/runs/RUN_2024.07.21_14.25.58/tmp/merged.min.lef -i /openlane/designs/picorv32a/runs/RUN_2024.07.21_14.25.58/tmp/merged.min.lef /openlane/designs/picorv32a/src/rusty_inv.lef |& tee /dev/null}"

Sun Jul 21 14:25:59 +0000 2024 - Executing "{/openlane/scripts/mergeLef.py -o /openlane/designs/picorv32a/runs/RUN_2024.07.21_14.25.58/tmp/merged.max.lef -i /home/srujan/.volare/sky130A/libs.ref/sky130_fd_sc_hd/techlef/sky130_fd_sc_hd__max.tlef {/home/srujan/.volare/sky130A/libs.ref/sky130_fd_sc_hd/lef/sky130_ef_sc_hd.lef /home/srujan/.volare/sky130A/libs.ref/sky130_fd_sc_hd/lef/sky130_fd_sc_hd.lef} |& tee /dev/null}"

Sun Jul 21 14:25:59 +0000 2024 - Executing "{/openlane/scripts/mergeLef.py -o /openlane/designs/picorv32a/runs/RUN_2024.07.21_14.25.58/tmp/merged.max.lef -i /openlane/designs/picorv32a/runs/RUN_2024.07.21_14.25.58/tmp/merged.max.lef /openlane/designs/picorv32a/src/rusty_inv.lef |& tee /dev/null}"

Sun Jul 21 14:25:59 +0000 2024 - Executing "{python3 /openlane/scripts/mergeLib.py --output /openlane/designs/picorv32a/runs/RUN_2024.07.21_14.25.58/tmp/synthesis/merged.lib --name sky130A_merged /openlane/designs/picorv32a/src/sky130_fd_sc_hd__typical.lib}"

Sun Jul 21 14:25:59 +0000 2024 - Executing "{python3 /openlane/scripts/libtrim.py --cell-file /openlane/designs/picorv32a/runs/RUN_2024.07.21_14.25.58/tmp/synthesis/trimmed.lib.exclude.list --output /openlane/designs/picorv32a/runs/RUN_2024.07.21_14.25.58/tmp/synthesis/trimmed.lib /openlane/designs/picorv32a/runs/RUN_2024.07.21_14.25.58/tmp/synthesis/merged.lib}"

Sun Jul 21 14:25:59 +0000 2024 - Executing "{python3 /openlane/scripts/libtrim.py --cell-file /openlane/designs/picorv32a/runs/RUN_2024.07.21_14.25.58/tmp/cts/cts.lib.exclude.list --output /openlane/designs/picorv32a/runs/RUN_2024.07.21_14.25.58/tmp/cts/cts.lib /openlane/designs/picorv32a/src/sky130_fd_sc_hd__typical.lib}"

Sun Jul 21 14:25:59 +0000 2024 - Executing "{python3 /openlane/scripts/libtrim.py --cell-file /openlane/designs/picorv32a/runs/RUN_2024.07.21_14.25.58/tmp/cts/cts-fastest.lib.exclude.list --output /openlane/designs/picorv32a/runs/RUN_2024.07.21_14.25.58/tmp/cts/cts-fastest.lib /openlane/designs/picorv32a/src/sky130_fd_sc_hd__fast.lib}"

Sun Jul 21 14:25:59 +0000 2024 - Executing "{python3 /openlane/scripts/libtrim.py --cell-file /openlane/designs/picorv32a/runs/RUN_2024.07.21_14.25.58/tmp/cts/cts-slowest.lib.exclude.list --output /openlane/designs/picorv32a/runs/RUN_2024.07.21_14.25.58/tmp/cts/cts-slowest.lib /openlane/designs/picorv32a/src/sky130_fd_sc_hd__slow.lib}"

Sun Jul 21 14:26:00 +0000 2024 - Executing "{python3 /openlane/scripts/new_tracks.py -i /home/srujan/.volare/sky130A/libs.tech/openlane/sky130_fd_sc_hd/tracks.info -o /openlane/designs/picorv32a/runs/RUN_2024.07.21_14.25.58/tmp/routing/config.tracks}"

Sun Jul 21 14:26:00 +0000 2024 - Executing "{echo {OpenLane a0e805e70f9dca8e80286ed807195008a2fc36c0} > /openlane/designs/picorv32a/runs/RUN_2024.07.21_14.25.58/OPENLANE_VERSION}"

Sun Jul 21 14:26:15 +0000 2024 - Executing "{/openlane/scripts/mergeLef.py -i /openlane/designs/picorv32a/runs/RUN_2024.07.21_14.25.58/tmp/merged.nom.lef /openlane/designs/picorv32a/src/rusty_inv.lef -o /openlane/designs/picorv32a/runs/RUN_2024.07.21_14.25.58/tmp/merged.nom.lef.new}"

Sun Jul 21 14:26:15 +0000 2024 - Executing "{mv /openlane/designs/picorv32a/runs/RUN_2024.07.21_14.25.58/tmp/merged.nom.lef.new /openlane/designs/picorv32a/runs/RUN_2024.07.21_14.25.58/tmp/merged.nom.lef}"

Sun Jul 21 14:26:29 +0000 2024 - Executing "{sed -E {s/^([[:space:]]+)pg_pin(.*)/\1pin\2\n\1    direction : "inout";/g} /openlane/designs/picorv32a/src/sky130_fd_sc_hd__typical.lib > /openlane/designs/picorv32a/runs/RUN_2024.07.21_14.25.58/tmp/synthesis/1-sky130_fd_sc_hd__typical.no_pg.lib}"

Sun Jul 21 14:26:29 +0000 2024 - Executing "{sed -E {s/^([[:space:]]+)pg_pin(.*)/\1pin\2\n\1    direction : "inout";/g} /openlane/designs/picorv32a/runs/RUN_2024.07.21_14.25.58/tmp/synthesis/trimmed.lib > /openlane/designs/picorv32a/runs/RUN_2024.07.21_14.25.58/tmp/synthesis/1-trimmed.no_pg.lib}"

Sun Jul 21 14:26:29 +0000 2024 - Executing "yosys -c /openlane/scripts/yosys/synth.tcl |& tee /dev/null /openlane/designs/picorv32a/runs/RUN_2024.07.21_14.25.58/logs/synthesis/1-synthesis.log"

Sun Jul 21 14:26:29 +0000 2024 - Executing "{yosys -c /openlane/scripts/yosys/synth.tcl |& tee /dev/null /openlane/designs/picorv32a/runs/RUN_2024.07.21_14.25.58/logs/synthesis/1-synthesis.log}"

Sun Jul 21 14:26:47 +0000 2024 - Executing "{sed -i.bak -e {s/\(set ::env(CURRENT_NETLIST)\).*/\1 \/openlane\/designs\/picorv32a\/runs\/RUN_2024.07.21_14.25.58\/results\/synthesis\/picorv32a.v/} /openlane/designs/picorv32a/runs/RUN_2024.07.21_14.25.58/config.tcl}"

Sun Jul 21 14:26:47 +0000 2024 - Executing "{sed -i.bak /defparam/d /openlane/designs/picorv32a/runs/RUN_2024.07.21_14.25.58/results/synthesis/picorv32a.v}"

Sun Jul 21 14:26:48 +0000 2024 - Executing "sta -exit -no_init /openlane/scripts/openroad/sta/multi_corner.tcl |& tee /dev/null /openlane/designs/picorv32a/runs/RUN_2024.07.21_14.25.58/logs/synthesis/2-sta.log"

Sun Jul 21 14:26:48 +0000 2024 - Executing "{sta -exit -no_init /openlane/scripts/openroad/sta/multi_corner.tcl |& tee /dev/null /openlane/designs/picorv32a/runs/RUN_2024.07.21_14.25.58/logs/synthesis/2-sta.log}"

Sun Jul 21 14:27:44 +0000 2024 - Executing "openroad -exit /openlane/scripts/openroad/floorplan.tcl |& tee /dev/null /openlane/designs/picorv32a/runs/RUN_2024.07.21_14.25.58/logs/floorplan/3-initial_fp.log"

Sun Jul 21 14:27:44 +0000 2024 - Executing "{openroad -exit /openlane/scripts/openroad/floorplan.tcl |& tee /dev/null /openlane/designs/picorv32a/runs/RUN_2024.07.21_14.25.58/logs/floorplan/3-initial_fp.log}"

Sun Jul 21 14:27:45 +0000 2024 - Executing "{openroad -exit -no_init -python /openlane/scripts/odbpy/defutil.py extract_core_dims --output-data /openlane/designs/picorv32a/runs/RUN_2024.07.21_14.25.58/tmp/dimensions.txt --input-lef /openlane/designs/picorv32a/runs/RUN_2024.07.21_14.25.58/tmp/merged.nom.lef /openlane/designs/picorv32a/runs/RUN_2024.07.21_14.25.58/tmp/floorplan/3-initial_fp.def}"

Sun Jul 21 14:27:51 +0000 2024 - Executing "openroad -exit /openlane/scripts/openroad/ioplacer.tcl |& tee /dev/null /openlane/designs/picorv32a/runs/RUN_2024.07.21_14.25.58/logs/floorplan/4-io.log"

Sun Jul 21 14:27:51 +0000 2024 - Executing "{openroad -exit /openlane/scripts/openroad/ioplacer.tcl |& tee /dev/null /openlane/designs/picorv32a/runs/RUN_2024.07.21_14.25.58/logs/floorplan/4-io.log}"

Sun Jul 21 14:27:55 +0000 2024 - Executing "openroad -exit /openlane/scripts/openroad/tapcell.tcl |& tee /dev/null /openlane/designs/picorv32a/runs/RUN_2024.07.21_14.25.58/logs/floorplan/5-tap.log"

Sun Jul 21 14:27:55 +0000 2024 - Executing "{openroad -exit /openlane/scripts/openroad/tapcell.tcl |& tee /dev/null /openlane/designs/picorv32a/runs/RUN_2024.07.21_14.25.58/logs/floorplan/5-tap.log}"

Sun Jul 21 14:28:11 +0000 2024 - Executing "openroad -exit /openlane/scripts/openroad/cts.tcl |& tee /dev/null /openlane/designs/picorv32a/runs/RUN_2024.07.21_14.25.58/logs/cts/6-cts.log"

Sun Jul 21 14:28:11 +0000 2024 - Executing "{openroad -exit /openlane/scripts/openroad/cts.tcl |& tee /dev/null /openlane/designs/picorv32a/runs/RUN_2024.07.21_14.25.58/logs/cts/6-cts.log}"

