Sun Jul 21 15:03:35 +0000 2024 - Executing "{openroad -exit -no_init -python /openlane/scripts/odbpy/lefutil.py get_metal_layers -o /openlane/designs/picorv32a/runs/RUN_2024.07.21_15.03.35/tmp/layers.list /home/srujan/.volare/sky130A/libs.ref/sky130_fd_sc_hd/techlef/sky130_fd_sc_hd__nom.tlef}"

Sun Jul 21 15:03:35 +0000 2024 - Executing "{/openlane/scripts/mergeLef.py -o /openlane/designs/picorv32a/runs/RUN_2024.07.21_15.03.35/tmp/merged.nom.lef -i /home/srujan/.volare/sky130A/libs.ref/sky130_fd_sc_hd/techlef/sky130_fd_sc_hd__nom.tlef {/home/srujan/.volare/sky130A/libs.ref/sky130_fd_sc_hd/lef/sky130_ef_sc_hd.lef /home/srujan/.volare/sky130A/libs.ref/sky130_fd_sc_hd/lef/sky130_fd_sc_hd.lef} |& tee /dev/null}"

Sun Jul 21 15:03:35 +0000 2024 - Executing "{/openlane/scripts/mergeLef.py -o /openlane/designs/picorv32a/runs/RUN_2024.07.21_15.03.35/tmp/merged.nom.lef -i /openlane/designs/picorv32a/runs/RUN_2024.07.21_15.03.35/tmp/merged.nom.lef /openlane/designs/picorv32a/src/rusty_inv.lef |& tee /dev/null}"

Sun Jul 21 15:03:35 +0000 2024 - Executing "{/openlane/scripts/mergeLef.py -o /openlane/designs/picorv32a/runs/RUN_2024.07.21_15.03.35/tmp/merged.min.lef -i /home/srujan/.volare/sky130A/libs.ref/sky130_fd_sc_hd/techlef/sky130_fd_sc_hd__min.tlef {/home/srujan/.volare/sky130A/libs.ref/sky130_fd_sc_hd/lef/sky130_ef_sc_hd.lef /home/srujan/.volare/sky130A/libs.ref/sky130_fd_sc_hd/lef/sky130_fd_sc_hd.lef} |& tee /dev/null}"

Sun Jul 21 15:03:35 +0000 2024 - Executing "{/openlane/scripts/mergeLef.py -o /openlane/designs/picorv32a/runs/RUN_2024.07.21_15.03.35/tmp/merged.min.lef -i /openlane/designs/picorv32a/runs/RUN_2024.07.21_15.03.35/tmp/merged.min.lef /openlane/designs/picorv32a/src/rusty_inv.lef |& tee /dev/null}"

Sun Jul 21 15:03:35 +0000 2024 - Executing "{/openlane/scripts/mergeLef.py -o /openlane/designs/picorv32a/runs/RUN_2024.07.21_15.03.35/tmp/merged.max.lef -i /home/srujan/.volare/sky130A/libs.ref/sky130_fd_sc_hd/techlef/sky130_fd_sc_hd__max.tlef {/home/srujan/.volare/sky130A/libs.ref/sky130_fd_sc_hd/lef/sky130_ef_sc_hd.lef /home/srujan/.volare/sky130A/libs.ref/sky130_fd_sc_hd/lef/sky130_fd_sc_hd.lef} |& tee /dev/null}"

Sun Jul 21 15:03:35 +0000 2024 - Executing "{/openlane/scripts/mergeLef.py -o /openlane/designs/picorv32a/runs/RUN_2024.07.21_15.03.35/tmp/merged.max.lef -i /openlane/designs/picorv32a/runs/RUN_2024.07.21_15.03.35/tmp/merged.max.lef /openlane/designs/picorv32a/src/rusty_inv.lef |& tee /dev/null}"

Sun Jul 21 15:03:35 +0000 2024 - Executing "{python3 /openlane/scripts/mergeLib.py --output /openlane/designs/picorv32a/runs/RUN_2024.07.21_15.03.35/tmp/synthesis/merged.lib --name sky130A_merged /openlane/designs/picorv32a/src/sky130_fd_sc_hd__typical.lib}"

Sun Jul 21 15:03:35 +0000 2024 - Executing "{python3 /openlane/scripts/libtrim.py --cell-file /openlane/designs/picorv32a/runs/RUN_2024.07.21_15.03.35/tmp/synthesis/trimmed.lib.exclude.list --output /openlane/designs/picorv32a/runs/RUN_2024.07.21_15.03.35/tmp/synthesis/trimmed.lib /openlane/designs/picorv32a/runs/RUN_2024.07.21_15.03.35/tmp/synthesis/merged.lib}"

Sun Jul 21 15:03:36 +0000 2024 - Executing "{python3 /openlane/scripts/libtrim.py --cell-file /openlane/designs/picorv32a/runs/RUN_2024.07.21_15.03.35/tmp/cts/cts.lib.exclude.list --output /openlane/designs/picorv32a/runs/RUN_2024.07.21_15.03.35/tmp/cts/cts.lib /openlane/designs/picorv32a/src/sky130_fd_sc_hd__typical.lib}"

Sun Jul 21 15:03:36 +0000 2024 - Executing "{python3 /openlane/scripts/libtrim.py --cell-file /openlane/designs/picorv32a/runs/RUN_2024.07.21_15.03.35/tmp/cts/cts-fastest.lib.exclude.list --output /openlane/designs/picorv32a/runs/RUN_2024.07.21_15.03.35/tmp/cts/cts-fastest.lib /openlane/designs/picorv32a/src/sky130_fd_sc_hd__fast.lib}"

Sun Jul 21 15:03:36 +0000 2024 - Executing "{python3 /openlane/scripts/libtrim.py --cell-file /openlane/designs/picorv32a/runs/RUN_2024.07.21_15.03.35/tmp/cts/cts-slowest.lib.exclude.list --output /openlane/designs/picorv32a/runs/RUN_2024.07.21_15.03.35/tmp/cts/cts-slowest.lib /openlane/designs/picorv32a/src/sky130_fd_sc_hd__slow.lib}"

Sun Jul 21 15:03:36 +0000 2024 - Executing "{python3 /openlane/scripts/new_tracks.py -i /home/srujan/.volare/sky130A/libs.tech/openlane/sky130_fd_sc_hd/tracks.info -o /openlane/designs/picorv32a/runs/RUN_2024.07.21_15.03.35/tmp/routing/config.tracks}"

Sun Jul 21 15:03:36 +0000 2024 - Executing "{echo {OpenLane a0e805e70f9dca8e80286ed807195008a2fc36c0} > /openlane/designs/picorv32a/runs/RUN_2024.07.21_15.03.35/OPENLANE_VERSION}"

Sun Jul 21 15:03:53 +0000 2024 - Executing "{/openlane/scripts/mergeLef.py -i /openlane/designs/picorv32a/runs/RUN_2024.07.21_15.03.35/tmp/merged.nom.lef /openlane/designs/picorv32a/src/rusty_inv.lef -o /openlane/designs/picorv32a/runs/RUN_2024.07.21_15.03.35/tmp/merged.nom.lef.new}"

Sun Jul 21 15:03:53 +0000 2024 - Executing "{mv /openlane/designs/picorv32a/runs/RUN_2024.07.21_15.03.35/tmp/merged.nom.lef.new /openlane/designs/picorv32a/runs/RUN_2024.07.21_15.03.35/tmp/merged.nom.lef}"

Sun Jul 21 15:04:00 +0000 2024 - Executing "{sed -E {s/^([[:space:]]+)pg_pin(.*)/\1pin\2\n\1    direction : "inout";/g} /openlane/designs/picorv32a/src/sky130_fd_sc_hd__typical.lib > /openlane/designs/picorv32a/runs/RUN_2024.07.21_15.03.35/tmp/synthesis/1-sky130_fd_sc_hd__typical.no_pg.lib}"

Sun Jul 21 15:04:00 +0000 2024 - Executing "{sed -E {s/^([[:space:]]+)pg_pin(.*)/\1pin\2\n\1    direction : "inout";/g} /openlane/designs/picorv32a/runs/RUN_2024.07.21_15.03.35/tmp/synthesis/trimmed.lib > /openlane/designs/picorv32a/runs/RUN_2024.07.21_15.03.35/tmp/synthesis/1-trimmed.no_pg.lib}"

Sun Jul 21 15:04:00 +0000 2024 - Executing "yosys -c /openlane/scripts/yosys/synth.tcl |& tee /dev/null /openlane/designs/picorv32a/runs/RUN_2024.07.21_15.03.35/logs/synthesis/1-synthesis.log"

Sun Jul 21 15:04:00 +0000 2024 - Executing "{yosys -c /openlane/scripts/yosys/synth.tcl |& tee /dev/null /openlane/designs/picorv32a/runs/RUN_2024.07.21_15.03.35/logs/synthesis/1-synthesis.log}"

Sun Jul 21 15:04:18 +0000 2024 - Executing "{sed -i.bak -e {s/\(set ::env(CURRENT_NETLIST)\).*/\1 \/openlane\/designs\/picorv32a\/runs\/RUN_2024.07.21_15.03.35\/results\/synthesis\/picorv32a.v/} /openlane/designs/picorv32a/runs/RUN_2024.07.21_15.03.35/config.tcl}"

Sun Jul 21 15:04:18 +0000 2024 - Executing "{sed -i.bak /defparam/d /openlane/designs/picorv32a/runs/RUN_2024.07.21_15.03.35/results/synthesis/picorv32a.v}"

Sun Jul 21 15:04:18 +0000 2024 - Executing "sta -exit -no_init /openlane/scripts/openroad/sta/multi_corner.tcl |& tee /dev/null /openlane/designs/picorv32a/runs/RUN_2024.07.21_15.03.35/logs/synthesis/2-sta.log"

Sun Jul 21 15:04:18 +0000 2024 - Executing "{sta -exit -no_init /openlane/scripts/openroad/sta/multi_corner.tcl |& tee /dev/null /openlane/designs/picorv32a/runs/RUN_2024.07.21_15.03.35/logs/synthesis/2-sta.log}"

Sun Jul 21 15:04:37 +0000 2024 - Executing "openroad -exit /openlane/scripts/openroad/floorplan.tcl |& tee /dev/null /openlane/designs/picorv32a/runs/RUN_2024.07.21_15.03.35/logs/floorplan/3-initial_fp.log"

Sun Jul 21 15:04:37 +0000 2024 - Executing "{openroad -exit /openlane/scripts/openroad/floorplan.tcl |& tee /dev/null /openlane/designs/picorv32a/runs/RUN_2024.07.21_15.03.35/logs/floorplan/3-initial_fp.log}"

Sun Jul 21 15:04:38 +0000 2024 - Executing "{openroad -exit -no_init -python /openlane/scripts/odbpy/defutil.py extract_core_dims --output-data /openlane/designs/picorv32a/runs/RUN_2024.07.21_15.03.35/tmp/dimensions.txt --input-lef /openlane/designs/picorv32a/runs/RUN_2024.07.21_15.03.35/tmp/merged.nom.lef /openlane/designs/picorv32a/runs/RUN_2024.07.21_15.03.35/tmp/floorplan/3-initial_fp.def}"

Sun Jul 21 15:04:44 +0000 2024 - Executing "openroad -exit /openlane/scripts/openroad/ioplacer.tcl |& tee /dev/null /openlane/designs/picorv32a/runs/RUN_2024.07.21_15.03.35/logs/floorplan/4-io.log"

Sun Jul 21 15:04:44 +0000 2024 - Executing "{openroad -exit /openlane/scripts/openroad/ioplacer.tcl |& tee /dev/null /openlane/designs/picorv32a/runs/RUN_2024.07.21_15.03.35/logs/floorplan/4-io.log}"

Sun Jul 21 15:04:49 +0000 2024 - Executing "openroad -exit /openlane/scripts/openroad/tapcell.tcl |& tee /dev/null /openlane/designs/picorv32a/runs/RUN_2024.07.21_15.03.35/logs/floorplan/5-tap.log"

Sun Jul 21 15:04:49 +0000 2024 - Executing "{openroad -exit /openlane/scripts/openroad/tapcell.tcl |& tee /dev/null /openlane/designs/picorv32a/runs/RUN_2024.07.21_15.03.35/logs/floorplan/5-tap.log}"

Sun Jul 21 15:05:51 +0000 2024 - Executing "openroad -exit /openlane/scripts/openroad/gpl.tcl |& tee /dev/null /openlane/designs/picorv32a/runs/RUN_2024.07.21_15.03.35/logs/placement/5-global_skip_io.log"

Sun Jul 21 15:05:51 +0000 2024 - Executing "{openroad -exit /openlane/scripts/openroad/gpl.tcl |& tee /dev/null /openlane/designs/picorv32a/runs/RUN_2024.07.21_15.03.35/logs/placement/5-global_skip_io.log}"

Sun Jul 21 15:05:53 +0000 2024 - Executing "{sed -i.bak -e {s/\(set ::env(CURRENT_NETLIST)\).*/\1 \/openlane\/designs\/picorv32a\/runs\/RUN_2024.07.21_15.03.35\/tmp\/placement\/6-global_skip_io.nl.v/} /openlane/designs/picorv32a/runs/RUN_2024.07.21_15.03.35/config.tcl}"

Sun Jul 21 15:05:53 +0000 2024 - Executing "openroad -exit /openlane/scripts/openroad/sta/multi_corner.tcl |& tee /dev/null /openlane/designs/picorv32a/runs/RUN_2024.07.21_15.03.35/logs/placement/7-gpl_sta.log"

Sun Jul 21 15:05:53 +0000 2024 - Executing "{openroad -exit /openlane/scripts/openroad/sta/multi_corner.tcl |& tee /dev/null /openlane/designs/picorv32a/runs/RUN_2024.07.21_15.03.35/logs/placement/7-gpl_sta.log}"

Sun Jul 21 15:05:55 +0000 2024 - Executing "openroad -exit /openlane/scripts/openroad/ioplacer.tcl |& tee /dev/null /openlane/designs/picorv32a/runs/RUN_2024.07.21_15.03.35/logs/placement/8-io.log"

Sun Jul 21 15:05:55 +0000 2024 - Executing "{openroad -exit /openlane/scripts/openroad/ioplacer.tcl |& tee /dev/null /openlane/designs/picorv32a/runs/RUN_2024.07.21_15.03.35/logs/placement/8-io.log}"

Sun Jul 21 15:05:56 +0000 2024 - Executing "openroad -exit /openlane/scripts/openroad/gpl.tcl |& tee /dev/null /openlane/designs/picorv32a/runs/RUN_2024.07.21_15.03.35/logs/placement/8-global.log"

Sun Jul 21 15:05:56 +0000 2024 - Executing "{openroad -exit /openlane/scripts/openroad/gpl.tcl |& tee /dev/null /openlane/designs/picorv32a/runs/RUN_2024.07.21_15.03.35/logs/placement/8-global.log}"

Sun Jul 21 15:05:58 +0000 2024 - Executing "{sed -i.bak -e {s/\(set ::env(CURRENT_NETLIST)\).*/\1 \/openlane\/designs\/picorv32a\/runs\/RUN_2024.07.21_15.03.35\/tmp\/placement\/9-global.nl.v/} /openlane/designs/picorv32a/runs/RUN_2024.07.21_15.03.35/config.tcl}"

Sun Jul 21 15:05:58 +0000 2024 - Executing "openroad -exit /openlane/scripts/openroad/sta/multi_corner.tcl |& tee /dev/null /openlane/designs/picorv32a/runs/RUN_2024.07.21_15.03.35/logs/placement/10-gpl_sta.log"

Sun Jul 21 15:05:58 +0000 2024 - Executing "{openroad -exit /openlane/scripts/openroad/sta/multi_corner.tcl |& tee /dev/null /openlane/designs/picorv32a/runs/RUN_2024.07.21_15.03.35/logs/placement/10-gpl_sta.log}"

Sun Jul 21 15:06:01 +0000 2024 - Executing "openroad -exit /openlane/scripts/openroad/resizer.tcl |& tee /dev/null /openlane/designs/picorv32a/runs/RUN_2024.07.21_15.03.35/logs/placement/11-resizer.log"

Sun Jul 21 15:06:01 +0000 2024 - Executing "{openroad -exit /openlane/scripts/openroad/resizer.tcl |& tee /dev/null /openlane/designs/picorv32a/runs/RUN_2024.07.21_15.03.35/logs/placement/11-resizer.log}"

Sun Jul 21 15:06:07 +0000 2024 - Executing "{sed -i.bak -e {s/\(set ::env(CURRENT_NETLIST)\).*/\1 \/openlane\/designs\/picorv32a\/runs\/RUN_2024.07.21_15.03.35\/tmp\/placement\/11-resizer.nl.v/} /openlane/designs/picorv32a/runs/RUN_2024.07.21_15.03.35/config.tcl}"

Sun Jul 21 15:06:07 +0000 2024 - Executing "openroad -exit /openlane/scripts/openroad/dpl.tcl |& tee /dev/null /openlane/designs/picorv32a/runs/RUN_2024.07.21_15.03.35/logs/placement/12-detailed.log"

Sun Jul 21 15:06:07 +0000 2024 - Executing "{openroad -exit /openlane/scripts/openroad/dpl.tcl |& tee /dev/null /openlane/designs/picorv32a/runs/RUN_2024.07.21_15.03.35/logs/placement/12-detailed.log}"

Sun Jul 21 15:06:08 +0000 2024 - Executing "{sed -i.bak -e {s/\(set ::env(CURRENT_NETLIST)\).*/\1 \/openlane\/designs\/picorv32a\/runs\/RUN_2024.07.21_15.03.35\/results\/placement\/picorv32a.nl.v/} /openlane/designs/picorv32a/runs/RUN_2024.07.21_15.03.35/config.tcl}"

Sun Jul 21 15:06:08 +0000 2024 - Executing "openroad -exit /openlane/scripts/openroad/sta/multi_corner.tcl |& tee /dev/null /openlane/designs/picorv32a/runs/RUN_2024.07.21_15.03.35/logs/placement/13-dpl_sta.log"

Sun Jul 21 15:06:08 +0000 2024 - Executing "{openroad -exit /openlane/scripts/openroad/sta/multi_corner.tcl |& tee /dev/null /openlane/designs/picorv32a/runs/RUN_2024.07.21_15.03.35/logs/placement/13-dpl_sta.log}"

Sun Jul 21 15:06:16 +0000 2024 - Executing "openroad -exit /openlane/scripts/openroad/cts.tcl |& tee /dev/null /openlane/designs/picorv32a/runs/RUN_2024.07.21_15.03.35/logs/cts/14-cts.log"

Sun Jul 21 15:06:16 +0000 2024 - Executing "{openroad -exit /openlane/scripts/openroad/cts.tcl |& tee /dev/null /openlane/designs/picorv32a/runs/RUN_2024.07.21_15.03.35/logs/cts/14-cts.log}"

Sun Jul 21 15:06:24 +0000 2024 - Executing "openroad -exit /openlane/scripts/openroad/sta/multi_corner.tcl |& tee /dev/null /openlane/designs/picorv32a/runs/RUN_2024.07.21_15.03.35/logs/cts/15-cts_sta.log"

Sun Jul 21 15:06:24 +0000 2024 - Executing "{openroad -exit /openlane/scripts/openroad/sta/multi_corner.tcl |& tee /dev/null /openlane/designs/picorv32a/runs/RUN_2024.07.21_15.03.35/logs/cts/15-cts_sta.log}"

Sun Jul 21 15:11:43 +0000 2024 - Executing "openroad -exit /openlane/scripts/openroad/pdn.tcl |& tee /dev/null /openlane/designs/picorv32a/runs/RUN_2024.07.21_15.03.35/logs/floorplan/16-pdn.log"

Sun Jul 21 15:11:43 +0000 2024 - Executing "{openroad -exit /openlane/scripts/openroad/pdn.tcl |& tee /dev/null /openlane/designs/picorv32a/runs/RUN_2024.07.21_15.03.35/logs/floorplan/16-pdn.log}"

Sun Jul 21 15:13:49 +0000 2024 - Executing "{openroad -exit -no_init -python /openlane/scripts/odbpy/diodes.py place --diode-cell sky130_fd_sc_hd__diode_2 --diode-pin DIODE --threshold 90 --side-strategy source --port-protect none --input-lef /openlane/designs/picorv32a/runs/RUN_2024.07.21_15.03.35/tmp/merged.nom.lef --output-def /openlane/designs/picorv32a/runs/RUN_2024.07.21_15.03.35/tmp/routing/17-diodes.def --output /openlane/designs/picorv32a/runs/RUN_2024.07.21_15.03.35/tmp/routing/17-diodes.odb /openlane/designs/picorv32a/runs/RUN_2024.07.21_15.03.35/results/cts/picorv32a.odb |& tee /dev/null /openlane/designs/picorv32a/runs/RUN_2024.07.21_15.03.35/logs/routing/17-diodes.log}"

Sun Jul 21 15:13:49 +0000 2024 - Executing "openroad -exit /openlane/scripts/openroad/dpl.tcl |& tee /dev/null /openlane/designs/picorv32a/runs/RUN_2024.07.21_15.03.35/logs/routing/18-diode_legalization.log"

Sun Jul 21 15:13:49 +0000 2024 - Executing "{openroad -exit /openlane/scripts/openroad/dpl.tcl |& tee /dev/null /openlane/designs/picorv32a/runs/RUN_2024.07.21_15.03.35/logs/routing/18-diode_legalization.log}"

Sun Jul 21 15:13:50 +0000 2024 - Executing "{sed -i.bak -e {s/\(set ::env(CURRENT_NETLIST)\).*/\1 \/openlane\/designs\/picorv32a\/runs\/RUN_2024.07.21_15.03.35\/tmp\/routing\/.\/17-diodes_legalized.nl.v/} /openlane/designs/picorv32a/runs/RUN_2024.07.21_15.03.35/config.tcl}"

Sun Jul 21 15:14:00 +0000 2024 - Executing "openroad -exit /openlane/scripts/openroad/pdn.tcl |& tee /dev/null /openlane/designs/picorv32a/runs/RUN_2024.07.21_15.03.35/logs/floorplan/19-pdn.log"

Sun Jul 21 15:14:00 +0000 2024 - Executing "{openroad -exit /openlane/scripts/openroad/pdn.tcl |& tee /dev/null /openlane/designs/picorv32a/runs/RUN_2024.07.21_15.03.35/logs/floorplan/19-pdn.log}"

Sun Jul 21 15:16:01 +0000 2024 - Executing "openroad -exit /openlane/scripts/openroad/resizer_routing_design.tcl |& tee /dev/null /openlane/designs/picorv32a/runs/RUN_2024.07.21_15.03.35/logs/routing/20-resizer_design.log"

Sun Jul 21 15:16:01 +0000 2024 - Executing "{openroad -exit /openlane/scripts/openroad/resizer_routing_design.tcl |& tee /dev/null /openlane/designs/picorv32a/runs/RUN_2024.07.21_15.03.35/logs/routing/20-resizer_design.log}"

Sun Jul 21 15:16:12 +0000 2024 - Executing "{sed -i.bak -e {s/\(set ::env(CURRENT_NETLIST)\).*/\1 \/openlane\/designs\/picorv32a\/runs\/RUN_2024.07.21_15.03.35\/tmp\/20-picorv32a.nl.v/} /openlane/designs/picorv32a/runs/RUN_2024.07.21_15.03.35/config.tcl}"

Sun Jul 21 15:16:12 +0000 2024 - Executing "openroad -exit /openlane/scripts/openroad/sta/multi_corner.tcl |& tee /dev/null /openlane/designs/picorv32a/runs/RUN_2024.07.21_15.03.35/logs/routing/21-rsz_design_sta.log"

Sun Jul 21 15:16:12 +0000 2024 - Executing "{openroad -exit /openlane/scripts/openroad/sta/multi_corner.tcl |& tee /dev/null /openlane/designs/picorv32a/runs/RUN_2024.07.21_15.03.35/logs/routing/21-rsz_design_sta.log}"

Sun Jul 21 15:16:16 +0000 2024 - Executing "openroad -exit /openlane/scripts/openroad/resizer_routing_timing.tcl |& tee /dev/null /openlane/designs/picorv32a/runs/RUN_2024.07.21_15.03.35/logs/routing/22-resizer_timing.log"

Sun Jul 21 15:16:16 +0000 2024 - Executing "{openroad -exit /openlane/scripts/openroad/resizer_routing_timing.tcl |& tee /dev/null /openlane/designs/picorv32a/runs/RUN_2024.07.21_15.03.35/logs/routing/22-resizer_timing.log}"

Sun Jul 21 15:16:25 +0000 2024 - Executing "{sed -i.bak -e {s/\(set ::env(CURRENT_NETLIST)\).*/\1 \/openlane\/designs\/picorv32a\/runs\/RUN_2024.07.21_15.03.35\/tmp\/22-picorv32a.nl.v/} /openlane/designs/picorv32a/runs/RUN_2024.07.21_15.03.35/config.tcl}"

Sun Jul 21 15:16:26 +0000 2024 - Executing "openroad -exit /openlane/scripts/openroad/sta/multi_corner.tcl |& tee /dev/null /openlane/designs/picorv32a/runs/RUN_2024.07.21_15.03.35/logs/routing/23-rsz_timing_sta.log"

Sun Jul 21 15:16:26 +0000 2024 - Executing "{openroad -exit /openlane/scripts/openroad/sta/multi_corner.tcl |& tee /dev/null /openlane/designs/picorv32a/runs/RUN_2024.07.21_15.03.35/logs/routing/23-rsz_timing_sta.log}"

Sun Jul 21 15:16:30 +0000 2024 - Executing "openroad -exit /openlane/scripts/openroad/repair_antennas.tcl |& tee /dev/null /openlane/designs/picorv32a/runs/RUN_2024.07.21_15.03.35/logs/routing/24-global.log"

Sun Jul 21 15:16:30 +0000 2024 - Executing "{openroad -exit /openlane/scripts/openroad/repair_antennas.tcl |& tee /dev/null /openlane/designs/picorv32a/runs/RUN_2024.07.21_15.03.35/logs/routing/24-global.log}"

Sun Jul 21 15:16:38 +0000 2024 - Executing "openroad -exit /openlane/scripts/openroad/write_views.tcl |& tee /dev/null /openlane/designs/picorv32a/runs/RUN_2024.07.21_15.03.35/logs/routing/24-global_write_netlist.log"

Sun Jul 21 15:16:38 +0000 2024 - Executing "{openroad -exit /openlane/scripts/openroad/write_views.tcl |& tee /dev/null /openlane/designs/picorv32a/runs/RUN_2024.07.21_15.03.35/logs/routing/24-global_write_netlist.log}"

Sun Jul 21 15:16:38 +0000 2024 - Executing "{sed -i.bak -e {s/\(set ::env(CURRENT_NETLIST)\).*/\1 \/openlane\/designs\/picorv32a\/runs\/RUN_2024.07.21_15.03.35\/tmp\/routing\/global.nl.v/} /openlane/designs/picorv32a/runs/RUN_2024.07.21_15.03.35/config.tcl}"

Sun Jul 21 15:16:38 +0000 2024 - Executing "openroad -exit /openlane/scripts/openroad/sta/multi_corner.tcl |& tee /dev/null /openlane/designs/picorv32a/runs/RUN_2024.07.21_15.03.35/logs/routing/26-grt_sta.log"

Sun Jul 21 15:16:38 +0000 2024 - Executing "{openroad -exit /openlane/scripts/openroad/sta/multi_corner.tcl |& tee /dev/null /openlane/designs/picorv32a/runs/RUN_2024.07.21_15.03.35/logs/routing/26-grt_sta.log}"

Sun Jul 21 15:16:41 +0000 2024 - Executing "openroad -exit /openlane/scripts/openroad/fill.tcl |& tee /dev/null /openlane/designs/picorv32a/runs/RUN_2024.07.21_15.03.35/logs/routing/27-fill.log"

Sun Jul 21 15:16:41 +0000 2024 - Executing "{openroad -exit /openlane/scripts/openroad/fill.tcl |& tee /dev/null /openlane/designs/picorv32a/runs/RUN_2024.07.21_15.03.35/logs/routing/27-fill.log}"

Sun Jul 21 15:16:42 +0000 2024 - Executing "{sed -i.bak -e {s/\(set ::env(CURRENT_NETLIST)\).*/\1 \/openlane\/designs\/picorv32a\/runs\/RUN_2024.07.21_15.03.35\/tmp\/routing\/27-fill.nl.v/} /openlane/designs/picorv32a/runs/RUN_2024.07.21_15.03.35/config.tcl}"

Sun Jul 21 15:16:42 +0000 2024 - Executing "openroad -exit -metrics /openlane/designs/picorv32a/runs/RUN_2024.07.21_15.03.35/reports/routing/28-drt_metrics.json /openlane/scripts/openroad/droute.tcl |& tee /dev/null /openlane/designs/picorv32a/runs/RUN_2024.07.21_15.03.35/logs/routing/28-detailed.log"

Sun Jul 21 15:16:42 +0000 2024 - Executing "{openroad -exit -metrics /openlane/designs/picorv32a/runs/RUN_2024.07.21_15.03.35/reports/routing/28-drt_metrics.json /openlane/scripts/openroad/droute.tcl |& tee /dev/null /openlane/designs/picorv32a/runs/RUN_2024.07.21_15.03.35/logs/routing/28-detailed.log}"

Sun Jul 21 15:19:36 +0000 2024 - Executing "openroad -exit /openlane/scripts/openroad/pdn.tcl |& tee /dev/null /openlane/designs/picorv32a/runs/RUN_2024.07.21_15.03.35/logs/floorplan/29-pdn.log"

Sun Jul 21 15:19:36 +0000 2024 - Executing "{openroad -exit /openlane/scripts/openroad/pdn.tcl |& tee /dev/null /openlane/designs/picorv32a/runs/RUN_2024.07.21_15.03.35/logs/floorplan/29-pdn.log}"

Sun Jul 21 15:19:47 +0000 2024 - Executing "openroad -exit /openlane/scripts/openroad/resizer_routing_design.tcl |& tee /dev/null /openlane/designs/picorv32a/runs/RUN_2024.07.21_15.03.35/logs/routing/30-resizer_design.log"

Sun Jul 21 15:19:47 +0000 2024 - Executing "{openroad -exit /openlane/scripts/openroad/resizer_routing_design.tcl |& tee /dev/null /openlane/designs/picorv32a/runs/RUN_2024.07.21_15.03.35/logs/routing/30-resizer_design.log}"

