[ERROR]: during executing openroad script /openlane/scripts/openroad/pdn.tcl
[ERROR]: Log: designs/picorv32a/runs/RUN_2024.07.21_15.03.35/logs/floorplan/16-pdn.log
[ERROR]: Last 10 lines:
Using 1e-06 for distance...
Reading design constraints file at '/openlane/scripts/base.sdc'…
[INFO]: Setting output delay to: 4.946000000000001
[INFO]: Setting input delay to: 4.946000000000001
[INFO]: Setting load to: 0.033442
[INFO]: Setting clock uncertainty to: 0.25
[INFO]: Setting clock transition to: 0.15
[INFO]: Setting timing derate to: 5.0 %
Error: pdn_cfg.tcl, 41 can't read "::env(VDD_NETS)": no such variable
child process exited abnormally

[ERROR]: Creating issue reproducible...
[ERROR]: during executing openroad script /openlane/scripts/openroad/droute.tcl
[ERROR]: Log: designs/picorv32a/runs/RUN_2024.07.21_15.03.35/logs/routing/28-detailed.log
[ERROR]: Last 10 lines:
_24322_
[ERROR DRT-0085] Valid access pattern combination not found for 
_17928_
_18041_
_17929_
_18042_
_17831_
_17930_
Error: droute.tcl, 40 DRT-0085
child process exited abnormally

[ERROR]: Creating issue reproducible...
[ERROR]: during executing openroad script /openlane/scripts/openroad/resizer_routing_design.tcl
[ERROR]: Log: designs/picorv32a/runs/RUN_2024.07.21_15.03.35/logs/routing/30-resizer_design.log
[ERROR]: Last 10 lines:
[INFO DPL-0035]  ANTENNA__15674__A
[INFO DPL-0035]  FILLER_0_57_346
[INFO DPL-0035]  ANTENNA__20223__A1
[INFO DPL-0035]  ANTENNA__15116__A
[INFO DPL-0035]  ANTENNA__15116__A
[INFO DPL-0035]  ANTENNA__15215__A
[INFO DPL-0035] message limit reached, this message will no longer print
[ERROR DPL-0036] Detailed placement failed.
Error: resizer_routing_design.tcl, 67 DPL-0036
child process exited abnormally

[ERROR]: Creating issue reproducible...
