OpenROAD d423155d69de7f683a23f6916ead418a615ad4ad 
Features included (+) or not (-):  +Charts +GPU +GUI +Python
This program is licensed under the BSD-3 license. See the LICENSE file for details.
Components of this program may be licensed under more restrictive licenses which must be honored.
[INFO]: Reading ODB at '/openlane/designs/picorv32a/runs/RUN_2024.07.21_15.03.35/tmp/placement/11-resizer.odb'…
define_corners Typical
read_liberty -corner Typical /openlane/designs/picorv32a/src/sky130_fd_sc_hd__typical.lib
[WARNING STA-1173] /openlane/designs/picorv32a/src/sky130_fd_sc_hd__typical.lib line 23, default_fanout_load is 0.0.
Using 1e-12 for capacitance...
Using 1e+03 for resistance...
Using 1e-09 for time...
Using 1e+00 for voltage...
Using 1e-03 for current...
Using 1e-09 for power...
Using 1e-06 for distance...
Reading design constraints file at '/openlane/scripts/base.sdc'…
[INFO]: Setting output delay to: 4.946000000000001
[INFO]: Setting input delay to: 4.946000000000001
[INFO]: Setting load to: 0.033442
[INFO]: Setting clock uncertainty to: 0.25
[INFO]: Setting clock transition to: 0.15
[INFO]: Setting timing derate to: 5.0 %
Placement Analysis
---------------------------------
total displacement          0.0 u
average displacement        0.0 u
max displacement            0.0 u
original HPWL          750954.3 u
legalized HPWL         762591.5 u
delta HPWL                    2 %

[INFO DPL-0020] Mirrored 6116 instances
[INFO DPL-0021] HPWL before          762591.5 u
[INFO DPL-0022] HPWL after           750954.3 u
[INFO DPL-0023] HPWL delta               -1.5 %
Writing OpenROAD database to '/openlane/designs/picorv32a/runs/RUN_2024.07.21_15.03.35/results/placement/picorv32a.odb'…
Writing netlist to '/openlane/designs/picorv32a/runs/RUN_2024.07.21_15.03.35/results/placement/picorv32a.nl.v'…
Writing powered netlist to '/openlane/designs/picorv32a/runs/RUN_2024.07.21_15.03.35/results/placement/picorv32a.pnl.v'…
Writing layout to '/openlane/designs/picorv32a/runs/RUN_2024.07.21_15.03.35/results/placement/picorv32a.def'…
