OpenROAD d423155d69de7f683a23f6916ead418a615ad4ad 
Features included (+) or not (-):  +Charts +GPU +GUI +Python
This program is licensed under the BSD-3 license. See the LICENSE file for details.
Components of this program may be licensed under more restrictive licenses which must be honored.
[INFO]: Reading ODB at '/openlane/designs/picorv32a/runs/RUN_2024.07.20_08.14.22/results/floorplan/picorv32a.odb'…
define_corners Typical
read_liberty -corner Typical /openlane/designs/picorv32a/src/sky130_fd_sc_hd__typical.lib
[WARNING STA-1173] /openlane/designs/picorv32a/src/sky130_fd_sc_hd__typical.lib line 23, default_fanout_load is 0.0.
Using 1e-12 for capacitance...
Using 1e+03 for resistance...
Using 1e-09 for time...
Using 1e+00 for voltage...
Using 1e-03 for current...
Using 1e-09 for power...
Using 1e-06 for distance...
Reading design constraints file at '/openlane/scripts/base.sdc'…
[INFO]: Setting output delay to: 4.946000000000001
[INFO]: Setting input delay to: 4.946000000000001
[INFO]: Setting load to: 0.033442
[INFO]: Setting clock uncertainty to: 0.25
[INFO]: Setting clock transition to: 0.15
[INFO]: Setting timing derate to: 5.0 %
[INFO ORD-0030] Using 2 thread(s).
[INFO DRT-0149] Reading tech and libs.
[WARNING DRT-0349] LEF58_ENCLOSURE with no CUTCLASS is not supported. Skipping for layer mcon
[WARNING DRT-0349] LEF58_ENCLOSURE with no CUTCLASS is not supported. Skipping for layer mcon
[WARNING DRT-0349] LEF58_ENCLOSURE with no CUTCLASS is not supported. Skipping for layer via
[WARNING DRT-0349] LEF58_ENCLOSURE with no CUTCLASS is not supported. Skipping for layer via
[WARNING DRT-0349] LEF58_ENCLOSURE with no CUTCLASS is not supported. Skipping for layer via2
[WARNING DRT-0349] LEF58_ENCLOSURE with no CUTCLASS is not supported. Skipping for layer via2
[WARNING DRT-0349] LEF58_ENCLOSURE with no CUTCLASS is not supported. Skipping for layer via3
[WARNING DRT-0349] LEF58_ENCLOSURE with no CUTCLASS is not supported. Skipping for layer via3
[WARNING DRT-0349] LEF58_ENCLOSURE with no CUTCLASS is not supported. Skipping for layer via4
[WARNING DRT-0349] LEF58_ENCLOSURE with no CUTCLASS is not supported. Skipping for layer via4

Units:                1000
Number of layers:     13
Number of macros:     442
Number of vias:       29
Number of viarulegen: 25

[INFO DRT-0150] Reading design.

Design:                   picorv32a
Die area:                 ( 0 0 ) ( 790355 801075 )
Number of track patterns: 12
Number of DEF vias:       0
Number of components:     32631
Number of terminals:      411
Number of snets:          2
Number of nets:           23521

[INFO DRT-0167] List of default vias:
  Layer via
    default via: M1M2_PR
  Layer via2
    default via: M2M3_PR
  Layer via3
    default via: M3M4_PR
  Layer via4
    default via: M4M5_PR
[INFO DRT-0162] Library cell analysis.
[INFO DRT-0163] Instance analysis.
[INFO DRT-0164] Number of unique instances = 738.
[INFO DRT-0168] Init region query.
[INFO DRT-0024]   Complete FR_MASTERSLICE.
[INFO DRT-0024]   Complete Fr_VIA.
[INFO DRT-0024]   Complete li1.
[INFO DRT-0024]   Complete mcon.
[INFO DRT-0024]   Complete met1.
[INFO DRT-0024]   Complete via.
[INFO DRT-0024]   Complete met2.
[INFO DRT-0024]   Complete via2.
[INFO DRT-0024]   Complete met3.
[INFO DRT-0024]   Complete via3.
[INFO DRT-0024]   Complete met4.
[INFO DRT-0024]   Complete via4.
[INFO DRT-0024]   Complete met5.
[INFO DRT-0033] FR_MASTERSLICE shape region query size = 0.
[INFO DRT-0033] FR_VIA shape region query size = 0.
[INFO DRT-0033] li1 shape region query size = 766465.
[INFO DRT-0033] mcon shape region query size = 0.
[INFO DRT-0033] met1 shape region query size = 82232.
[INFO DRT-0033] via shape region query size = 7175.
[INFO DRT-0033] met2 shape region query size = 4478.
[INFO DRT-0033] via2 shape region query size = 5740.
[INFO DRT-0033] met3 shape region query size = 4541.
[INFO DRT-0033] via3 shape region query size = 5740.
[INFO DRT-0033] met4 shape region query size = 1505.
[INFO DRT-0033] via4 shape region query size = 50.
[INFO DRT-0033] met5 shape region query size = 70.
[INFO DRT-0165] Start pin access.
[INFO DRT-0076]   Complete 1000 pins.
[INFO DRT-0076]   Complete 2000 pins.
[INFO DRT-0076]   Complete 3000 pins.
[INFO DRT-0078]   Complete 3284 pins.
[INFO DRT-0079]   Complete 100 unique inst patterns.
[INFO DRT-0079]   Complete 200 unique inst patterns.
[INFO DRT-0079]   Complete 300 unique inst patterns.
[INFO DRT-0079]   Complete 400 unique inst patterns.
[INFO DRT-0079]   Complete 500 unique inst patterns.
[INFO DRT-0079]   Complete 600 unique inst patterns.
[INFO DRT-0079]   Complete 700 unique inst patterns.
[WARNING DRT-0087] No valid pattern for unique instance _20396_, master is rusty_inv.
[WARNING DRT-0087] No valid pattern for unique instance _20349_, master is rusty_inv.
[WARNING DRT-0087] No valid pattern for unique instance _20351_, master is rusty_inv.
[WARNING DRT-0087] No valid pattern for unique instance _20632_, master is rusty_inv.
[INFO DRT-0081]   Complete 732 unique inst patterns.
[ERROR DRT-0085] Valid access pattern combination not found for 
_41448_
_38782_
_38784_
_38777_
[ERROR DRT-0085] Valid access pattern combination not found for 
_38781_
[ERROR DRT-0085] Valid access pattern combination not found for 
_25558_
_25564_
[ERROR DRT-0085] Valid access pattern combination not found for 
_36537_
[ERROR DRT-0085] Valid access pattern combination not found for 
_25968_
_25966_
[ERROR DRT-0085] Valid access pattern combination not found for 
_22970_
[ERROR DRT-0085] Valid access pattern combination not found for 
_38047_
_38050_
_38056_
[ERROR DRT-0085] Valid access pattern combination not found for 
_26885_
[ERROR DRT-0085] Valid access pattern combination not found for 
_37889_
_41325_
_37887_
[ERROR DRT-0085] Valid access pattern combination not found for 
_37901_
_37899_
[ERROR DRT-0085] Valid access pattern combination not found for 
_23212_
[ERROR DRT-0085] Valid access pattern combination not found for 
_38812_
_38810_
[ERROR DRT-0085] Valid access pattern combination not found for 
_38813_
_38811_
_38809_
[ERROR DRT-0085] Valid access pattern combination not found for 
_23014_
[ERROR DRT-0085] Valid access pattern combination not found for 
_37921_
[ERROR DRT-0085] Valid access pattern combination not found for 
_26029_
[ERROR DRT-0085] Valid access pattern combination not found for 
_38030_
_38029_
_38028_
_38018_
_38016_
[ERROR DRT-0085] Valid access pattern combination not found for 
_26314_
[ERROR DRT-0085] Valid access pattern combination not found for 
_26189_
_26188_
[ERROR DRT-0085] Valid access pattern combination not found for 
_26615_
[ERROR DRT-0085] Valid access pattern combination not found for 
_38831_
_38828_
[ERROR DRT-0085] Valid access pattern combination not found for 
_37925_
[ERROR DRT-0085] Valid access pattern combination not found for 
_38829_
_38825_
[ERROR DRT-0085] Valid access pattern combination not found for 
_23683_
_23333_
_26039_
[ERROR DRT-0085] Valid access pattern combination not found for 
_27784_
_27781_
[ERROR DRT-0085] Valid access pattern combination not found for 
_21840_
[ERROR DRT-0085] Valid access pattern combination not found for 
_39588_
_20361_
[ERROR DRT-0085] Valid access pattern combination not found for 
_20363_
[ERROR DRT-0085] Valid access pattern combination not found for 
_26558_
[ERROR DRT-0085] Valid access pattern combination not found for 
_20351_
[ERROR DRT-0085] Valid access pattern combination not found for 
_37993_
_38006_
_37995_
[ERROR DRT-0085] Valid access pattern combination not found for 
_20367_
[ERROR DRT-0085] Valid access pattern combination not found for 
_20349_
[ERROR DRT-0085] Valid access pattern combination not found for 
_26254_
_26255_
_26512_
_26514_
_26513_
[ERROR DRT-0085] Valid access pattern combination not found for 
_26300_
_26301_
[ERROR DRT-0085] Valid access pattern combination not found for 
_38848_
[ERROR DRT-0085] Valid access pattern combination not found for 
_38972_
[ERROR DRT-0085] Valid access pattern combination not found for 
_38850_
_38853_
_38849_
_38852_
_38857_
_41466_
[ERROR DRT-0085] Valid access pattern combination not found for 
_37990_
[ERROR DRT-0085] Valid access pattern combination not found for 
_41498_
_38977_
_38976_
_38979_
_38974_
_38973_
[ERROR DRT-0085] Valid access pattern combination not found for 
_26482_
_26378_
[ERROR DRT-0085] Valid access pattern combination not found for 
_38978_
[ERROR DRT-0085] Valid access pattern combination not found for 
_23638_
_24584_
[ERROR DRT-0085] Valid access pattern combination not found for 
_23759_
_23758_
[ERROR DRT-0085] Valid access pattern combination not found for 
_21920_
_22063_
[ERROR DRT-0085] Valid access pattern combination not found for 
_37959_
_37954_
[ERROR DRT-0085] Valid access pattern combination not found for 
hold106
_37963_
_37961_
[ERROR DRT-0085] Valid access pattern combination not found for 
_20355_
[ERROR DRT-0085] Valid access pattern combination not found for 
_26617_
[ERROR DRT-0085] Valid access pattern combination not found for 
_24226_
_25649_
_24470_
_26043_
_25650_
[ERROR DRT-0085] Valid access pattern combination not found for 
_37463_
_35939_
[ERROR DRT-0085] Valid access pattern combination not found for 
_38871_
_38870_
[ERROR DRT-0085] Valid access pattern combination not found for 
_35565_
_35527_
_35516_
_35514_
[ERROR DRT-0085] Valid access pattern combination not found for 
_27838_
[ERROR DRT-0085] Valid access pattern combination not found for 
_20389_
[ERROR DRT-0085] Valid access pattern combination not found for 
_39367_
_21158_
[ERROR DRT-0085] Valid access pattern combination not found for 
_26625_
_24100_
[ERROR DRT-0085] Valid access pattern combination not found for 
_23721_
_25502_
_25946_
[ERROR DRT-0085] Valid access pattern combination not found for 
_38255_
_38253_
_20357_
[ERROR DRT-0085] Valid access pattern combination not found for 
_39551_
_21950_
[ERROR DRT-0085] Valid access pattern combination not found for 
_20369_
[ERROR DRT-0085] Valid access pattern combination not found for 
_20292_
_21870_
[ERROR DRT-0085] Valid access pattern combination not found for 
_22181_
[ERROR DRT-0085] Valid access pattern combination not found for 
_24827_
[ERROR DRT-0085] Valid access pattern combination not found for 
_28841_
_29208_
[ERROR DRT-0085] Valid access pattern combination not found for 
_20599_
_20632_
[ERROR DRT-0085] Valid access pattern combination not found for 
_26764_
[ERROR DRT-0085] Valid access pattern combination not found for 
_22106_
[ERROR DRT-0085] Valid access pattern combination not found for 
_41751_
_41673_
_20396_
[ERROR DRT-0085] Valid access pattern combination not found for 
_27639_
[ERROR DRT-0085] Valid access pattern combination not found for 
_20696_
[ERROR DRT-0085] Valid access pattern combination not found for 
_38125_
[ERROR DRT-0085] Valid access pattern combination not found for 
_28768_
_28769_
_31627_
[ERROR DRT-0085] Valid access pattern combination not found for 
_26768_
[ERROR DRT-0085] Valid access pattern combination not found for 
_38293_
_38292_
[ERROR DRT-0085] Valid access pattern combination not found for 
_35919_
[ERROR DRT-0085] Valid access pattern combination not found for 
_35963_
[ERROR DRT-0085] Valid access pattern combination not found for 
_35972_
[ERROR DRT-0085] Valid access pattern combination not found for 
_26710_
_26709_
_26767_
[ERROR DRT-0085] Valid access pattern combination not found for 
_28366_
[ERROR DRT-0085] Valid access pattern combination not found for 
_27718_
_27719_
_27076_
[ERROR DRT-0085] Valid access pattern combination not found for 
_28690_
_27715_
[ERROR DRT-0085] Valid access pattern combination not found for 
_25875_
[ERROR DRT-0085] Valid access pattern combination not found for 
_23415_
_23903_
[ERROR DRT-0085] Valid access pattern combination not found for 
_27201_
[ERROR DRT-0085] Valid access pattern combination not found for 
_35435_
[ERROR DRT-0085] Valid access pattern combination not found for 
_26909_
_26962_
[ERROR DRT-0085] Valid access pattern combination not found for 
_28758_
[ERROR DRT-0085] Valid access pattern combination not found for 
_21590_
[ERROR DRT-0085] Valid access pattern combination not found for 
_25870_
[ERROR DRT-0085] Valid access pattern combination not found for 
_25876_
_23412_
[ERROR DRT-0085] Valid access pattern combination not found for 
_26908_
[ERROR DRT-0085] Valid access pattern combination not found for 
_21273_
[ERROR DRT-0085] Valid access pattern combination not found for 
_25739_
_25748_
[ERROR DRT-0085] Valid access pattern combination not found for 
_39808_
_39809_
_20426_
[ERROR DRT-0085] Valid access pattern combination not found for 
_20821_
[ERROR DRT-0085] Valid access pattern combination not found for 
_28462_
_28457_
[ERROR DRT-0085] Valid access pattern combination not found for 
_27734_
_27732_
[ERROR DRT-0085] Valid access pattern combination not found for 
_38385_
_38381_
[ERROR DRT-0085] Valid access pattern combination not found for 
_34356_
[ERROR DRT-0085] Valid access pattern combination not found for 
_21298_
[ERROR DRT-0085] Valid access pattern combination not found for 
hold348
_40314_
_21685_
[ERROR DRT-0085] Valid access pattern combination not found for 
_29929_
_24542_
_24635_
_30059_
[ERROR DRT-0085] Valid access pattern combination not found for 
_34689_
[ERROR DRT-0085] Valid access pattern combination not found for 
_28894_
[ERROR DRT-0085] Valid access pattern combination not found for 
_38425_
_38430_
[ERROR DRT-0085] Valid access pattern combination not found for 
_27351_
_27404_
[ERROR DRT-0085] Valid access pattern combination not found for 
_23346_
_23345_
_23543_
[ERROR DRT-0085] Valid access pattern combination not found for 
_28416_
[ERROR DRT-0085] Valid access pattern combination not found for 
_34986_
_34985_
[ERROR DRT-0085] Valid access pattern combination not found for 
_24257_
[ERROR DRT-0085] Valid access pattern combination not found for 
_23573_
_30200_
[ERROR DRT-0085] Valid access pattern combination not found for 
_28819_
_29148_
_28821_
_29147_
_29146_
[ERROR DRT-0085] Valid access pattern combination not found for 
_27413_
_26804_
_26807_
_26800_
_26803_
[ERROR DRT-0085] Valid access pattern combination not found for 
_23235_
[ERROR DRT-0085] Valid access pattern combination not found for 
_34554_
_34553_
_34411_
_34407_
[ERROR DRT-0085] Valid access pattern combination not found for 
_34852_
_34851_
_34850_
_34853_
_34854_
[ERROR DRT-0085] Valid access pattern combination not found for 
_38242_
[ERROR DRT-0085] Valid access pattern combination not found for 
_26440_
_24805_
[ERROR DRT-0085] Valid access pattern combination not found for 
_34550_
[ERROR DRT-0085] Valid access pattern combination not found for 
_28085_
_28086_
[ERROR DRT-0085] Valid access pattern combination not found for 
_20487_
_20486_
[ERROR DRT-0085] Valid access pattern combination not found for 
_25113_
[ERROR DRT-0085] Valid access pattern combination not found for 
_21467_
[ERROR DRT-0085] Valid access pattern combination not found for 
_21639_
_21219_
[ERROR DRT-0085] Valid access pattern combination not found for 
_28565_
_28934_
[ERROR DRT-0085] Valid access pattern combination not found for 
_36126_
_36121_
[ERROR DRT-0085] Valid access pattern combination not found for 
_39017_
[ERROR DRT-0085] Valid access pattern combination not found for 
_23019_
_23510_
_27585_
[ERROR DRT-0085] Valid access pattern combination not found for 
_32987_
[ERROR DRT-0085] Valid access pattern combination not found for 
_25021_
_29114_
[ERROR DRT-0085] Valid access pattern combination not found for 
_21632_
[ERROR DRT-0085] Valid access pattern combination not found for 
_21538_
[ERROR DRT-0085] Valid access pattern combination not found for 
_22257_
[INFO DRT-0082]   Complete 10000 groups.
[ERROR DRT-0085] Valid access pattern combination not found for 
_27941_
[ERROR DRT-0085] Valid access pattern combination not found for 
_36168_
_36169_
_36153_
[ERROR DRT-0085] Valid access pattern combination not found for 
_34437_
_34430_
_34435_
_34439_
[ERROR DRT-0085] Valid access pattern combination not found for 
_21891_
_21883_
[ERROR DRT-0085] Valid access pattern combination not found for 
_22200_
[ERROR DRT-0085] Valid access pattern combination not found for 
_24738_
_24922_
[ERROR DRT-0085] Valid access pattern combination not found for 
_27956_
_27951_
_27952_
_27566_
_27557_
_27333_
[ERROR DRT-0085] Valid access pattern combination not found for 
_24567_
_24381_
[ERROR DRT-0085] Valid access pattern combination not found for 
_22818_
[ERROR DRT-0085] Valid access pattern combination not found for 
_23012_
[ERROR DRT-0085] Valid access pattern combination not found for 
_25144_
[ERROR DRT-0085] Valid access pattern combination not found for 
_20525_
[ERROR DRT-0085] Valid access pattern combination not found for 
_22795_
[ERROR DRT-0085] Valid access pattern combination not found for 
_28059_
[ERROR DRT-0085] Valid access pattern combination not found for 
_27587_
_27586_
[ERROR DRT-0085] Valid access pattern combination not found for 
_28532_
[ERROR DRT-0085] Valid access pattern combination not found for 
_24719_
_24720_
_24504_
[ERROR DRT-0085] Valid access pattern combination not found for 
_33896_
_33705_
[ERROR DRT-0085] Valid access pattern combination not found for 
_24005_
[ERROR DRT-0085] Valid access pattern combination not found for 
_22817_
[ERROR DRT-0085] Valid access pattern combination not found for 
_28001_
_28000_
[ERROR DRT-0085] Valid access pattern combination not found for 
_27990_
_27961_
[ERROR DRT-0085] Valid access pattern combination not found for 
_34109_
[ERROR DRT-0085] Valid access pattern combination not found for 
_29963_
_23067_
[ERROR DRT-0085] Valid access pattern combination not found for 
_24008_
_24398_
_24205_
[ERROR DRT-0085] Valid access pattern combination not found for 
_22826_
[ERROR DRT-0085] Valid access pattern combination not found for 
_25357_
[ERROR DRT-0085] Valid access pattern combination not found for 
_24154_
_24367_
[ERROR DRT-0085] Valid access pattern combination not found for 
_22834_
[ERROR DRT-0085] Valid access pattern combination not found for 
_22835_
_22833_
[ERROR DRT-0085] Valid access pattern combination not found for 
_24850_
[ERROR DRT-0085] Valid access pattern combination not found for 
_28038_
_31923_
_31922_
[ERROR DRT-0085] Valid access pattern combination not found for 
_33714_
_33716_
[ERROR DRT-0085] Valid access pattern combination not found for 
_24029_
_24028_
[ERROR DRT-0085] Valid access pattern combination not found for 
_26820_
[ERROR DRT-0085] Valid access pattern combination not found for 
_20518_
_20520_
_20519_
[ERROR DRT-0085] Valid access pattern combination not found for 
_22853_
[ERROR DRT-0085] Valid access pattern combination not found for 
_39138_
[ERROR DRT-0085] Valid access pattern combination not found for 
_33210_
[ERROR DRT-0085] Valid access pattern combination not found for 
_32799_
_33056_
_33057_
_32945_
[ERROR DRT-0085] Valid access pattern combination not found for 
_32944_
_32977_
_33046_
[ERROR DRT-0085] Valid access pattern combination not found for 
_23608_
[ERROR DRT-0085] Valid access pattern combination not found for 
_25214_
[ERROR DRT-0085] Valid access pattern combination not found for 
_22868_
_22866_
[ERROR DRT-0085] Valid access pattern combination not found for 
_29133_
_29134_
_29135_
[ERROR DRT-0085] Valid access pattern combination not found for 
_22867_
[ERROR DRT-0085] Valid access pattern combination not found for 
_25827_
_25826_
[ERROR DRT-0085] Valid access pattern combination not found for 
_33517_
_33515_
[ERROR DRT-0085] Valid access pattern combination not found for 
_29072_
[ERROR DRT-0085] Valid access pattern combination not found for 
_34124_
[ERROR DRT-0085] Valid access pattern combination not found for 
_23484_
_23485_
[ERROR DRT-0085] Valid access pattern combination not found for 
_22885_
_22881_
[ERROR DRT-0085] Valid access pattern combination not found for 
_22421_
hold818
_22897_
[ERROR DRT-0085] Valid access pattern combination not found for 
_26902_
[ERROR DRT-0085] Valid access pattern combination not found for 
_33308_
[ERROR DRT-0085] Valid access pattern combination not found for 
_33309_
[ERROR DRT-0085] Valid access pattern combination not found for 
_31844_
_32103_
[ERROR DRT-0085] Valid access pattern combination not found for 
_29138_
[ERROR DRT-0085] Valid access pattern combination not found for 
_22914_
[ERROR DRT-0085] Valid access pattern combination not found for 
_23302_
_23234_
_23300_
_23228_
[ERROR DRT-0085] Valid access pattern combination not found for 
_23160_
_23161_
[ERROR DRT-0085] Valid access pattern combination not found for 
_22902_
_22910_
_20556_
[ERROR DRT-0085] Valid access pattern combination not found for 
_33323_
[ERROR DRT-0085] Valid access pattern combination not found for 
_22990_
_22992_
[ERROR DRT-0085] Valid access pattern combination not found for 
_22999_
_22997_
[ERROR DRT-0085] Valid access pattern combination not found for 
_26082_
_25972_
_25721_
[ERROR DRT-0085] Valid access pattern combination not found for 
_23307_
[ERROR DRT-0085] Valid access pattern combination not found for 
_26373_
_26603_
_26371_
[ERROR DRT-0085] Valid access pattern combination not found for 
_25317_
[ERROR DRT-0085] Valid access pattern combination not found for 
_33330_
[ERROR DRT-0085] Valid access pattern combination not found for 
_35722_
[ERROR DRT-0085] Valid access pattern combination not found for 
_26897_
[ERROR DRT-0085] Valid access pattern combination not found for 
_26067_
[ERROR DRT-0085] Valid access pattern combination not found for 
_26891_
[ERROR DRT-0085] Valid access pattern combination not found for 
_33107_
_33108_
[ERROR DRT-0085] Valid access pattern combination not found for 
_29362_
[ERROR DRT-0085] Valid access pattern combination not found for 
_27471_
_27470_
[ERROR DRT-0085] Valid access pattern combination not found for 
_26321_
_26592_
[ERROR DRT-0085] Valid access pattern combination not found for 
_22953_
[ERROR DRT-0085] Valid access pattern combination not found for 
_22775_
_22776_
_22784_
[ERROR DRT-0085] Valid access pattern combination not found for 
_33561_
_33335_
_33560_
[ERROR DRT-0085] Valid access pattern combination not found for 
_30978_
[ERROR DRT-0085] Valid access pattern combination not found for 
_30716_
[ERROR DRT-0085] Valid access pattern combination not found for 
_31251_
[ERROR DRT-0085] Valid access pattern combination not found for 
_31402_
[ERROR DRT-0085] Valid access pattern combination not found for 
_30691_
[ERROR DRT-0085] Valid access pattern combination not found for 
_30318_
[ERROR DRT-0085] Valid access pattern combination not found for 
_32341_
_32340_
_32345_
_32344_
[ERROR DRT-0085] Valid access pattern combination not found for 
_29772_
_29758_
[ERROR DRT-0085] Valid access pattern combination not found for 
_30321_
[ERROR DRT-0085] Valid access pattern combination not found for 
_31012_
[ERROR DRT-0085] Valid access pattern combination not found for 
_30427_
_30322_
_30326_
[ERROR DRT-0085] Valid access pattern combination not found for 
_30534_
_30528_
_30488_
[ERROR DRT-0085] Valid access pattern combination not found for 
_31293_
[ERROR DRT-0085] Valid access pattern combination not found for 
_30917_
_31190_
_30916_
[ERROR DRT-0085] Valid access pattern combination not found for 
_30102_
_30414_
_30101_
[ERROR DRT-0085] Valid access pattern combination not found for 
_32384_
[ERROR DRT-0085] Valid access pattern combination not found for 
_31775_
[ERROR DRT-0085] Valid access pattern combination not found for 
_30717_
_30715_
[ERROR DRT-0085] Valid access pattern combination not found for 
_31838_
[ERROR DRT-0085] Valid access pattern combination not found for 
_31830_
[ERROR DRT-0085] Valid access pattern combination not found for 
_29746_
_29706_
[ERROR DRT-0085] Valid access pattern combination not found for 
_31785_
[ERROR DRT-0085] Valid access pattern combination not found for 
_30315_
_29837_
_29839_
[ERROR DRT-0085] Valid access pattern combination not found for 
_29838_
_30400_
Error: droute.tcl, 40 DRT-0085
