OpenROAD d423155d69de7f683a23f6916ead418a615ad4ad 
Features included (+) or not (-):  +Charts +GPU +GUI +Python
This program is licensed under the BSD-3 license. See the LICENSE file for details.
Components of this program may be licensed under more restrictive licenses which must be honored.
Found 25 VIA GENERATE rules
Added L1M1_PR
Skipping L1M1_PR_R
Skipping L1M1_PR_M
Skipping L1M1_PR_MR
Skipping L1M1_PR_C
[85, 55]
Added M1M2_PR
Skipping M1M2_PR_R
Skipping M1M2_PR_M
Skipping M1M2_PR_MR
Skipping M1M2_PR_C
Added M2M3_PR
Skipping M2M3_PR_R
Skipping M2M3_PR_M
Skipping M2M3_PR_MR
Skipping M2M3_PR_C
Added M3M4_PR
Skipping M3M4_PR_R
Skipping M3M4_PR_M
Skipping M3M4_PR_MR
Skipping M3M4_PR_C
Added M4M5_PR
Skipping M4M5_PR_R
Skipping M4M5_PR_M
Skipping M4M5_PR_MR
Skipping M4M5_PR_C
Top-level design name: picorv32a
Warning: 2 mpins for iterm _20349_ A
Warning: 2 mpins for iterm _20349_ Y
Warning: 2 mpins for iterm _20349_ VPWR
Warning: 2 mpins for iterm _20349_ VGND
Warning: 2 mpins for iterm _20351_ A
Warning: 2 mpins for iterm _20351_ Y
Warning: 2 mpins for iterm _20351_ VPWR
Warning: 2 mpins for iterm _20351_ VGND
Warning: 2 mpins for iterm _20355_ A
Warning: 2 mpins for iterm _20355_ Y
Warning: 2 mpins for iterm _20355_ VPWR
Warning: 2 mpins for iterm _20355_ VGND
Warning: 2 mpins for iterm _20357_ A
Warning: 2 mpins for iterm _20357_ Y
Warning: 2 mpins for iterm _20357_ VPWR
Warning: 2 mpins for iterm _20357_ VGND
Warning: 2 mpins for iterm _20361_ A
Warning: 2 mpins for iterm _20361_ Y
Warning: 2 mpins for iterm _20361_ VPWR
Warning: 2 mpins for iterm _20361_ VGND
Warning: 2 mpins for iterm _20363_ A
Warning: 2 mpins for iterm _20363_ Y
Warning: 2 mpins for iterm _20363_ VPWR
Warning: 2 mpins for iterm _20363_ VGND
Warning: 2 mpins for iterm _20367_ A
Warning: 2 mpins for iterm _20367_ Y
Warning: 2 mpins for iterm _20367_ VPWR
Warning: 2 mpins for iterm _20367_ VGND
Warning: 2 mpins for iterm _20369_ A
Warning: 2 mpins for iterm _20369_ Y
Warning: 2 mpins for iterm _20369_ VPWR
Warning: 2 mpins for iterm _20369_ VGND
Warning: 2 mpins for iterm _20389_ A
Warning: 2 mpins for iterm _20389_ Y
Warning: 2 mpins for iterm _20389_ VPWR
Warning: 2 mpins for iterm _20389_ VGND
Warning: 2 mpins for iterm _20396_ A
Warning: 2 mpins for iterm _20396_ Y
Warning: 2 mpins for iterm _20396_ VPWR
Warning: 2 mpins for iterm _20396_ VGND
Warning: 2 mpins for iterm _20486_ A
Warning: 2 mpins for iterm _20486_ Y
Warning: 2 mpins for iterm _20486_ VPWR
Warning: 2 mpins for iterm _20486_ VGND
Warning: 2 mpins for iterm _20519_ A
Warning: 2 mpins for iterm _20519_ Y
Warning: 2 mpins for iterm _20519_ VPWR
Warning: 2 mpins for iterm _20519_ VGND
Warning: 2 mpins for iterm _20520_ A
Warning: 2 mpins for iterm _20520_ Y
Warning: 2 mpins for iterm _20520_ VPWR
Warning: 2 mpins for iterm _20520_ VGND
Warning: 2 mpins for iterm _20525_ A
Warning: 2 mpins for iterm _20525_ Y
Warning: 2 mpins for iterm _20525_ VPWR
Warning: 2 mpins for iterm _20525_ VGND
Warning: 2 mpins for iterm _20632_ A
Warning: 2 mpins for iterm _20632_ Y
Warning: 2 mpins for iterm _20632_ VPWR
Warning: 2 mpins for iterm _20632_ VGND
Warning: 2 mpins for iterm _20696_ A
Warning: 2 mpins for iterm _20696_ Y
Warning: 2 mpins for iterm _20696_ VPWR
Warning: 2 mpins for iterm _20696_ VGND
Warning: 2 mpins for iterm _20821_ A
Warning: 2 mpins for iterm _20821_ Y
Warning: 2 mpins for iterm _20821_ VPWR
Warning: 2 mpins for iterm _20821_ VGND
Warning: 2 mpins for iterm _21158_ A
Warning: 2 mpins for iterm _21158_ Y
Warning: 2 mpins for iterm _21158_ VPWR
Warning: 2 mpins for iterm _21158_ VGND
Warning: 2 mpins for iterm _21219_ A
Warning: 2 mpins for iterm _21219_ Y
Warning: 2 mpins for iterm _21219_ VPWR
Warning: 2 mpins for iterm _21219_ VGND
Warning: 2 mpins for iterm _21273_ A
Warning: 2 mpins for iterm _21273_ Y
Warning: 2 mpins for iterm _21273_ VPWR
Warning: 2 mpins for iterm _21273_ VGND
Warning: 2 mpins for iterm _21298_ A
Warning: 2 mpins for iterm _21298_ Y
Warning: 2 mpins for iterm _21298_ VPWR
Warning: 2 mpins for iterm _21298_ VGND
Warning: 2 mpins for iterm _21467_ A
Warning: 2 mpins for iterm _21467_ Y
Warning: 2 mpins for iterm _21467_ VPWR
Warning: 2 mpins for iterm _21467_ VGND
Warning: 2 mpins for iterm _21538_ A
Warning: 2 mpins for iterm _21538_ Y
Warning: 2 mpins for iterm _21538_ VPWR
Warning: 2 mpins for iterm _21538_ VGND
Warning: 2 mpins for iterm _21590_ A
Warning: 2 mpins for iterm _21590_ Y
Warning: 2 mpins for iterm _21590_ VPWR
Warning: 2 mpins for iterm _21590_ VGND
Warning: 2 mpins for iterm _21632_ A
Warning: 2 mpins for iterm _21632_ Y
Warning: 2 mpins for iterm _21632_ VPWR
Warning: 2 mpins for iterm _21632_ VGND
Warning: 2 mpins for iterm _21685_ A
Warning: 2 mpins for iterm _21685_ Y
Warning: 2 mpins for iterm _21685_ VPWR
Warning: 2 mpins for iterm _21685_ VGND
Warning: 2 mpins for iterm _21840_ A
Warning: 2 mpins for iterm _21840_ Y
Warning: 2 mpins for iterm _21840_ VPWR
Warning: 2 mpins for iterm _21840_ VGND
Warning: 2 mpins for iterm _21870_ A
Warning: 2 mpins for iterm _21870_ Y
Warning: 2 mpins for iterm _21870_ VPWR
Warning: 2 mpins for iterm _21870_ VGND
Warning: 2 mpins for iterm _21883_ A
Warning: 2 mpins for iterm _21883_ Y
Warning: 2 mpins for iterm _21883_ VPWR
Warning: 2 mpins for iterm _21883_ VGND
Warning: 2 mpins for iterm _21920_ A
Warning: 2 mpins for iterm _21920_ Y
Warning: 2 mpins for iterm _21920_ VPWR
Warning: 2 mpins for iterm _21920_ VGND
Warning: 2 mpins for iterm _21950_ A
Warning: 2 mpins for iterm _21950_ Y
Warning: 2 mpins for iterm _21950_ VPWR
Warning: 2 mpins for iterm _21950_ VGND
Warning: 2 mpins for iterm _22063_ A
Warning: 2 mpins for iterm _22063_ Y
Warning: 2 mpins for iterm _22063_ VPWR
Warning: 2 mpins for iterm _22063_ VGND
Warning: 2 mpins for iterm _22106_ A
Warning: 2 mpins for iterm _22106_ Y
Warning: 2 mpins for iterm _22106_ VPWR
Warning: 2 mpins for iterm _22106_ VGND
Warning: 2 mpins for iterm _22181_ A
Warning: 2 mpins for iterm _22181_ Y
Warning: 2 mpins for iterm _22181_ VPWR
Warning: 2 mpins for iterm _22181_ VGND
Warning: 2 mpins for iterm _22200_ A
Warning: 2 mpins for iterm _22200_ Y
Warning: 2 mpins for iterm _22200_ VPWR
Warning: 2 mpins for iterm _22200_ VGND
Warning: 2 mpins for iterm _22257_ A
Warning: 2 mpins for iterm _22257_ Y
Warning: 2 mpins for iterm _22257_ VPWR
Warning: 2 mpins for iterm _22257_ VGND
Warning: 2 mpins for iterm _22775_ A
Warning: 2 mpins for iterm _22775_ Y
Warning: 2 mpins for iterm _22775_ VPWR
Warning: 2 mpins for iterm _22775_ VGND
Warning: 2 mpins for iterm _22795_ A
Warning: 2 mpins for iterm _22795_ Y
Warning: 2 mpins for iterm _22795_ VPWR
Warning: 2 mpins for iterm _22795_ VGND
Warning: 2 mpins for iterm _22817_ A
Warning: 2 mpins for iterm _22817_ Y
Warning: 2 mpins for iterm _22817_ VPWR
Warning: 2 mpins for iterm _22817_ VGND
Warning: 2 mpins for iterm _22818_ A
Warning: 2 mpins for iterm _22818_ Y
Warning: 2 mpins for iterm _22818_ VPWR
Warning: 2 mpins for iterm _22818_ VGND
Warning: 2 mpins for iterm _22826_ A
Warning: 2 mpins for iterm _22826_ Y
Warning: 2 mpins for iterm _22826_ VPWR
Warning: 2 mpins for iterm _22826_ VGND
Warning: 2 mpins for iterm _22833_ A
Warning: 2 mpins for iterm _22833_ Y
Warning: 2 mpins for iterm _22833_ VPWR
Warning: 2 mpins for iterm _22833_ VGND
Warning: 2 mpins for iterm _22834_ A
Warning: 2 mpins for iterm _22834_ Y
Warning: 2 mpins for iterm _22834_ VPWR
Warning: 2 mpins for iterm _22834_ VGND
Warning: 2 mpins for iterm _22853_ A
Warning: 2 mpins for iterm _22853_ Y
Warning: 2 mpins for iterm _22853_ VPWR
Warning: 2 mpins for iterm _22853_ VGND
Warning: 2 mpins for iterm _22866_ A
Warning: 2 mpins for iterm _22866_ Y
Warning: 2 mpins for iterm _22866_ VPWR
Warning: 2 mpins for iterm _22866_ VGND
Warning: 2 mpins for iterm _22867_ A
Warning: 2 mpins for iterm _22867_ Y
Warning: 2 mpins for iterm _22867_ VPWR
Warning: 2 mpins for iterm _22867_ VGND
Warning: 2 mpins for iterm _22881_ A
Warning: 2 mpins for iterm _22881_ Y
Warning: 2 mpins for iterm _22881_ VPWR
Warning: 2 mpins for iterm _22881_ VGND
Warning: 2 mpins for iterm _22897_ A
Warning: 2 mpins for iterm _22897_ Y
Warning: 2 mpins for iterm _22897_ VPWR
Warning: 2 mpins for iterm _22897_ VGND
Warning: 2 mpins for iterm _22902_ A
Warning: 2 mpins for iterm _22902_ Y
Warning: 2 mpins for iterm _22902_ VPWR
Warning: 2 mpins for iterm _22902_ VGND
Warning: 2 mpins for iterm _22914_ A
Warning: 2 mpins for iterm _22914_ Y
Warning: 2 mpins for iterm _22914_ VPWR
Warning: 2 mpins for iterm _22914_ VGND
Warning: 2 mpins for iterm _22953_ A
Warning: 2 mpins for iterm _22953_ Y
Warning: 2 mpins for iterm _22953_ VPWR
Warning: 2 mpins for iterm _22953_ VGND
Warning: 2 mpins for iterm _22970_ A
Warning: 2 mpins for iterm _22970_ Y
Warning: 2 mpins for iterm _22970_ VPWR
Warning: 2 mpins for iterm _22970_ VGND
Warning: 2 mpins for iterm _22990_ A
Warning: 2 mpins for iterm _22990_ Y
Warning: 2 mpins for iterm _22990_ VPWR
Warning: 2 mpins for iterm _22990_ VGND
Warning: 2 mpins for iterm _22997_ A
Warning: 2 mpins for iterm _22997_ Y
Warning: 2 mpins for iterm _22997_ VPWR
Warning: 2 mpins for iterm _22997_ VGND
Warning: 2 mpins for iterm _23012_ A
Warning: 2 mpins for iterm _23012_ Y
Warning: 2 mpins for iterm _23012_ VPWR
Warning: 2 mpins for iterm _23012_ VGND
Warning: 2 mpins for iterm _23014_ A
Warning: 2 mpins for iterm _23014_ Y
Warning: 2 mpins for iterm _23014_ VPWR
Warning: 2 mpins for iterm _23014_ VGND
Warning: 2 mpins for iterm _23019_ A
Warning: 2 mpins for iterm _23019_ Y
Warning: 2 mpins for iterm _23019_ VPWR
Warning: 2 mpins for iterm _23019_ VGND
Warning: 2 mpins for iterm _23067_ A
Warning: 2 mpins for iterm _23067_ Y
Warning: 2 mpins for iterm _23067_ VPWR
Warning: 2 mpins for iterm _23067_ VGND
Warning: 2 mpins for iterm _23160_ A
Warning: 2 mpins for iterm _23160_ Y
Warning: 2 mpins for iterm _23160_ VPWR
Warning: 2 mpins for iterm _23160_ VGND
Warning: 2 mpins for iterm _23212_ A
Warning: 2 mpins for iterm _23212_ Y
Warning: 2 mpins for iterm _23212_ VPWR
Warning: 2 mpins for iterm _23212_ VGND
Warning: 2 mpins for iterm _23228_ A
Warning: 2 mpins for iterm _23228_ Y
Warning: 2 mpins for iterm _23228_ VPWR
Warning: 2 mpins for iterm _23228_ VGND
Warning: 2 mpins for iterm _23235_ A
Warning: 2 mpins for iterm _23235_ Y
Warning: 2 mpins for iterm _23235_ VPWR
Warning: 2 mpins for iterm _23235_ VGND
Warning: 2 mpins for iterm _23307_ A
Warning: 2 mpins for iterm _23307_ Y
Warning: 2 mpins for iterm _23307_ VPWR
Warning: 2 mpins for iterm _23307_ VGND
Warning: 2 mpins for iterm _23345_ A
Warning: 2 mpins for iterm _23345_ Y
Warning: 2 mpins for iterm _23345_ VPWR
Warning: 2 mpins for iterm _23345_ VGND
Warning: 2 mpins for iterm _23412_ A
Warning: 2 mpins for iterm _23412_ Y
Warning: 2 mpins for iterm _23412_ VPWR
Warning: 2 mpins for iterm _23412_ VGND
Warning: 2 mpins for iterm _23485_ A
Warning: 2 mpins for iterm _23485_ Y
Warning: 2 mpins for iterm _23485_ VPWR
Warning: 2 mpins for iterm _23485_ VGND
Warning: 2 mpins for iterm _23573_ A
Warning: 2 mpins for iterm _23573_ Y
Warning: 2 mpins for iterm _23573_ VPWR
Warning: 2 mpins for iterm _23573_ VGND
Warning: 2 mpins for iterm _23608_ A
Warning: 2 mpins for iterm _23608_ Y
Warning: 2 mpins for iterm _23608_ VPWR
Warning: 2 mpins for iterm _23608_ VGND
Warning: 2 mpins for iterm _23638_ A
Warning: 2 mpins for iterm _23638_ Y
Warning: 2 mpins for iterm _23638_ VPWR
Warning: 2 mpins for iterm _23638_ VGND
Warning: 2 mpins for iterm _23683_ A
Warning: 2 mpins for iterm _23683_ Y
Warning: 2 mpins for iterm _23683_ VPWR
Warning: 2 mpins for iterm _23683_ VGND
Warning: 2 mpins for iterm _23721_ A
Warning: 2 mpins for iterm _23721_ Y
Warning: 2 mpins for iterm _23721_ VPWR
Warning: 2 mpins for iterm _23721_ VGND
Warning: 2 mpins for iterm _23759_ A
Warning: 2 mpins for iterm _23759_ Y
Warning: 2 mpins for iterm _23759_ VPWR
Warning: 2 mpins for iterm _23759_ VGND
Warning: 2 mpins for iterm _23903_ A
Warning: 2 mpins for iterm _23903_ Y
Warning: 2 mpins for iterm _23903_ VPWR
Warning: 2 mpins for iterm _23903_ VGND
Warning: 2 mpins for iterm _24005_ A
Warning: 2 mpins for iterm _24005_ Y
Warning: 2 mpins for iterm _24005_ VPWR
Warning: 2 mpins for iterm _24005_ VGND
Warning: 2 mpins for iterm _24008_ A
Warning: 2 mpins for iterm _24008_ Y
Warning: 2 mpins for iterm _24008_ VPWR
Warning: 2 mpins for iterm _24008_ VGND
Warning: 2 mpins for iterm _24028_ A
Warning: 2 mpins for iterm _24028_ Y
Warning: 2 mpins for iterm _24028_ VPWR
Warning: 2 mpins for iterm _24028_ VGND
Warning: 2 mpins for iterm _24029_ A
Warning: 2 mpins for iterm _24029_ Y
Warning: 2 mpins for iterm _24029_ VPWR
Warning: 2 mpins for iterm _24029_ VGND
Warning: 2 mpins for iterm _24100_ A
Warning: 2 mpins for iterm _24100_ Y
Warning: 2 mpins for iterm _24100_ VPWR
Warning: 2 mpins for iterm _24100_ VGND
Warning: 2 mpins for iterm _24257_ A
Warning: 2 mpins for iterm _24257_ Y
Warning: 2 mpins for iterm _24257_ VPWR
Warning: 2 mpins for iterm _24257_ VGND
Warning: 2 mpins for iterm _24367_ A
Warning: 2 mpins for iterm _24367_ Y
Warning: 2 mpins for iterm _24367_ VPWR
Warning: 2 mpins for iterm _24367_ VGND
Warning: 2 mpins for iterm _24381_ A
Warning: 2 mpins for iterm _24381_ Y
Warning: 2 mpins for iterm _24381_ VPWR
Warning: 2 mpins for iterm _24381_ VGND
Warning: 2 mpins for iterm _24542_ A
Warning: 2 mpins for iterm _24542_ Y
Warning: 2 mpins for iterm _24542_ VPWR
Warning: 2 mpins for iterm _24542_ VGND
Warning: 2 mpins for iterm _24719_ A
Warning: 2 mpins for iterm _24719_ Y
Warning: 2 mpins for iterm _24719_ VPWR
Warning: 2 mpins for iterm _24719_ VGND
Warning: 2 mpins for iterm _24738_ A
Warning: 2 mpins for iterm _24738_ Y
Warning: 2 mpins for iterm _24738_ VPWR
Warning: 2 mpins for iterm _24738_ VGND
Warning: 2 mpins for iterm _24805_ A
Warning: 2 mpins for iterm _24805_ Y
Warning: 2 mpins for iterm _24805_ VPWR
Warning: 2 mpins for iterm _24805_ VGND
Warning: 2 mpins for iterm _24827_ A
Warning: 2 mpins for iterm _24827_ Y
Warning: 2 mpins for iterm _24827_ VPWR
Warning: 2 mpins for iterm _24827_ VGND
Warning: 2 mpins for iterm _24850_ A
Warning: 2 mpins for iterm _24850_ Y
Warning: 2 mpins for iterm _24850_ VPWR
Warning: 2 mpins for iterm _24850_ VGND
Warning: 2 mpins for iterm _25021_ A
Warning: 2 mpins for iterm _25021_ Y
Warning: 2 mpins for iterm _25021_ VPWR
Warning: 2 mpins for iterm _25021_ VGND
Warning: 2 mpins for iterm _25113_ A
Warning: 2 mpins for iterm _25113_ Y
Warning: 2 mpins for iterm _25113_ VPWR
Warning: 2 mpins for iterm _25113_ VGND
Warning: 2 mpins for iterm _25144_ A
Warning: 2 mpins for iterm _25144_ Y
Warning: 2 mpins for iterm _25144_ VPWR
Warning: 2 mpins for iterm _25144_ VGND
Warning: 2 mpins for iterm _25214_ A
Warning: 2 mpins for iterm _25214_ Y
Warning: 2 mpins for iterm _25214_ VPWR
Warning: 2 mpins for iterm _25214_ VGND
Warning: 2 mpins for iterm _25317_ A
Warning: 2 mpins for iterm _25317_ Y
Warning: 2 mpins for iterm _25317_ VPWR
Warning: 2 mpins for iterm _25317_ VGND
Warning: 2 mpins for iterm _25357_ A
Warning: 2 mpins for iterm _25357_ Y
Warning: 2 mpins for iterm _25357_ VPWR
Warning: 2 mpins for iterm _25357_ VGND
Warning: 2 mpins for iterm _25558_ A
Warning: 2 mpins for iterm _25558_ Y
Warning: 2 mpins for iterm _25558_ VPWR
Warning: 2 mpins for iterm _25558_ VGND
Warning: 2 mpins for iterm _25649_ A
Warning: 2 mpins for iterm _25649_ Y
Warning: 2 mpins for iterm _25649_ VPWR
Warning: 2 mpins for iterm _25649_ VGND
Warning: 2 mpins for iterm _25748_ A
Warning: 2 mpins for iterm _25748_ Y
Warning: 2 mpins for iterm _25748_ VPWR
Warning: 2 mpins for iterm _25748_ VGND
Warning: 2 mpins for iterm _25826_ A
Warning: 2 mpins for iterm _25826_ Y
Warning: 2 mpins for iterm _25826_ VPWR
Warning: 2 mpins for iterm _25826_ VGND
Warning: 2 mpins for iterm _25870_ A
Warning: 2 mpins for iterm _25870_ Y
Warning: 2 mpins for iterm _25870_ VPWR
Warning: 2 mpins for iterm _25870_ VGND
Warning: 2 mpins for iterm _25875_ A
Warning: 2 mpins for iterm _25875_ Y
Warning: 2 mpins for iterm _25875_ VPWR
Warning: 2 mpins for iterm _25875_ VGND
Warning: 2 mpins for iterm _25966_ A
Warning: 2 mpins for iterm _25966_ Y
Warning: 2 mpins for iterm _25966_ VPWR
Warning: 2 mpins for iterm _25966_ VGND
Warning: 2 mpins for iterm _26029_ A
Warning: 2 mpins for iterm _26029_ Y
Warning: 2 mpins for iterm _26029_ VPWR
Warning: 2 mpins for iterm _26029_ VGND
Warning: 2 mpins for iterm _26067_ A
Warning: 2 mpins for iterm _26067_ Y
Warning: 2 mpins for iterm _26067_ VPWR
Warning: 2 mpins for iterm _26067_ VGND
Warning: 2 mpins for iterm _26082_ A
Warning: 2 mpins for iterm _26082_ Y
Warning: 2 mpins for iterm _26082_ VPWR
Warning: 2 mpins for iterm _26082_ VGND
Warning: 2 mpins for iterm _26188_ A
Warning: 2 mpins for iterm _26188_ Y
Warning: 2 mpins for iterm _26188_ VPWR
Warning: 2 mpins for iterm _26188_ VGND
Warning: 2 mpins for iterm _26301_ A
Warning: 2 mpins for iterm _26301_ Y
Warning: 2 mpins for iterm _26301_ VPWR
Warning: 2 mpins for iterm _26301_ VGND
Warning: 2 mpins for iterm _26314_ A
Warning: 2 mpins for iterm _26314_ Y
Warning: 2 mpins for iterm _26314_ VPWR
Warning: 2 mpins for iterm _26314_ VGND
Warning: 2 mpins for iterm _26371_ A
Warning: 2 mpins for iterm _26371_ Y
Warning: 2 mpins for iterm _26371_ VPWR
Warning: 2 mpins for iterm _26371_ VGND
Warning: 2 mpins for iterm _26378_ A
Warning: 2 mpins for iterm _26378_ Y
Warning: 2 mpins for iterm _26378_ VPWR
Warning: 2 mpins for iterm _26378_ VGND
Warning: 2 mpins for iterm _26513_ A
Warning: 2 mpins for iterm _26513_ Y
Warning: 2 mpins for iterm _26513_ VPWR
Warning: 2 mpins for iterm _26513_ VGND
Warning: 2 mpins for iterm _26558_ A
Warning: 2 mpins for iterm _26558_ Y
Warning: 2 mpins for iterm _26558_ VPWR
Warning: 2 mpins for iterm _26558_ VGND
Warning: 2 mpins for iterm _26592_ A
Warning: 2 mpins for iterm _26592_ Y
Warning: 2 mpins for iterm _26592_ VPWR
Warning: 2 mpins for iterm _26592_ VGND
Warning: 2 mpins for iterm _26615_ A
Warning: 2 mpins for iterm _26615_ Y
Warning: 2 mpins for iterm _26615_ VPWR
Warning: 2 mpins for iterm _26615_ VGND
Warning: 2 mpins for iterm _26617_ A
Warning: 2 mpins for iterm _26617_ Y
Warning: 2 mpins for iterm _26617_ VPWR
Warning: 2 mpins for iterm _26617_ VGND
Warning: 2 mpins for iterm _26709_ A
Warning: 2 mpins for iterm _26709_ Y
Warning: 2 mpins for iterm _26709_ VPWR
Warning: 2 mpins for iterm _26709_ VGND
Warning: 2 mpins for iterm _26710_ A
Warning: 2 mpins for iterm _26710_ Y
Warning: 2 mpins for iterm _26710_ VPWR
Warning: 2 mpins for iterm _26710_ VGND
Warning: 2 mpins for iterm _26764_ A
Warning: 2 mpins for iterm _26764_ Y
Warning: 2 mpins for iterm _26764_ VPWR
Warning: 2 mpins for iterm _26764_ VGND
Warning: 2 mpins for iterm _26767_ A
Warning: 2 mpins for iterm _26767_ Y
Warning: 2 mpins for iterm _26767_ VPWR
Warning: 2 mpins for iterm _26767_ VGND
Warning: 2 mpins for iterm _26768_ A
Warning: 2 mpins for iterm _26768_ Y
Warning: 2 mpins for iterm _26768_ VPWR
Warning: 2 mpins for iterm _26768_ VGND
Warning: 2 mpins for iterm _26820_ A
Warning: 2 mpins for iterm _26820_ Y
Warning: 2 mpins for iterm _26820_ VPWR
Warning: 2 mpins for iterm _26820_ VGND
Warning: 2 mpins for iterm _26885_ A
Warning: 2 mpins for iterm _26885_ Y
Warning: 2 mpins for iterm _26885_ VPWR
Warning: 2 mpins for iterm _26885_ VGND
Warning: 2 mpins for iterm _26891_ A
Warning: 2 mpins for iterm _26891_ Y
Warning: 2 mpins for iterm _26891_ VPWR
Warning: 2 mpins for iterm _26891_ VGND
Warning: 2 mpins for iterm _26897_ A
Warning: 2 mpins for iterm _26897_ Y
Warning: 2 mpins for iterm _26897_ VPWR
Warning: 2 mpins for iterm _26897_ VGND
Warning: 2 mpins for iterm _26902_ A
Warning: 2 mpins for iterm _26902_ Y
Warning: 2 mpins for iterm _26902_ VPWR
Warning: 2 mpins for iterm _26902_ VGND
Warning: 2 mpins for iterm _26908_ A
Warning: 2 mpins for iterm _26908_ Y
Warning: 2 mpins for iterm _26908_ VPWR
Warning: 2 mpins for iterm _26908_ VGND
Warning: 2 mpins for iterm _26909_ A
Warning: 2 mpins for iterm _26909_ Y
Warning: 2 mpins for iterm _26909_ VPWR
Warning: 2 mpins for iterm _26909_ VGND
Warning: 2 mpins for iterm _27201_ A
Warning: 2 mpins for iterm _27201_ Y
Warning: 2 mpins for iterm _27201_ VPWR
Warning: 2 mpins for iterm _27201_ VGND
Warning: 2 mpins for iterm _27351_ A
Warning: 2 mpins for iterm _27351_ Y
Warning: 2 mpins for iterm _27351_ VPWR
Warning: 2 mpins for iterm _27351_ VGND
Warning: 2 mpins for iterm _27413_ A
Warning: 2 mpins for iterm _27413_ Y
Warning: 2 mpins for iterm _27413_ VPWR
Warning: 2 mpins for iterm _27413_ VGND
Warning: 2 mpins for iterm _27470_ A
Warning: 2 mpins for iterm _27470_ Y
Warning: 2 mpins for iterm _27470_ VPWR
Warning: 2 mpins for iterm _27470_ VGND
Warning: 2 mpins for iterm _27557_ A
Warning: 2 mpins for iterm _27557_ Y
Warning: 2 mpins for iterm _27557_ VPWR
Warning: 2 mpins for iterm _27557_ VGND
Warning: 2 mpins for iterm _27587_ A
Warning: 2 mpins for iterm _27587_ Y
Warning: 2 mpins for iterm _27587_ VPWR
Warning: 2 mpins for iterm _27587_ VGND
Warning: 2 mpins for iterm _27639_ A
Warning: 2 mpins for iterm _27639_ Y
Warning: 2 mpins for iterm _27639_ VPWR
Warning: 2 mpins for iterm _27639_ VGND
Warning: 2 mpins for iterm _27715_ A
Warning: 2 mpins for iterm _27715_ Y
Warning: 2 mpins for iterm _27715_ VPWR
Warning: 2 mpins for iterm _27715_ VGND
Warning: 2 mpins for iterm _27718_ A
Warning: 2 mpins for iterm _27718_ Y
Warning: 2 mpins for iterm _27718_ VPWR
Warning: 2 mpins for iterm _27718_ VGND
Warning: 2 mpins for iterm _27732_ A
Warning: 2 mpins for iterm _27732_ Y
Warning: 2 mpins for iterm _27732_ VPWR
Warning: 2 mpins for iterm _27732_ VGND
Warning: 2 mpins for iterm _27781_ A
Warning: 2 mpins for iterm _27781_ Y
Warning: 2 mpins for iterm _27781_ VPWR
Warning: 2 mpins for iterm _27781_ VGND
Warning: 2 mpins for iterm _27838_ A
Warning: 2 mpins for iterm _27838_ Y
Warning: 2 mpins for iterm _27838_ VPWR
Warning: 2 mpins for iterm _27838_ VGND
Warning: 2 mpins for iterm _27941_ A
Warning: 2 mpins for iterm _27941_ Y
Warning: 2 mpins for iterm _27941_ VPWR
Warning: 2 mpins for iterm _27941_ VGND
Warning: 2 mpins for iterm _27961_ A
Warning: 2 mpins for iterm _27961_ Y
Warning: 2 mpins for iterm _27961_ VPWR
Warning: 2 mpins for iterm _27961_ VGND
Warning: 2 mpins for iterm _28000_ A
Warning: 2 mpins for iterm _28000_ Y
Warning: 2 mpins for iterm _28000_ VPWR
Warning: 2 mpins for iterm _28000_ VGND
Warning: 2 mpins for iterm _28038_ A
Warning: 2 mpins for iterm _28038_ Y
Warning: 2 mpins for iterm _28038_ VPWR
Warning: 2 mpins for iterm _28038_ VGND
Warning: 2 mpins for iterm _28059_ A
Warning: 2 mpins for iterm _28059_ Y
Warning: 2 mpins for iterm _28059_ VPWR
Warning: 2 mpins for iterm _28059_ VGND
Warning: 2 mpins for iterm _28086_ A
Warning: 2 mpins for iterm _28086_ Y
Warning: 2 mpins for iterm _28086_ VPWR
Warning: 2 mpins for iterm _28086_ VGND
Warning: 2 mpins for iterm _28366_ A
Warning: 2 mpins for iterm _28366_ Y
Warning: 2 mpins for iterm _28366_ VPWR
Warning: 2 mpins for iterm _28366_ VGND
Warning: 2 mpins for iterm _28416_ A
Warning: 2 mpins for iterm _28416_ Y
Warning: 2 mpins for iterm _28416_ VPWR
Warning: 2 mpins for iterm _28416_ VGND
Warning: 2 mpins for iterm _28457_ A
Warning: 2 mpins for iterm _28457_ Y
Warning: 2 mpins for iterm _28457_ VPWR
Warning: 2 mpins for iterm _28457_ VGND
Warning: 2 mpins for iterm _28532_ A
Warning: 2 mpins for iterm _28532_ Y
Warning: 2 mpins for iterm _28532_ VPWR
Warning: 2 mpins for iterm _28532_ VGND
Warning: 2 mpins for iterm _28758_ A
Warning: 2 mpins for iterm _28758_ Y
Warning: 2 mpins for iterm _28758_ VPWR
Warning: 2 mpins for iterm _28758_ VGND
Warning: 2 mpins for iterm _28768_ A
Warning: 2 mpins for iterm _28768_ Y
Warning: 2 mpins for iterm _28768_ VPWR
Warning: 2 mpins for iterm _28768_ VGND
Warning: 2 mpins for iterm _28841_ A
Warning: 2 mpins for iterm _28841_ Y
Warning: 2 mpins for iterm _28841_ VPWR
Warning: 2 mpins for iterm _28841_ VGND
Warning: 2 mpins for iterm _28894_ A
Warning: 2 mpins for iterm _28894_ Y
Warning: 2 mpins for iterm _28894_ VPWR
Warning: 2 mpins for iterm _28894_ VGND
Warning: 2 mpins for iterm _28934_ A
Warning: 2 mpins for iterm _28934_ Y
Warning: 2 mpins for iterm _28934_ VPWR
Warning: 2 mpins for iterm _28934_ VGND
Warning: 2 mpins for iterm _29072_ A
Warning: 2 mpins for iterm _29072_ Y
Warning: 2 mpins for iterm _29072_ VPWR
Warning: 2 mpins for iterm _29072_ VGND
Warning: 2 mpins for iterm _29133_ A
Warning: 2 mpins for iterm _29133_ Y
Warning: 2 mpins for iterm _29133_ VPWR
Warning: 2 mpins for iterm _29133_ VGND
Warning: 2 mpins for iterm _29138_ A
Warning: 2 mpins for iterm _29138_ Y
Warning: 2 mpins for iterm _29138_ VPWR
Warning: 2 mpins for iterm _29138_ VGND
Warning: 2 mpins for iterm _29146_ A
Warning: 2 mpins for iterm _29146_ Y
Warning: 2 mpins for iterm _29146_ VPWR
Warning: 2 mpins for iterm _29146_ VGND
Warning: 2 mpins for iterm _29362_ A
Warning: 2 mpins for iterm _29362_ Y
Warning: 2 mpins for iterm _29362_ VPWR
Warning: 2 mpins for iterm _29362_ VGND
Warning: 2 mpins for iterm _29706_ A
Warning: 2 mpins for iterm _29706_ Y
Warning: 2 mpins for iterm _29706_ VPWR
Warning: 2 mpins for iterm _29706_ VGND
Warning: 2 mpins for iterm _29772_ A
Warning: 2 mpins for iterm _29772_ Y
Warning: 2 mpins for iterm _29772_ VPWR
Warning: 2 mpins for iterm _29772_ VGND
Warning: 2 mpins for iterm _29838_ A
Warning: 2 mpins for iterm _29838_ Y
Warning: 2 mpins for iterm _29838_ VPWR
Warning: 2 mpins for iterm _29838_ VGND
Warning: 2 mpins for iterm _29839_ A
Warning: 2 mpins for iterm _29839_ Y
Warning: 2 mpins for iterm _29839_ VPWR
Warning: 2 mpins for iterm _29839_ VGND
Warning: 2 mpins for iterm _30102_ A
Warning: 2 mpins for iterm _30102_ Y
Warning: 2 mpins for iterm _30102_ VPWR
Warning: 2 mpins for iterm _30102_ VGND
Warning: 2 mpins for iterm _30318_ A
Warning: 2 mpins for iterm _30318_ Y
Warning: 2 mpins for iterm _30318_ VPWR
Warning: 2 mpins for iterm _30318_ VGND
Warning: 2 mpins for iterm _30321_ A
Warning: 2 mpins for iterm _30321_ Y
Warning: 2 mpins for iterm _30321_ VPWR
Warning: 2 mpins for iterm _30321_ VGND
Warning: 2 mpins for iterm _30322_ A
Warning: 2 mpins for iterm _30322_ Y
Warning: 2 mpins for iterm _30322_ VPWR
Warning: 2 mpins for iterm _30322_ VGND
Warning: 2 mpins for iterm _30488_ A
Warning: 2 mpins for iterm _30488_ Y
Warning: 2 mpins for iterm _30488_ VPWR
Warning: 2 mpins for iterm _30488_ VGND
Warning: 2 mpins for iterm _30691_ A
Warning: 2 mpins for iterm _30691_ Y
Warning: 2 mpins for iterm _30691_ VPWR
Warning: 2 mpins for iterm _30691_ VGND
Warning: 2 mpins for iterm _30715_ A
Warning: 2 mpins for iterm _30715_ Y
Warning: 2 mpins for iterm _30715_ VPWR
Warning: 2 mpins for iterm _30715_ VGND
Warning: 2 mpins for iterm _30716_ A
Warning: 2 mpins for iterm _30716_ Y
Warning: 2 mpins for iterm _30716_ VPWR
Warning: 2 mpins for iterm _30716_ VGND
Warning: 2 mpins for iterm _30916_ A
Warning: 2 mpins for iterm _30916_ Y
Warning: 2 mpins for iterm _30916_ VPWR
Warning: 2 mpins for iterm _30916_ VGND
Warning: 2 mpins for iterm _30978_ A
Warning: 2 mpins for iterm _30978_ Y
Warning: 2 mpins for iterm _30978_ VPWR
Warning: 2 mpins for iterm _30978_ VGND
Warning: 2 mpins for iterm _31012_ A
Warning: 2 mpins for iterm _31012_ Y
Warning: 2 mpins for iterm _31012_ VPWR
Warning: 2 mpins for iterm _31012_ VGND
Warning: 2 mpins for iterm _31251_ A
Warning: 2 mpins for iterm _31251_ Y
Warning: 2 mpins for iterm _31251_ VPWR
Warning: 2 mpins for iterm _31251_ VGND
Warning: 2 mpins for iterm _31293_ A
Warning: 2 mpins for iterm _31293_ Y
Warning: 2 mpins for iterm _31293_ VPWR
Warning: 2 mpins for iterm _31293_ VGND
Warning: 2 mpins for iterm _31402_ A
Warning: 2 mpins for iterm _31402_ Y
Warning: 2 mpins for iterm _31402_ VPWR
Warning: 2 mpins for iterm _31402_ VGND
Warning: 2 mpins for iterm _31775_ A
Warning: 2 mpins for iterm _31775_ Y
Warning: 2 mpins for iterm _31775_ VPWR
Warning: 2 mpins for iterm _31775_ VGND
Warning: 2 mpins for iterm _31785_ A
Warning: 2 mpins for iterm _31785_ Y
Warning: 2 mpins for iterm _31785_ VPWR
Warning: 2 mpins for iterm _31785_ VGND
Warning: 2 mpins for iterm _31830_ A
Warning: 2 mpins for iterm _31830_ Y
Warning: 2 mpins for iterm _31830_ VPWR
Warning: 2 mpins for iterm _31830_ VGND
Warning: 2 mpins for iterm _31838_ A
Warning: 2 mpins for iterm _31838_ Y
Warning: 2 mpins for iterm _31838_ VPWR
Warning: 2 mpins for iterm _31838_ VGND
Warning: 2 mpins for iterm _31844_ A
Warning: 2 mpins for iterm _31844_ Y
Warning: 2 mpins for iterm _31844_ VPWR
Warning: 2 mpins for iterm _31844_ VGND
Warning: 2 mpins for iterm _32344_ A
Warning: 2 mpins for iterm _32344_ Y
Warning: 2 mpins for iterm _32344_ VPWR
Warning: 2 mpins for iterm _32344_ VGND
Warning: 2 mpins for iterm _32384_ A
Warning: 2 mpins for iterm _32384_ Y
Warning: 2 mpins for iterm _32384_ VPWR
Warning: 2 mpins for iterm _32384_ VGND
Warning: 2 mpins for iterm _32944_ A
Warning: 2 mpins for iterm _32944_ Y
Warning: 2 mpins for iterm _32944_ VPWR
Warning: 2 mpins for iterm _32944_ VGND
Warning: 2 mpins for iterm _32945_ A
Warning: 2 mpins for iterm _32945_ Y
Warning: 2 mpins for iterm _32945_ VPWR
Warning: 2 mpins for iterm _32945_ VGND
Warning: 2 mpins for iterm _32987_ A
Warning: 2 mpins for iterm _32987_ Y
Warning: 2 mpins for iterm _32987_ VPWR
Warning: 2 mpins for iterm _32987_ VGND
Warning: 2 mpins for iterm _33107_ A
Warning: 2 mpins for iterm _33107_ Y
Warning: 2 mpins for iterm _33107_ VPWR
Warning: 2 mpins for iterm _33107_ VGND
Warning: 2 mpins for iterm _33210_ A
Warning: 2 mpins for iterm _33210_ Y
Warning: 2 mpins for iterm _33210_ VPWR
Warning: 2 mpins for iterm _33210_ VGND
Warning: 2 mpins for iterm _33308_ A
Warning: 2 mpins for iterm _33308_ Y
Warning: 2 mpins for iterm _33308_ VPWR
Warning: 2 mpins for iterm _33308_ VGND
Warning: 2 mpins for iterm _33309_ A
Warning: 2 mpins for iterm _33309_ Y
Warning: 2 mpins for iterm _33309_ VPWR
Warning: 2 mpins for iterm _33309_ VGND
Warning: 2 mpins for iterm _33323_ A
Warning: 2 mpins for iterm _33323_ Y
Warning: 2 mpins for iterm _33323_ VPWR
Warning: 2 mpins for iterm _33323_ VGND
Warning: 2 mpins for iterm _33330_ A
Warning: 2 mpins for iterm _33330_ Y
Warning: 2 mpins for iterm _33330_ VPWR
Warning: 2 mpins for iterm _33330_ VGND
Warning: 2 mpins for iterm _33515_ A
Warning: 2 mpins for iterm _33515_ Y
Warning: 2 mpins for iterm _33515_ VPWR
Warning: 2 mpins for iterm _33515_ VGND
Warning: 2 mpins for iterm _33560_ A
Warning: 2 mpins for iterm _33560_ Y
Warning: 2 mpins for iterm _33560_ VPWR
Warning: 2 mpins for iterm _33560_ VGND
Warning: 2 mpins for iterm _33705_ A
Warning: 2 mpins for iterm _33705_ Y
Warning: 2 mpins for iterm _33705_ VPWR
Warning: 2 mpins for iterm _33705_ VGND
Warning: 2 mpins for iterm _33716_ A
Warning: 2 mpins for iterm _33716_ Y
Warning: 2 mpins for iterm _33716_ VPWR
Warning: 2 mpins for iterm _33716_ VGND
Warning: 2 mpins for iterm _34109_ A
Warning: 2 mpins for iterm _34109_ Y
Warning: 2 mpins for iterm _34109_ VPWR
Warning: 2 mpins for iterm _34109_ VGND
Warning: 2 mpins for iterm _34124_ A
Warning: 2 mpins for iterm _34124_ Y
Warning: 2 mpins for iterm _34124_ VPWR
Warning: 2 mpins for iterm _34124_ VGND
Warning: 2 mpins for iterm _34356_ A
Warning: 2 mpins for iterm _34356_ Y
Warning: 2 mpins for iterm _34356_ VPWR
Warning: 2 mpins for iterm _34356_ VGND
Warning: 2 mpins for iterm _34437_ A
Warning: 2 mpins for iterm _34437_ Y
Warning: 2 mpins for iterm _34437_ VPWR
Warning: 2 mpins for iterm _34437_ VGND
Warning: 2 mpins for iterm _34550_ A
Warning: 2 mpins for iterm _34550_ Y
Warning: 2 mpins for iterm _34550_ VPWR
Warning: 2 mpins for iterm _34550_ VGND
Warning: 2 mpins for iterm _34553_ A
Warning: 2 mpins for iterm _34553_ Y
Warning: 2 mpins for iterm _34553_ VPWR
Warning: 2 mpins for iterm _34553_ VGND
Warning: 2 mpins for iterm _34689_ A
Warning: 2 mpins for iterm _34689_ Y
Warning: 2 mpins for iterm _34689_ VPWR
Warning: 2 mpins for iterm _34689_ VGND
Warning: 2 mpins for iterm _34854_ A
Warning: 2 mpins for iterm _34854_ Y
Warning: 2 mpins for iterm _34854_ VPWR
Warning: 2 mpins for iterm _34854_ VGND
Warning: 2 mpins for iterm _34985_ A
Warning: 2 mpins for iterm _34985_ Y
Warning: 2 mpins for iterm _34985_ VPWR
Warning: 2 mpins for iterm _34985_ VGND
Warning: 2 mpins for iterm _35435_ A
Warning: 2 mpins for iterm _35435_ Y
Warning: 2 mpins for iterm _35435_ VPWR
Warning: 2 mpins for iterm _35435_ VGND
Warning: 2 mpins for iterm _35514_ A
Warning: 2 mpins for iterm _35514_ Y
Warning: 2 mpins for iterm _35514_ VPWR
Warning: 2 mpins for iterm _35514_ VGND
Warning: 2 mpins for iterm _35722_ A
Warning: 2 mpins for iterm _35722_ Y
Warning: 2 mpins for iterm _35722_ VPWR
Warning: 2 mpins for iterm _35722_ VGND
Warning: 2 mpins for iterm _35919_ A
Warning: 2 mpins for iterm _35919_ Y
Warning: 2 mpins for iterm _35919_ VPWR
Warning: 2 mpins for iterm _35919_ VGND
Warning: 2 mpins for iterm _35939_ A
Warning: 2 mpins for iterm _35939_ Y
Warning: 2 mpins for iterm _35939_ VPWR
Warning: 2 mpins for iterm _35939_ VGND
Warning: 2 mpins for iterm _35963_ A
Warning: 2 mpins for iterm _35963_ Y
Warning: 2 mpins for iterm _35963_ VPWR
Warning: 2 mpins for iterm _35963_ VGND
Warning: 2 mpins for iterm _35972_ A
Warning: 2 mpins for iterm _35972_ Y
Warning: 2 mpins for iterm _35972_ VPWR
Warning: 2 mpins for iterm _35972_ VGND
Warning: 2 mpins for iterm _36121_ A
Warning: 2 mpins for iterm _36121_ Y
Warning: 2 mpins for iterm _36121_ VPWR
Warning: 2 mpins for iterm _36121_ VGND
Warning: 2 mpins for iterm _36153_ A
Warning: 2 mpins for iterm _36153_ Y
Warning: 2 mpins for iterm _36153_ VPWR
Warning: 2 mpins for iterm _36153_ VGND
Warning: 2 mpins for iterm _36537_ A
Warning: 2 mpins for iterm _36537_ Y
Warning: 2 mpins for iterm _36537_ VPWR
Warning: 2 mpins for iterm _36537_ VGND
Warning: 2 mpins for iterm _37887_ A
Warning: 2 mpins for iterm _37887_ Y
Warning: 2 mpins for iterm _37887_ VPWR
Warning: 2 mpins for iterm _37887_ VGND
Warning: 2 mpins for iterm _37899_ A
Warning: 2 mpins for iterm _37899_ Y
Warning: 2 mpins for iterm _37899_ VPWR
Warning: 2 mpins for iterm _37899_ VGND
Warning: 2 mpins for iterm _37921_ A
Warning: 2 mpins for iterm _37921_ Y
Warning: 2 mpins for iterm _37921_ VPWR
Warning: 2 mpins for iterm _37921_ VGND
Warning: 2 mpins for iterm _37925_ A
Warning: 2 mpins for iterm _37925_ Y
Warning: 2 mpins for iterm _37925_ VPWR
Warning: 2 mpins for iterm _37925_ VGND
Warning: 2 mpins for iterm _37954_ A
Warning: 2 mpins for iterm _37954_ Y
Warning: 2 mpins for iterm _37954_ VPWR
Warning: 2 mpins for iterm _37954_ VGND
Warning: 2 mpins for iterm _37961_ A
Warning: 2 mpins for iterm _37961_ Y
Warning: 2 mpins for iterm _37961_ VPWR
Warning: 2 mpins for iterm _37961_ VGND
Warning: 2 mpins for iterm _37990_ A
Warning: 2 mpins for iterm _37990_ Y
Warning: 2 mpins for iterm _37990_ VPWR
Warning: 2 mpins for iterm _37990_ VGND
Warning: 2 mpins for iterm _37993_ A
Warning: 2 mpins for iterm _37993_ Y
Warning: 2 mpins for iterm _37993_ VPWR
Warning: 2 mpins for iterm _37993_ VGND
Warning: 2 mpins for iterm _38016_ A
Warning: 2 mpins for iterm _38016_ Y
Warning: 2 mpins for iterm _38016_ VPWR
Warning: 2 mpins for iterm _38016_ VGND
Warning: 2 mpins for iterm _38028_ A
Warning: 2 mpins for iterm _38028_ Y
Warning: 2 mpins for iterm _38028_ VPWR
Warning: 2 mpins for iterm _38028_ VGND
Warning: 2 mpins for iterm _38047_ A
Warning: 2 mpins for iterm _38047_ Y
Warning: 2 mpins for iterm _38047_ VPWR
Warning: 2 mpins for iterm _38047_ VGND
Warning: 2 mpins for iterm _38056_ A
Warning: 2 mpins for iterm _38056_ Y
Warning: 2 mpins for iterm _38056_ VPWR
Warning: 2 mpins for iterm _38056_ VGND
Warning: 2 mpins for iterm _38125_ A
Warning: 2 mpins for iterm _38125_ Y
Warning: 2 mpins for iterm _38125_ VPWR
Warning: 2 mpins for iterm _38125_ VGND
Warning: 2 mpins for iterm _38242_ A
Warning: 2 mpins for iterm _38242_ Y
Warning: 2 mpins for iterm _38242_ VPWR
Warning: 2 mpins for iterm _38242_ VGND
Warning: 2 mpins for iterm _38292_ A
Warning: 2 mpins for iterm _38292_ Y
Warning: 2 mpins for iterm _38292_ VPWR
Warning: 2 mpins for iterm _38292_ VGND
Warning: 2 mpins for iterm _38381_ A
Warning: 2 mpins for iterm _38381_ Y
Warning: 2 mpins for iterm _38381_ VPWR
Warning: 2 mpins for iterm _38381_ VGND
Warning: 2 mpins for iterm _38430_ A
Warning: 2 mpins for iterm _38430_ Y
Warning: 2 mpins for iterm _38430_ VPWR
Warning: 2 mpins for iterm _38430_ VGND
Warning: 2 mpins for iterm _38777_ A
Warning: 2 mpins for iterm _38777_ Y
Warning: 2 mpins for iterm _38777_ VPWR
Warning: 2 mpins for iterm _38777_ VGND
Warning: 2 mpins for iterm _38781_ A
Warning: 2 mpins for iterm _38781_ Y
Warning: 2 mpins for iterm _38781_ VPWR
Warning: 2 mpins for iterm _38781_ VGND
Warning: 2 mpins for iterm _38809_ A
Warning: 2 mpins for iterm _38809_ Y
Warning: 2 mpins for iterm _38809_ VPWR
Warning: 2 mpins for iterm _38809_ VGND
Warning: 2 mpins for iterm _38810_ A
Warning: 2 mpins for iterm _38810_ Y
Warning: 2 mpins for iterm _38810_ VPWR
Warning: 2 mpins for iterm _38810_ VGND
Warning: 2 mpins for iterm _38825_ A
Warning: 2 mpins for iterm _38825_ Y
Warning: 2 mpins for iterm _38825_ VPWR
Warning: 2 mpins for iterm _38825_ VGND
Warning: 2 mpins for iterm _38828_ A
Warning: 2 mpins for iterm _38828_ Y
Warning: 2 mpins for iterm _38828_ VPWR
Warning: 2 mpins for iterm _38828_ VGND
Warning: 2 mpins for iterm _38848_ A
Warning: 2 mpins for iterm _38848_ Y
Warning: 2 mpins for iterm _38848_ VPWR
Warning: 2 mpins for iterm _38848_ VGND
Warning: 2 mpins for iterm _38849_ A
Warning: 2 mpins for iterm _38849_ Y
Warning: 2 mpins for iterm _38849_ VPWR
Warning: 2 mpins for iterm _38849_ VGND
Warning: 2 mpins for iterm _38852_ A
Warning: 2 mpins for iterm _38852_ Y
Warning: 2 mpins for iterm _38852_ VPWR
Warning: 2 mpins for iterm _38852_ VGND
Warning: 2 mpins for iterm _38870_ A
Warning: 2 mpins for iterm _38870_ Y
Warning: 2 mpins for iterm _38870_ VPWR
Warning: 2 mpins for iterm _38870_ VGND
Warning: 2 mpins for iterm _38972_ A
Warning: 2 mpins for iterm _38972_ Y
Warning: 2 mpins for iterm _38972_ VPWR
Warning: 2 mpins for iterm _38972_ VGND
Warning: 2 mpins for iterm _38973_ A
Warning: 2 mpins for iterm _38973_ Y
Warning: 2 mpins for iterm _38973_ VPWR
Warning: 2 mpins for iterm _38973_ VGND
Warning: 2 mpins for iterm _38978_ A
Warning: 2 mpins for iterm _38978_ Y
Warning: 2 mpins for iterm _38978_ VPWR
Warning: 2 mpins for iterm _38978_ VGND
Warning: 2 mpins for iterm _39017_ A
Warning: 2 mpins for iterm _39017_ Y
Warning: 2 mpins for iterm _39017_ VPWR
Warning: 2 mpins for iterm _39017_ VGND
Warning: 2 mpins for iterm _39138_ A
Warning: 2 mpins for iterm _39138_ Y
Warning: 2 mpins for iterm _39138_ VPWR
Warning: 2 mpins for iterm _39138_ VGND
Warning: 2 mpins for iterm _39808_ A
Warning: 2 mpins for iterm _39808_ Y
Warning: 2 mpins for iterm _39808_ VPWR
Warning: 2 mpins for iterm _39808_ VGND
Traceback (most recent call last):
  File "/openlane/scripts/odbpy/power_utils.py", line 1148, in <module>
    cli()
  File "/nix/store/6sszs80r74y1k2i9ydk7g590ng4h72nh-python3-3.11.6-env/lib/python3.11/site-packages/click/core.py", line 1157, in __call__
    return self.main(*args, **kwargs)
           ^^^^^^^^^^^^^^^^^^^^^^^^^^
  File "/nix/store/6sszs80r74y1k2i9ydk7g590ng4h72nh-python3-3.11.6-env/lib/python3.11/site-packages/click/core.py", line 1078, in main
    rv = self.invoke(ctx)
         ^^^^^^^^^^^^^^^^
  File "/nix/store/6sszs80r74y1k2i9ydk7g590ng4h72nh-python3-3.11.6-env/lib/python3.11/site-packages/click/core.py", line 1688, in invoke
    return _process_result(sub_ctx.command.invoke(sub_ctx))
                           ^^^^^^^^^^^^^^^^^^^^^^^^^^^^^^^
  File "/nix/store/6sszs80r74y1k2i9ydk7g590ng4h72nh-python3-3.11.6-env/lib/python3.11/site-packages/click/core.py", line 1434, in invoke
    return ctx.invoke(self.callback, **ctx.params)
           ^^^^^^^^^^^^^^^^^^^^^^^^^^^^^^^^^^^^^^^
  File "/nix/store/6sszs80r74y1k2i9ydk7g590ng4h72nh-python3-3.11.6-env/lib/python3.11/site-packages/click/core.py", line 783, in invoke
    return __callback(*args, **kwargs)
           ^^^^^^^^^^^^^^^^^^^^^^^^^^^
  File "/openlane/scripts/odbpy/reader.py", line 90, in wrapper
    function(**kwargs)
  File "/openlane/scripts/odbpy/power_utils.py", line 847, in power_route
    assert len({box["type"]: None for box in ALL_BOXES}) == 3
           ^^^^^^^^^^^^^^^^^^^^^^^^^^^^^^^^^^^^^^^^^^^^^^^^^^
AssertionError
